ATT:GSAT-8,ATT0,UGA-50,VONA-11
GSAT:GSAT0,UGA0,ATT7,VZ5,VONA-3
UGA:GSAT42,UGA0,ATT50,VZ55,VONA39
VONA:VZ8,ATT10,VONA0
VZ:GSAT-6,VZ0,ATT2,UGA-48
-----
ATT:GSAT-8,UGA-50,ATT0,VZ-3,VONA-11
GSAT:GSAT0,UGA-43,ATT7,VZ5,VONA-3
UGA:GSAT42,UGA0,ATT50,VZ47,VONA39
VONA:GSAT2,UGA-40,ATT10,VZ8,VONA0
VZ:GSAT-6,UGA-48,ATT2,VZ0,VONA-9
-----
ATT:GSAT-8,UGA-51,ATT0,VZ-3,VONA-11
GSAT:GSAT0,UGA-43,ATT7,VZ5,VONA-3
UGA:GSAT42,UGA0,ATT50,VZ47,VONA39
VONA:GSAT2,UGA-40,ATT10,VZ8,VONA0
VZ:GSAT-6,UGA-48,ATT2,VZ0,VONA-9
-----
ATT:GSAT-8,UGA-51,ATT0,VZ-3,VONA-11
GSAT:GSAT0,UGA-43,ATT7,VZ5,VONA-3
UGA:GSAT42,UGA0,ATT50,VZ47,VONA39
VONA:GSAT2,UGA-40,ATT10,VZ8,VONA0
VZ:GSAT-6,UGA-49,ATT2,VZ0,VONA-9
-----
ATT:GSAT-8,UGA-51,ATT0,VZ-3,VONA-11
GSAT:GSAT0,UGA-44,ATT7,VZ5,VONA-3
UGA:GSAT42,UGA0,ATT50,VZ47,VONA39
VONA:GSAT2,UGA-41,ATT10,VZ8,VONA0
VZ:GSAT-6,UGA-49,ATT2,VZ0,VONA-9
-----
ATT:GSAT-8,UGA-52,ATT0,VZ-3,VONA-11
GSAT:GSAT0,UGA-44,ATT7,VZ5,VONA-3
UGA:GSAT42,UGA0,ATT50,VZ47,VONA39
VONA:GSAT2,UGA-41,ATT10,VZ8,VONA0
VZ:GSAT-6,UGA-49,ATT2,VZ0,VONA-9
-----
ATT:GSAT-8,UGA-52,ATT0,VZ-3,VONA-11
GSAT:GSAT0,UGA-44,ATT7,VZ5,VONA-3
UGA:GSAT42,UGA0,ATT50,VZ47,VONA39
VONA:GSAT2,UGA-41,ATT10,VZ8,VONA0
VZ:GSAT-6,UGA-50,ATT2,VZ0,VONA-9
-----
ATT:GSAT-8,UGA-52,ATT0,VZ-3,VONA-11
GSAT:GSAT0,UGA-45,ATT7,VZ5,VONA-3
UGA:GSAT42,UGA0,ATT50,VZ47,VONA39
VONA:GSAT2,UGA-42,ATT10,VZ8,VONA0
VZ:GSAT-6,UGA-50,ATT2,VZ0,VONA-9
-----
ATT:GSAT-8,UGA-53,ATT0,VZ-3,VONA-11
GSAT:GSAT0,UGA-45,ATT7,VZ5,VONA-3
UGA:GSAT42,UGA0,ATT50,VZ47,VONA39
VONA:GSAT2,UGA-42,ATT10,VZ8,VONA0
VZ:GSAT-6,UGA-50,ATT2,VZ0,VONA-9
-----
ATT:GSAT-8,UGA-53,ATT0,VZ-3,VONA-11
GSAT:GSAT0,UGA-45,ATT7,VZ5,VONA-3
UGA:GSAT42,UGA0,ATT50,VZ47,VONA39
VONA:GSAT2,UGA-42,ATT10,VZ8,VONA0
VZ:GSAT-6,UGA-51,ATT2,VZ0,VONA-9
-----
ATT:GSAT-8,UGA-53,ATT0,VZ-3,VONA-11
GSAT:GSAT0,UGA-46,ATT7,VZ5,VONA-3
UGA:GSAT42,UGA0,ATT50,VZ47,VONA39
VONA:GSAT2,UGA-43,ATT10,VZ8,VONA0
VZ:GSAT-6,UGA-51,ATT2,VZ0,VONA-9
-----
ATT:GSAT-8,UGA-54,ATT0,VZ-3,VONA-11
GSAT:GSAT0,UGA-46,ATT7,VZ5,VONA-3
UGA:GSAT42,UGA0,ATT50,VZ47,VONA39
VONA:GSAT2,UGA-43,ATT10,VZ8,VONA0
VZ:GSAT-6,UGA-51,ATT2,VZ0,VONA-9
-----
ATT:GSAT-8,UGA-54,ATT0,VZ-3,VONA-11
GSAT:GSAT0,UGA-46,ATT7,VZ5,VONA-3
UGA:GSAT42,UGA0,ATT50,VZ47,VONA39
VONA:GSAT2,UGA-43,ATT10,VZ8,VONA0
VZ:GSAT-6,UGA-52,ATT2,VZ0,VONA-9
-----
ATT:GSAT-8,UGA-54,ATT0,VZ-3,VONA-11
GSAT:GSAT0,UGA-47,ATT7,VZ5,VONA-3
UGA:GSAT42,UGA0,ATT50,VZ47,VONA39
VONA:GSAT2,UGA-44,ATT10,VZ8,VONA0
VZ:GSAT-6,UGA-52,ATT2,VZ0,VONA-9
-----
ATT:GSAT-8,UGA-55,ATT0,VZ-3,VONA-11
GSAT:GSAT0,UGA-47,ATT7,VZ5,VONA-3
UGA:GSAT42,UGA0,ATT50,VZ47,VONA39
VONA:GSAT2,UGA-44,ATT10,VZ8,VONA0
VZ:GSAT-6,UGA-52,ATT2,VZ0,VONA-9
-----
ATT:GSAT-8,UGA-55,ATT0,VZ-3,VONA-11
GSAT:GSAT0,UGA-47,ATT7,VZ5,VONA-3
UGA:GSAT42,UGA0,ATT50,VZ47,VONA39
VONA:GSAT2,UGA-44,ATT10,VZ8,VONA0
VZ:GSAT-6,UGA-53,ATT2,VZ0,VONA-9
-----
ATT:GSAT-8,UGA-55,ATT0,VZ-3,VONA-11
GSAT:GSAT0,UGA-48,ATT7,VZ5,VONA-3
UGA:GSAT42,UGA0,ATT50,VZ47,VONA39
VONA:GSAT2,UGA-45,ATT10,VZ8,VONA0
VZ:GSAT-6,UGA-53,ATT2,VZ0,VONA-9
-----
ATT:GSAT-8,UGA-56,ATT0,VZ-3,VONA-11
GSAT:GSAT0,UGA-48,ATT7,VZ5,VONA-3
UGA:GSAT42,UGA0,ATT50,VZ47,VONA39
VONA:GSAT2,UGA-45,ATT10,VZ8,VONA0
VZ:GSAT-6,UGA-53,ATT2,VZ0,VONA-9
-----
ATT:GSAT-8,UGA-56,ATT0,VZ-3,VONA-11
GSAT:GSAT0,UGA-48,ATT7,VZ5,VONA-3
UGA:GSAT42,UGA0,ATT50,VZ47,VONA39
VONA:GSAT2,UGA-45,ATT10,VZ8,VONA0
VZ:GSAT-6,UGA-54,ATT2,VZ0,VONA-9
-----
ATT:GSAT-8,UGA-56,ATT0,VZ-3,VONA-11
GSAT:GSAT0,UGA-49,ATT7,VZ5,VONA-3
UGA:GSAT42,UGA0,ATT50,VZ47,VONA39
VONA:GSAT2,UGA-46,ATT10,VZ8,VONA0
VZ:GSAT-6,UGA-54,ATT2,VZ0,VONA-9
-----
ATT:GSAT-8,UGA-57,ATT0,VZ-3,VONA-11
GSAT:GSAT0,UGA-49,ATT7,VZ5,VONA-3
UGA:GSAT42,UGA0,ATT50,VZ47,VONA39
VONA:GSAT2,UGA-46,ATT10,VZ8,VONA0
VZ:GSAT-6,UGA-54,ATT2,VZ0,VONA-9
-----
ATT:GSAT-8,UGA-57,ATT0,VZ-3,VONA-11
GSAT:GSAT0,UGA-49,ATT7,VZ5,VONA-3
UGA:GSAT42,UGA0,ATT50,VZ47,VONA39
VONA:GSAT2,UGA-46,ATT10,VZ8,VONA0
VZ:GSAT-6,UGA-55,ATT2,VZ0,VONA-9
-----
ATT:GSAT-8,UGA-57,ATT0,VZ-3,VONA-11
GSAT:GSAT0,UGA-50,ATT7,VZ5,VONA-3
UGA:GSAT42,UGA0,ATT50,VZ47,VONA39
VONA:GSAT2,UGA-47,ATT10,VZ8,VONA0
VZ:GSAT-6,UGA-55,ATT2,VZ0,VONA-9
-----
ATT:GSAT-8,UGA-58,ATT0,VZ-3,VONA-11
GSAT:GSAT0,UGA-50,ATT7,VZ5,VONA-3
UGA:GSAT42,UGA0,ATT50,VZ47,VONA39
VONA:GSAT2,UGA-47,ATT10,VZ8,VONA0
VZ:GSAT-6,UGA-55,ATT2,VZ0,VONA-9
-----
ATT:GSAT-8,UGA-58,ATT0,VZ-3,VONA-11
GSAT:GSAT0,UGA-50,ATT7,VZ5,VONA-3
UGA:GSAT42,UGA0,ATT50,VZ47,VONA39
VONA:GSAT2,UGA-47,ATT10,VZ8,VONA0
VZ:GSAT-6,UGA-56,ATT2,VZ0,VONA-9
-----
ATT:GSAT-8,UGA-58,ATT0,VZ-3,VONA-11
GSAT:GSAT0,UGA-51,ATT7,VZ5,VONA-3
UGA:GSAT42,UGA0,ATT50,VZ47,VONA39
VONA:GSAT2,UGA-48,ATT10,VZ8,VONA0
VZ:GSAT-6,UGA-56,ATT2,VZ0,VONA-9
-----
ATT:GSAT-8,UGA-59,ATT0,VZ-3,VONA-11
GSAT:GSAT0,UGA-51,ATT7,VZ5,VONA-3
UGA:GSAT42,UGA0,ATT50,VZ47,VONA39
VONA:GSAT2,UGA-48,ATT10,VZ8,VONA0
VZ:GSAT-6,UGA-56,ATT2,VZ0,VONA-9
-----
ATT:GSAT-8,UGA-59,ATT0,VZ-3,VONA-11
GSAT:GSAT0,UGA-51,ATT7,VZ5,VONA-3
UGA:GSAT42,UGA0,ATT50,VZ47,VONA39
VONA:GSAT2,UGA-48,ATT10,VZ8,VONA0
VZ:GSAT-6,UGA-57,ATT2,VZ0,VONA-9
-----
ATT:GSAT-8,UGA-59,ATT0,VZ-3,VONA-11
GSAT:GSAT0,UGA-52,ATT7,VZ5,VONA-3
UGA:GSAT42,UGA0,ATT50,VZ47,VONA39
VONA:GSAT2,UGA-49,ATT10,VZ8,VONA0
VZ:GSAT-6,UGA-57,ATT2,VZ0,VONA-9
-----
ATT:GSAT-8,UGA-60,ATT0,VZ-3,VONA-11
GSAT:GSAT0,UGA-52,ATT7,VZ5,VONA-3
UGA:GSAT42,UGA0,ATT50,VZ47,VONA39
VONA:GSAT2,UGA-49,ATT10,VZ8,VONA0
VZ:GSAT-6,UGA-57,ATT2,VZ0,VONA-9
-----
ATT:GSAT-8,UGA-60,ATT0,VZ-3,VONA-11
GSAT:GSAT0,UGA-52,ATT7,VZ5,VONA-3
UGA:GSAT42,UGA0,ATT50,VZ47,VONA39
VONA:GSAT2,UGA-49,ATT10,VZ8,VONA0
VZ:GSAT-6,UGA-58,ATT2,VZ0,VONA-9
-----
ATT:GSAT-8,UGA-60,ATT0,VZ-3,VONA-11
GSAT:GSAT0,UGA-53,ATT7,VZ5,VONA-3
UGA:GSAT42,UGA0,ATT50,VZ47,VONA39
VONA:GSAT2,UGA-50,ATT10,VZ8,VONA0
VZ:GSAT-6,UGA-58,ATT2,VZ0,VONA-9
-----
ATT:GSAT-8,UGA-61,ATT0,VZ-3,VONA-11
GSAT:GSAT0,UGA-53,ATT7,VZ5,VONA-3
UGA:GSAT42,UGA0,ATT50,VZ47,VONA39
VONA:GSAT2,UGA-50,ATT10,VZ8,VONA0
VZ:GSAT-6,UGA-58,ATT2,VZ0,VONA-9
-----
ATT:GSAT-8,UGA-61,ATT0,VZ-3,VONA-11
GSAT:GSAT0,UGA-53,ATT7,VZ5,VONA-3
UGA:GSAT42,UGA0,ATT50,VZ47,VONA39
VONA:GSAT2,UGA-50,ATT10,VZ8,VONA0
VZ:GSAT-6,UGA-59,ATT2,VZ0,VONA-9
-----
ATT:GSAT-8,UGA-61,ATT0,VZ-3,VONA-11
GSAT:GSAT0,UGA-54,ATT7,VZ5,VONA-3
UGA:GSAT42,UGA0,ATT50,VZ47,VONA39
VONA:GSAT2,UGA-51,ATT10,VZ8,VONA0
VZ:GSAT-6,UGA-59,ATT2,VZ0,VONA-9
-----
ATT:GSAT-8,UGA-62,ATT0,VZ-3,VONA-11
GSAT:GSAT0,UGA-54,ATT7,VZ5,VONA-3
UGA:GSAT42,UGA0,ATT50,VZ47,VONA39
VONA:GSAT2,UGA-51,ATT10,VZ8,VONA0
VZ:GSAT-6,UGA-59,ATT2,VZ0,VONA-9
-----
ATT:GSAT-8,UGA-62,ATT0,VZ-3,VONA-11
GSAT:GSAT0,UGA-54,ATT7,VZ5,VONA-3
UGA:GSAT42,UGA0,ATT50,VZ47,VONA39
VONA:GSAT2,UGA-51,ATT10,VZ8,VONA0
VZ:GSAT-6,UGA-60,ATT2,VZ0,VONA-9
-----
ATT:GSAT-8,UGA-62,ATT0,VZ-3,VONA-11
GSAT:GSAT0,UGA-55,ATT7,VZ5,VONA-3
UGA:GSAT42,UGA0,ATT50,VZ47,VONA39
VONA:GSAT2,UGA-52,ATT10,VZ8,VONA0
VZ:GSAT-6,UGA-60,ATT2,VZ0,VONA-9
-----
ATT:GSAT-8,UGA-63,ATT0,VZ-3,VONA-11
GSAT:GSAT0,UGA-55,ATT7,VZ5,VONA-3
UGA:GSAT42,UGA0,ATT50,VZ47,VONA39
VONA:GSAT2,UGA-52,ATT10,VZ8,VONA0
VZ:GSAT-6,UGA-60,ATT2,VZ0,VONA-9
-----
ATT:GSAT-8,UGA-63,ATT0,VZ-3,VONA-11
GSAT:GSAT0,UGA-55,ATT7,VZ5,VONA-3
UGA:GSAT42,UGA0,ATT50,VZ47,VONA39
VONA:GSAT2,UGA-52,ATT10,VZ8,VONA0
VZ:GSAT-6,UGA-61,ATT2,VZ0,VONA-9
-----
ATT:GSAT-8,UGA-63,ATT0,VZ-3,VONA-11
GSAT:GSAT0,UGA-56,ATT7,VZ5,VONA-3
UGA:GSAT42,UGA0,ATT50,VZ47,VONA39
VONA:GSAT2,UGA-53,ATT10,VZ8,VONA0
VZ:GSAT-6,UGA-61,ATT2,VZ0,VONA-9
-----
ATT:GSAT-8,UGA-64,ATT0,VZ-3,VONA-11
GSAT:GSAT0,UGA-56,ATT7,VZ5,VONA-3
UGA:GSAT42,UGA0,ATT50,VZ47,VONA39
VONA:GSAT2,UGA-53,ATT10,VZ8,VONA0
VZ:GSAT-6,UGA-61,ATT2,VZ0,VONA-9
-----
ATT:GSAT-8,UGA-64,ATT0,VZ-3,VONA-11
GSAT:GSAT0,UGA-56,ATT7,VZ5,VONA-3
UGA:GSAT42,UGA0,ATT50,VZ47,VONA39
VONA:GSAT2,UGA-53,ATT10,VZ8,VONA0
VZ:GSAT-6,UGA-62,ATT2,VZ0,VONA-9
-----
ATT:GSAT-8,UGA-64,ATT0,VZ-3,VONA-11
GSAT:GSAT0,UGA-57,ATT7,VZ5,VONA-3
UGA:GSAT42,UGA0,ATT50,VZ47,VONA39
VONA:GSAT2,UGA-54,ATT10,VZ8,VONA0
VZ:GSAT-6,UGA-62,ATT2,VZ0,VONA-9
-----
ATT:GSAT-8,UGA-65,ATT0,VZ-3,VONA-11
GSAT:GSAT0,UGA-57,ATT7,VZ5,VONA-3
UGA:GSAT42,UGA0,ATT50,VZ47,VONA39
VONA:GSAT2,UGA-54,ATT10,VZ8,VONA0
VZ:GSAT-6,UGA-62,ATT2,VZ0,VONA-9
-----
ATT:GSAT-8,UGA-65,ATT0,VZ-3,VONA-11
GSAT:GSAT0,UGA-57,ATT7,VZ5,VONA-3
UGA:GSAT42,UGA0,ATT50,VZ47,VONA39
VONA:GSAT2,UGA-54,ATT10,VZ8,VONA0
VZ:GSAT-6,UGA-63,ATT2,VZ0,VONA-9
-----
ATT:GSAT-8,UGA-65,ATT0,VZ-3,VONA-11
GSAT:GSAT0,UGA-58,ATT7,VZ5,VONA-3
UGA:GSAT42,UGA0,ATT50,VZ47,VONA39
VONA:GSAT2,UGA-55,ATT10,VZ8,VONA0
VZ:GSAT-6,UGA-63,ATT2,VZ0,VONA-9
-----
ATT:GSAT-8,UGA-66,ATT0,VZ-3,VONA-11
GSAT:GSAT0,UGA-58,ATT7,VZ5,VONA-3
UGA:GSAT42,UGA0,ATT50,VZ47,VONA39
VONA:GSAT2,UGA-55,ATT10,VZ8,VONA0
VZ:GSAT-6,UGA-63,ATT2,VZ0,VONA-9
-----
ATT:GSAT-8,UGA-66,ATT0,VZ-3,VONA-11
GSAT:GSAT0,UGA-58,ATT7,VZ5,VONA-3
UGA:GSAT42,UGA0,ATT50,VZ47,VONA39
VONA:GSAT2,UGA-55,ATT10,VZ8,VONA0
VZ:GSAT-6,UGA-64,ATT2,VZ0,VONA-9
-----
ATT:GSAT-8,UGA-66,ATT0,VZ-3,VONA-11
GSAT:GSAT0,UGA-59,ATT7,VZ5,VONA-3
UGA:GSAT42,UGA0,ATT50,VZ47,VONA39
VONA:GSAT2,UGA-56,ATT10,VZ8,VONA0
VZ:GSAT-6,UGA-64,ATT2,VZ0,VONA-9
-----
ATT:GSAT-8,UGA-67,ATT0,VZ-3,VONA-11
GSAT:GSAT0,UGA-59,ATT7,VZ5,VONA-3
UGA:GSAT42,UGA0,ATT50,VZ47,VONA39
VONA:GSAT2,UGA-56,ATT10,VZ8,VONA0
VZ:GSAT-6,UGA-64,ATT2,VZ0,VONA-9
-----
ATT:GSAT-8,UGA-67,ATT0,VZ-3,VONA-11
GSAT:GSAT0,UGA-59,ATT7,VZ5,VONA-3
UGA:GSAT42,UGA0,ATT50,VZ47,VONA39
VONA:GSAT2,UGA-56,ATT10,VZ8,VONA0
VZ:GSAT-6,UGA-65,ATT2,VZ0,VONA-9
-----
ATT:GSAT-8,UGA-67,ATT0,VZ-3,VONA-11
GSAT:GSAT0,UGA-60,ATT7,VZ5,VONA-3
UGA:GSAT42,UGA0,ATT50,VZ47,VONA39
VONA:GSAT2,UGA-57,ATT10,VZ8,VONA0
VZ:GSAT-6,UGA-65,ATT2,VZ0,VONA-9
-----
ATT:GSAT-8,UGA-68,ATT0,VZ-3,VONA-11
GSAT:GSAT0,UGA-60,ATT7,VZ5,VONA-3
UGA:GSAT42,UGA0,ATT50,VZ47,VONA39
VONA:GSAT2,UGA-57,ATT10,VZ8,VONA0
VZ:GSAT-6,UGA-65,ATT2,VZ0,VONA-9
-----
ATT:GSAT-8,UGA-68,ATT0,VZ-3,VONA-11
GSAT:GSAT0,UGA-60,ATT7,VZ5,VONA-3
UGA:GSAT42,UGA0,ATT50,VZ47,VONA39
VONA:GSAT2,UGA-57,ATT10,VZ8,VONA0
VZ:GSAT-6,UGA-66,ATT2,VZ0,VONA-9
-----
ATT:GSAT-8,UGA-68,ATT0,VZ-3,VONA-11
GSAT:GSAT0,UGA-61,ATT7,VZ5,VONA-3
UGA:GSAT42,UGA0,ATT50,VZ47,VONA39
VONA:GSAT2,UGA-58,ATT10,VZ8,VONA0
VZ:GSAT-6,UGA-66,ATT2,VZ0,VONA-9
-----
ATT:GSAT-8,UGA-69,ATT0,VZ-3,VONA-11
GSAT:GSAT0,UGA-61,ATT7,VZ5,VONA-3
UGA:GSAT42,UGA0,ATT50,VZ47,VONA39
VONA:GSAT2,UGA-58,ATT10,VZ8,VONA0
VZ:GSAT-6,UGA-66,ATT2,VZ0,VONA-9
-----
ATT:GSAT-8,UGA-69,ATT0,VZ-3,VONA-11
GSAT:GSAT0,UGA-61,ATT7,VZ5,VONA-3
UGA:GSAT42,UGA0,ATT50,VZ47,VONA39
VONA:GSAT2,UGA-58,ATT10,VZ8,VONA0
VZ:GSAT-6,UGA-67,ATT2,VZ0,VONA-9
-----
ATT:GSAT-8,UGA-69,ATT0,VZ-3,VONA-11
GSAT:GSAT0,UGA-62,ATT7,VZ5,VONA-3
UGA:GSAT42,UGA0,ATT50,VZ47,VONA39
VONA:GSAT2,UGA-59,ATT10,VZ8,VONA0
VZ:GSAT-6,UGA-67,ATT2,VZ0,VONA-9
-----
ATT:GSAT-8,UGA-70,ATT0,VZ-3,VONA-11
GSAT:GSAT0,UGA-62,ATT7,VZ5,VONA-3
UGA:GSAT42,UGA0,ATT50,VZ47,VONA39
VONA:GSAT2,UGA-59,ATT10,VZ8,VONA0
VZ:GSAT-6,UGA-67,ATT2,VZ0,VONA-9
-----
ATT:GSAT-8,UGA-70,ATT0,VZ-3,VONA-11
GSAT:GSAT0,UGA-62,ATT7,VZ5,VONA-3
UGA:GSAT42,UGA0,ATT50,VZ47,VONA39
VONA:GSAT2,UGA-59,ATT10,VZ8,VONA0
VZ:GSAT-6,UGA-68,ATT2,VZ0,VONA-9
-----
ATT:GSAT-8,UGA-70,ATT0,VZ-3,VONA-11
GSAT:GSAT0,UGA-63,ATT7,VZ5,VONA-3
UGA:GSAT42,UGA0,ATT50,VZ47,VONA39
VONA:GSAT2,UGA-60,ATT10,VZ8,VONA0
VZ:GSAT-6,UGA-68,ATT2,VZ0,VONA-9
-----
ATT:GSAT-8,UGA-71,ATT0,VZ-3,VONA-11
GSAT:GSAT0,UGA-63,ATT7,VZ5,VONA-3
UGA:GSAT42,UGA0,ATT50,VZ47,VONA39
VONA:GSAT2,UGA-60,ATT10,VZ8,VONA0
VZ:GSAT-6,UGA-68,ATT2,VZ0,VONA-9
-----
ATT:GSAT-8,UGA-71,ATT0,VZ-3,VONA-11
GSAT:GSAT0,UGA-63,ATT7,VZ5,VONA-3
UGA:GSAT42,UGA0,ATT50,VZ47,VONA39
VONA:GSAT2,UGA-60,ATT10,VZ8,VONA0
VZ:GSAT-6,UGA-69,ATT2,VZ0,VONA-9
-----
ATT:GSAT-8,UGA-71,ATT0,VZ-3,VONA-11
GSAT:GSAT0,UGA-64,ATT7,VZ5,VONA-3
UGA:GSAT42,UGA0,ATT50,VZ47,VONA39
VONA:GSAT2,UGA-61,ATT10,VZ8,VONA0
VZ:GSAT-6,UGA-69,ATT2,VZ0,VONA-9
-----
ATT:GSAT-8,UGA-72,ATT0,VZ-3,VONA-11
GSAT:GSAT0,UGA-64,ATT7,VZ5,VONA-3
UGA:GSAT42,UGA0,ATT50,VZ47,VONA39
VONA:GSAT2,UGA-61,ATT10,VZ8,VONA0
VZ:GSAT-6,UGA-69,ATT2,VZ0,VONA-9
-----
ATT:GSAT-8,UGA-72,ATT0,VZ-3,VONA-11
GSAT:GSAT0,UGA-64,ATT7,VZ5,VONA-3
UGA:GSAT42,UGA0,ATT50,VZ47,VONA39
VONA:GSAT2,UGA-61,ATT10,VZ8,VONA0
VZ:GSAT-6,UGA-70,ATT2,VZ0,VONA-9
-----
ATT:GSAT-8,UGA-72,ATT0,VZ-3,VONA-11
GSAT:GSAT0,UGA-65,ATT7,VZ5,VONA-3
UGA:GSAT42,UGA0,ATT50,VZ47,VONA39
VONA:GSAT2,UGA-62,ATT10,VZ8,VONA0
VZ:GSAT-6,UGA-70,ATT2,VZ0,VONA-9
-----
ATT:GSAT-8,UGA-73,ATT0,VZ-3,VONA-11
GSAT:GSAT0,UGA-65,ATT7,VZ5,VONA-3
UGA:GSAT42,UGA0,ATT50,VZ47,VONA39
VONA:GSAT2,UGA-62,ATT10,VZ8,VONA0
VZ:GSAT-6,UGA-70,ATT2,VZ0,VONA-9
-----
ATT:GSAT-8,UGA-73,ATT0,VZ-3,VONA-11
GSAT:GSAT0,UGA-65,ATT7,VZ5,VONA-3
UGA:GSAT42,UGA0,ATT50,VZ47,VONA39
VONA:GSAT2,UGA-62,ATT10,VZ8,VONA0
VZ:GSAT-6,UGA-71,ATT2,VZ0,VONA-9
-----
ATT:GSAT-8,UGA-73,ATT0,VZ-3,VONA-11
GSAT:GSAT0,UGA-66,ATT7,VZ5,VONA-3
UGA:GSAT42,UGA0,ATT50,VZ47,VONA39
VONA:GSAT2,UGA-63,ATT10,VZ8,VONA0
VZ:GSAT-6,UGA-71,ATT2,VZ0,VONA-9
-----
ATT:GSAT-8,UGA-74,ATT0,VZ-3,VONA-11
GSAT:GSAT0,UGA-66,ATT7,VZ5,VONA-3
UGA:GSAT42,UGA0,ATT50,VZ47,VONA39
VONA:GSAT2,UGA-63,ATT10,VZ8,VONA0
VZ:GSAT-6,UGA-71,ATT2,VZ0,VONA-9
-----
ATT:GSAT-8,UGA-74,ATT0,VZ-3,VONA-11
GSAT:GSAT0,UGA-66,ATT7,VZ5,VONA-3
UGA:GSAT42,UGA0,ATT50,VZ47,VONA39
VONA:GSAT2,UGA-63,ATT10,VZ8,VONA0
VZ:GSAT-6,UGA-72,ATT2,VZ0,VONA-9
-----
ATT:GSAT-8,UGA-74,ATT0,VZ-3,VONA-11
GSAT:GSAT0,UGA-67,ATT7,VZ5,VONA-3
UGA:GSAT42,UGA0,ATT50,VZ47,VONA39
VONA:GSAT2,UGA-64,ATT10,VZ8,VONA0
VZ:GSAT-6,UGA-72,ATT2,VZ0,VONA-9
-----
ATT:GSAT-8,UGA-75,ATT0,VZ-3,VONA-11
GSAT:GSAT0,UGA-67,ATT7,VZ5,VONA-3
UGA:GSAT42,UGA0,ATT50,VZ47,VONA39
VONA:GSAT2,UGA-64,ATT10,VZ8,VONA0
VZ:GSAT-6,UGA-72,ATT2,VZ0,VONA-9
-----
ATT:GSAT-8,UGA-75,ATT0,VZ-3,VONA-11
GSAT:GSAT0,UGA-67,ATT7,VZ5,VONA-3
UGA:GSAT42,UGA0,ATT50,VZ47,VONA39
VONA:GSAT2,UGA-64,ATT10,VZ8,VONA0
VZ:GSAT-6,UGA-73,ATT2,VZ0,VONA-9
-----
ATT:GSAT-8,UGA-75,ATT0,VZ-3,VONA-11
GSAT:GSAT0,UGA-68,ATT7,VZ5,VONA-3
UGA:GSAT42,UGA0,ATT50,VZ47,VONA39
VONA:GSAT2,UGA-65,ATT10,VZ8,VONA0
VZ:GSAT-6,UGA-73,ATT2,VZ0,VONA-9
-----
ATT:GSAT-8,UGA-76,ATT0,VZ-3,VONA-11
GSAT:GSAT0,UGA-68,ATT7,VZ5,VONA-3
UGA:GSAT42,UGA0,ATT50,VZ47,VONA39
VONA:GSAT2,UGA-65,ATT10,VZ8,VONA0
VZ:GSAT-6,UGA-73,ATT2,VZ0,VONA-9
-----
ATT:GSAT-8,UGA-76,ATT0,VZ-3,VONA-11
GSAT:GSAT0,UGA-68,ATT7,VZ5,VONA-3
UGA:GSAT42,UGA0,ATT50,VZ47,VONA39
VONA:GSAT2,UGA-65,ATT10,VZ8,VONA0
VZ:GSAT-6,UGA-74,ATT2,VZ0,VONA-9
-----
ATT:GSAT-8,UGA-76,ATT0,VZ-3,VONA-11
GSAT:GSAT0,UGA-69,ATT7,VZ5,VONA-3
UGA:GSAT42,UGA0,ATT50,VZ47,VONA39
VONA:GSAT2,UGA-66,ATT10,VZ8,VONA0
VZ:GSAT-6,UGA-74,ATT2,VZ0,VONA-9
-----
ATT:GSAT-8,UGA-77,ATT0,VZ-3,VONA-11
GSAT:GSAT0,UGA-69,ATT7,VZ5,VONA-3
UGA:GSAT42,UGA0,ATT50,VZ47,VONA39
VONA:GSAT2,UGA-66,ATT10,VZ8,VONA0
VZ:GSAT-6,UGA-74,ATT2,VZ0,VONA-9
-----
ATT:GSAT-8,UGA-77,ATT0,VZ-3,VONA-11
GSAT:GSAT0,UGA-69,ATT7,VZ5,VONA-3
UGA:GSAT42,UGA0,ATT50,VZ47,VONA39
VONA:GSAT2,UGA-66,ATT10,VZ8,VONA0
VZ:GSAT-6,UGA-75,ATT2,VZ0,VONA-9
-----
ATT:GSAT-8,UGA-77,ATT0,VZ-3,VONA-11
GSAT:GSAT0,UGA-70,ATT7,VZ5,VONA-3
UGA:GSAT42,UGA0,ATT50,VZ47,VONA39
VONA:GSAT2,UGA-67,ATT10,VZ8,VONA0
VZ:GSAT-6,UGA-75,ATT2,VZ0,VONA-9
-----
ATT:GSAT-8,UGA-78,ATT0,VZ-3,VONA-11
GSAT:GSAT0,UGA-70,ATT7,VZ5,VONA-3
UGA:GSAT42,UGA0,ATT50,VZ47,VONA39
VONA:GSAT2,UGA-67,ATT10,VZ8,VONA0
VZ:GSAT-6,UGA-75,ATT2,VZ0,VONA-9
-----
ATT:GSAT-8,UGA-78,ATT0,VZ-3,VONA-11
GSAT:GSAT0,UGA-70,ATT7,VZ5,VONA-3
UGA:GSAT42,UGA0,ATT50,VZ47,VONA39
VONA:GSAT2,UGA-67,ATT10,VZ8,VONA0
VZ:GSAT-6,UGA-76,ATT2,VZ0,VONA-9
-----
ATT:GSAT-8,UGA-78,ATT0,VZ-3,VONA-11
GSAT:GSAT0,UGA-71,ATT7,VZ5,VONA-3
UGA:GSAT42,UGA0,ATT50,VZ47,VONA39
VONA:GSAT2,UGA-68,ATT10,VZ8,VONA0
VZ:GSAT-6,UGA-76,ATT2,VZ0,VONA-9
-----
ATT:GSAT-8,UGA-79,ATT0,VZ-3,VONA-11
GSAT:GSAT0,UGA-71,ATT7,VZ5,VONA-3
UGA:GSAT42,UGA0,ATT50,VZ47,VONA39
VONA:GSAT2,UGA-68,ATT10,VZ8,VONA0
VZ:GSAT-6,UGA-76,ATT2,VZ0,VONA-9
-----
ATT:GSAT-8,UGA-79,ATT0,VZ-3,VONA-11
GSAT:GSAT0,UGA-71,ATT7,VZ5,VONA-3
UGA:GSAT42,UGA0,ATT50,VZ47,VONA39
VONA:GSAT2,UGA-68,ATT10,VZ8,VONA0
VZ:GSAT-6,UGA-77,ATT2,VZ0,VONA-9
-----
ATT:GSAT-8,UGA-79,ATT0,VZ-3,VONA-11
GSAT:GSAT0,UGA-72,ATT7,VZ5,VONA-3
UGA:GSAT42,UGA0,ATT50,VZ47,VONA39
VONA:GSAT2,UGA-69,ATT10,VZ8,VONA0
VZ:GSAT-6,UGA-77,ATT2,VZ0,VONA-9
-----
ATT:GSAT-8,UGA-80,ATT0,VZ-3,VONA-11
GSAT:GSAT0,UGA-72,ATT7,VZ5,VONA-3
UGA:GSAT42,UGA0,ATT50,VZ47,VONA39
VONA:GSAT2,UGA-69,ATT10,VZ8,VONA0
VZ:GSAT-6,UGA-77,ATT2,VZ0,VONA-9
-----
ATT:GSAT-8,UGA-80,ATT0,VZ-3,VONA-11
GSAT:GSAT0,UGA-72,ATT7,VZ5,VONA-3
UGA:GSAT42,UGA0,ATT50,VZ47,VONA39
VONA:GSAT2,UGA-69,ATT10,VZ8,VONA0
VZ:GSAT-6,UGA-78,ATT2,VZ0,VONA-9
-----
ATT:GSAT-8,UGA-80,ATT0,VZ-3,VONA-11
GSAT:GSAT0,UGA-73,ATT7,VZ5,VONA-3
UGA:GSAT42,UGA0,ATT50,VZ47,VONA39
VONA:GSAT2,UGA-70,ATT10,VZ8,VONA0
VZ:GSAT-6,UGA-78,ATT2,VZ0,VONA-9
-----
ATT:GSAT-8,UGA-81,ATT0,VZ-3,VONA-11
GSAT:GSAT0,UGA-73,ATT7,VZ5,VONA-3
UGA:GSAT42,UGA0,ATT50,VZ47,VONA39
VONA:GSAT2,UGA-70,ATT10,VZ8,VONA0
VZ:GSAT-6,UGA-78,ATT2,VZ0,VONA-9
-----
ATT:GSAT-8,UGA-81,ATT0,VZ-3,VONA-11
GSAT:GSAT0,UGA-73,ATT7,VZ5,VONA-3
UGA:GSAT42,UGA0,ATT50,VZ47,VONA39
VONA:GSAT2,UGA-70,ATT10,VZ8,VONA0
VZ:GSAT-6,UGA-79,ATT2,VZ0,VONA-9
-----
ATT:GSAT-8,UGA-81,ATT0,VZ-3,VONA-11
GSAT:GSAT0,UGA-74,ATT7,VZ5,VONA-3
UGA:GSAT42,UGA0,ATT50,VZ47,VONA39
VONA:GSAT2,UGA-71,ATT10,VZ8,VONA0
VZ:GSAT-6,UGA-79,ATT2,VZ0,VONA-9
-----
ATT:GSAT-8,UGA-82,ATT0,VZ-3,VONA-11
GSAT:GSAT0,UGA-74,ATT7,VZ5,VONA-3
UGA:GSAT42,UGA0,ATT50,VZ47,VONA39
VONA:GSAT2,UGA-71,ATT10,VZ8,VONA0
VZ:GSAT-6,UGA-79,ATT2,VZ0,VONA-9
-----
ATT:GSAT-8,UGA-82,ATT0,VZ-3,VONA-11
GSAT:GSAT0,UGA-74,ATT7,VZ5,VONA-3
UGA:GSAT42,UGA0,ATT50,VZ47,VONA39
VONA:GSAT2,UGA-71,ATT10,VZ8,VONA0
VZ:GSAT-6,UGA-80,ATT2,VZ0,VONA-9
-----
ATT:GSAT-8,UGA-82,ATT0,VZ-3,VONA-11
GSAT:GSAT0,UGA-75,ATT7,VZ5,VONA-3
UGA:GSAT42,UGA0,ATT50,VZ47,VONA39
VONA:GSAT2,UGA-72,ATT10,VZ8,VONA0
VZ:GSAT-6,UGA-80,ATT2,VZ0,VONA-9
-----
ATT:GSAT-8,UGA-83,ATT0,VZ-3,VONA-11
GSAT:GSAT0,UGA-75,ATT7,VZ5,VONA-3
UGA:GSAT42,UGA0,ATT50,VZ47,VONA39
VONA:GSAT2,UGA-72,ATT10,VZ8,VONA0
VZ:GSAT-6,UGA-80,ATT2,VZ0,VONA-9
-----
ATT:GSAT-8,UGA-83,ATT0,VZ-3,VONA-11
GSAT:GSAT0,UGA-75,ATT7,VZ5,VONA-3
UGA:GSAT42,UGA0,ATT50,VZ47,VONA39
VONA:GSAT2,UGA-72,ATT10,VZ8,VONA0
VZ:GSAT-6,UGA-81,ATT2,VZ0,VONA-9
-----
ATT:GSAT-8,UGA-83,ATT0,VZ-3,VONA-11
GSAT:GSAT0,UGA-76,ATT7,VZ5,VONA-3
UGA:GSAT42,UGA0,ATT50,VZ47,VONA39
VONA:GSAT2,UGA-73,ATT10,VZ8,VONA0
VZ:GSAT-6,UGA-81,ATT2,VZ0,VONA-9
-----
ATT:GSAT-8,UGA-84,ATT0,VZ-3,VONA-11
GSAT:GSAT0,UGA-76,ATT7,VZ5,VONA-3
UGA:GSAT42,UGA0,ATT50,VZ47,VONA39
VONA:GSAT2,UGA-73,ATT10,VZ8,VONA0
VZ:GSAT-6,UGA-81,ATT2,VZ0,VONA-9
-----
ATT:GSAT-8,UGA-84,ATT0,VZ-3,VONA-11
GSAT:GSAT0,UGA-76,ATT7,VZ5,VONA-3
UGA:GSAT42,UGA0,ATT50,VZ47,VONA39
VONA:GSAT2,UGA-73,ATT10,VZ8,VONA0
VZ:GSAT-6,UGA-82,ATT2,VZ0,VONA-9
-----
ATT:GSAT-8,UGA-84,ATT0,VZ-3,VONA-11
GSAT:GSAT0,UGA-77,ATT7,VZ5,VONA-3
UGA:GSAT42,UGA0,ATT50,VZ47,VONA39
VONA:GSAT2,UGA-74,ATT10,VZ8,VONA0
VZ:GSAT-6,UGA-82,ATT2,VZ0,VONA-9
-----
ATT:GSAT-8,UGA-85,ATT0,VZ-3,VONA-11
GSAT:GSAT0,UGA-77,ATT7,VZ5,VONA-3
UGA:GSAT42,UGA0,ATT50,VZ47,VONA39
VONA:GSAT2,UGA-74,ATT10,VZ8,VONA0
VZ:GSAT-6,UGA-82,ATT2,VZ0,VONA-9
-----
ATT:GSAT-8,UGA-85,ATT0,VZ-3,VONA-11
GSAT:GSAT0,UGA-77,ATT7,VZ5,VONA-3
UGA:GSAT42,UGA0,ATT50,VZ47,VONA39
VONA:GSAT2,UGA-74,ATT10,VZ8,VONA0
VZ:GSAT-6,UGA-83,ATT2,VZ0,VONA-9
-----
ATT:GSAT-8,UGA-85,ATT0,VZ-3,VONA-11
GSAT:GSAT0,UGA-78,ATT7,VZ5,VONA-3
UGA:GSAT42,UGA0,ATT50,VZ47,VONA39
VONA:GSAT2,UGA-75,ATT10,VZ8,VONA0
VZ:GSAT-6,UGA-83,ATT2,VZ0,VONA-9
-----
ATT:GSAT-8,UGA-86,ATT0,VZ-3,VONA-11
GSAT:GSAT0,UGA-78,ATT7,VZ5,VONA-3
UGA:GSAT42,UGA0,ATT50,VZ47,VONA39
VONA:GSAT2,UGA-75,ATT10,VZ8,VONA0
VZ:GSAT-6,UGA-83,ATT2,VZ0,VONA-9
-----
ATT:GSAT-8,UGA-86,ATT0,VZ-3,VONA-11
GSAT:GSAT0,UGA-78,ATT7,VZ5,VONA-3
UGA:GSAT42,UGA0,ATT50,VZ47,VONA39
VONA:GSAT2,UGA-75,ATT10,VZ8,VONA0
VZ:GSAT-6,UGA-84,ATT2,VZ0,VONA-9
-----
ATT:GSAT-8,UGA-86,ATT0,VZ-3,VONA-11
GSAT:GSAT0,UGA-79,ATT7,VZ5,VONA-3
UGA:GSAT42,UGA0,ATT50,VZ47,VONA39
VONA:GSAT2,UGA-76,ATT10,VZ8,VONA0
VZ:GSAT-6,UGA-84,ATT2,VZ0,VONA-9
-----
ATT:GSAT-8,UGA-87,ATT0,VZ-3,VONA-11
GSAT:GSAT0,UGA-79,ATT7,VZ5,VONA-3
UGA:GSAT42,UGA0,ATT50,VZ47,VONA39
VONA:GSAT2,UGA-76,ATT10,VZ8,VONA0
VZ:GSAT-6,UGA-84,ATT2,VZ0,VONA-9
-----
ATT:GSAT-8,UGA-87,ATT0,VZ-3,VONA-11
GSAT:GSAT0,UGA-79,ATT7,VZ5,VONA-3
UGA:GSAT42,UGA0,ATT50,VZ47,VONA39
VONA:GSAT2,UGA-76,ATT10,VZ8,VONA0
VZ:GSAT-6,UGA-85,ATT2,VZ0,VONA-9
-----
ATT:GSAT-8,UGA-87,ATT0,VZ-3,VONA-11
GSAT:GSAT0,UGA-80,ATT7,VZ5,VONA-3
UGA:GSAT42,UGA0,ATT50,VZ47,VONA39
VONA:GSAT2,UGA-77,ATT10,VZ8,VONA0
VZ:GSAT-6,UGA-85,ATT2,VZ0,VONA-9
-----
ATT:GSAT-8,UGA-88,ATT0,VZ-3,VONA-11
GSAT:GSAT0,UGA-80,ATT7,VZ5,VONA-3
UGA:GSAT42,UGA0,ATT50,VZ47,VONA39
VONA:GSAT2,UGA-77,ATT10,VZ8,VONA0
VZ:GSAT-6,UGA-85,ATT2,VZ0,VONA-9
-----
ATT:GSAT-8,UGA-88,ATT0,VZ-3,VONA-11
GSAT:GSAT0,UGA-80,ATT7,VZ5,VONA-3
UGA:GSAT42,UGA0,ATT50,VZ47,VONA39
VONA:GSAT2,UGA-77,ATT10,VZ8,VONA0
VZ:GSAT-6,UGA-86,ATT2,VZ0,VONA-9
-----
ATT:GSAT-8,UGA-88,ATT0,VZ-3,VONA-11
GSAT:GSAT0,UGA-81,ATT7,VZ5,VONA-3
UGA:GSAT42,UGA0,ATT50,VZ47,VONA39
VONA:GSAT2,UGA-78,ATT10,VZ8,VONA0
VZ:GSAT-6,UGA-86,ATT2,VZ0,VONA-9
-----
ATT:GSAT-8,UGA-89,ATT0,VZ-3,VONA-11
GSAT:GSAT0,UGA-81,ATT7,VZ5,VONA-3
UGA:GSAT42,UGA0,ATT50,VZ47,VONA39
VONA:GSAT2,UGA-78,ATT10,VZ8,VONA0
VZ:GSAT-6,UGA-86,ATT2,VZ0,VONA-9
-----
ATT:GSAT-8,UGA-89,ATT0,VZ-3,VONA-11
GSAT:GSAT0,UGA-81,ATT7,VZ5,VONA-3
UGA:GSAT42,UGA0,ATT50,VZ47,VONA39
VONA:GSAT2,UGA-78,ATT10,VZ8,VONA0
VZ:GSAT-6,UGA-87,ATT2,VZ0,VONA-9
-----
ATT:GSAT-8,UGA-89,ATT0,VZ-3,VONA-11
GSAT:GSAT0,UGA-82,ATT7,VZ5,VONA-3
UGA:GSAT42,UGA0,ATT50,VZ47,VONA39
VONA:GSAT2,UGA-79,ATT10,VZ8,VONA0
VZ:GSAT-6,UGA-87,ATT2,VZ0,VONA-9
-----
ATT:GSAT-8,UGA-90,ATT0,VZ-3,VONA-11
GSAT:GSAT0,UGA-82,ATT7,VZ5,VONA-3
UGA:GSAT42,UGA0,ATT50,VZ47,VONA39
VONA:GSAT2,UGA-79,ATT10,VZ8,VONA0
VZ:GSAT-6,UGA-87,ATT2,VZ0,VONA-9
-----
ATT:GSAT-8,UGA-90,ATT0,VZ-3,VONA-11
GSAT:GSAT0,UGA-82,ATT7,VZ5,VONA-3
UGA:GSAT42,UGA0,ATT50,VZ47,VONA39
VONA:GSAT2,UGA-79,ATT10,VZ8,VONA0
VZ:GSAT-6,UGA-88,ATT2,VZ0,VONA-9
-----
ATT:GSAT-8,UGA-90,ATT0,VZ-3,VONA-11
GSAT:GSAT0,UGA-83,ATT7,VZ5,VONA-3
UGA:GSAT42,UGA0,ATT50,VZ47,VONA39
VONA:GSAT2,UGA-80,ATT10,VZ8,VONA0
VZ:GSAT-6,UGA-88,ATT2,VZ0,VONA-9
-----
ATT:GSAT-8,UGA-91,ATT0,VZ-3,VONA-11
GSAT:GSAT0,UGA-83,ATT7,VZ5,VONA-3
UGA:GSAT42,UGA0,ATT50,VZ47,VONA39
VONA:GSAT2,UGA-80,ATT10,VZ8,VONA0
VZ:GSAT-6,UGA-88,ATT2,VZ0,VONA-9
-----
ATT:GSAT-8,UGA-91,ATT0,VZ-3,VONA-11
GSAT:GSAT0,UGA-83,ATT7,VZ5,VONA-3
UGA:GSAT42,UGA0,ATT50,VZ47,VONA39
VONA:GSAT2,UGA-80,ATT10,VZ8,VONA0
VZ:GSAT-6,UGA-89,ATT2,VZ0,VONA-9
-----
ATT:GSAT-8,UGA-91,ATT0,VZ-3,VONA-11
GSAT:GSAT0,UGA-84,ATT7,VZ5,VONA-3
UGA:GSAT42,UGA0,ATT50,VZ47,VONA39
VONA:GSAT2,UGA-81,ATT10,VZ8,VONA0
VZ:GSAT-6,UGA-89,ATT2,VZ0,VONA-9
-----
ATT:GSAT-8,UGA-92,ATT0,VZ-3,VONA-11
GSAT:GSAT0,UGA-84,ATT7,VZ5,VONA-3
UGA:GSAT42,UGA0,ATT50,VZ47,VONA39
VONA:GSAT2,UGA-81,ATT10,VZ8,VONA0
VZ:GSAT-6,UGA-89,ATT2,VZ0,VONA-9
-----
ATT:GSAT-8,UGA-92,ATT0,VZ-3,VONA-11
GSAT:GSAT0,UGA-84,ATT7,VZ5,VONA-3
UGA:GSAT42,UGA0,ATT50,VZ47,VONA39
VONA:GSAT2,UGA-81,ATT10,VZ8,VONA0
VZ:GSAT-6,UGA-90,ATT2,VZ0,VONA-9
-----
ATT:GSAT-8,UGA-92,ATT0,VZ-3,VONA-11
GSAT:GSAT0,UGA-85,ATT7,VZ5,VONA-3
UGA:GSAT42,UGA0,ATT50,VZ47,VONA39
VONA:GSAT2,UGA-82,ATT10,VZ8,VONA0
VZ:GSAT-6,UGA-90,ATT2,VZ0,VONA-9
-----
ATT:GSAT-8,UGA-93,ATT0,VZ-3,VONA-11
GSAT:GSAT0,UGA-85,ATT7,VZ5,VONA-3
UGA:GSAT42,UGA0,ATT50,VZ47,VONA39
VONA:GSAT2,UGA-82,ATT10,VZ8,VONA0
VZ:GSAT-6,UGA-90,ATT2,VZ0,VONA-9
-----
ATT:GSAT-8,UGA-93,ATT0,VZ-3,VONA-11
GSAT:GSAT0,UGA-85,ATT7,VZ5,VONA-3
UGA:GSAT42,UGA0,ATT50,VZ47,VONA39
VONA:GSAT2,UGA-82,ATT10,VZ8,VONA0
VZ:GSAT-6,UGA-91,ATT2,VZ0,VONA-9
-----
ATT:GSAT-8,UGA-93,ATT0,VZ-3,VONA-11
GSAT:GSAT0,UGA-86,ATT7,VZ5,VONA-3
UGA:GSAT42,UGA0,ATT50,VZ47,VONA39
VONA:GSAT2,UGA-83,ATT10,VZ8,VONA0
VZ:GSAT-6,UGA-91,ATT2,VZ0,VONA-9
-----
ATT:GSAT-8,UGA-94,ATT0,VZ-3,VONA-11
GSAT:GSAT0,UGA-86,ATT7,VZ5,VONA-3
UGA:GSAT42,UGA0,ATT50,VZ47,VONA39
VONA:GSAT2,UGA-83,ATT10,VZ8,VONA0
VZ:GSAT-6,UGA-91,ATT2,VZ0,VONA-9
-----
ATT:GSAT-8,UGA-94,ATT0,VZ-3,VONA-11
GSAT:GSAT0,UGA-86,ATT7,VZ5,VONA-3
UGA:GSAT42,UGA0,ATT50,VZ47,VONA39
VONA:GSAT2,UGA-83,ATT10,VZ8,VONA0
VZ:GSAT-6,UGA-92,ATT2,VZ0,VONA-9
-----
ATT:GSAT-8,UGA-94,ATT0,VZ-3,VONA-11
GSAT:GSAT0,UGA-87,ATT7,VZ5,VONA-3
UGA:GSAT42,UGA0,ATT50,VZ47,VONA39
VONA:GSAT2,UGA-84,ATT10,VZ8,VONA0
VZ:GSAT-6,UGA-92,ATT2,VZ0,VONA-9
-----
ATT:GSAT-8,UGA-95,ATT0,VZ-3,VONA-11
GSAT:GSAT0,UGA-87,ATT7,VZ5,VONA-3
UGA:GSAT42,UGA0,ATT50,VZ47,VONA39
VONA:GSAT2,UGA-84,ATT10,VZ8,VONA0
VZ:GSAT-6,UGA-92,ATT2,VZ0,VONA-9
-----
ATT:GSAT-8,UGA-95,ATT0,VZ-3,VONA-11
GSAT:GSAT0,UGA-87,ATT7,VZ5,VONA-3
UGA:GSAT42,UGA0,ATT50,VZ47,VONA39
VONA:GSAT2,UGA-84,ATT10,VZ8,VONA0
VZ:GSAT-6,UGA-93,ATT2,VZ0,VONA-9
-----
ATT:GSAT-8,UGA-95,ATT0,VZ-3,VONA-11
GSAT:GSAT0,UGA-88,ATT7,VZ5,VONA-3
UGA:GSAT42,UGA0,ATT50,VZ47,VONA39
VONA:GSAT2,UGA-85,ATT10,VZ8,VONA0
VZ:GSAT-6,UGA-93,ATT2,VZ0,VONA-9
-----
ATT:GSAT-8,UGA-96,ATT0,VZ-3,VONA-11
GSAT:GSAT0,UGA-88,ATT7,VZ5,VONA-3
UGA:GSAT42,UGA0,ATT50,VZ47,VONA39
VONA:GSAT2,UGA-85,ATT10,VZ8,VONA0
VZ:GSAT-6,UGA-93,ATT2,VZ0,VONA-9
-----
ATT:GSAT-8,UGA-96,ATT0,VZ-3,VONA-11
GSAT:GSAT0,UGA-88,ATT7,VZ5,VONA-3
UGA:GSAT42,UGA0,ATT50,VZ47,VONA39
VONA:GSAT2,UGA-85,ATT10,VZ8,VONA0
VZ:GSAT-6,UGA-94,ATT2,VZ0,VONA-9
-----
ATT:GSAT-8,UGA-96,ATT0,VZ-3,VONA-11
GSAT:GSAT0,UGA-89,ATT7,VZ5,VONA-3
UGA:GSAT42,UGA0,ATT50,VZ47,VONA39
VONA:GSAT2,UGA-86,ATT10,VZ8,VONA0
VZ:GSAT-6,UGA-94,ATT2,VZ0,VONA-9
-----
ATT:GSAT-8,UGA-97,ATT0,VZ-3,VONA-11
GSAT:GSAT0,UGA-89,ATT7,VZ5,VONA-3
UGA:GSAT42,UGA0,ATT50,VZ47,VONA39
VONA:GSAT2,UGA-86,ATT10,VZ8,VONA0
VZ:GSAT-6,UGA-94,ATT2,VZ0,VONA-9
-----
ATT:GSAT-8,UGA-97,ATT0,VZ-3,VONA-11
GSAT:GSAT0,UGA-89,ATT7,VZ5,VONA-3
UGA:GSAT42,UGA0,ATT50,VZ47,VONA39
VONA:GSAT2,UGA-86,ATT10,VZ8,VONA0
VZ:GSAT-6,UGA-95,ATT2,VZ0,VONA-9
-----
ATT:GSAT-8,UGA-97,ATT0,VZ-3,VONA-11
GSAT:GSAT0,UGA-90,ATT7,VZ5,VONA-3
UGA:GSAT42,UGA0,ATT50,VZ47,VONA39
VONA:GSAT2,UGA-87,ATT10,VZ8,VONA0
VZ:GSAT-6,UGA-95,ATT2,VZ0,VONA-9
-----
ATT:GSAT-8,UGA-98,ATT0,VZ-3,VONA-11
GSAT:GSAT0,UGA-90,ATT7,VZ5,VONA-3
UGA:GSAT42,UGA0,ATT50,VZ47,VONA39
VONA:GSAT2,UGA-87,ATT10,VZ8,VONA0
VZ:GSAT-6,UGA-95,ATT2,VZ0,VONA-9
-----
ATT:GSAT-8,UGA-98,ATT0,VZ-3,VONA-11
GSAT:GSAT0,UGA-90,ATT7,VZ5,VONA-3
UGA:GSAT42,UGA0,ATT50,VZ47,VONA39
VONA:GSAT2,UGA-87,ATT10,VZ8,VONA0
VZ:GSAT-6,UGA-96,ATT2,VZ0,VONA-9
-----
ATT:GSAT-8,UGA-98,ATT0,VZ-3,VONA-11
GSAT:GSAT0,UGA-91,ATT7,VZ5,VONA-3
UGA:GSAT42,UGA0,ATT50,VZ47,VONA39
VONA:GSAT2,UGA-88,ATT10,VZ8,VONA0
VZ:GSAT-6,UGA-96,ATT2,VZ0,VONA-9
-----
ATT:GSAT-8,UGA-99,ATT0,VZ-3,VONA-11
GSAT:GSAT0,UGA-91,ATT7,VZ5,VONA-3
UGA:GSAT42,UGA0,ATT50,VZ47,VONA39
VONA:GSAT2,UGA-88,ATT10,VZ8,VONA0
VZ:GSAT-6,UGA-96,ATT2,VZ0,VONA-9
-----
ATT:GSAT-8,UGA-99,ATT0,VZ-3,VONA-11
GSAT:GSAT0,UGA-91,ATT7,VZ5,VONA-3
UGA:GSAT42,UGA0,ATT50,VZ47,VONA39
VONA:GSAT2,UGA-88,ATT10,VZ8,VONA0
VZ:GSAT-6,UGA-99,ATT2,VZ0,VONA-9
-----
ATT:GSAT-8,UGA-99,ATT0,VZ-3,VONA-11
GSAT:GSAT0,UGA-99,ATT7,VZ5,VONA-3
UGA:GSAT42,UGA0,ATT50,VZ47,VONA39
VONA:GSAT2,UGA-99,ATT10,VZ8,VONA0
VZ:GSAT-6,UGA-99,ATT2,VZ0,VONA-9
-----
ATT:GSAT-8,UGA-99,ATT0,VZ-3,VONA-11
GSAT:GSAT0,UGA-99,ATT7,VZ5,VONA-3
UGA:GSAT42,UGA0,ATT50,VZ47,VONA39
VONA:GSAT2,UGA-99,ATT10,VZ8,VONA0
VZ:GSAT-6,UGA-99,ATT2,VZ0,VONA-9
-----
