A:ACB
AA:ACB
B:ACB
BA:ACB
BAA:ACB
BAB:ACB
BAC:ACB
BAD:ACB
BAE:ACB
BAF:ACB
BAG:ACB
BAH:ACB
BAI:ACB
BAJ:ACB
BB:ACB
BBA:ACB
BBB:ACB
BBC:ACB
BBD:ACB
BBE:ACB
BBF:ACB
BBG:ACB
BBH:ACB
BBI:ACB
BBJ:ACB
BC:ACB
BCA:ACB
BCB:ACB
BCC:ACB
BCD:ACB
BCE:ACB
BCF:ACB
BCG:ACB
BCH:ACB
BCI:ACB
BCJ:ACB
BD:ACB
BDA:ACB
BDB:ACB
BDC:ACB
BDD:ACB
BDE:ACB
BDF:ACB
BDG:ACB
BDH:ACB
BDI:ACB
BDJ:ACB
BE:ACB
BEA:ACB
BEB:ACB
BEC:ACB
BED:ACB
BEE:ACB
BEF:ACB
BEG:ACB
BEH:ACB
BEI:ACB
BEJ:ACB
BF:ACB
BFA:ACB
BFB:ACB
BFC:ACB
BFD:ACB
BFE:ACB
BFF:ACB
BFG:ACB
BFH:ACB
BFI:ACB
BFJ:ACB
BG:ACB
BGA:ACB
BGB:ACB
BGC:ACB
BGD:ACB
BGE:ACB
BGF:ACB
BGG:ACB
BGH:ACB
BGI:ACB
BGJ:ACB
BH:ACB
BHA:ACB
BHB:ACB
BHC:ACB
BHD:ACB
BHE:ACB
BHF:ACB
BHG:ACB
BHH:ACB
BHI:ACB
BHJ:ACB
BI:ACB
BIA:ACB
BIB:ACB
BIC:ACB
BID:ACB
BIE:ACB
BIF:ACB
BIG:ACB
BIH:ACB
BII:ACB
BIJ:ACB
BJ:ACB
BJA:ACB
BJB:ACB
BJC:ACB
BJD:ACB
BJE:ACB
BJF:ACB
BJG:ACB
BJH:ACB
BJI:ACB
BJJ:ACB
C:ACB
CA:ACB
CAA:ACB
CAB:ACB
CAC:ACB
CAD:ACB
CAE:ACB
CAF:ACB
CAG:ACB
CAH:ACB
CAI:ACB
CAJ:ACB
CB:ACB
CBA:ACB
CBB:ACB
CBC:ACB
CBD:ACB
CBE:ACB
CBF:ACB
CBG:ACB
CBH:ACB
CBI:ACB
CBJ:ACB
CC:ACB
CCA:ACB
CCB:ACB
CCC:ACB
CCD:ACB
CCE:ACB
CCF:ACB
CCG:ACB
CCH:ACB
CCI:ACB
CCJ:ACB
CD:ACB
CDA:ACB
CDB:ACB
CDC:ACB
CDD:ACB
CDE:ACB
CDF:ACB
CDG:ACB
CDH:ACB
CDI:ACB
CDJ:ACB
CE:ACB
CEA:ACB
CEB:ACB
CEC:ACB
CED:ACB
CEE:ACB
CEF:ACB
CEG:ACB
CEH:ACB
CEI:ACB
CEJ:ACB
CF:ACB
CFA:ACB
CFB:ACB
CFC:ACB
CFD:ACB
CFE:ACB
CFF:ACB
CFG:ACB
CFH:ACB
CFI:ACB
CFJ:ACB
CG:ACB
CGA:ACB
CGB:ACB
CGC:ACB
CGD:ACB
CGE:ACB
CGF:ACB
CGG:ACB
CGH:ACB
CGI:ACB
CGJ:ACB
CH:ACB
CHA:ACB
CHB:ACB
CHC:ACB
CHD:ACB
CHE:ACB
CHF:ACB
CHG:ACB
CHH:ACB
CHI:ACB
CHJ:ACB
CI:ACB
CIA:ACB
CIB:ACB
CIC:ACB
CID:ACB
CIE:ACB
CIF:ACB
CIG:ACB
CIH:ACB
CII:ACB
CIJ:ACB
CJ:ACB
CJA:ACB
CJB:ACB
CJC:ACB
CJD:ACB
CJE:ACB
CJF:ACB
CJG:ACB
CJH:ACB
CJI:ACB
CJJ:ACB
D:ACB
DA:ACB
DAA:ACB
DAB:ACB
DAC:ACB
DAD:ACB
DAE:ACB
DAF:ACB
DAG:ACB
DAH:ACB
DAI:ACB
DAJ:ACB
DB:ACB
DBA:ACB
DBB:ACB
DBC:ACB
DBD:ACB
DBE:ACB
DBF:ACB
DBG:ACB
DBH:ACB
DBI:ACB
DBJ:ACB
DC:ACB
DCA:ACB
DCB:ACB
DCC:ACB
DCD:ACB
DCE:ACB
DCF:ACB
DCG:ACB
DCH:ACB
DCI:ACB
DCJ:ACB
DD:ACB
DDA:ACB
DDB:ACB
DDC:ACB
DDD:ACB
DDE:ACB
DDF:ACB
DDG:ACB
DDH:ACB
DDI:ACB
DDJ:ACB
DE:ACB
DEA:ACB
DEB:ACB
DEC:ACB
DED:ACB
DEE:ACB
DEF:ACB
DEG:ACB
DEH:ACB
DEI:ACB
DEJ:ACB
DF:ACB
DFA:ACB
DFB:ACB
DFC:ACB
DFD:ACB
DFE:ACB
DFF:ACB
DFG:ACB
DFH:ACB
DFI:ACB
DFJ:ACB
DG:ACB
DGA:ACB
DGB:ACB
DGC:ACB
DGD:ACB
DGE:ACB
DGF:ACB
DGG:ACB
DGH:ACB
DGI:ACB
DGJ:ACB
DH:ACB
DHA:ACB
DHB:ACB
DHC:ACB
DHD:ACB
DHE:ACB
DHF:ACB
DHG:ACB
DHH:ACB
DHI:ACB
DHJ:ACB
DI:ACB
DIA:ACB
DIB:ACB
DIC:ACB
DID:ACB
DIE:ACB
DIF:ACB
DIG:ACB
DIH:ACB
DII:ACB
DIJ:ACB
DJ:ACB
DJA:ACB
DJB:ACB
DJC:ACB
DJD:ACB
DJE:ACB
DJF:ACB
DJG:ACB
DJH:ACB
DJI:ACB
DJJ:ACB
E:ACB
EA:ACB
EAA:ACB
EAB:ACB
EAC:ACB
EAD:ACB
EAE:ACB
EAF:ACB
EAG:ACB
EAH:ACB
EAI:ACB
EAJ:ACB
EB:ACB
EBA:ACB
EBB:ACB
EBC:ACB
EBD:ACB
EBE:ACB
EBF:ACB
EBG:ACB
EBH:ACB
EBI:ACB
EBJ:ACB
EC:ACB
ECA:ACB
ECB:ACB
ECC:ACB
ECD:ACB
ECE:ACB
ECF:ACB
ECG:ACB
ECH:ACB
ECI:ACB
ECJ:ACB
ED:ACB
EDA:ACB
EDB:ACB
EDC:ACB
EDD:ACB
EDE:ACB
EDF:ACB
EDG:ACB
EDH:ACB
EDI:ACB
EDJ:ACB
EE:ACB
EEA:ACB
EEB:ACB
EEC:ACB
EED:ACB
EEE:ACB
EEF:ACB
EEG:ACB
EEH:ACB
EEI:ACB
EEJ:ACB
EF:ACB
EFA:ACB
EFB:ACB
EFC:ACB
EFD:ACB
EFE:ACB
EFF:ACB
EFG:ACB
EFH:ACB
EFI:ACB
EFJ:ACB
EG:ACB
EGA:ACB
EGB:ACB
EGC:ACB
EGD:ACB
EGE:ACB
EGF:ACB
EGG:ACB
EGH:ACB
EGI:ACB
EGJ:ACB
EH:ACB
EHA:ACB
EHB:ACB
EHC:ACB
EHD:ACB
EHE:ACB
EHF:ACB
EHG:ACB
EHH:ACB
EHI:ACB
EHJ:ACB
EI:ACB
EIA:ACB
EIB:ACB
EIC:ACB
EID:ACB
EIE:ACB
EIF:ACB
EIG:ACB
EIH:ACB
EII:ACB
EIJ:ACB
EJ:ACB
EJA:ACB
EJB:ACB
EJC:ACB
EJD:ACB
EJE:ACB
EJF:ACB
EJG:ACB
EJH:ACB
EJI:ACB
EJJ:ACB
F:ACB
FA:ACB
FAA:ACB
FAB:ACB
FAC:ACB
FAD:ACB
FAE:ACB
FAF:ACB
FAG:ACB
FAH:ACB
FAI:ACB
FAJ:ACB
FB:ACB
FBA:ACB
FBB:ACB
FBC:ACB
FBD:ACB
FBE:ACB
FBF:ACB
FBG:ACB
FBH:ACB
FBI:ACB
FBJ:ACB
FC:ACB
FCA:ACB
FCB:ACB
FCC:ACB
FCD:ACB
FCE:ACB
FCF:ACB
FCG:ACB
FCH:ACB
FCI:ACB
FCJ:ACB
FD:ACB
FDA:ACB
FDB:ACB
FDC:ACB
FDD:ACB
FDE:ACB
FDF:ACB
FDG:ACB
FDH:ACB
FDI:ACB
FDJ:ACB
FE:ACB
FEA:ACB
FEB:ACB
FEC:ACB
FED:ACB
FEE:ACB
FEF:ACB
FEG:ACB
FEH:ACB
FEI:ACB
FEJ:ACB
FF:ACB
FFA:ACB
FFB:ACB
FFC:ACB
FFD:ACB
FFE:ACB
FFF:ACB
FFG:ACB
FFH:ACB
FFI:ACB
FFJ:ACB
FG:ACB
FGA:ACB
FGB:ACB
FGC:ACB
FGD:ACB
FGE:ACB
FGF:ACB
FGG:ACB
FGH:ACB
FGI:ACB
FGJ:ACB
FH:ACB
FHA:ACB
FHB:ACB
FHC:ACB
FHD:ACB
FHE:ACB
FHF:ACB
FHG:ACB
FHH:ACB
FHI:ACB
FHJ:ACB
FI:ACB
FIA:ACB
FIB:ACB
FIC:ACB
FID:ACB
FIE:ACB
FIF:ACB
FIG:ACB
FIH:ACB
FII:ACB
FIJ:ACB
FJ:ACB
FJA:ACB
FJB:ACB
FJC:ACB
FJD:ACB
FJE:ACB
FJF:ACB
FJG:ACB
FJH:ACB
FJI:ACB
FJJ:ACB
G:ACB
GA:ACB
GB:ACB
GC:ACB
GD:ACB
GE:ACB
GF:ACB
GG:ACB
GH:ACB
GI:ACB
GJ:ACB
H:ACB
HA:ACB
HB:ACB
HC:ACB
HD:ACB
HE:ACB
HF:ACB
HG:ACB
HH:ACB
HI:ACB
HJ:ACB
I:ACB
IA:ACB
IB:ACB
IC:ACB
ID:ACB
IE:ACB
IF:ACB
IG:ACB
IH:ACB
II:ACB
IJ:ACB
J:ACB
JA:ACB
JB:ACB
JC:ACB
JD:ACB
JE:ACB
JF:ACB
JG:ACB
JH:ACB
JI:ACB
JJ:ACB
-----
A:ACB
AA:ACB
B:ACB
BA:ACB
BAA:ACB
BAB:ACB
BAC:ACB
BAD:ACB
BAE:ACB
BAF:ACB
BAG:ACB
BAH:ACB
BAI:ACB
BAJ:ACB
BB:ACB
BBA:ACB
BBB:ACB
BBC:ACB
BBD:ACB
BBE:ACB
BBF:ACB
BBG:ACB
BBH:ACB
BBI:ACB
BBJ:ACB
BC:ACB
BCA:ACB
BCB:ACB
BCC:ACB
BCD:ACB
BCE:ACB
BCF:ACB
BCG:ACB
BCH:ACB
BCI:ACB
BCJ:ACB
BD:ACB
BDA:ACB
BDB:ACB
BDC:ACB
BDD:ACB
BDE:ACB
BDF:ACB
BDG:ACB
BDH:ACB
BDI:ACB
BDJ:ACB
BE:ACB
BEA:ACB
BEB:ACB
BEC:ACB
BED:ACB
BEE:ACB
BEF:ACB
BEG:ACB
BEH:ACB
BEI:ACB
BEJ:ACB
BF:ACB
BFA:ACB
BFB:ACB
BFC:ACB
BFD:ACB
BFE:ACB
BFF:ACB
BFG:ACB
BFH:ACB
BFI:ACB
BFJ:ACB
BG:ACB
BGA:ACB
BGB:ACB
BGC:ACB
BGD:ACB
BGE:ACB
BGF:ACB
BGG:ACB
BGH:ACB
BGI:ACB
BGJ:ACB
BH:ACB
BHA:ACB
BHB:ACB
BHC:ACB
BHD:ACB
BHE:ACB
BHF:ACB
BHG:ACB
BHH:ACB
BHI:ACB
BHJ:ACB
BI:ACB
BIA:ACB
BIB:ACB
BIC:ACB
BID:ACB
BIE:ACB
BIF:ACB
BIG:ACB
BIH:ACB
BII:ACB
BIJ:ACB
BJ:ACB
BJA:ACB
BJB:ACB
BJC:ACB
BJD:ACB
BJE:ACB
BJF:ACB
BJG:ACB
BJH:ACB
BJI:ACB
BJJ:ACB
C:ACB
CA:ACB
CAA:ACB
CAB:ACB
CAC:ACB
CAD:ACB
CAE:ACB
CAF:ACB
CAG:ACB
CAH:ACB
CAI:ACB
CAJ:ACB
CB:ACB
CBA:ACB
CBB:ACB
CBC:ACB
CBD:ACB
CBE:ACB
CBF:ACB
CBG:ACB
CBH:ACB
CBI:ACB
CBJ:ACB
CC:ACB
CCA:ACB
CCB:ACB
CCC:ACB
CCD:ACB
CCE:ACB
CCF:ACB
CCG:ACB
CCH:ACB
CCI:ACB
CCJ:ACB
CD:ACB
CDA:ACB
CDB:ACB
CDC:ACB
CDD:ACB
CDE:ACB
CDF:ACB
CDG:ACB
CDH:ACB
CDI:ACB
CDJ:ACB
CE:ACB
CEA:ACB
CEB:ACB
CEC:ACB
CED:ACB
CEE:ACB
CEF:ACB
CEG:ACB
CEH:ACB
CEI:ACB
CEJ:ACB
CF:ACB
CFA:ACB
CFB:ACB
CFC:ACB
CFD:ACB
CFE:ACB
CFF:ACB
CFG:ACB
CFH:ACB
CFI:ACB
CFJ:ACB
CG:ACB
CGA:ACB
CGB:ACB
CGC:ACB
CGD:ACB
CGE:ACB
CGF:ACB
CGG:ACB
CGH:ACB
CGI:ACB
CGJ:ACB
CH:ACB
CHA:ACB
CHB:ACB
CHC:ACB
CHD:ACB
CHE:ACB
CHF:ACB
CHG:ACB
CHH:ACB
CHI:ACB
CHJ:ACB
CI:ACB
CIA:ACB
CIB:ACB
CIC:ACB
CID:ACB
CIE:ACB
CIF:ACB
CIG:ACB
CIH:ACB
CII:ACB
CIJ:ACB
CJ:ACB
CJA:ACB
CJB:ACB
CJC:ACB
CJD:ACB
CJE:ACB
CJF:ACB
CJG:ACB
CJH:ACB
CJI:ACB
CJJ:ACB
D:ACB
DA:ACB
DAA:ACB
DAB:ACB
DAC:ACB
DAD:ACB
DAE:ACB
DAF:ACB
DAG:ACB
DAH:ACB
DAI:ACB
DAJ:ACB
DB:ACB
DBA:ACB
DBB:ACB
DBC:ACB
DBD:ACB
DBE:ACB
DBF:ACB
DBG:ACB
DBH:ACB
DBI:ACB
DBJ:ACB
DC:ACB
DCA:ACB
DCB:ACB
DCC:ACB
DCD:ACB
DCE:ACB
DCF:ACB
DCG:ACB
DCH:ACB
DCI:ACB
DCJ:ACB
DD:ACB
DDA:ACB
DDB:ACB
DDC:ACB
DDD:ACB
DDE:ACB
DDF:ACB
DDG:ACB
DDH:ACB
DDI:ACB
DDJ:ACB
DE:ACB
DEA:ACB
DEB:ACB
DEC:ACB
DED:ACB
DEE:ACB
DEF:ACB
DEG:ACB
DEH:ACB
DEI:ACB
DEJ:ACB
DF:ACB
DFA:ACB
DFB:ACB
DFC:ACB
DFD:ACB
DFE:ACB
DFF:ACB
DFG:ACB
DFH:ACB
DFI:ACB
DFJ:ACB
DG:ACB
DGA:ACB
DGB:ACB
DGC:ACB
DGD:ACB
DGE:ACB
DGF:ACB
DGG:ACB
DGH:ACB
DGI:ACB
DGJ:ACB
DH:ACB
DHA:ACB
DHB:ACB
DHC:ACB
DHD:ACB
DHE:ACB
DHF:ACB
DHG:ACB
DHH:ACB
DHI:ACB
DHJ:ACB
DI:ACB
DIA:ACB
DIB:ACB
DIC:ACB
DID:ACB
DIE:ACB
DIF:ACB
DIG:ACB
DIH:ACB
DII:ACB
DIJ:ACB
DJ:ACB
DJA:ACB
DJB:ACB
DJC:ACB
DJD:ACB
DJE:ACB
DJF:ACB
DJG:ACB
DJH:ACB
DJI:ACB
DJJ:ACB
E:ACB
EA:ACB
EAA:ACB
EAB:ACB
EAC:ACB
EAD:ACB
EAE:ACB
EAF:ACB
EAG:ACB
EAH:ACB
EAI:ACB
EAJ:ACB
EB:ACB
EBA:ACB
EBB:ACB
EBC:ACB
EBD:ACB
EBE:ACB
EBF:ACB
EBG:ACB
EBH:ACB
EBI:ACB
EBJ:ACB
EC:ACB
ECA:ACB
ECB:ACB
ECC:ACB
ECD:ACB
ECE:ACB
ECF:ACB
ECG:ACB
ECH:ACB
ECI:ACB
ECJ:ACB
ED:ACB
EDA:ACB
EDB:ACB
EDC:ACB
EDD:ACB
EDE:ACB
EDF:ACB
EDG:ACB
EDH:ACB
EDI:ACB
EDJ:ACB
EE:ACB
EEA:ACB
EEB:ACB
EEC:ACB
EED:ACB
EEE:ACB
EEF:ACB
EEG:ACB
EEH:ACB
EEI:ACB
EEJ:ACB
EF:ACB
EFA:ACB
EFB:ACB
EFC:ACB
EFD:ACB
EFE:ACB
EFF:ACB
EFG:ACB
EFH:ACB
EFI:ACB
EFJ:ACB
EG:ACB
EGA:ACB
EGB:ACB
EGC:ACB
EGD:ACB
EGE:ACB
EGF:ACB
EGG:ACB
EGH:ACB
EGI:ACB
EGJ:ACB
EH:ACB
EHA:ACB
EHB:ACB
EHC:ACB
EHD:ACB
EHE:ACB
EHF:ACB
EHG:ACB
EHH:ACB
EHI:ACB
EHJ:ACB
EI:ACB
EIA:ACB
EIB:ACB
EIC:ACB
EID:ACB
EIE:ACB
EIF:ACB
EIG:ACB
EIH:ACB
EII:ACB
EIJ:ACB
EJ:ACB
EJA:ACB
EJB:ACB
EJC:ACB
EJD:ACB
EJE:ACB
EJF:ACB
EJG:ACB
EJH:ACB
EJI:ACB
EJJ:ACB
F:ACB
FA:ACB
FAA:ACB
FAB:ACB
FAC:ACB
FAD:ACB
FAE:ACB
FAF:ACB
FAG:ACB
FAH:ACB
FAI:ACB
FAJ:ACB
FB:ACB
FBA:ACB
FBB:ACB
FBC:ACB
FBD:ACB
FBE:ACB
FBF:ACB
FBG:ACB
FBH:ACB
FBI:ACB
FBJ:ACB
FC:ACB
FCA:ACB
FCB:ACB
FCC:ACB
FCD:ACB
FCE:ACB
FCF:ACB
FCG:ACB
FCH:ACB
FCI:ACB
FCJ:ACB
FD:ACB
FDA:ACB
FDB:ACB
FDC:ACB
FDD:ACB
FDE:ACB
FDF:ACB
FDG:ACB
FDH:ACB
FDI:ACB
FDJ:ACB
FE:ACB
FEA:ACB
FEB:ACB
FEC:ACB
FED:ACB
FEE:ACB
FEF:ACB
FEG:ACB
FEH:ACB
FEI:ACB
FEJ:ACB
FF:ACB
FFA:ACB
FFB:ACB
FFC:ACB
FFD:ACB
FFE:ACB
FFF:ACB
FFG:ACB
FFH:ACB
FFI:ACB
FFJ:ACB
FG:ACB
FGA:ACB
FGB:ACB
FGC:ACB
FGD:ACB
FGE:ACB
FGF:ACB
FGG:ACB
FGH:ACB
FGI:ACB
FGJ:ACB
FH:ACB
FHA:ACB
FHB:ACB
FHC:ACB
FHD:ACB
FHE:ACB
FHF:ACB
FHG:ACB
FHH:ACB
FHI:ACB
FHJ:ACB
FI:ACB
FIA:ACB
FIB:ACB
FIC:ACB
FID:ACB
FIE:ACB
FIF:ACB
FIG:ACB
FIH:ACB
FII:ACB
FIJ:ACB
FJ:ACB
FJA:ACB
FJB:ACB
FJC:ACB
FJD:ACB
FJE:ACB
FJF:ACB
FJG:ACB
FJH:ACB
FJI:ACB
FJJ:ACB
G:ACB
GA:ACB
GB:ACB
GC:ACB
GD:ACB
GE:ACB
GF:ACB
GG:ACB
GH:ACB
GI:ACB
GJ:ACB
H:ACB
HA:ACB
HB:ACB
HC:ACB
HD:ACB
HE:ACB
HF:ACB
HG:ACB
HH:ACB
HI:ACB
HJ:ACB
I:ACB
IA:ACB
IB:ACB
IC:ACB
ID:ACB
IE:ACB
IF:ACB
IG:ACB
IH:ACB
II:ACB
IJ:ACB
J:ACB
JA:ACB
JB:ACB
JC:ACB
JD:ACB
JE:ACB
JF:ACB
JG:ACB
JH:ACB
JI:ACB
JJ:ACB
-----
A:ACB
AA:ACB
B:ACB
BA:ACB
BAA:ACB
BAB:ACB
BAC:ACB
BAD:ACB
BAE:ACB
BAF:ACB
BAG:ACB
BAH:ACB
BAI:ACB
BAJ:ACB
BB:ACB
BBA:ACB
BBB:ACB
BBC:ACB
BBD:ACB
BBE:ACB
BBF:ACB
BBG:ACB
BBH:ACB
BBI:ACB
BBJ:ACB
BC:ACB
BCA:ACB
BCB:ACB
BCC:ACB
BCD:ACB
BCE:ACB
BCF:ACB
BCG:ACB
BCH:ACB
BCI:ACB
BCJ:ACB
BD:ACB
BDA:ACB
BDB:ACB
BDC:ACB
BDD:ACB
BDE:ACB
BDF:ACB
BDG:ACB
BDH:ACB
BDI:ACB
BDJ:ACB
BE:ACB
BEA:ACB
BEB:ACB
BEC:ACB
BED:ACB
BEE:ACB
BEF:ACB
BEG:ACB
BEH:ACB
BEI:ACB
BEJ:ACB
BF:ACB
BFA:ACB
BFB:ACB
BFC:ACB
BFD:ACB
BFE:ACB
BFF:ACB
BFG:ACB
BFH:ACB
BFI:ACB
BFJ:ACB
BG:ACB
BGA:ACB
BGB:ACB
BGC:ACB
BGD:ACB
BGE:ACB
BGF:ACB
BGG:ACB
BGH:ACB
BGI:ACB
BGJ:ACB
BH:ACB
BHA:ACB
BHB:ACB
BHC:ACB
BHD:ACB
BHE:ACB
BHF:ACB
BHG:ACB
BHH:ACB
BHI:ACB
BHJ:ACB
BI:ACB
BIA:ACB
BIB:ACB
BIC:ACB
BID:ACB
BIE:ACB
BIF:ACB
BIG:ACB
BIH:ACB
BII:ACB
BIJ:ACB
BJ:ACB
BJA:ACB
BJB:ACB
BJC:ACB
BJD:ACB
BJE:ACB
BJF:ACB
BJG:ACB
BJH:ACB
BJI:ACB
BJJ:ACB
C:ACB
CA:ACB
CAA:ACB
CAB:ACB
CAC:ACB
CAD:ACB
CAE:ACB
CAF:ACB
CAG:ACB
CAH:ACB
CAI:ACB
CAJ:ACB
CB:ACB
CBA:ACB
CBB:ACB
CBC:ACB
CBD:ACB
CBE:ACB
CBF:ACB
CBG:ACB
CBH:ACB
CBI:ACB
CBJ:ACB
CC:ACB
CCA:ACB
CCB:ACB
CCC:ACB
CCD:ACB
CCE:ACB
CCF:ACB
CCG:ACB
CCH:ACB
CCI:ACB
CCJ:ACB
CD:ACB
CDA:ACB
CDB:ACB
CDC:ACB
CDD:ACB
CDE:ACB
CDF:ACB
CDG:ACB
CDH:ACB
CDI:ACB
CDJ:ACB
CE:ACB
CEA:ACB
CEB:ACB
CEC:ACB
CED:ACB
CEE:ACB
CEF:ACB
CEG:ACB
CEH:ACB
CEI:ACB
CEJ:ACB
CF:ACB
CFA:ACB
CFB:ACB
CFC:ACB
CFD:ACB
CFE:ACB
CFF:ACB
CFG:ACB
CFH:ACB
CFI:ACB
CFJ:ACB
CG:ACB
CGA:ACB
CGB:ACB
CGC:ACB
CGD:ACB
CGE:ACB
CGF:ACB
CGG:ACB
CGH:ACB
CGI:ACB
CGJ:ACB
CH:ACB
CHA:ACB
CHB:ACB
CHC:ACB
CHD:ACB
CHE:ACB
CHF:ACB
CHG:ACB
CHH:ACB
CHI:ACB
CHJ:ACB
CI:ACB
CIA:ACB
CIB:ACB
CIC:ACB
CID:ACB
CIE:ACB
CIF:ACB
CIG:ACB
CIH:ACB
CII:ACB
CIJ:ACB
CJ:ACB
CJA:ACB
CJB:ACB
CJC:ACB
CJD:ACB
CJE:ACB
CJF:ACB
CJG:ACB
CJH:ACB
CJI:ACB
CJJ:ACB
D:ACB
DA:ACB
DAA:ACB
DAB:ACB
DAC:ACB
DAD:ACB
DAE:ACB
DAF:ACB
DAG:ACB
DAH:ACB
DAI:ACB
DAJ:ACB
DB:ACB
DBA:ACB
DBB:ACB
DBC:ACB
DBD:ACB
DBE:ACB
DBF:ACB
DBG:ACB
DBH:ACB
DBI:ACB
DBJ:ACB
DC:ACB
DCA:ACB
DCB:ACB
DCC:ACB
DCD:ACB
DCE:ACB
DCF:ACB
DCG:ACB
DCH:ACB
DCI:ACB
DCJ:ACB
DD:ACB
DDA:ACB
DDB:ACB
DDC:ACB
DDD:ACB
DDE:ACB
DDF:ACB
DDG:ACB
DDH:ACB
DDI:ACB
DDJ:ACB
DE:ACB
DEA:ACB
DEB:ACB
DEC:ACB
DED:ACB
DEE:ACB
DEF:ACB
DEG:ACB
DEH:ACB
DEI:ACB
DEJ:ACB
DF:ACB
DFA:ACB
DFB:ACB
DFC:ACB
DFD:ACB
DFE:ACB
DFF:ACB
DFG:ACB
DFH:ACB
DFI:ACB
DFJ:ACB
DG:ACB
DGA:ACB
DGB:ACB
DGC:ACB
DGD:ACB
DGE:ACB
DGF:ACB
DGG:ACB
DGH:ACB
DGI:ACB
DGJ:ACB
DH:ACB
DHA:ACB
DHB:ACB
DHC:ACB
DHD:ACB
DHE:ACB
DHF:ACB
DHG:ACB
DHH:ACB
DHI:ACB
DHJ:ACB
DI:ACB
DIA:ACB
DIB:ACB
DIC:ACB
DID:ACB
DIE:ACB
DIF:ACB
DIG:ACB
DIH:ACB
DII:ACB
DIJ:ACB
DJ:ACB
DJA:ACB
DJB:ACB
DJC:ACB
DJD:ACB
DJE:ACB
DJF:ACB
DJG:ACB
DJH:ACB
DJI:ACB
DJJ:ACB
E:ACB
EA:ACB
EAA:ACB
EAB:ACB
EAC:ACB
EAD:ACB
EAE:ACB
EAF:ACB
EAG:ACB
EAH:ACB
EAI:ACB
EAJ:ACB
EB:ACB
EBA:ACB
EBB:ACB
EBC:ACB
EBD:ACB
EBE:ACB
EBF:ACB
EBG:ACB
EBH:ACB
EBI:ACB
EBJ:ACB
EC:ACB
ECA:ACB
ECB:ACB
ECC:ACB
ECD:ACB
ECE:ACB
ECF:ACB
ECG:ACB
ECH:ACB
ECI:ACB
ECJ:ACB
ED:ACB
EDA:ACB
EDB:ACB
EDC:ACB
EDD:ACB
EDE:ACB
EDF:ACB
EDG:ACB
EDH:ACB
EDI:ACB
EDJ:ACB
EE:ACB
EEA:ACB
EEB:ACB
EEC:ACB
EED:ACB
EEE:ACB
EEF:ACB
EEG:ACB
EEH:ACB
EEI:ACB
EEJ:ACB
EF:ACB
EFA:ACB
EFB:ACB
EFC:ACB
EFD:ACB
EFE:ACB
EFF:ACB
EFG:ACB
EFH:ACB
EFI:ACB
EFJ:ACB
EG:ACB
EGA:ACB
EGB:ACB
EGC:ACB
EGD:ACB
EGE:ACB
EGF:ACB
EGG:ACB
EGH:ACB
EGI:ACB
EGJ:ACB
EH:ACB
EHA:ACB
EHB:ACB
EHC:ACB
EHD:ACB
EHE:ACB
EHF:ACB
EHG:ACB
EHH:ACB
EHI:ACB
EHJ:ACB
EI:ACB
EIA:ACB
EIB:ACB
EIC:ACB
EID:ACB
EIE:ACB
EIF:ACB
EIG:ACB
EIH:ACB
EII:ACB
EIJ:ACB
EJ:ACB
EJA:ACB
EJB:ACB
EJC:ACB
EJD:ACB
EJE:ACB
EJF:ACB
EJG:ACB
EJH:ACB
EJI:ACB
EJJ:ACB
F:ACB
FA:ACB
FAA:ACB
FAB:ACB
FAC:ACB
FAD:ACB
FAE:ACB
FAF:ACB
FAG:ACB
FAH:ACB
FAI:ACB
FAJ:ACB
FB:ACB
FBA:ACB
FBB:ACB
FBC:ACB
FBD:ACB
FBE:ACB
FBF:ACB
FBG:ACB
FBH:ACB
FBI:ACB
FBJ:ACB
FC:ACB
FCA:ACB
FCB:ACB
FCC:ACB
FCD:ACB
FCE:ACB
FCF:ACB
FCG:ACB
FCH:ACB
FCI:ACB
FCJ:ACB
FD:ACB
FDA:ACB
FDB:ACB
FDC:ACB
FDD:ACB
FDE:ACB
FDF:ACB
FDG:ACB
FDH:ACB
FDI:ACB
FDJ:ACB
FE:ACB
FEA:ACB
FEB:ACB
FEC:ACB
FED:ACB
FEE:ACB
FEF:ACB
FEG:ACB
FEH:ACB
FEI:ACB
FEJ:ACB
FF:ACB
FFA:ACB
FFB:ACB
FFC:ACB
FFD:ACB
FFE:ACB
FFF:ACB
FFG:ACB
FFH:ACB
FFI:ACB
FFJ:ACB
FG:ACB
FGA:ACB
FGB:ACB
FGC:ACB
FGD:ACB
FGE:ACB
FGF:ACB
FGG:ACB
FGH:ACB
FGI:ACB
FGJ:ACB
FH:ACB
FHA:ACB
FHB:ACB
FHC:ACB
FHD:ACB
FHE:ACB
FHF:ACB
FHG:ACB
FHH:ACB
FHI:ACB
FHJ:ACB
FI:ACB
FIA:ACB
FIB:ACB
FIC:ACB
FID:ACB
FIE:ACB
FIF:ACB
FIG:ACB
FIH:ACB
FII:ACB
FIJ:ACB
FJ:ACB
FJA:ACB
FJB:ACB
FJC:ACB
FJD:ACB
FJE:ACB
FJF:ACB
FJG:ACB
FJH:ACB
FJI:ACB
FJJ:ACB
G:ACB
GA:ACB
GB:ACB
GC:ACB
GD:ACB
GE:ACB
GF:ACB
GG:ACB
GH:ACB
GI:ACB
GJ:ACB
H:ACB
HA:ACB
HB:ACB
HC:ACB
HD:ACB
HE:ACB
HF:ACB
HG:ACB
HH:ACB
HI:ACB
HJ:ACB
I:ACB
IA:ACB
IB:ACB
IC:ACB
ID:ACB
IE:ACB
IF:ACB
IG:ACB
IH:ACB
II:ACB
IJ:ACB
J:ACB
JA:ACB
JB:ACB
JC:ACB
JD:ACB
JE:ACB
JF:ACB
JG:ACB
JH:ACB
JI:ACB
JJ:ACB
-----
A:ACB
AA:ACB
B:ACB
BA:ACB
BAA:ACB
BAB:ACB
BAC:ACB
BAD:ACB
BAE:ACB
BAF:ACB
BAG:ACB
BAH:ACB
BAI:ACB
BAJ:ACB
BB:ACB
BBA:ACB
BBB:ACB
BBC:ACB
BBD:ACB
BBE:ACB
BBF:ACB
BBG:ACB
BBH:ACB
BBI:ACB
BBJ:ACB
BC:ACB
BCA:ACB
BCB:ACB
BCC:ACB
BCD:ACB
BCE:ACB
BCF:ACB
BCG:ACB
BCH:ACB
BCI:ACB
BCJ:ACB
BD:ACB
BDA:ACB
BDB:ACB
BDC:ACB
BDD:ACB
BDE:ACB
BDF:ACB
BDG:ACB
BDH:ACB
BDI:ACB
BDJ:ACB
BE:ACB
BEA:ACB
BEB:ACB
BEC:ACB
BED:ACB
BEE:ACB
BEF:ACB
BEG:ACB
BEH:ACB
BEI:ACB
BEJ:ACB
BF:ACB
BFA:ACB
BFB:ACB
BFC:ACB
BFD:ACB
BFE:ACB
BFF:ACB
BFG:ACB
BFH:ACB
BFI:ACB
BFJ:ACB
BG:ACB
BGA:ACB
BGB:ACB
BGC:ACB
BGD:ACB
BGE:ACB
BGF:ACB
BGG:ACB
BGH:ACB
BGI:ACB
BGJ:ACB
BH:ACB
BHA:ACB
BHB:ACB
BHC:ACB
BHD:ACB
BHE:ACB
BHF:ACB
BHG:ACB
BHH:ACB
BHI:ACB
BHJ:ACB
BI:ACB
BIA:ACB
BIB:ACB
BIC:ACB
BID:ACB
BIE:ACB
BIF:ACB
BIG:ACB
BIH:ACB
BII:ACB
BIJ:ACB
BJ:ACB
BJA:ACB
BJB:ACB
BJC:ACB
BJD:ACB
BJE:ACB
BJF:ACB
BJG:ACB
BJH:ACB
BJI:ACB
BJJ:ACB
C:ACB
CA:ACB
CAA:ACB
CAB:ACB
CAC:ACB
CAD:ACB
CAE:ACB
CAF:ACB
CAG:ACB
CAH:ACB
CAI:ACB
CAJ:ACB
CB:ACB
CBA:ACB
CBB:ACB
CBC:ACB
CBD:ACB
CBE:ACB
CBF:ACB
CBG:ACB
CBH:ACB
CBI:ACB
CBJ:ACB
CC:ACB
CCA:ACB
CCB:ACB
CCC:ACB
CCD:ACB
CCE:ACB
CCF:ACB
CCG:ACB
CCH:ACB
CCI:ACB
CCJ:ACB
CD:ACB
CDA:ACB
CDB:ACB
CDC:ACB
CDD:ACB
CDE:ACB
CDF:ACB
CDG:ACB
CDH:ACB
CDI:ACB
CDJ:ACB
CE:ACB
CEA:ACB
CEB:ACB
CEC:ACB
CED:ACB
CEE:ACB
CEF:ACB
CEG:ACB
CEH:ACB
CEI:ACB
CEJ:ACB
CF:ACB
CFA:ACB
CFB:ACB
CFC:ACB
CFD:ACB
CFE:ACB
CFF:ACB
CFG:ACB
CFH:ACB
CFI:ACB
CFJ:ACB
CG:ACB
CGA:ACB
CGB:ACB
CGC:ACB
CGD:ACB
CGE:ACB
CGF:ACB
CGG:ACB
CGH:ACB
CGI:ACB
CGJ:ACB
CH:ACB
CHA:ACB
CHB:ACB
CHC:ACB
CHD:ACB
CHE:ACB
CHF:ACB
CHG:ACB
CHH:ACB
CHI:ACB
CHJ:ACB
CI:ACB
CIA:ACB
CIB:ACB
CIC:ACB
CID:ACB
CIE:ACB
CIF:ACB
CIG:ACB
CIH:ACB
CII:ACB
CIJ:ACB
CJ:ACB
CJA:ACB
CJB:ACB
CJC:ACB
CJD:ACB
CJE:ACB
CJF:ACB
CJG:ACB
CJH:ACB
CJI:ACB
CJJ:ACB
D:ACB
DA:ACB
DAA:ACB
DAB:ACB
DAC:ACB
DAD:ACB
DAE:ACB
DAF:ACB
DAG:ACB
DAH:ACB
DAI:ACB
DAJ:ACB
DB:ACB
DBA:ACB
DBB:ACB
DBC:ACB
DBD:ACB
DBE:ACB
DBF:ACB
DBG:ACB
DBH:ACB
DBI:ACB
DBJ:ACB
DC:ACB
DCA:ACB
DCB:ACB
DCC:ACB
DCD:ACB
DCE:ACB
DCF:ACB
DCG:ACB
DCH:ACB
DCI:ACB
DCJ:ACB
DD:ACB
DDA:ACB
DDB:ACB
DDC:ACB
DDD:ACB
DDE:ACB
DDF:ACB
DDG:ACB
DDH:ACB
DDI:ACB
DDJ:ACB
DE:ACB
DEA:ACB
DEB:ACB
DEC:ACB
DED:ACB
DEE:ACB
DEF:ACB
DEG:ACB
DEH:ACB
DEI:ACB
DEJ:ACB
DF:ACB
DFA:ACB
DFB:ACB
DFC:ACB
DFD:ACB
DFE:ACB
DFF:ACB
DFG:ACB
DFH:ACB
DFI:ACB
DFJ:ACB
DG:ACB
DGA:ACB
DGB:ACB
DGC:ACB
DGD:ACB
DGE:ACB
DGF:ACB
DGG:ACB
DGH:ACB
DGI:ACB
DGJ:ACB
DH:ACB
DHA:ACB
DHB:ACB
DHC:ACB
DHD:ACB
DHE:ACB
DHF:ACB
DHG:ACB
DHH:ACB
DHI:ACB
DHJ:ACB
DI:ACB
DIA:ACB
DIB:ACB
DIC:ACB
DID:ACB
DIE:ACB
DIF:ACB
DIG:ACB
DIH:ACB
DII:ACB
DIJ:ACB
DJ:ACB
DJA:ACB
DJB:ACB
DJC:ACB
DJD:ACB
DJE:ACB
DJF:ACB
DJG:ACB
DJH:ACB
DJI:ACB
DJJ:ACB
E:ACB
EA:ACB
EAA:ACB
EAB:ACB
EAC:ACB
EAD:ACB
EAE:ACB
EAF:ACB
EAG:ACB
EAH:ACB
EAI:ACB
EAJ:ACB
EB:ACB
EBA:ACB
EBB:ACB
EBC:ACB
EBD:ACB
EBE:ACB
EBF:ACB
EBG:ACB
EBH:ACB
EBI:ACB
EBJ:ACB
EC:ACB
ECA:ACB
ECB:ACB
ECC:ACB
ECD:ACB
ECE:ACB
ECF:ACB
ECG:ACB
ECH:ACB
ECI:ACB
ECJ:ACB
ED:ACB
EDA:ACB
EDB:ACB
EDC:ACB
EDD:ACB
EDE:ACB
EDF:ACB
EDG:ACB
EDH:ACB
EDI:ACB
EDJ:ACB
EE:ACB
EEA:ACB
EEB:ACB
EEC:ACB
EED:ACB
EEE:ACB
EEF:ACB
EEG:ACB
EEH:ACB
EEI:ACB
EEJ:ACB
EF:ACB
EFA:ACB
EFB:ACB
EFC:ACB
EFD:ACB
EFE:ACB
EFF:ACB
EFG:ACB
EFH:ACB
EFI:ACB
EFJ:ACB
EG:ACB
EGA:ACB
EGB:ACB
EGC:ACB
EGD:ACB
EGE:ACB
EGF:ACB
EGG:ACB
EGH:ACB
EGI:ACB
EGJ:ACB
EH:ACB
EHA:ACB
EHB:ACB
EHC:ACB
EHD:ACB
EHE:ACB
EHF:ACB
EHG:ACB
EHH:ACB
EHI:ACB
EHJ:ACB
EI:ACB
EIA:ACB
EIB:ACB
EIC:ACB
EID:ACB
EIE:ACB
EIF:ACB
EIG:ACB
EIH:ACB
EII:ACB
EIJ:ACB
EJ:ACB
EJA:ACB
EJB:ACB
EJC:ACB
EJD:ACB
EJE:ACB
EJF:ACB
EJG:ACB
EJH:ACB
EJI:ACB
EJJ:ACB
F:ACB
FA:ACB
FAA:ACB
FAB:ACB
FAC:ACB
FAD:ACB
FAE:ACB
FAF:ACB
FAG:ACB
FAH:ACB
FAI:ACB
FAJ:ACB
FB:ACB
FBA:ACB
FBB:ACB
FBC:ACB
FBD:ACB
FBE:ACB
FBF:ACB
FBG:ACB
FBH:ACB
FBI:ACB
FBJ:ACB
FC:ACB
FCA:ACB
FCB:ACB
FCC:ACB
FCD:ACB
FCE:ACB
FCF:ACB
FCG:ACB
FCH:ACB
FCI:ACB
FCJ:ACB
FD:ACB
FDA:ACB
FDB:ACB
FDC:ACB
FDD:ACB
FDE:ACB
FDF:ACB
FDG:ACB
FDH:ACB
FDI:ACB
FDJ:ACB
FE:ACB
FEA:ACB
FEB:ACB
FEC:ACB
FED:ACB
FEE:ACB
FEF:ACB
FEG:ACB
FEH:ACB
FEI:ACB
FEJ:ACB
FF:ACB
FFA:ACB
FFB:ACB
FFC:ACB
FFD:ACB
FFE:ACB
FFF:ACB
FFG:ACB
FFH:ACB
FFI:ACB
FFJ:ACB
FG:ACB
FGA:ACB
FGB:ACB
FGC:ACB
FGD:ACB
FGE:ACB
FGF:ACB
FGG:ACB
FGH:ACB
FGI:ACB
FGJ:ACB
FH:ACB
FHA:ACB
FHB:ACB
FHC:ACB
FHD:ACB
FHE:ACB
FHF:ACB
FHG:ACB
FHH:ACB
FHI:ACB
FHJ:ACB
FI:ACB
FIA:ACB
FIB:ACB
FIC:ACB
FID:ACB
FIE:ACB
FIF:ACB
FIG:ACB
FIH:ACB
FII:ACB
FIJ:ACB
FJ:ACB
FJA:ACB
FJB:ACB
FJC:ACB
FJD:ACB
FJE:ACB
FJF:ACB
FJG:ACB
FJH:ACB
FJI:ACB
FJJ:ACB
G:ACB
GA:ACB
GB:ACB
GC:ACB
GD:ACB
GE:ACB
GF:ACB
GG:ACB
GH:ACB
GI:ACB
GJ:ACB
H:ACB
HA:ACB
HB:ACB
HC:ACB
HD:ACB
HE:ACB
HF:ACB
HG:ACB
HH:ACB
HI:ACB
HJ:ACB
I:ACB
IA:ACB
IB:ACB
IC:ACB
ID:ACB
IE:ACB
IF:ACB
IG:ACB
IH:ACB
II:ACB
IJ:ACB
J:ACB
JA:ACB
JB:ACB
JC:ACB
JD:ACB
JE:ACB
JF:ACB
JG:ACB
JH:ACB
JI:ACB
JJ:ACB
-----
A:ACB
AA:ACB
B:ACB
BA:ACB
BAA:ACB
BAB:ACB
BAC:ACB
BAD:ACB
BAE:ACB
BAF:ACB
BAG:ACB
BAH:ACB
BAI:ACB
BAJ:ACB
BB:ACB
BBA:ACB
BBB:ACB
BBC:ACB
BBD:ACB
BBE:ACB
BBF:ACB
BBG:ACB
BBH:ACB
BBI:ACB
BBJ:ACB
BC:ACB
BCA:ACB
BCB:ACB
BCC:ACB
BCD:ACB
BCE:ACB
BCF:ACB
BCG:ACB
BCH:ACB
BCI:ACB
BCJ:ACB
BD:ACB
BDA:ACB
BDB:ACB
BDC:ACB
BDD:ACB
BDE:ACB
BDF:ACB
BDG:ACB
BDH:ACB
BDI:ACB
BDJ:ACB
BE:ACB
BEA:ACB
BEB:ACB
BEC:ACB
BED:ACB
BEE:ACB
BEF:ACB
BEG:ACB
BEH:ACB
BEI:ACB
BEJ:ACB
BF:ACB
BFA:ACB
BFB:ACB
BFC:ACB
BFD:ACB
BFE:ACB
BFF:ACB
BFG:ACB
BFH:ACB
BFI:ACB
BFJ:ACB
BG:ACB
BGA:ACB
BGB:ACB
BGC:ACB
BGD:ACB
BGE:ACB
BGF:ACB
BGG:ACB
BGH:ACB
BGI:ACB
BGJ:ACB
BH:ACB
BHA:ACB
BHB:ACB
BHC:ACB
BHD:ACB
BHE:ACB
BHF:ACB
BHG:ACB
BHH:ACB
BHI:ACB
BHJ:ACB
BI:ACB
BIA:ACB
BIB:ACB
BIC:ACB
BID:ACB
BIE:ACB
BIF:ACB
BIG:ACB
BIH:ACB
BII:ACB
BIJ:ACB
BJ:ACB
BJA:ACB
BJB:ACB
BJC:ACB
BJD:ACB
BJE:ACB
BJF:ACB
BJG:ACB
BJH:ACB
BJI:ACB
BJJ:ACB
C:ACB
CA:ACB
CAA:ACB
CAB:ACB
CAC:ACB
CAD:ACB
CAE:ACB
CAF:ACB
CAG:ACB
CAH:ACB
CAI:ACB
CAJ:ACB
CB:ACB
CBA:ACB
CBB:ACB
CBC:ACB
CBD:ACB
CBE:ACB
CBF:ACB
CBG:ACB
CBH:ACB
CBI:ACB
CBJ:ACB
CC:ACB
CCA:ACB
CCB:ACB
CCC:ACB
CCD:ACB
CCE:ACB
CCF:ACB
CCG:ACB
CCH:ACB
CCI:ACB
CCJ:ACB
CD:ACB
CDA:ACB
CDB:ACB
CDC:ACB
CDD:ACB
CDE:ACB
CDF:ACB
CDG:ACB
CDH:ACB
CDI:ACB
CDJ:ACB
CE:ACB
CEA:ACB
CEB:ACB
CEC:ACB
CED:ACB
CEE:ACB
CEF:ACB
CEG:ACB
CEH:ACB
CEI:ACB
CEJ:ACB
CF:ACB
CFA:ACB
CFB:ACB
CFC:ACB
CFD:ACB
CFE:ACB
CFF:ACB
CFG:ACB
CFH:ACB
CFI:ACB
CFJ:ACB
CG:ACB
CGA:ACB
CGB:ACB
CGC:ACB
CGD:ACB
CGE:ACB
CGF:ACB
CGG:ACB
CGH:ACB
CGI:ACB
CGJ:ACB
CH:ACB
CHA:ACB
CHB:ACB
CHC:ACB
CHD:ACB
CHE:ACB
CHF:ACB
CHG:ACB
CHH:ACB
CHI:ACB
CHJ:ACB
CI:ACB
CIA:ACB
CIB:ACB
CIC:ACB
CID:ACB
CIE:ACB
CIF:ACB
CIG:ACB
CIH:ACB
CII:ACB
CIJ:ACB
CJ:ACB
CJA:ACB
CJB:ACB
CJC:ACB
CJD:ACB
CJE:ACB
CJF:ACB
CJG:ACB
CJH:ACB
CJI:ACB
CJJ:ACB
D:ACB
DA:ACB
DAA:ACB
DAB:ACB
DAC:ACB
DAD:ACB
DAE:ACB
DAF:ACB
DAG:ACB
DAH:ACB
DAI:ACB
DAJ:ACB
DB:ACB
DBA:ACB
DBB:ACB
DBC:ACB
DBD:ACB
DBE:ACB
DBF:ACB
DBG:ACB
DBH:ACB
DBI:ACB
DBJ:ACB
DC:ACB
DCA:ACB
DCB:ACB
DCC:ACB
DCD:ACB
DCE:ACB
DCF:ACB
DCG:ACB
DCH:ACB
DCI:ACB
DCJ:ACB
DD:ACB
DDA:ACB
DDB:ACB
DDC:ACB
DDD:ACB
DDE:ACB
DDF:ACB
DDG:ACB
DDH:ACB
DDI:ACB
DDJ:ACB
DE:ACB
DEA:ACB
DEB:ACB
DEC:ACB
DED:ACB
DEE:ACB
DEF:ACB
DEG:ACB
DEH:ACB
DEI:ACB
DEJ:ACB
DF:ACB
DFA:ACB
DFB:ACB
DFC:ACB
DFD:ACB
DFE:ACB
DFF:ACB
DFG:ACB
DFH:ACB
DFI:ACB
DFJ:ACB
DG:ACB
DGA:ACB
DGB:ACB
DGC:ACB
DGD:ACB
DGE:ACB
DGF:ACB
DGG:ACB
DGH:ACB
DGI:ACB
DGJ:ACB
DH:ACB
DHA:ACB
DHB:ACB
DHC:ACB
DHD:ACB
DHE:ACB
DHF:ACB
DHG:ACB
DHH:ACB
DHI:ACB
DHJ:ACB
DI:ACB
DIA:ACB
DIB:ACB
DIC:ACB
DID:ACB
DIE:ACB
DIF:ACB
DIG:ACB
DIH:ACB
DII:ACB
DIJ:ACB
DJ:ACB
DJA:ACB
DJB:ACB
DJC:ACB
DJD:ACB
DJE:ACB
DJF:ACB
DJG:ACB
DJH:ACB
DJI:ACB
DJJ:ACB
E:ACB
EA:ACB
EAA:ACB
EAB:ACB
EAC:ACB
EAD:ACB
EAE:ACB
EAF:ACB
EAG:ACB
EAH:ACB
EAI:ACB
EAJ:ACB
EB:ACB
EBA:ACB
EBB:ACB
EBC:ACB
EBD:ACB
EBE:ACB
EBF:ACB
EBG:ACB
EBH:ACB
EBI:ACB
EBJ:ACB
EC:ACB
ECA:ACB
ECB:ACB
ECC:ACB
ECD:ACB
ECE:ACB
ECF:ACB
ECG:ACB
ECH:ACB
ECI:ACB
ECJ:ACB
ED:ACB
EDA:ACB
EDB:ACB
EDC:ACB
EDD:ACB
EDE:ACB
EDF:ACB
EDG:ACB
EDH:ACB
EDI:ACB
EDJ:ACB
EE:ACB
EEA:ACB
EEB:ACB
EEC:ACB
EED:ACB
EEE:ACB
EEF:ACB
EEG:ACB
EEH:ACB
EEI:ACB
EEJ:ACB
EF:ACB
EFA:ACB
EFB:ACB
EFC:ACB
EFD:ACB
EFE:ACB
EFF:ACB
EFG:ACB
EFH:ACB
EFI:ACB
EFJ:ACB
EG:ACB
EGA:ACB
EGB:ACB
EGC:ACB
EGD:ACB
EGE:ACB
EGF:ACB
EGG:ACB
EGH:ACB
EGI:ACB
EGJ:ACB
EH:ACB
EHA:ACB
EHB:ACB
EHC:ACB
EHD:ACB
EHE:ACB
EHF:ACB
EHG:ACB
EHH:ACB
EHI:ACB
EHJ:ACB
EI:ACB
EIA:ACB
EIB:ACB
EIC:ACB
EID:ACB
EIE:ACB
EIF:ACB
EIG:ACB
EIH:ACB
EII:ACB
EIJ:ACB
EJ:ACB
EJA:ACB
EJB:ACB
EJC:ACB
EJD:ACB
EJE:ACB
EJF:ACB
EJG:ACB
EJH:ACB
EJI:ACB
EJJ:ACB
F:ACB
FA:ACB
FAA:ACB
FAB:ACB
FAC:ACB
FAD:ACB
FAE:ACB
FAF:ACB
FAG:ACB
FAH:ACB
FAI:ACB
FAJ:ACB
FB:ACB
FBA:ACB
FBB:ACB
FBC:ACB
FBD:ACB
FBE:ACB
FBF:ACB
FBG:ACB
FBH:ACB
FBI:ACB
FBJ:ACB
FC:ACB
FCA:ACB
FCB:ACB
FCC:ACB
FCD:ACB
FCE:ACB
FCF:ACB
FCG:ACB
FCH:ACB
FCI:ACB
FCJ:ACB
FD:ACB
FDA:ACB
FDB:ACB
FDC:ACB
FDD:ACB
FDE:ACB
FDF:ACB
FDG:ACB
FDH:ACB
FDI:ACB
FDJ:ACB
FE:ACB
FEA:ACB
FEB:ACB
FEC:ACB
FED:ACB
FEE:ACB
FEF:ACB
FEG:ACB
FEH:ACB
FEI:ACB
FEJ:ACB
FF:ACB
FFA:ACB
FFB:ACB
FFC:ACB
FFD:ACB
FFE:ACB
FFF:ACB
FFG:ACB
FFH:ACB
FFI:ACB
FFJ:ACB
FG:ACB
FGA:ACB
FGB:ACB
FGC:ACB
FGD:ACB
FGE:ACB
FGF:ACB
FGG:ACB
FGH:ACB
FGI:ACB
FGJ:ACB
FH:ACB
FHA:ACB
FHB:ACB
FHC:ACB
FHD:ACB
FHE:ACB
FHF:ACB
FHG:ACB
FHH:ACB
FHI:ACB
FHJ:ACB
FI:ACB
FIA:ACB
FIB:ACB
FIC:ACB
FID:ACB
FIE:ACB
FIF:ACB
FIG:ACB
FIH:ACB
FII:ACB
FIJ:ACB
FJ:ACB
FJA:ACB
FJB:ACB
FJC:ACB
FJD:ACB
FJE:ACB
FJF:ACB
FJG:ACB
FJH:ACB
FJI:ACB
FJJ:ACB
G:ACB
GA:ACB
GB:ACB
GC:ACB
GD:ACB
GE:ACB
GF:ACB
GG:ACB
GH:ACB
GI:ACB
GJ:ACB
H:ACB
HA:ACB
HB:ACB
HC:ACB
HD:ACB
HE:ACB
HF:ACB
HG:ACB
HH:ACB
HI:ACB
HJ:ACB
I:ACB
IA:ACB
IB:ACB
IC:ACB
ID:ACB
IE:ACB
IF:ACB
IG:ACB
IH:ACB
II:ACB
IJ:ACB
J:ACB
JA:ACB
JB:ACB
JC:ACB
JD:ACB
JE:ACB
JF:ACB
JG:ACB
JH:ACB
JI:ACB
JJ:ACB
-----
A:ACB
AA:ACB
B:ACB
BA:ACB
BAA:ACB
BAB:ACB
BAC:ACB
BAD:ACB
BAE:ACB
BAF:ACB
BAG:ACB
BAH:ACB
BAI:ACB
BAJ:ACB
BB:ACB
BBA:ACB
BBB:ACB
BBC:ACB
BBD:ACB
BBE:ACB
BBF:ACB
BBG:ACB
BBH:ACB
BBI:ACB
BBJ:ACB
BC:ACB
BCA:ACB
BCB:ACB
BCC:ACB
BCD:ACB
BCE:ACB
BCF:ACB
BCG:ACB
BCH:ACB
BCI:ACB
BCJ:ACB
BD:ACB
BDA:ACB
BDB:ACB
BDC:ACB
BDD:ACB
BDE:ACB
BDF:ACB
BDG:ACB
BDH:ACB
BDI:ACB
BDJ:ACB
BE:ACB
BEA:ACB
BEB:ACB
BEC:ACB
BED:ACB
BEE:ACB
BEF:ACB
BEG:ACB
BEH:ACB
BEI:ACB
BEJ:ACB
BF:ACB
BFA:ACB
BFB:ACB
BFC:ACB
BFD:ACB
BFE:ACB
BFF:ACB
BFG:ACB
BFH:ACB
BFI:ACB
BFJ:ACB
BG:ACB
BGA:ACB
BGB:ACB
BGC:ACB
BGD:ACB
BGE:ACB
BGF:ACB
BGG:ACB
BGH:ACB
BGI:ACB
BGJ:ACB
BH:ACB
BHA:ACB
BHB:ACB
BHC:ACB
BHD:ACB
BHE:ACB
BHF:ACB
BHG:ACB
BHH:ACB
BHI:ACB
BHJ:ACB
BI:ACB
BIA:ACB
BIB:ACB
BIC:ACB
BID:ACB
BIE:ACB
BIF:ACB
BIG:ACB
BIH:ACB
BII:ACB
BIJ:ACB
BJ:ACB
BJA:ACB
BJB:ACB
BJC:ACB
BJD:ACB
BJE:ACB
BJF:ACB
BJG:ACB
BJH:ACB
BJI:ACB
BJJ:ACB
C:ACB
CA:ACB
CAA:ACB
CAB:ACB
CAC:ACB
CAD:ACB
CAE:ACB
CAF:ACB
CAG:ACB
CAH:ACB
CAI:ACB
CAJ:ACB
CB:ACB
CBA:ACB
CBB:ACB
CBC:ACB
CBD:ACB
CBE:ACB
CBF:ACB
CBG:ACB
CBH:ACB
CBI:ACB
CBJ:ACB
CC:ACB
CCA:ACB
CCB:ACB
CCC:ACB
CCD:ACB
CCE:ACB
CCF:ACB
CCG:ACB
CCH:ACB
CCI:ACB
CCJ:ACB
CD:ACB
CDA:ACB
CDB:ACB
CDC:ACB
CDD:ACB
CDE:ACB
CDF:ACB
CDG:ACB
CDH:ACB
CDI:ACB
CDJ:ACB
CE:ACB
CEA:ACB
CEB:ACB
CEC:ACB
CED:ACB
CEE:ACB
CEF:ACB
CEG:ACB
CEH:ACB
CEI:ACB
CEJ:ACB
CF:ACB
CFA:ACB
CFB:ACB
CFC:ACB
CFD:ACB
CFE:ACB
CFF:ACB
CFG:ACB
CFH:ACB
CFI:ACB
CFJ:ACB
CG:ACB
CGA:ACB
CGB:ACB
CGC:ACB
CGD:ACB
CGE:ACB
CGF:ACB
CGG:ACB
CGH:ACB
CGI:ACB
CGJ:ACB
CH:ACB
CHA:ACB
CHB:ACB
CHC:ACB
CHD:ACB
CHE:ACB
CHF:ACB
CHG:ACB
CHH:ACB
CHI:ACB
CHJ:ACB
CI:ACB
CIA:ACB
CIB:ACB
CIC:ACB
CID:ACB
CIE:ACB
CIF:ACB
CIG:ACB
CIH:ACB
CII:ACB
CIJ:ACB
CJ:ACB
CJA:ACB
CJB:ACB
CJC:ACB
CJD:ACB
CJE:ACB
CJF:ACB
CJG:ACB
CJH:ACB
CJI:ACB
CJJ:ACB
D:ACB
DA:ACB
DAA:ACB
DAB:ACB
DAC:ACB
DAD:ACB
DAE:ACB
DAF:ACB
DAG:ACB
DAH:ACB
DAI:ACB
DAJ:ACB
DB:ACB
DBA:ACB
DBB:ACB
DBC:ACB
DBD:ACB
DBE:ACB
DBF:ACB
DBG:ACB
DBH:ACB
DBI:ACB
DBJ:ACB
DC:ACB
DCA:ACB
DCB:ACB
DCC:ACB
DCD:ACB
DCE:ACB
DCF:ACB
DCG:ACB
DCH:ACB
DCI:ACB
DCJ:ACB
DD:ACB
DDA:ACB
DDB:ACB
DDC:ACB
DDD:ACB
DDE:ACB
DDF:ACB
DDG:ACB
DDH:ACB
DDI:ACB
DDJ:ACB
DE:ACB
DEA:ACB
DEB:ACB
DEC:ACB
DED:ACB
DEE:ACB
DEF:ACB
DEG:ACB
DEH:ACB
DEI:ACB
DEJ:ACB
DF:ACB
DFA:ACB
DFB:ACB
DFC:ACB
DFD:ACB
DFE:ACB
DFF:ACB
DFG:ACB
DFH:ACB
DFI:ACB
DFJ:ACB
DG:ACB
DGA:ACB
DGB:ACB
DGC:ACB
DGD:ACB
DGE:ACB
DGF:ACB
DGG:ACB
DGH:ACB
DGI:ACB
DGJ:ACB
DH:ACB
DHA:ACB
DHB:ACB
DHC:ACB
DHD:ACB
DHE:ACB
DHF:ACB
DHG:ACB
DHH:ACB
DHI:ACB
DHJ:ACB
DI:ACB
DIA:ACB
DIB:ACB
DIC:ACB
DID:ACB
DIE:ACB
DIF:ACB
DIG:ACB
DIH:ACB
DII:ACB
DIJ:ACB
DJ:ACB
DJA:ACB
DJB:ACB
DJC:ACB
DJD:ACB
DJE:ACB
DJF:ACB
DJG:ACB
DJH:ACB
DJI:ACB
DJJ:ACB
E:ACB
EA:ACB
EAA:ACB
EAB:ACB
EAC:ACB
EAD:ACB
EAE:ACB
EAF:ACB
EAG:ACB
EAH:ACB
EAI:ACB
EAJ:ACB
EB:ACB
EBA:ACB
EBB:ACB
EBC:ACB
EBD:ACB
EBE:ACB
EBF:ACB
EBG:ACB
EBH:ACB
EBI:ACB
EBJ:ACB
EC:ACB
ECA:ACB
ECB:ACB
ECC:ACB
ECD:ACB
ECE:ACB
ECF:ACB
ECG:ACB
ECH:ACB
ECI:ACB
ECJ:ACB
ED:ACB
EDA:ACB
EDB:ACB
EDC:ACB
EDD:ACB
EDE:ACB
EDF:ACB
EDG:ACB
EDH:ACB
EDI:ACB
EDJ:ACB
EE:ACB
EEA:ACB
EEB:ACB
EEC:ACB
EED:ACB
EEE:ACB
EEF:ACB
EEG:ACB
EEH:ACB
EEI:ACB
EEJ:ACB
EF:ACB
EFA:ACB
EFB:ACB
EFC:ACB
EFD:ACB
EFE:ACB
EFF:ACB
EFG:ACB
EFH:ACB
EFI:ACB
EFJ:ACB
EG:ACB
EGA:ACB
EGB:ACB
EGC:ACB
EGD:ACB
EGE:ACB
EGF:ACB
EGG:ACB
EGH:ACB
EGI:ACB
EGJ:ACB
EH:ACB
EHA:ACB
EHB:ACB
EHC:ACB
EHD:ACB
EHE:ACB
EHF:ACB
EHG:ACB
EHH:ACB
EHI:ACB
EHJ:ACB
EI:ACB
EIA:ACB
EIB:ACB
EIC:ACB
EID:ACB
EIE:ACB
EIF:ACB
EIG:ACB
EIH:ACB
EII:ACB
EIJ:ACB
EJ:ACB
EJA:ACB
EJB:ACB
EJC:ACB
EJD:ACB
EJE:ACB
EJF:ACB
EJG:ACB
EJH:ACB
EJI:ACB
EJJ:ACB
F:ACB
FA:ACB
FAA:ACB
FAB:ACB
FAC:ACB
FAD:ACB
FAE:ACB
FAF:ACB
FAG:ACB
FAH:ACB
FAI:ACB
FAJ:ACB
FB:ACB
FBA:ACB
FBB:ACB
FBC:ACB
FBD:ACB
FBE:ACB
FBF:ACB
FBG:ACB
FBH:ACB
FBI:ACB
FBJ:ACB
FC:ACB
FCA:ACB
FCB:ACB
FCC:ACB
FCD:ACB
FCE:ACB
FCF:ACB
FCG:ACB
FCH:ACB
FCI:ACB
FCJ:ACB
FD:ACB
FDA:ACB
FDB:ACB
FDC:ACB
FDD:ACB
FDE:ACB
FDF:ACB
FDG:ACB
FDH:ACB
FDI:ACB
FDJ:ACB
FE:ACB
FEA:ACB
FEB:ACB
FEC:ACB
FED:ACB
FEE:ACB
FEF:ACB
FEG:ACB
FEH:ACB
FEI:ACB
FEJ:ACB
FF:ACB
FFA:ACB
FFB:ACB
FFC:ACB
FFD:ACB
FFE:ACB
FFF:ACB
FFG:ACB
FFH:ACB
FFI:ACB
FFJ:ACB
FG:ACB
FGA:ACB
FGB:ACB
FGC:ACB
FGD:ACB
FGE:ACB
FGF:ACB
FGG:ACB
FGH:ACB
FGI:ACB
FGJ:ACB
FH:ACB
FHA:ACB
FHB:ACB
FHC:ACB
FHD:ACB
FHE:ACB
FHF:ACB
FHG:ACB
FHH:ACB
FHI:ACB
FHJ:ACB
FI:ACB
FIA:ACB
FIB:ACB
FIC:ACB
FID:ACB
FIE:ACB
FIF:ACB
FIG:ACB
FIH:ACB
FII:ACB
FIJ:ACB
FJ:ACB
FJA:ACB
FJB:ACB
FJC:ACB
FJD:ACB
FJE:ACB
FJF:ACB
FJG:ACB
FJH:ACB
FJI:ACB
FJJ:ACB
G:ACB
GA:ACB
GB:ACB
GC:ACB
GD:ACB
GE:ACB
GF:ACB
GG:ACB
GH:ACB
GI:ACB
GJ:ACB
H:ACB
HA:ACB
HB:ACB
HC:ACB
HD:ACB
HE:ACB
HF:ACB
HG:ACB
HH:ACB
HI:ACB
HJ:ACB
I:ACB
IA:ACB
IB:ACB
IC:ACB
ID:ACB
IE:ACB
IF:ACB
IG:ACB
IH:ACB
II:ACB
IJ:ACB
J:ACB
JA:ACB
JB:ACB
JC:ACB
JD:ACB
JE:ACB
JF:ACB
JG:ACB
JH:ACB
JI:ACB
JJ:ACB
-----
A:ACB
AA:ACB
B:ACB
BA:ACB
BAA:ACB
BAB:ACB
BAC:ACB
BAD:ACB
BAE:ACB
BAF:ACB
BAG:ACB
BAH:ACB
BAI:ACB
BAJ:ACB
BB:ACB
BBA:ACB
BBB:ACB
BBC:ACB
BBD:ACB
BBE:ACB
BBF:ACB
BBG:ACB
BBH:ACB
BBI:ACB
BBJ:ACB
BC:ACB
BCA:ACB
BCB:ACB
BCC:ACB
BCD:ACB
BCE:ACB
BCF:ACB
BCG:ACB
BCH:ACB
BCI:ACB
BCJ:ACB
BD:ACB
BDA:ACB
BDB:ACB
BDC:ACB
BDD:ACB
BDE:ACB
BDF:ACB
BDG:ACB
BDH:ACB
BDI:ACB
BDJ:ACB
BE:ACB
BEA:ACB
BEB:ACB
BEC:ACB
BED:ACB
BEE:ACB
BEF:ACB
BEG:ACB
BEH:ACB
BEI:ACB
BEJ:ACB
BF:ACB
BFA:ACB
BFB:ACB
BFC:ACB
BFD:ACB
BFE:ACB
BFF:ACB
BFG:ACB
BFH:ACB
BFI:ACB
BFJ:ACB
BG:ACB
BGA:ACB
BGB:ACB
BGC:ACB
BGD:ACB
BGE:ACB
BGF:ACB
BGG:ACB
BGH:ACB
BGI:ACB
BGJ:ACB
BH:ACB
BHA:ACB
BHB:ACB
BHC:ACB
BHD:ACB
BHE:ACB
BHF:ACB
BHG:ACB
BHH:ACB
BHI:ACB
BHJ:ACB
BI:ACB
BIA:ACB
BIB:ACB
BIC:ACB
BID:ACB
BIE:ACB
BIF:ACB
BIG:ACB
BIH:ACB
BII:ACB
BIJ:ACB
BJ:ACB
BJA:ACB
BJB:ACB
BJC:ACB
BJD:ACB
BJE:ACB
BJF:ACB
BJG:ACB
BJH:ACB
BJI:ACB
BJJ:ACB
C:ACB
CA:ACB
CAA:ACB
CAB:ACB
CAC:ACB
CAD:ACB
CAE:ACB
CAF:ACB
CAG:ACB
CAH:ACB
CAI:ACB
CAJ:ACB
CB:ACB
CBA:ACB
CBB:ACB
CBC:ACB
CBD:ACB
CBE:ACB
CBF:ACB
CBG:ACB
CBH:ACB
CBI:ACB
CBJ:ACB
CC:ACB
CCA:ACB
CCB:ACB
CCC:ACB
CCD:ACB
CCE:ACB
CCF:ACB
CCG:ACB
CCH:ACB
CCI:ACB
CCJ:ACB
CD:ACB
CDA:ACB
CDB:ACB
CDC:ACB
CDD:ACB
CDE:ACB
CDF:ACB
CDG:ACB
CDH:ACB
CDI:ACB
CDJ:ACB
CE:ACB
CEA:ACB
CEB:ACB
CEC:ACB
CED:ACB
CEE:ACB
CEF:ACB
CEG:ACB
CEH:ACB
CEI:ACB
CEJ:ACB
CF:ACB
CFA:ACB
CFB:ACB
CFC:ACB
CFD:ACB
CFE:ACB
CFF:ACB
CFG:ACB
CFH:ACB
CFI:ACB
CFJ:ACB
CG:ACB
CGA:ACB
CGB:ACB
CGC:ACB
CGD:ACB
CGE:ACB
CGF:ACB
CGG:ACB
CGH:ACB
CGI:ACB
CGJ:ACB
CH:ACB
CHA:ACB
CHB:ACB
CHC:ACB
CHD:ACB
CHE:ACB
CHF:ACB
CHG:ACB
CHH:ACB
CHI:ACB
CHJ:ACB
CI:ACB
CIA:ACB
CIB:ACB
CIC:ACB
CID:ACB
CIE:ACB
CIF:ACB
CIG:ACB
CIH:ACB
CII:ACB
CIJ:ACB
CJ:ACB
CJA:ACB
CJB:ACB
CJC:ACB
CJD:ACB
CJE:ACB
CJF:ACB
CJG:ACB
CJH:ACB
CJI:ACB
CJJ:ACB
D:ACB
DA:ACB
DAA:ACB
DAB:ACB
DAC:ACB
DAD:ACB
DAE:ACB
DAF:ACB
DAG:ACB
DAH:ACB
DAI:ACB
DAJ:ACB
DB:ACB
DBA:ACB
DBB:ACB
DBC:ACB
DBD:ACB
DBE:ACB
DBF:ACB
DBG:ACB
DBH:ACB
DBI:ACB
DBJ:ACB
DC:ACB
DCA:ACB
DCB:ACB
DCC:ACB
DCD:ACB
DCE:ACB
DCF:ACB
DCG:ACB
DCH:ACB
DCI:ACB
DCJ:ACB
DD:ACB
DDA:ACB
DDB:ACB
DDC:ACB
DDD:ACB
DDE:ACB
DDF:ACB
DDG:ACB
DDH:ACB
DDI:ACB
DDJ:ACB
DE:ACB
DEA:ACB
DEB:ACB
DEC:ACB
DED:ACB
DEE:ACB
DEF:ACB
DEG:ACB
DEH:ACB
DEI:ACB
DEJ:ACB
DF:ACB
DFA:ACB
DFB:ACB
DFC:ACB
DFD:ACB
DFE:ACB
DFF:ACB
DFG:ACB
DFH:ACB
DFI:ACB
DFJ:ACB
DG:ACB
DGA:ACB
DGB:ACB
DGC:ACB
DGD:ACB
DGE:ACB
DGF:ACB
DGG:ACB
DGH:ACB
DGI:ACB
DGJ:ACB
DH:ACB
DHA:ACB
DHB:ACB
DHC:ACB
DHD:ACB
DHE:ACB
DHF:ACB
DHG:ACB
DHH:ACB
DHI:ACB
DHJ:ACB
DI:ACB
DIA:ACB
DIB:ACB
DIC:ACB
DID:ACB
DIE:ACB
DIF:ACB
DIG:ACB
DIH:ACB
DII:ACB
DIJ:ACB
DJ:ACB
DJA:ACB
DJB:ACB
DJC:ACB
DJD:ACB
DJE:ACB
DJF:ACB
DJG:ACB
DJH:ACB
DJI:ACB
DJJ:ACB
E:ACB
EA:ACB
EAA:ACB
EAB:ACB
EAC:ACB
EAD:ACB
EAE:ACB
EAF:ACB
EAG:ACB
EAH:ACB
EAI:ACB
EAJ:ACB
EB:ACB
EBA:ACB
EBB:ACB
EBC:ACB
EBD:ACB
EBE:ACB
EBF:ACB
EBG:ACB
EBH:ACB
EBI:ACB
EBJ:ACB
EC:ACB
ECA:ACB
ECB:ACB
ECC:ACB
ECD:ACB
ECE:ACB
ECF:ACB
ECG:ACB
ECH:ACB
ECI:ACB
ECJ:ACB
ED:ACB
EDA:ACB
EDB:ACB
EDC:ACB
EDD:ACB
EDE:ACB
EDF:ACB
EDG:ACB
EDH:ACB
EDI:ACB
EDJ:ACB
EE:ACB
EEA:ACB
EEB:ACB
EEC:ACB
EED:ACB
EEE:ACB
EEF:ACB
EEG:ACB
EEH:ACB
EEI:ACB
EEJ:ACB
EF:ACB
EFA:ACB
EFB:ACB
EFC:ACB
EFD:ACB
EFE:ACB
EFF:ACB
EFG:ACB
EFH:ACB
EFI:ACB
EFJ:ACB
EG:ACB
EGA:ACB
EGB:ACB
EGC:ACB
EGD:ACB
EGE:ACB
EGF:ACB
EGG:ACB
EGH:ACB
EGI:ACB
EGJ:ACB
EH:ACB
EHA:ACB
EHB:ACB
EHC:ACB
EHD:ACB
EHE:ACB
EHF:ACB
EHG:ACB
EHH:ACB
EHI:ACB
EHJ:ACB
EI:ACB
EIA:ACB
EIB:ACB
EIC:ACB
EID:ACB
EIE:ACB
EIF:ACB
EIG:ACB
EIH:ACB
EII:ACB
EIJ:ACB
EJ:ACB
EJA:ACB
EJB:ACB
EJC:ACB
EJD:ACB
EJE:ACB
EJF:ACB
EJG:ACB
EJH:ACB
EJI:ACB
EJJ:ACB
F:ACB
FA:ACB
FAA:ACB
FAB:ACB
FAC:ACB
FAD:ACB
FAE:ACB
FAF:ACB
FAG:ACB
FAH:ACB
FAI:ACB
FAJ:ACB
FB:ACB
FBA:ACB
FBB:ACB
FBC:ACB
FBD:ACB
FBE:ACB
FBF:ACB
FBG:ACB
FBH:ACB
FBI:ACB
FBJ:ACB
FC:ACB
FCA:ACB
FCB:ACB
FCC:ACB
FCD:ACB
FCE:ACB
FCF:ACB
FCG:ACB
FCH:ACB
FCI:ACB
FCJ:ACB
FD:ACB
FDA:ACB
FDB:ACB
FDC:ACB
FDD:ACB
FDE:ACB
FDF:ACB
FDG:ACB
FDH:ACB
FDI:ACB
FDJ:ACB
FE:ACB
FEA:ACB
FEB:ACB
FEC:ACB
FED:ACB
FEE:ACB
FEF:ACB
FEG:ACB
FEH:ACB
FEI:ACB
FEJ:ACB
FF:ACB
FFA:ACB
FFB:ACB
FFC:ACB
FFD:ACB
FFE:ACB
FFF:ACB
FFG:ACB
FFH:ACB
FFI:ACB
FFJ:ACB
FG:ACB
FGA:ACB
FGB:ACB
FGC:ACB
FGD:ACB
FGE:ACB
FGF:ACB
FGG:ACB
FGH:ACB
FGI:ACB
FGJ:ACB
FH:ACB
FHA:ACB
FHB:ACB
FHC:ACB
FHD:ACB
FHE:ACB
FHF:ACB
FHG:ACB
FHH:ACB
FHI:ACB
FHJ:ACB
FI:ACB
FIA:ACB
FIB:ACB
FIC:ACB
FID:ACB
FIE:ACB
FIF:ACB
FIG:ACB
FIH:ACB
FII:ACB
FIJ:ACB
FJ:ACB
FJA:ACB
FJB:ACB
FJC:ACB
FJD:ACB
FJE:ACB
FJF:ACB
FJG:ACB
FJH:ACB
FJI:ACB
FJJ:ACB
G:ACB
GA:ACB
GB:ACB
GC:ACB
GD:ACB
GE:ACB
GF:ACB
GG:ACB
GH:ACB
GI:ACB
GJ:ACB
H:ACB
HA:ACB
HB:ACB
HC:ACB
HD:ACB
HE:ACB
HF:ACB
HG:ACB
HH:ACB
HI:ACB
HJ:ACB
I:ACB
IA:ACB
IB:ACB
IC:ACB
ID:ACB
IE:ACB
IF:ACB
IG:ACB
IH:ACB
II:ACB
IJ:ACB
J:ACB
JA:ACB
JB:ACB
JC:ACB
JD:ACB
JE:ACB
JF:ACB
JG:ACB
JH:ACB
JI:ACB
JJ:ACB
-----
A:ACB
AA:ACB
B:ACB
BA:ACB
BAA:ACB
BAB:ACB
BAC:ACB
BAD:ACB
BAE:ACB
BAF:ACB
BAG:ACB
BAH:ACB
BAI:ACB
BAJ:ACB
BB:ACB
BBA:ACB
BBB:ACB
BBC:ACB
BBD:ACB
BBE:ACB
BBF:ACB
BBG:ACB
BBH:ACB
BBI:ACB
BBJ:ACB
BC:ACB
BCA:ACB
BCB:ACB
BCC:ACB
BCD:ACB
BCE:ACB
BCF:ACB
BCG:ACB
BCH:ACB
BCI:ACB
BCJ:ACB
BD:ACB
BDA:ACB
BDB:ACB
BDC:ACB
BDD:ACB
BDE:ACB
BDF:ACB
BDG:ACB
BDH:ACB
BDI:ACB
BDJ:ACB
BE:ACB
BEA:ACB
BEB:ACB
BEC:ACB
BED:ACB
BEE:ACB
BEF:ACB
BEG:ACB
BEH:ACB
BEI:ACB
BEJ:ACB
BF:ACB
BFA:ACB
BFB:ACB
BFC:ACB
BFD:ACB
BFE:ACB
BFF:ACB
BFG:ACB
BFH:ACB
BFI:ACB
BFJ:ACB
BG:ACB
BGA:ACB
BGB:ACB
BGC:ACB
BGD:ACB
BGE:ACB
BGF:ACB
BGG:ACB
BGH:ACB
BGI:ACB
BGJ:ACB
BH:ACB
BHA:ACB
BHB:ACB
BHC:ACB
BHD:ACB
BHE:ACB
BHF:ACB
BHG:ACB
BHH:ACB
BHI:ACB
BHJ:ACB
BI:ACB
BIA:ACB
BIB:ACB
BIC:ACB
BID:ACB
BIE:ACB
BIF:ACB
BIG:ACB
BIH:ACB
BII:ACB
BIJ:ACB
BJ:ACB
BJA:ACB
BJB:ACB
BJC:ACB
BJD:ACB
BJE:ACB
BJF:ACB
BJG:ACB
BJH:ACB
BJI:ACB
BJJ:ACB
C:ACB
CA:ACB
CAA:ACB
CAB:ACB
CAC:ACB
CAD:ACB
CAE:ACB
CAF:ACB
CAG:ACB
CAH:ACB
CAI:ACB
CAJ:ACB
CB:ACB
CBA:ACB
CBB:ACB
CBC:ACB
CBD:ACB
CBE:ACB
CBF:ACB
CBG:ACB
CBH:ACB
CBI:ACB
CBJ:ACB
CC:ACB
CCA:ACB
CCB:ACB
CCC:ACB
CCD:ACB
CCE:ACB
CCF:ACB
CCG:ACB
CCH:ACB
CCI:ACB
CCJ:ACB
CD:ACB
CDA:ACB
CDB:ACB
CDC:ACB
CDD:ACB
CDE:ACB
CDF:ACB
CDG:ACB
CDH:ACB
CDI:ACB
CDJ:ACB
CE:ACB
CEA:ACB
CEB:ACB
CEC:ACB
CED:ACB
CEE:ACB
CEF:ACB
CEG:ACB
CEH:ACB
CEI:ACB
CEJ:ACB
CF:ACB
CFA:ACB
CFB:ACB
CFC:ACB
CFD:ACB
CFE:ACB
CFF:ACB
CFG:ACB
CFH:ACB
CFI:ACB
CFJ:ACB
CG:ACB
CGA:ACB
CGB:ACB
CGC:ACB
CGD:ACB
CGE:ACB
CGF:ACB
CGG:ACB
CGH:ACB
CGI:ACB
CGJ:ACB
CH:ACB
CHA:ACB
CHB:ACB
CHC:ACB
CHD:ACB
CHE:ACB
CHF:ACB
CHG:ACB
CHH:ACB
CHI:ACB
CHJ:ACB
CI:ACB
CIA:ACB
CIB:ACB
CIC:ACB
CID:ACB
CIE:ACB
CIF:ACB
CIG:ACB
CIH:ACB
CII:ACB
CIJ:ACB
CJ:ACB
CJA:ACB
CJB:ACB
CJC:ACB
CJD:ACB
CJE:ACB
CJF:ACB
CJG:ACB
CJH:ACB
CJI:ACB
CJJ:ACB
D:ACB
DA:ACB
DAA:ACB
DAB:ACB
DAC:ACB
DAD:ACB
DAE:ACB
DAF:ACB
DAG:ACB
DAH:ACB
DAI:ACB
DAJ:ACB
DB:ACB
DBA:ACB
DBB:ACB
DBC:ACB
DBD:ACB
DBE:ACB
DBF:ACB
DBG:ACB
DBH:ACB
DBI:ACB
DBJ:ACB
DC:ACB
DCA:ACB
DCB:ACB
DCC:ACB
DCD:ACB
DCE:ACB
DCF:ACB
DCG:ACB
DCH:ACB
DCI:ACB
DCJ:ACB
DD:ACB
DDA:ACB
DDB:ACB
DDC:ACB
DDD:ACB
DDE:ACB
DDF:ACB
DDG:ACB
DDH:ACB
DDI:ACB
DDJ:ACB
DE:ACB
DEA:ACB
DEB:ACB
DEC:ACB
DED:ACB
DEE:ACB
DEF:ACB
DEG:ACB
DEH:ACB
DEI:ACB
DEJ:ACB
DF:ACB
DFA:ACB
DFB:ACB
DFC:ACB
DFD:ACB
DFE:ACB
DFF:ACB
DFG:ACB
DFH:ACB
DFI:ACB
DFJ:ACB
DG:ACB
DGA:ACB
DGB:ACB
DGC:ACB
DGD:ACB
DGE:ACB
DGF:ACB
DGG:ACB
DGH:ACB
DGI:ACB
DGJ:ACB
DH:ACB
DHA:ACB
DHB:ACB
DHC:ACB
DHD:ACB
DHE:ACB
DHF:ACB
DHG:ACB
DHH:ACB
DHI:ACB
DHJ:ACB
DI:ACB
DIA:ACB
DIB:ACB
DIC:ACB
DID:ACB
DIE:ACB
DIF:ACB
DIG:ACB
DIH:ACB
DII:ACB
DIJ:ACB
DJ:ACB
DJA:ACB
DJB:ACB
DJC:ACB
DJD:ACB
DJE:ACB
DJF:ACB
DJG:ACB
DJH:ACB
DJI:ACB
DJJ:ACB
E:ACB
EA:ACB
EAA:ACB
EAB:ACB
EAC:ACB
EAD:ACB
EAE:ACB
EAF:ACB
EAG:ACB
EAH:ACB
EAI:ACB
EAJ:ACB
EB:ACB
EBA:ACB
EBB:ACB
EBC:ACB
EBD:ACB
EBE:ACB
EBF:ACB
EBG:ACB
EBH:ACB
EBI:ACB
EBJ:ACB
EC:ACB
ECA:ACB
ECB:ACB
ECC:ACB
ECD:ACB
ECE:ACB
ECF:ACB
ECG:ACB
ECH:ACB
ECI:ACB
ECJ:ACB
ED:ACB
EDA:ACB
EDB:ACB
EDC:ACB
EDD:ACB
EDE:ACB
EDF:ACB
EDG:ACB
EDH:ACB
EDI:ACB
EDJ:ACB
EE:ACB
EEA:ACB
EEB:ACB
EEC:ACB
EED:ACB
EEE:ACB
EEF:ACB
EEG:ACB
EEH:ACB
EEI:ACB
EEJ:ACB
EF:ACB
EFA:ACB
EFB:ACB
EFC:ACB
EFD:ACB
EFE:ACB
EFF:ACB
EFG:ACB
EFH:ACB
EFI:ACB
EFJ:ACB
EG:ACB
EGA:ACB
EGB:ACB
EGC:ACB
EGD:ACB
EGE:ACB
EGF:ACB
EGG:ACB
EGH:ACB
EGI:ACB
EGJ:ACB
EH:ACB
EHA:ACB
EHB:ACB
EHC:ACB
EHD:ACB
EHE:ACB
EHF:ACB
EHG:ACB
EHH:ACB
EHI:ACB
EHJ:ACB
EI:ACB
EIA:ACB
EIB:ACB
EIC:ACB
EID:ACB
EIE:ACB
EIF:ACB
EIG:ACB
EIH:ACB
EII:ACB
EIJ:ACB
EJ:ACB
EJA:ACB
EJB:ACB
EJC:ACB
EJD:ACB
EJE:ACB
EJF:ACB
EJG:ACB
EJH:ACB
EJI:ACB
EJJ:ACB
F:ACB
FA:ACB
FAA:ACB
FAB:ACB
FAC:ACB
FAD:ACB
FAE:ACB
FAF:ACB
FAG:ACB
FAH:ACB
FAI:ACB
FAJ:ACB
FB:ACB
FBA:ACB
FBB:ACB
FBC:ACB
FBD:ACB
FBE:ACB
FBF:ACB
FBG:ACB
FBH:ACB
FBI:ACB
FBJ:ACB
FC:ACB
FCA:ACB
FCB:ACB
FCC:ACB
FCD:ACB
FCE:ACB
FCF:ACB
FCG:ACB
FCH:ACB
FCI:ACB
FCJ:ACB
FD:ACB
FDA:ACB
FDB:ACB
FDC:ACB
FDD:ACB
FDE:ACB
FDF:ACB
FDG:ACB
FDH:ACB
FDI:ACB
FDJ:ACB
FE:ACB
FEA:ACB
FEB:ACB
FEC:ACB
FED:ACB
FEE:ACB
FEF:ACB
FEG:ACB
FEH:ACB
FEI:ACB
FEJ:ACB
FF:ACB
FFA:ACB
FFB:ACB
FFC:ACB
FFD:ACB
FFE:ACB
FFF:ACB
FFG:ACB
FFH:ACB
FFI:ACB
FFJ:ACB
FG:ACB
FGA:ACB
FGB:ACB
FGC:ACB
FGD:ACB
FGE:ACB
FGF:ACB
FGG:ACB
FGH:ACB
FGI:ACB
FGJ:ACB
FH:ACB
FHA:ACB
FHB:ACB
FHC:ACB
FHD:ACB
FHE:ACB
FHF:ACB
FHG:ACB
FHH:ACB
FHI:ACB
FHJ:ACB
FI:ACB
FIA:ACB
FIB:ACB
FIC:ACB
FID:ACB
FIE:ACB
FIF:ACB
FIG:ACB
FIH:ACB
FII:ACB
FIJ:ACB
FJ:ACB
FJA:ACB
FJB:ACB
FJC:ACB
FJD:ACB
FJE:ACB
FJF:ACB
FJG:ACB
FJH:ACB
FJI:ACB
FJJ:ACB
G:ACB
GA:ACB
GB:ACB
GC:ACB
GD:ACB
GE:ACB
GF:ACB
GG:ACB
GH:ACB
GI:ACB
GJ:ACB
H:ACB
HA:ACB
HB:ACB
HC:ACB
HD:ACB
HE:ACB
HF:ACB
HG:ACB
HH:ACB
HI:ACB
HJ:ACB
I:ACB
IA:ACB
IB:ACB
IC:ACB
ID:ACB
IE:ACB
IF:ACB
IG:ACB
IH:ACB
II:ACB
IJ:ACB
J:ACB
JA:ACB
JB:ACB
JC:ACB
JD:ACB
JE:ACB
JF:ACB
JG:ACB
JH:ACB
JI:ACB
JJ:ACB
-----
A:ACB
AA:ACB
B:ACB
BA:ACB
BAA:ACB
BAB:ACB
BAC:ACB
BAD:ACB
BAE:ACB
BAF:ACB
BAG:ACB
BAH:ACB
BAI:ACB
BAJ:ACB
BB:ACB
BBA:ACB
BBB:ACB
BBC:ACB
BBD:ACB
BBE:ACB
BBF:ACB
BBG:ACB
BBH:ACB
BBI:ACB
BBJ:ACB
BC:ACB
BCA:ACB
BCB:ACB
BCC:ACB
BCD:ACB
BCE:ACB
BCF:ACB
BCG:ACB
BCH:ACB
BCI:ACB
BCJ:ACB
BD:ACB
BDA:ACB
BDB:ACB
BDC:ACB
BDD:ACB
BDE:ACB
BDF:ACB
BDG:ACB
BDH:ACB
BDI:ACB
BDJ:ACB
BE:ACB
BEA:ACB
BEB:ACB
BEC:ACB
BED:ACB
BEE:ACB
BEF:ACB
BEG:ACB
BEH:ACB
BEI:ACB
BEJ:ACB
BF:ACB
BFA:ACB
BFB:ACB
BFC:ACB
BFD:ACB
BFE:ACB
BFF:ACB
BFG:ACB
BFH:ACB
BFI:ACB
BFJ:ACB
BG:ACB
BGA:ACB
BGB:ACB
BGC:ACB
BGD:ACB
BGE:ACB
BGF:ACB
BGG:ACB
BGH:ACB
BGI:ACB
BGJ:ACB
BH:ACB
BHA:ACB
BHB:ACB
BHC:ACB
BHD:ACB
BHE:ACB
BHF:ACB
BHG:ACB
BHH:ACB
BHI:ACB
BHJ:ACB
BI:ACB
BIA:ACB
BIB:ACB
BIC:ACB
BID:ACB
BIE:ACB
BIF:ACB
BIG:ACB
BIH:ACB
BII:ACB
BIJ:ACB
BJ:ACB
BJA:ACB
BJB:ACB
BJC:ACB
BJD:ACB
BJE:ACB
BJF:ACB
BJG:ACB
BJH:ACB
BJI:ACB
BJJ:ACB
C:ACB
CA:ACB
CAA:ACB
CAB:ACB
CAC:ACB
CAD:ACB
CAE:ACB
CAF:ACB
CAG:ACB
CAH:ACB
CAI:ACB
CAJ:ACB
CB:ACB
CBA:ACB
CBB:ACB
CBC:ACB
CBD:ACB
CBE:ACB
CBF:ACB
CBG:ACB
CBH:ACB
CBI:ACB
CBJ:ACB
CC:ACB
CCA:ACB
CCB:ACB
CCC:ACB
CCD:ACB
CCE:ACB
CCF:ACB
CCG:ACB
CCH:ACB
CCI:ACB
CCJ:ACB
CD:ACB
CDA:ACB
CDB:ACB
CDC:ACB
CDD:ACB
CDE:ACB
CDF:ACB
CDG:ACB
CDH:ACB
CDI:ACB
CDJ:ACB
CE:ACB
CEA:ACB
CEB:ACB
CEC:ACB
CED:ACB
CEE:ACB
CEF:ACB
CEG:ACB
CEH:ACB
CEI:ACB
CEJ:ACB
CF:ACB
CFA:ACB
CFB:ACB
CFC:ACB
CFD:ACB
CFE:ACB
CFF:ACB
CFG:ACB
CFH:ACB
CFI:ACB
CFJ:ACB
CG:ACB
CGA:ACB
CGB:ACB
CGC:ACB
CGD:ACB
CGE:ACB
CGF:ACB
CGG:ACB
CGH:ACB
CGI:ACB
CGJ:ACB
CH:ACB
CHA:ACB
CHB:ACB
CHC:ACB
CHD:ACB
CHE:ACB
CHF:ACB
CHG:ACB
CHH:ACB
CHI:ACB
CHJ:ACB
CI:ACB
CIA:ACB
CIB:ACB
CIC:ACB
CID:ACB
CIE:ACB
CIF:ACB
CIG:ACB
CIH:ACB
CII:ACB
CIJ:ACB
CJ:ACB
CJA:ACB
CJB:ACB
CJC:ACB
CJD:ACB
CJE:ACB
CJF:ACB
CJG:ACB
CJH:ACB
CJI:ACB
CJJ:ACB
D:ACB
DA:ACB
DAA:ACB
DAB:ACB
DAC:ACB
DAD:ACB
DAE:ACB
DAF:ACB
DAG:ACB
DAH:ACB
DAI:ACB
DAJ:ACB
DB:ACB
DBA:ACB
DBB:ACB
DBC:ACB
DBD:ACB
DBE:ACB
DBF:ACB
DBG:ACB
DBH:ACB
DBI:ACB
DBJ:ACB
DC:ACB
DCA:ACB
DCB:ACB
DCC:ACB
DCD:ACB
DCE:ACB
DCF:ACB
DCG:ACB
DCH:ACB
DCI:ACB
DCJ:ACB
DD:ACB
DDA:ACB
DDB:ACB
DDC:ACB
DDD:ACB
DDE:ACB
DDF:ACB
DDG:ACB
DDH:ACB
DDI:ACB
DDJ:ACB
DE:ACB
DEA:ACB
DEB:ACB
DEC:ACB
DED:ACB
DEE:ACB
DEF:ACB
DEG:ACB
DEH:ACB
DEI:ACB
DEJ:ACB
DF:ACB
DFA:ACB
DFB:ACB
DFC:ACB
DFD:ACB
DFE:ACB
DFF:ACB
DFG:ACB
DFH:ACB
DFI:ACB
DFJ:ACB
DG:ACB
DGA:ACB
DGB:ACB
DGC:ACB
DGD:ACB
DGE:ACB
DGF:ACB
DGG:ACB
DGH:ACB
DGI:ACB
DGJ:ACB
DH:ACB
DHA:ACB
DHB:ACB
DHC:ACB
DHD:ACB
DHE:ACB
DHF:ACB
DHG:ACB
DHH:ACB
DHI:ACB
DHJ:ACB
DI:ACB
DIA:ACB
DIB:ACB
DIC:ACB
DID:ACB
DIE:ACB
DIF:ACB
DIG:ACB
DIH:ACB
DII:ACB
DIJ:ACB
DJ:ACB
DJA:ACB
DJB:ACB
DJC:ACB
DJD:ACB
DJE:ACB
DJF:ACB
DJG:ACB
DJH:ACB
DJI:ACB
DJJ:ACB
E:ACB
EA:ACB
EAA:ACB
EAB:ACB
EAC:ACB
EAD:ACB
EAE:ACB
EAF:ACB
EAG:ACB
EAH:ACB
EAI:ACB
EAJ:ACB
EB:ACB
EBA:ACB
EBB:ACB
EBC:ACB
EBD:ACB
EBE:ACB
EBF:ACB
EBG:ACB
EBH:ACB
EBI:ACB
EBJ:ACB
EC:ACB
ECA:ACB
ECB:ACB
ECC:ACB
ECD:ACB
ECE:ACB
ECF:ACB
ECG:ACB
ECH:ACB
ECI:ACB
ECJ:ACB
ED:ACB
EDA:ACB
EDB:ACB
EDC:ACB
EDD:ACB
EDE:ACB
EDF:ACB
EDG:ACB
EDH:ACB
EDI:ACB
EDJ:ACB
EE:ACB
EEA:ACB
EEB:ACB
EEC:ACB
EED:ACB
EEE:ACB
EEF:ACB
EEG:ACB
EEH:ACB
EEI:ACB
EEJ:ACB
EF:ACB
EFA:ACB
EFB:ACB
EFC:ACB
EFD:ACB
EFE:ACB
EFF:ACB
EFG:ACB
EFH:ACB
EFI:ACB
EFJ:ACB
EG:ACB
EGA:ACB
EGB:ACB
EGC:ACB
EGD:ACB
EGE:ACB
EGF:ACB
EGG:ACB
EGH:ACB
EGI:ACB
EGJ:ACB
EH:ACB
EHA:ACB
EHB:ACB
EHC:ACB
EHD:ACB
EHE:ACB
EHF:ACB
EHG:ACB
EHH:ACB
EHI:ACB
EHJ:ACB
EI:ACB
EIA:ACB
EIB:ACB
EIC:ACB
EID:ACB
EIE:ACB
EIF:ACB
EIG:ACB
EIH:ACB
EII:ACB
EIJ:ACB
EJ:ACB
EJA:ACB
EJB:ACB
EJC:ACB
EJD:ACB
EJE:ACB
EJF:ACB
EJG:ACB
EJH:ACB
EJI:ACB
EJJ:ACB
F:ACB
FA:ACB
FAA:ACB
FAB:ACB
FAC:ACB
FAD:ACB
FAE:ACB
FAF:ACB
FAG:ACB
FAH:ACB
FAI:ACB
FAJ:ACB
FB:ACB
FBA:ACB
FBB:ACB
FBC:ACB
FBD:ACB
FBE:ACB
FBF:ACB
FBG:ACB
FBH:ACB
FBI:ACB
FBJ:ACB
FC:ACB
FCA:ACB
FCB:ACB
FCC:ACB
FCD:ACB
FCE:ACB
FCF:ACB
FCG:ACB
FCH:ACB
FCI:ACB
FCJ:ACB
FD:ACB
FDA:ACB
FDB:ACB
FDC:ACB
FDD:ACB
FDE:ACB
FDF:ACB
FDG:ACB
FDH:ACB
FDI:ACB
FDJ:ACB
FE:ACB
FEA:ACB
FEB:ACB
FEC:ACB
FED:ACB
FEE:ACB
FEF:ACB
FEG:ACB
FEH:ACB
FEI:ACB
FEJ:ACB
FF:ACB
FFA:ACB
FFB:ACB
FFC:ACB
FFD:ACB
FFE:ACB
FFF:ACB
FFG:ACB
FFH:ACB
FFI:ACB
FFJ:ACB
FG:ACB
FGA:ACB
FGB:ACB
FGC:ACB
FGD:ACB
FGE:ACB
FGF:ACB
FGG:ACB
FGH:ACB
FGI:ACB
FGJ:ACB
FH:ACB
FHA:ACB
FHB:ACB
FHC:ACB
FHD:ACB
FHE:ACB
FHF:ACB
FHG:ACB
FHH:ACB
FHI:ACB
FHJ:ACB
FI:ACB
FIA:ACB
FIB:ACB
FIC:ACB
FID:ACB
FIE:ACB
FIF:ACB
FIG:ACB
FIH:ACB
FII:ACB
FIJ:ACB
FJ:ACB
FJA:ACB
FJB:ACB
FJC:ACB
FJD:ACB
FJE:ACB
FJF:ACB
FJG:ACB
FJH:ACB
FJI:ACB
FJJ:ACB
G:ACB
GA:ACB
GB:ACB
GC:ACB
GD:ACB
GE:ACB
GF:ACB
GG:ACB
GH:ACB
GI:ACB
GJ:ACB
H:ACB
HA:ACB
HB:ACB
HC:ACB
HD:ACB
HE:ACB
HF:ACB
HG:ACB
HH:ACB
HI:ACB
HJ:ACB
I:ACB
IA:ACB
IB:ACB
IC:ACB
ID:ACB
IE:ACB
IF:ACB
IG:ACB
IH:ACB
II:ACB
IJ:ACB
J:ACB
JA:ACB
JB:ACB
JC:ACB
JD:ACB
JE:ACB
JF:ACB
JG:ACB
JH:ACB
JI:ACB
JJ:ACB
-----
A:ACB
AA:ACB
B:ACB
BA:ACB
BAA:ACB
BAB:ACB
BAC:ACB
BAD:ACB
BAE:ACB
BAF:ACB
BAG:ACB
BAH:ACB
BAI:ACB
BAJ:ACB
BB:ACB
BBA:ACB
BBB:ACB
BBC:ACB
BBD:ACB
BBE:ACB
BBF:ACB
BBG:ACB
BBH:ACB
BBI:ACB
BBJ:ACB
BC:ACB
BCA:ACB
BCB:ACB
BCC:ACB
BCD:ACB
BCE:ACB
BCF:ACB
BCG:ACB
BCH:ACB
BCI:ACB
BCJ:ACB
BD:ACB
BDA:ACB
BDB:ACB
BDC:ACB
BDD:ACB
BDE:ACB
BDF:ACB
BDG:ACB
BDH:ACB
BDI:ACB
BDJ:ACB
BE:ACB
BEA:ACB
BEB:ACB
BEC:ACB
BED:ACB
BEE:ACB
BEF:ACB
BEG:ACB
BEH:ACB
BEI:ACB
BEJ:ACB
BF:ACB
BFA:ACB
BFB:ACB
BFC:ACB
BFD:ACB
BFE:ACB
BFF:ACB
BFG:ACB
BFH:ACB
BFI:ACB
BFJ:ACB
BG:ACB
BGA:ACB
BGB:ACB
BGC:ACB
BGD:ACB
BGE:ACB
BGF:ACB
BGG:ACB
BGH:ACB
BGI:ACB
BGJ:ACB
BH:ACB
BHA:ACB
BHB:ACB
BHC:ACB
BHD:ACB
BHE:ACB
BHF:ACB
BHG:ACB
BHH:ACB
BHI:ACB
BHJ:ACB
BI:ACB
BIA:ACB
BIB:ACB
BIC:ACB
BID:ACB
BIE:ACB
BIF:ACB
BIG:ACB
BIH:ACB
BII:ACB
BIJ:ACB
BJ:ACB
BJA:ACB
BJB:ACB
BJC:ACB
BJD:ACB
BJE:ACB
BJF:ACB
BJG:ACB
BJH:ACB
BJI:ACB
BJJ:ACB
C:ACB
CA:ACB
CAA:ACB
CAB:ACB
CAC:ACB
CAD:ACB
CAE:ACB
CAF:ACB
CAG:ACB
CAH:ACB
CAI:ACB
CAJ:ACB
CB:ACB
CBA:ACB
CBB:ACB
CBC:ACB
CBD:ACB
CBE:ACB
CBF:ACB
CBG:ACB
CBH:ACB
CBI:ACB
CBJ:ACB
CC:ACB
CCA:ACB
CCB:ACB
CCC:ACB
CCD:ACB
CCE:ACB
CCF:ACB
CCG:ACB
CCH:ACB
CCI:ACB
CCJ:ACB
CD:ACB
CDA:ACB
CDB:ACB
CDC:ACB
CDD:ACB
CDE:ACB
CDF:ACB
CDG:ACB
CDH:ACB
CDI:ACB
CDJ:ACB
CE:ACB
CEA:ACB
CEB:ACB
CEC:ACB
CED:ACB
CEE:ACB
CEF:ACB
CEG:ACB
CEH:ACB
CEI:ACB
CEJ:ACB
CF:ACB
CFA:ACB
CFB:ACB
CFC:ACB
CFD:ACB
CFE:ACB
CFF:ACB
CFG:ACB
CFH:ACB
CFI:ACB
CFJ:ACB
CG:ACB
CGA:ACB
CGB:ACB
CGC:ACB
CGD:ACB
CGE:ACB
CGF:ACB
CGG:ACB
CGH:ACB
CGI:ACB
CGJ:ACB
CH:ACB
CHA:ACB
CHB:ACB
CHC:ACB
CHD:ACB
CHE:ACB
CHF:ACB
CHG:ACB
CHH:ACB
CHI:ACB
CHJ:ACB
CI:ACB
CIA:ACB
CIB:ACB
CIC:ACB
CID:ACB
CIE:ACB
CIF:ACB
CIG:ACB
CIH:ACB
CII:ACB
CIJ:ACB
CJ:ACB
CJA:ACB
CJB:ACB
CJC:ACB
CJD:ACB
CJE:ACB
CJF:ACB
CJG:ACB
CJH:ACB
CJI:ACB
CJJ:ACB
D:ACB
DA:ACB
DAA:ACB
DAB:ACB
DAC:ACB
DAD:ACB
DAE:ACB
DAF:ACB
DAG:ACB
DAH:ACB
DAI:ACB
DAJ:ACB
DB:ACB
DBA:ACB
DBB:ACB
DBC:ACB
DBD:ACB
DBE:ACB
DBF:ACB
DBG:ACB
DBH:ACB
DBI:ACB
DBJ:ACB
DC:ACB
DCA:ACB
DCB:ACB
DCC:ACB
DCD:ACB
DCE:ACB
DCF:ACB
DCG:ACB
DCH:ACB
DCI:ACB
DCJ:ACB
DD:ACB
DDA:ACB
DDB:ACB
DDC:ACB
DDD:ACB
DDE:ACB
DDF:ACB
DDG:ACB
DDH:ACB
DDI:ACB
DDJ:ACB
DE:ACB
DEA:ACB
DEB:ACB
DEC:ACB
DED:ACB
DEE:ACB
DEF:ACB
DEG:ACB
DEH:ACB
DEI:ACB
DEJ:ACB
DF:ACB
DFA:ACB
DFB:ACB
DFC:ACB
DFD:ACB
DFE:ACB
DFF:ACB
DFG:ACB
DFH:ACB
DFI:ACB
DFJ:ACB
DG:ACB
DGA:ACB
DGB:ACB
DGC:ACB
DGD:ACB
DGE:ACB
DGF:ACB
DGG:ACB
DGH:ACB
DGI:ACB
DGJ:ACB
DH:ACB
DHA:ACB
DHB:ACB
DHC:ACB
DHD:ACB
DHE:ACB
DHF:ACB
DHG:ACB
DHH:ACB
DHI:ACB
DHJ:ACB
DI:ACB
DIA:ACB
DIB:ACB
DIC:ACB
DID:ACB
DIE:ACB
DIF:ACB
DIG:ACB
DIH:ACB
DII:ACB
DIJ:ACB
DJ:ACB
DJA:ACB
DJB:ACB
DJC:ACB
DJD:ACB
DJE:ACB
DJF:ACB
DJG:ACB
DJH:ACB
DJI:ACB
DJJ:ACB
E:ACB
EA:ACB
EAA:ACB
EAB:ACB
EAC:ACB
EAD:ACB
EAE:ACB
EAF:ACB
EAG:ACB
EAH:ACB
EAI:ACB
EAJ:ACB
EB:ACB
EBA:ACB
EBB:ACB
EBC:ACB
EBD:ACB
EBE:ACB
EBF:ACB
EBG:ACB
EBH:ACB
EBI:ACB
EBJ:ACB
EC:ACB
ECA:ACB
ECB:ACB
ECC:ACB
ECD:ACB
ECE:ACB
ECF:ACB
ECG:ACB
ECH:ACB
ECI:ACB
ECJ:ACB
ED:ACB
EDA:ACB
EDB:ACB
EDC:ACB
EDD:ACB
EDE:ACB
EDF:ACB
EDG:ACB
EDH:ACB
EDI:ACB
EDJ:ACB
EE:ACB
EEA:ACB
EEB:ACB
EEC:ACB
EED:ACB
EEE:ACB
EEF:ACB
EEG:ACB
EEH:ACB
EEI:ACB
EEJ:ACB
EF:ACB
EFA:ACB
EFB:ACB
EFC:ACB
EFD:ACB
EFE:ACB
EFF:ACB
EFG:ACB
EFH:ACB
EFI:ACB
EFJ:ACB
EG:ACB
EGA:ACB
EGB:ACB
EGC:ACB
EGD:ACB
EGE:ACB
EGF:ACB
EGG:ACB
EGH:ACB
EGI:ACB
EGJ:ACB
EH:ACB
EHA:ACB
EHB:ACB
EHC:ACB
EHD:ACB
EHE:ACB
EHF:ACB
EHG:ACB
EHH:ACB
EHI:ACB
EHJ:ACB
EI:ACB
EIA:ACB
EIB:ACB
EIC:ACB
EID:ACB
EIE:ACB
EIF:ACB
EIG:ACB
EIH:ACB
EII:ACB
EIJ:ACB
EJ:ACB
EJA:ACB
EJB:ACB
EJC:ACB
EJD:ACB
EJE:ACB
EJF:ACB
EJG:ACB
EJH:ACB
EJI:ACB
EJJ:ACB
F:ACB
FA:ACB
FAA:ACB
FAB:ACB
FAC:ACB
FAD:ACB
FAE:ACB
FAF:ACB
FAG:ACB
FAH:ACB
FAI:ACB
FAJ:ACB
FB:ACB
FBA:ACB
FBB:ACB
FBC:ACB
FBD:ACB
FBE:ACB
FBF:ACB
FBG:ACB
FBH:ACB
FBI:ACB
FBJ:ACB
FC:ACB
FCA:ACB
FCB:ACB
FCC:ACB
FCD:ACB
FCE:ACB
FCF:ACB
FCG:ACB
FCH:ACB
FCI:ACB
FCJ:ACB
FD:ACB
FDA:ACB
FDB:ACB
FDC:ACB
FDD:ACB
FDE:ACB
FDF:ACB
FDG:ACB
FDH:ACB
FDI:ACB
FDJ:ACB
FE:ACB
FEA:ACB
FEB:ACB
FEC:ACB
FED:ACB
FEE:ACB
FEF:ACB
FEG:ACB
FEH:ACB
FEI:ACB
FEJ:ACB
FF:ACB
FFA:ACB
FFB:ACB
FFC:ACB
FFD:ACB
FFE:ACB
FFF:ACB
FFG:ACB
FFH:ACB
FFI:ACB
FFJ:ACB
FG:ACB
FGA:ACB
FGB:ACB
FGC:ACB
FGD:ACB
FGE:ACB
FGF:ACB
FGG:ACB
FGH:ACB
FGI:ACB
FGJ:ACB
FH:ACB
FHA:ACB
FHB:ACB
FHC:ACB
FHD:ACB
FHE:ACB
FHF:ACB
FHG:ACB
FHH:ACB
FHI:ACB
FHJ:ACB
FI:ACB
FIA:ACB
FIB:ACB
FIC:ACB
FID:ACB
FIE:ACB
FIF:ACB
FIG:ACB
FIH:ACB
FII:ACB
FIJ:ACB
FJ:ACB
FJA:ACB
FJB:ACB
FJC:ACB
FJD:ACB
FJE:ACB
FJF:ACB
FJG:ACB
FJH:ACB
FJI:ACB
FJJ:ACB
G:ACB
GA:ACB
GB:ACB
GC:ACB
GD:ACB
GE:ACB
GF:ACB
GG:ACB
GH:ACB
GI:ACB
GJ:ACB
H:ACB
HA:ACB
HB:ACB
HC:ACB
HD:ACB
HE:ACB
HF:ACB
HG:ACB
HH:ACB
HI:ACB
HJ:ACB
I:ACB
IA:ACB
IB:ACB
IC:ACB
ID:ACB
IE:ACB
IF:ACB
IG:ACB
IH:ACB
II:ACB
IJ:ACB
J:ACB
JA:ACB
JB:ACB
JC:ACB
JD:ACB
JE:ACB
JF:ACB
JG:ACB
JH:ACB
JI:ACB
JJ:ACB
-----
A:ACB
AA:ACB
B:ACB
BA:ACB
BAA:ACB
BAB:ACB
BAC:ACB
BAD:ACB
BAE:ACB
BAF:ACB
BAG:ACB
BAH:ACB
BAI:ACB
BAJ:ACB
BB:ACB
BBA:ACB
BBB:ACB
BBC:ACB
BBD:ACB
BBE:ACB
BBF:ACB
BBG:ACB
BBH:ACB
BBI:ACB
BBJ:ACB
BC:ACB
BCA:ACB
BCB:ACB
BCC:ACB
BCD:ACB
BCE:ACB
BCF:ACB
BCG:ACB
BCH:ACB
BCI:ACB
BCJ:ACB
BD:ACB
BDA:ACB
BDB:ACB
BDC:ACB
BDD:ACB
BDE:ACB
BDF:ACB
BDG:ACB
BDH:ACB
BDI:ACB
BDJ:ACB
BE:ACB
BEA:ACB
BEB:ACB
BEC:ACB
BED:ACB
BEE:ACB
BEF:ACB
BEG:ACB
BEH:ACB
BEI:ACB
BEJ:ACB
BF:ACB
BFA:ACB
BFB:ACB
BFC:ACB
BFD:ACB
BFE:ACB
BFF:ACB
BFG:ACB
BFH:ACB
BFI:ACB
BFJ:ACB
BG:ACB
BGA:ACB
BGB:ACB
BGC:ACB
BGD:ACB
BGE:ACB
BGF:ACB
BGG:ACB
BGH:ACB
BGI:ACB
BGJ:ACB
BH:ACB
BHA:ACB
BHB:ACB
BHC:ACB
BHD:ACB
BHE:ACB
BHF:ACB
BHG:ACB
BHH:ACB
BHI:ACB
BHJ:ACB
BI:ACB
BIA:ACB
BIB:ACB
BIC:ACB
BID:ACB
BIE:ACB
BIF:ACB
BIG:ACB
BIH:ACB
BII:ACB
BIJ:ACB
BJ:ACB
BJA:ACB
BJB:ACB
BJC:ACB
BJD:ACB
BJE:ACB
BJF:ACB
BJG:ACB
BJH:ACB
BJI:ACB
BJJ:ACB
C:ACB
CA:ACB
CAA:ACB
CAB:ACB
CAC:ACB
CAD:ACB
CAE:ACB
CAF:ACB
CAG:ACB
CAH:ACB
CAI:ACB
CAJ:ACB
CB:ACB
CBA:ACB
CBB:ACB
CBC:ACB
CBD:ACB
CBE:ACB
CBF:ACB
CBG:ACB
CBH:ACB
CBI:ACB
CBJ:ACB
CC:ACB
CCA:ACB
CCB:ACB
CCC:ACB
CCD:ACB
CCE:ACB
CCF:ACB
CCG:ACB
CCH:ACB
CCI:ACB
CCJ:ACB
CD:ACB
CDA:ACB
CDB:ACB
CDC:ACB
CDD:ACB
CDE:ACB
CDF:ACB
CDG:ACB
CDH:ACB
CDI:ACB
CDJ:ACB
CE:ACB
CEA:ACB
CEB:ACB
CEC:ACB
CED:ACB
CEE:ACB
CEF:ACB
CEG:ACB
CEH:ACB
CEI:ACB
CEJ:ACB
CF:ACB
CFA:ACB
CFB:ACB
CFC:ACB
CFD:ACB
CFE:ACB
CFF:ACB
CFG:ACB
CFH:ACB
CFI:ACB
CFJ:ACB
CG:ACB
CGA:ACB
CGB:ACB
CGC:ACB
CGD:ACB
CGE:ACB
CGF:ACB
CGG:ACB
CGH:ACB
CGI:ACB
CGJ:ACB
CH:ACB
CHA:ACB
CHB:ACB
CHC:ACB
CHD:ACB
CHE:ACB
CHF:ACB
CHG:ACB
CHH:ACB
CHI:ACB
CHJ:ACB
CI:ACB
CIA:ACB
CIB:ACB
CIC:ACB
CID:ACB
CIE:ACB
CIF:ACB
CIG:ACB
CIH:ACB
CII:ACB
CIJ:ACB
CJ:ACB
CJA:ACB
CJB:ACB
CJC:ACB
CJD:ACB
CJE:ACB
CJF:ACB
CJG:ACB
CJH:ACB
CJI:ACB
CJJ:ACB
D:ACB
DA:ACB
DAA:ACB
DAB:ACB
DAC:ACB
DAD:ACB
DAE:ACB
DAF:ACB
DAG:ACB
DAH:ACB
DAI:ACB
DAJ:ACB
DB:ACB
DBA:ACB
DBB:ACB
DBC:ACB
DBD:ACB
DBE:ACB
DBF:ACB
DBG:ACB
DBH:ACB
DBI:ACB
DBJ:ACB
DC:ACB
DCA:ACB
DCB:ACB
DCC:ACB
DCD:ACB
DCE:ACB
DCF:ACB
DCG:ACB
DCH:ACB
DCI:ACB
DCJ:ACB
DD:ACB
DDA:ACB
DDB:ACB
DDC:ACB
DDD:ACB
DDE:ACB
DDF:ACB
DDG:ACB
DDH:ACB
DDI:ACB
DDJ:ACB
DE:ACB
DEA:ACB
DEB:ACB
DEC:ACB
DED:ACB
DEE:ACB
DEF:ACB
DEG:ACB
DEH:ACB
DEI:ACB
DEJ:ACB
DF:ACB
DFA:ACB
DFB:ACB
DFC:ACB
DFD:ACB
DFE:ACB
DFF:ACB
DFG:ACB
DFH:ACB
DFI:ACB
DFJ:ACB
DG:ACB
DGA:ACB
DGB:ACB
DGC:ACB
DGD:ACB
DGE:ACB
DGF:ACB
DGG:ACB
DGH:ACB
DGI:ACB
DGJ:ACB
DH:ACB
DHA:ACB
DHB:ACB
DHC:ACB
DHD:ACB
DHE:ACB
DHF:ACB
DHG:ACB
DHH:ACB
DHI:ACB
DHJ:ACB
DI:ACB
DIA:ACB
DIB:ACB
DIC:ACB
DID:ACB
DIE:ACB
DIF:ACB
DIG:ACB
DIH:ACB
DII:ACB
DIJ:ACB
DJ:ACB
DJA:ACB
DJB:ACB
DJC:ACB
DJD:ACB
DJE:ACB
DJF:ACB
DJG:ACB
DJH:ACB
DJI:ACB
DJJ:ACB
E:ACB
EA:ACB
EAA:ACB
EAB:ACB
EAC:ACB
EAD:ACB
EAE:ACB
EAF:ACB
EAG:ACB
EAH:ACB
EAI:ACB
EAJ:ACB
EB:ACB
EBA:ACB
EBB:ACB
EBC:ACB
EBD:ACB
EBE:ACB
EBF:ACB
EBG:ACB
EBH:ACB
EBI:ACB
EBJ:ACB
EC:ACB
ECA:ACB
ECB:ACB
ECC:ACB
ECD:ACB
ECE:ACB
ECF:ACB
ECG:ACB
ECH:ACB
ECI:ACB
ECJ:ACB
ED:ACB
EDA:ACB
EDB:ACB
EDC:ACB
EDD:ACB
EDE:ACB
EDF:ACB
EDG:ACB
EDH:ACB
EDI:ACB
EDJ:ACB
EE:ACB
EEA:ACB
EEB:ACB
EEC:ACB
EED:ACB
EEE:ACB
EEF:ACB
EEG:ACB
EEH:ACB
EEI:ACB
EEJ:ACB
EF:ACB
EFA:ACB
EFB:ACB
EFC:ACB
EFD:ACB
EFE:ACB
EFF:ACB
EFG:ACB
EFH:ACB
EFI:ACB
EFJ:ACB
EG:ACB
EGA:ACB
EGB:ACB
EGC:ACB
EGD:ACB
EGE:ACB
EGF:ACB
EGG:ACB
EGH:ACB
EGI:ACB
EGJ:ACB
EH:ACB
EHA:ACB
EHB:ACB
EHC:ACB
EHD:ACB
EHE:ACB
EHF:ACB
EHG:ACB
EHH:ACB
EHI:ACB
EHJ:ACB
EI:ACB
EIA:ACB
EIB:ACB
EIC:ACB
EID:ACB
EIE:ACB
EIF:ACB
EIG:ACB
EIH:ACB
EII:ACB
EIJ:ACB
EJ:ACB
EJA:ACB
EJB:ACB
EJC:ACB
EJD:ACB
EJE:ACB
EJF:ACB
EJG:ACB
EJH:ACB
EJI:ACB
EJJ:ACB
F:ACB
FA:ACB
FAA:ACB
FAB:ACB
FAC:ACB
FAD:ACB
FAE:ACB
FAF:ACB
FAG:ACB
FAH:ACB
FAI:ACB
FAJ:ACB
FB:ACB
FBA:ACB
FBB:ACB
FBC:ACB
FBD:ACB
FBE:ACB
FBF:ACB
FBG:ACB
FBH:ACB
FBI:ACB
FBJ:ACB
FC:ACB
FCA:ACB
FCB:ACB
FCC:ACB
FCD:ACB
FCE:ACB
FCF:ACB
FCG:ACB
FCH:ACB
FCI:ACB
FCJ:ACB
FD:ACB
FDA:ACB
FDB:ACB
FDC:ACB
FDD:ACB
FDE:ACB
FDF:ACB
FDG:ACB
FDH:ACB
FDI:ACB
FDJ:ACB
FE:ACB
FEA:ACB
FEB:ACB
FEC:ACB
FED:ACB
FEE:ACB
FEF:ACB
FEG:ACB
FEH:ACB
FEI:ACB
FEJ:ACB
FF:ACB
FFA:ACB
FFB:ACB
FFC:ACB
FFD:ACB
FFE:ACB
FFF:ACB
FFG:ACB
FFH:ACB
FFI:ACB
FFJ:ACB
FG:ACB
FGA:ACB
FGB:ACB
FGC:ACB
FGD:ACB
FGE:ACB
FGF:ACB
FGG:ACB
FGH:ACB
FGI:ACB
FGJ:ACB
FH:ACB
FHA:ACB
FHB:ACB
FHC:ACB
FHD:ACB
FHE:ACB
FHF:ACB
FHG:ACB
FHH:ACB
FHI:ACB
FHJ:ACB
FI:ACB
FIA:ACB
FIB:ACB
FIC:ACB
FID:ACB
FIE:ACB
FIF:ACB
FIG:ACB
FIH:ACB
FII:ACB
FIJ:ACB
FJ:ACB
FJA:ACB
FJB:ACB
FJC:ACB
FJD:ACB
FJE:ACB
FJF:ACB
FJG:ACB
FJH:ACB
FJI:ACB
FJJ:ACB
G:ACB
GA:ACB
GB:ACB
GC:ACB
GD:ACB
GE:ACB
GF:ACB
GG:ACB
GH:ACB
GI:ACB
GJ:ACB
H:ACB
HA:ACB
HB:ACB
HC:ACB
HD:ACB
HE:ACB
HF:ACB
HG:ACB
HH:ACB
HI:ACB
HJ:ACB
I:ACB
IA:ACB
IB:ACB
IC:ACB
ID:ACB
IE:ACB
IF:ACB
IG:ACB
IH:ACB
II:ACB
IJ:ACB
J:ACB
JA:ACB
JB:ACB
JC:ACB
JD:ACB
JE:ACB
JF:ACB
JG:ACB
JH:ACB
JI:ACB
JJ:ACB
-----
A:ACB
AA:ACB
B:ACB
BA:ACB
BAA:ACB
BAB:ACB
BAC:ACB
BAD:ACB
BAE:ACB
BAF:ACB
BAG:ACB
BAH:ACB
BAI:ACB
BAJ:ACB
BB:ACB
BBA:ACB
BBB:ACB
BBC:ACB
BBD:ACB
BBE:ACB
BBF:ACB
BBG:ACB
BBH:ACB
BBI:ACB
BBJ:ACB
BC:ACB
BCA:ACB
BCB:ACB
BCC:ACB
BCD:ACB
BCE:ACB
BCF:ACB
BCG:ACB
BCH:ACB
BCI:ACB
BCJ:ACB
BD:ACB
BDA:ACB
BDB:ACB
BDC:ACB
BDD:ACB
BDE:ACB
BDF:ACB
BDG:ACB
BDH:ACB
BDI:ACB
BDJ:ACB
BE:ACB
BEA:ACB
BEB:ACB
BEC:ACB
BED:ACB
BEE:ACB
BEF:ACB
BEG:ACB
BEH:ACB
BEI:ACB
BEJ:ACB
BF:ACB
BFA:ACB
BFB:ACB
BFC:ACB
BFD:ACB
BFE:ACB
BFF:ACB
BFG:ACB
BFH:ACB
BFI:ACB
BFJ:ACB
BG:ACB
BGA:ACB
BGB:ACB
BGC:ACB
BGD:ACB
BGE:ACB
BGF:ACB
BGG:ACB
BGH:ACB
BGI:ACB
BGJ:ACB
BH:ACB
BHA:ACB
BHB:ACB
BHC:ACB
BHD:ACB
BHE:ACB
BHF:ACB
BHG:ACB
BHH:ACB
BHI:ACB
BHJ:ACB
BI:ACB
BIA:ACB
BIB:ACB
BIC:ACB
BID:ACB
BIE:ACB
BIF:ACB
BIG:ACB
BIH:ACB
BII:ACB
BIJ:ACB
BJ:ACB
BJA:ACB
BJB:ACB
BJC:ACB
BJD:ACB
BJE:ACB
BJF:ACB
BJG:ACB
BJH:ACB
BJI:ACB
BJJ:ACB
C:ACB
CA:ACB
CAA:ACB
CAB:ACB
CAC:ACB
CAD:ACB
CAE:ACB
CAF:ACB
CAG:ACB
CAH:ACB
CAI:ACB
CAJ:ACB
CB:ACB
CBA:ACB
CBB:ACB
CBC:ACB
CBD:ACB
CBE:ACB
CBF:ACB
CBG:ACB
CBH:ACB
CBI:ACB
CBJ:ACB
CC:ACB
CCA:ACB
CCB:ACB
CCC:ACB
CCD:ACB
CCE:ACB
CCF:ACB
CCG:ACB
CCH:ACB
CCI:ACB
CCJ:ACB
CD:ACB
CDA:ACB
CDB:ACB
CDC:ACB
CDD:ACB
CDE:ACB
CDF:ACB
CDG:ACB
CDH:ACB
CDI:ACB
CDJ:ACB
CE:ACB
CEA:ACB
CEB:ACB
CEC:ACB
CED:ACB
CEE:ACB
CEF:ACB
CEG:ACB
CEH:ACB
CEI:ACB
CEJ:ACB
CF:ACB
CFA:ACB
CFB:ACB
CFC:ACB
CFD:ACB
CFE:ACB
CFF:ACB
CFG:ACB
CFH:ACB
CFI:ACB
CFJ:ACB
CG:ACB
CGA:ACB
CGB:ACB
CGC:ACB
CGD:ACB
CGE:ACB
CGF:ACB
CGG:ACB
CGH:ACB
CGI:ACB
CGJ:ACB
CH:ACB
CHA:ACB
CHB:ACB
CHC:ACB
CHD:ACB
CHE:ACB
CHF:ACB
CHG:ACB
CHH:ACB
CHI:ACB
CHJ:ACB
CI:ACB
CIA:ACB
CIB:ACB
CIC:ACB
CID:ACB
CIE:ACB
CIF:ACB
CIG:ACB
CIH:ACB
CII:ACB
CIJ:ACB
CJ:ACB
CJA:ACB
CJB:ACB
CJC:ACB
CJD:ACB
CJE:ACB
CJF:ACB
CJG:ACB
CJH:ACB
CJI:ACB
CJJ:ACB
D:ACB
DA:ACB
DAA:ACB
DAB:ACB
DAC:ACB
DAD:ACB
DAE:ACB
DAF:ACB
DAG:ACB
DAH:ACB
DAI:ACB
DAJ:ACB
DB:ACB
DBA:ACB
DBB:ACB
DBC:ACB
DBD:ACB
DBE:ACB
DBF:ACB
DBG:ACB
DBH:ACB
DBI:ACB
DBJ:ACB
DC:ACB
DCA:ACB
DCB:ACB
DCC:ACB
DCD:ACB
DCE:ACB
DCF:ACB
DCG:ACB
DCH:ACB
DCI:ACB
DCJ:ACB
DD:ACB
DDA:ACB
DDB:ACB
DDC:ACB
DDD:ACB
DDE:ACB
DDF:ACB
DDG:ACB
DDH:ACB
DDI:ACB
DDJ:ACB
DE:ACB
DEA:ACB
DEB:ACB
DEC:ACB
DED:ACB
DEE:ACB
DEF:ACB
DEG:ACB
DEH:ACB
DEI:ACB
DEJ:ACB
DF:ACB
DFA:ACB
DFB:ACB
DFC:ACB
DFD:ACB
DFE:ACB
DFF:ACB
DFG:ACB
DFH:ACB
DFI:ACB
DFJ:ACB
DG:ACB
DGA:ACB
DGB:ACB
DGC:ACB
DGD:ACB
DGE:ACB
DGF:ACB
DGG:ACB
DGH:ACB
DGI:ACB
DGJ:ACB
DH:ACB
DHA:ACB
DHB:ACB
DHC:ACB
DHD:ACB
DHE:ACB
DHF:ACB
DHG:ACB
DHH:ACB
DHI:ACB
DHJ:ACB
DI:ACB
DIA:ACB
DIB:ACB
DIC:ACB
DID:ACB
DIE:ACB
DIF:ACB
DIG:ACB
DIH:ACB
DII:ACB
DIJ:ACB
DJ:ACB
DJA:ACB
DJB:ACB
DJC:ACB
DJD:ACB
DJE:ACB
DJF:ACB
DJG:ACB
DJH:ACB
DJI:ACB
DJJ:ACB
E:ACB
EA:ACB
EAA:ACB
EAB:ACB
EAC:ACB
EAD:ACB
EAE:ACB
EAF:ACB
EAG:ACB
EAH:ACB
EAI:ACB
EAJ:ACB
EB:ACB
EBA:ACB
EBB:ACB
EBC:ACB
EBD:ACB
EBE:ACB
EBF:ACB
EBG:ACB
EBH:ACB
EBI:ACB
EBJ:ACB
EC:ACB
ECA:ACB
ECB:ACB
ECC:ACB
ECD:ACB
ECE:ACB
ECF:ACB
ECG:ACB
ECH:ACB
ECI:ACB
ECJ:ACB
ED:ACB
EDA:ACB
EDB:ACB
EDC:ACB
EDD:ACB
EDE:ACB
EDF:ACB
EDG:ACB
EDH:ACB
EDI:ACB
EDJ:ACB
EE:ACB
EEA:ACB
EEB:ACB
EEC:ACB
EED:ACB
EEE:ACB
EEF:ACB
EEG:ACB
EEH:ACB
EEI:ACB
EEJ:ACB
EF:ACB
EFA:ACB
EFB:ACB
EFC:ACB
EFD:ACB
EFE:ACB
EFF:ACB
EFG:ACB
EFH:ACB
EFI:ACB
EFJ:ACB
EG:ACB
EGA:ACB
EGB:ACB
EGC:ACB
EGD:ACB
EGE:ACB
EGF:ACB
EGG:ACB
EGH:ACB
EGI:ACB
EGJ:ACB
EH:ACB
EHA:ACB
EHB:ACB
EHC:ACB
EHD:ACB
EHE:ACB
EHF:ACB
EHG:ACB
EHH:ACB
EHI:ACB
EHJ:ACB
EI:ACB
EIA:ACB
EIB:ACB
EIC:ACB
EID:ACB
EIE:ACB
EIF:ACB
EIG:ACB
EIH:ACB
EII:ACB
EIJ:ACB
EJ:ACB
EJA:ACB
EJB:ACB
EJC:ACB
EJD:ACB
EJE:ACB
EJF:ACB
EJG:ACB
EJH:ACB
EJI:ACB
EJJ:ACB
F:ACB
FA:ACB
FAA:ACB
FAB:ACB
FAC:ACB
FAD:ACB
FAE:ACB
FAF:ACB
FAG:ACB
FAH:ACB
FAI:ACB
FAJ:ACB
FB:ACB
FBA:ACB
FBB:ACB
FBC:ACB
FBD:ACB
FBE:ACB
FBF:ACB
FBG:ACB
FBH:ACB
FBI:ACB
FBJ:ACB
FC:ACB
FCA:ACB
FCB:ACB
FCC:ACB
FCD:ACB
FCE:ACB
FCF:ACB
FCG:ACB
FCH:ACB
FCI:ACB
FCJ:ACB
FD:ACB
FDA:ACB
FDB:ACB
FDC:ACB
FDD:ACB
FDE:ACB
FDF:ACB
FDG:ACB
FDH:ACB
FDI:ACB
FDJ:ACB
FE:ACB
FEA:ACB
FEB:ACB
FEC:ACB
FED:ACB
FEE:ACB
FEF:ACB
FEG:ACB
FEH:ACB
FEI:ACB
FEJ:ACB
FF:ACB
FFA:ACB
FFB:ACB
FFC:ACB
FFD:ACB
FFE:ACB
FFF:ACB
FFG:ACB
FFH:ACB
FFI:ACB
FFJ:ACB
FG:ACB
FGA:ACB
FGB:ACB
FGC:ACB
FGD:ACB
FGE:ACB
FGF:ACB
FGG:ACB
FGH:ACB
FGI:ACB
FGJ:ACB
FH:ACB
FHA:ACB
FHB:ACB
FHC:ACB
FHD:ACB
FHE:ACB
FHF:ACB
FHG:ACB
FHH:ACB
FHI:ACB
FHJ:ACB
FI:ACB
FIA:ACB
FIB:ACB
FIC:ACB
FID:ACB
FIE:ACB
FIF:ACB
FIG:ACB
FIH:ACB
FII:ACB
FIJ:ACB
FJ:ACB
FJA:ACB
FJB:ACB
FJC:ACB
FJD:ACB
FJE:ACB
FJF:ACB
FJG:ACB
FJH:ACB
FJI:ACB
FJJ:ACB
G:ACB
GA:ACB
GB:ACB
GC:ACB
GD:ACB
GE:ACB
GF:ACB
GG:ACB
GH:ACB
GI:ACB
GJ:ACB
H:ACB
HA:ACB
HB:ACB
HC:ACB
HD:ACB
HE:ACB
HF:ACB
HG:ACB
HH:ACB
HI:ACB
HJ:ACB
I:ACB
IA:ACB
IB:ACB
IC:ACB
ID:ACB
IE:ACB
IF:ACB
IG:ACB
IH:ACB
II:ACB
IJ:ACB
J:ACB
JA:ACB
JB:ACB
JC:ACB
JD:ACB
JE:ACB
JF:ACB
JG:ACB
JH:ACB
JI:ACB
JJ:ACB
-----
A:ACB
AA:ACB
B:ACB
BA:ACB
BAA:ACB
BAB:ACB
BAC:ACB
BAD:ACB
BAE:ACB
BAF:ACB
BAG:ACB
BAH:ACB
BAI:ACB
BAJ:ACB
BB:ACB
BBA:ACB
BBB:ACB
BBC:ACB
BBD:ACB
BBE:ACB
BBF:ACB
BBG:ACB
BBH:ACB
BBI:ACB
BBJ:ACB
BC:ACB
BCA:ACB
BCB:ACB
BCC:ACB
BCD:ACB
BCE:ACB
BCF:ACB
BCG:ACB
BCH:ACB
BCI:ACB
BCJ:ACB
BD:ACB
BDA:ACB
BDB:ACB
BDC:ACB
BDD:ACB
BDE:ACB
BDF:ACB
BDG:ACB
BDH:ACB
BDI:ACB
BDJ:ACB
BE:ACB
BEA:ACB
BEB:ACB
BEC:ACB
BED:ACB
BEE:ACB
BEF:ACB
BEG:ACB
BEH:ACB
BEI:ACB
BEJ:ACB
BF:ACB
BFA:ACB
BFB:ACB
BFC:ACB
BFD:ACB
BFE:ACB
BFF:ACB
BFG:ACB
BFH:ACB
BFI:ACB
BFJ:ACB
BG:ACB
BGA:ACB
BGB:ACB
BGC:ACB
BGD:ACB
BGE:ACB
BGF:ACB
BGG:ACB
BGH:ACB
BGI:ACB
BGJ:ACB
BH:ACB
BHA:ACB
BHB:ACB
BHC:ACB
BHD:ACB
BHE:ACB
BHF:ACB
BHG:ACB
BHH:ACB
BHI:ACB
BHJ:ACB
BI:ACB
BIA:ACB
BIB:ACB
BIC:ACB
BID:ACB
BIE:ACB
BIF:ACB
BIG:ACB
BIH:ACB
BII:ACB
BIJ:ACB
BJ:ACB
BJA:ACB
BJB:ACB
BJC:ACB
BJD:ACB
BJE:ACB
BJF:ACB
BJG:ACB
BJH:ACB
BJI:ACB
BJJ:ACB
C:ACB
CA:ACB
CAA:ACB
CAB:ACB
CAC:ACB
CAD:ACB
CAE:ACB
CAF:ACB
CAG:ACB
CAH:ACB
CAI:ACB
CAJ:ACB
CB:ACB
CBA:ACB
CBB:ACB
CBC:ACB
CBD:ACB
CBE:ACB
CBF:ACB
CBG:ACB
CBH:ACB
CBI:ACB
CBJ:ACB
CC:ACB
CCA:ACB
CCB:ACB
CCC:ACB
CCD:ACB
CCE:ACB
CCF:ACB
CCG:ACB
CCH:ACB
CCI:ACB
CCJ:ACB
CD:ACB
CDA:ACB
CDB:ACB
CDC:ACB
CDD:ACB
CDE:ACB
CDF:ACB
CDG:ACB
CDH:ACB
CDI:ACB
CDJ:ACB
CE:ACB
CEA:ACB
CEB:ACB
CEC:ACB
CED:ACB
CEE:ACB
CEF:ACB
CEG:ACB
CEH:ACB
CEI:ACB
CEJ:ACB
CF:ACB
CFA:ACB
CFB:ACB
CFC:ACB
CFD:ACB
CFE:ACB
CFF:ACB
CFG:ACB
CFH:ACB
CFI:ACB
CFJ:ACB
CG:ACB
CGA:ACB
CGB:ACB
CGC:ACB
CGD:ACB
CGE:ACB
CGF:ACB
CGG:ACB
CGH:ACB
CGI:ACB
CGJ:ACB
CH:ACB
CHA:ACB
CHB:ACB
CHC:ACB
CHD:ACB
CHE:ACB
CHF:ACB
CHG:ACB
CHH:ACB
CHI:ACB
CHJ:ACB
CI:ACB
CIA:ACB
CIB:ACB
CIC:ACB
CID:ACB
CIE:ACB
CIF:ACB
CIG:ACB
CIH:ACB
CII:ACB
CIJ:ACB
CJ:ACB
CJA:ACB
CJB:ACB
CJC:ACB
CJD:ACB
CJE:ACB
CJF:ACB
CJG:ACB
CJH:ACB
CJI:ACB
CJJ:ACB
D:ACB
DA:ACB
DAA:ACB
DAB:ACB
DAC:ACB
DAD:ACB
DAE:ACB
DAF:ACB
DAG:ACB
DAH:ACB
DAI:ACB
DAJ:ACB
DB:ACB
DBA:ACB
DBB:ACB
DBC:ACB
DBD:ACB
DBE:ACB
DBF:ACB
DBG:ACB
DBH:ACB
DBI:ACB
DBJ:ACB
DC:ACB
DCA:ACB
DCB:ACB
DCC:ACB
DCD:ACB
DCE:ACB
DCF:ACB
DCG:ACB
DCH:ACB
DCI:ACB
DCJ:ACB
DD:ACB
DDA:ACB
DDB:ACB
DDC:ACB
DDD:ACB
DDE:ACB
DDF:ACB
DDG:ACB
DDH:ACB
DDI:ACB
DDJ:ACB
DE:ACB
DEA:ACB
DEB:ACB
DEC:ACB
DED:ACB
DEE:ACB
DEF:ACB
DEG:ACB
DEH:ACB
DEI:ACB
DEJ:ACB
DF:ACB
DFA:ACB
DFB:ACB
DFC:ACB
DFD:ACB
DFE:ACB
DFF:ACB
DFG:ACB
DFH:ACB
DFI:ACB
DFJ:ACB
DG:ACB
DGA:ACB
DGB:ACB
DGC:ACB
DGD:ACB
DGE:ACB
DGF:ACB
DGG:ACB
DGH:ACB
DGI:ACB
DGJ:ACB
DH:ACB
DHA:ACB
DHB:ACB
DHC:ACB
DHD:ACB
DHE:ACB
DHF:ACB
DHG:ACB
DHH:ACB
DHI:ACB
DHJ:ACB
DI:ACB
DIA:ACB
DIB:ACB
DIC:ACB
DID:ACB
DIE:ACB
DIF:ACB
DIG:ACB
DIH:ACB
DII:ACB
DIJ:ACB
DJ:ACB
DJA:ACB
DJB:ACB
DJC:ACB
DJD:ACB
DJE:ACB
DJF:ACB
DJG:ACB
DJH:ACB
DJI:ACB
DJJ:ACB
E:ACB
EA:ACB
EAA:ACB
EAB:ACB
EAC:ACB
EAD:ACB
EAE:ACB
EAF:ACB
EAG:ACB
EAH:ACB
EAI:ACB
EAJ:ACB
EB:ACB
EBA:ACB
EBB:ACB
EBC:ACB
EBD:ACB
EBE:ACB
EBF:ACB
EBG:ACB
EBH:ACB
EBI:ACB
EBJ:ACB
EC:ACB
ECA:ACB
ECB:ACB
ECC:ACB
ECD:ACB
ECE:ACB
ECF:ACB
ECG:ACB
ECH:ACB
ECI:ACB
ECJ:ACB
ED:ACB
EDA:ACB
EDB:ACB
EDC:ACB
EDD:ACB
EDE:ACB
EDF:ACB
EDG:ACB
EDH:ACB
EDI:ACB
EDJ:ACB
EE:ACB
EEA:ACB
EEB:ACB
EEC:ACB
EED:ACB
EEE:ACB
EEF:ACB
EEG:ACB
EEH:ACB
EEI:ACB
EEJ:ACB
EF:ACB
EFA:ACB
EFB:ACB
EFC:ACB
EFD:ACB
EFE:ACB
EFF:ACB
EFG:ACB
EFH:ACB
EFI:ACB
EFJ:ACB
EG:ACB
EGA:ACB
EGB:ACB
EGC:ACB
EGD:ACB
EGE:ACB
EGF:ACB
EGG:ACB
EGH:ACB
EGI:ACB
EGJ:ACB
EH:ACB
EHA:ACB
EHB:ACB
EHC:ACB
EHD:ACB
EHE:ACB
EHF:ACB
EHG:ACB
EHH:ACB
EHI:ACB
EHJ:ACB
EI:ACB
EIA:ACB
EIB:ACB
EIC:ACB
EID:ACB
EIE:ACB
EIF:ACB
EIG:ACB
EIH:ACB
EII:ACB
EIJ:ACB
EJ:ACB
EJA:ACB
EJB:ACB
EJC:ACB
EJD:ACB
EJE:ACB
EJF:ACB
EJG:ACB
EJH:ACB
EJI:ACB
EJJ:ACB
F:ACB
FA:ACB
FAA:ACB
FAB:ACB
FAC:ACB
FAD:ACB
FAE:ACB
FAF:ACB
FAG:ACB
FAH:ACB
FAI:ACB
FAJ:ACB
FB:ACB
FBA:ACB
FBB:ACB
FBC:ACB
FBD:ACB
FBE:ACB
FBF:ACB
FBG:ACB
FBH:ACB
FBI:ACB
FBJ:ACB
FC:ACB
FCA:ACB
FCB:ACB
FCC:ACB
FCD:ACB
FCE:ACB
FCF:ACB
FCG:ACB
FCH:ACB
FCI:ACB
FCJ:ACB
FD:ACB
FDA:ACB
FDB:ACB
FDC:ACB
FDD:ACB
FDE:ACB
FDF:ACB
FDG:ACB
FDH:ACB
FDI:ACB
FDJ:ACB
FE:ACB
FEA:ACB
FEB:ACB
FEC:ACB
FED:ACB
FEE:ACB
FEF:ACB
FEG:ACB
FEH:ACB
FEI:ACB
FEJ:ACB
FF:ACB
FFA:ACB
FFB:ACB
FFC:ACB
FFD:ACB
FFE:ACB
FFF:ACB
FFG:ACB
FFH:ACB
FFI:ACB
FFJ:ACB
FG:ACB
FGA:ACB
FGB:ACB
FGC:ACB
FGD:ACB
FGE:ACB
FGF:ACB
FGG:ACB
FGH:ACB
FGI:ACB
FGJ:ACB
FH:ACB
FHA:ACB
FHB:ACB
FHC:ACB
FHD:ACB
FHE:ACB
FHF:ACB
FHG:ACB
FHH:ACB
FHI:ACB
FHJ:ACB
FI:ACB
FIA:ACB
FIB:ACB
FIC:ACB
FID:ACB
FIE:ACB
FIF:ACB
FIG:ACB
FIH:ACB
FII:ACB
FIJ:ACB
FJ:ACB
FJA:ACB
FJB:ACB
FJC:ACB
FJD:ACB
FJE:ACB
FJF:ACB
FJG:ACB
FJH:ACB
FJI:ACB
FJJ:ACB
G:ACB
GA:ACB
GB:ACB
GC:ACB
GD:ACB
GE:ACB
GF:ACB
GG:ACB
GH:ACB
GI:ACB
GJ:ACB
H:ACB
HA:ACB
HB:ACB
HC:ACB
HD:ACB
HE:ACB
HF:ACB
HG:ACB
HH:ACB
HI:ACB
HJ:ACB
I:ACB
IA:ACB
IB:ACB
IC:ACB
ID:ACB
IE:ACB
IF:ACB
IG:ACB
IH:ACB
II:ACB
IJ:ACB
J:ACB
JA:ACB
JB:ACB
JC:ACB
JD:ACB
JE:ACB
JF:ACB
JG:ACB
JH:ACB
JI:ACB
JJ:ACB
-----
A:ACB
AA:ACB
B:ACB
BA:ACB
BAA:ACB
BAB:ACB
BAC:ACB
BAD:ACB
BAE:ACB
BAF:ACB
BAG:ACB
BAH:ACB
BAI:ACB
BAJ:ACB
BB:ACB
BBA:ACB
BBB:ACB
BBC:ACB
BBD:ACB
BBE:ACB
BBF:ACB
BBG:ACB
BBH:ACB
BBI:ACB
BBJ:ACB
BC:ACB
BCA:ACB
BCB:ACB
BCC:ACB
BCD:ACB
BCE:ACB
BCF:ACB
BCG:ACB
BCH:ACB
BCI:ACB
BCJ:ACB
BD:ACB
BDA:ACB
BDB:ACB
BDC:ACB
BDD:ACB
BDE:ACB
BDF:ACB
BDG:ACB
BDH:ACB
BDI:ACB
BDJ:ACB
BE:ACB
BEA:ACB
BEB:ACB
BEC:ACB
BED:ACB
BEE:ACB
BEF:ACB
BEG:ACB
BEH:ACB
BEI:ACB
BEJ:ACB
BF:ACB
BFA:ACB
BFB:ACB
BFC:ACB
BFD:ACB
BFE:ACB
BFF:ACB
BFG:ACB
BFH:ACB
BFI:ACB
BFJ:ACB
BG:ACB
BGA:ACB
BGB:ACB
BGC:ACB
BGD:ACB
BGE:ACB
BGF:ACB
BGG:ACB
BGH:ACB
BGI:ACB
BGJ:ACB
BH:ACB
BHA:ACB
BHB:ACB
BHC:ACB
BHD:ACB
BHE:ACB
BHF:ACB
BHG:ACB
BHH:ACB
BHI:ACB
BHJ:ACB
BI:ACB
BIA:ACB
BIB:ACB
BIC:ACB
BID:ACB
BIE:ACB
BIF:ACB
BIG:ACB
BIH:ACB
BII:ACB
BIJ:ACB
BJ:ACB
BJA:ACB
BJB:ACB
BJC:ACB
BJD:ACB
BJE:ACB
BJF:ACB
BJG:ACB
BJH:ACB
BJI:ACB
BJJ:ACB
C:ACB
CA:ACB
CAA:ACB
CAB:ACB
CAC:ACB
CAD:ACB
CAE:ACB
CAF:ACB
CAG:ACB
CAH:ACB
CAI:ACB
CAJ:ACB
CB:ACB
CBA:ACB
CBB:ACB
CBC:ACB
CBD:ACB
CBE:ACB
CBF:ACB
CBG:ACB
CBH:ACB
CBI:ACB
CBJ:ACB
CC:ACB
CCA:ACB
CCB:ACB
CCC:ACB
CCD:ACB
CCE:ACB
CCF:ACB
CCG:ACB
CCH:ACB
CCI:ACB
CCJ:ACB
CD:ACB
CDA:ACB
CDB:ACB
CDC:ACB
CDD:ACB
CDE:ACB
CDF:ACB
CDG:ACB
CDH:ACB
CDI:ACB
CDJ:ACB
CE:ACB
CEA:ACB
CEB:ACB
CEC:ACB
CED:ACB
CEE:ACB
CEF:ACB
CEG:ACB
CEH:ACB
CEI:ACB
CEJ:ACB
CF:ACB
CFA:ACB
CFB:ACB
CFC:ACB
CFD:ACB
CFE:ACB
CFF:ACB
CFG:ACB
CFH:ACB
CFI:ACB
CFJ:ACB
CG:ACB
CGA:ACB
CGB:ACB
CGC:ACB
CGD:ACB
CGE:ACB
CGF:ACB
CGG:ACB
CGH:ACB
CGI:ACB
CGJ:ACB
CH:ACB
CHA:ACB
CHB:ACB
CHC:ACB
CHD:ACB
CHE:ACB
CHF:ACB
CHG:ACB
CHH:ACB
CHI:ACB
CHJ:ACB
CI:ACB
CIA:ACB
CIB:ACB
CIC:ACB
CID:ACB
CIE:ACB
CIF:ACB
CIG:ACB
CIH:ACB
CII:ACB
CIJ:ACB
CJ:ACB
CJA:ACB
CJB:ACB
CJC:ACB
CJD:ACB
CJE:ACB
CJF:ACB
CJG:ACB
CJH:ACB
CJI:ACB
CJJ:ACB
D:ACB
DA:ACB
DAA:ACB
DAB:ACB
DAC:ACB
DAD:ACB
DAE:ACB
DAF:ACB
DAG:ACB
DAH:ACB
DAI:ACB
DAJ:ACB
DB:ACB
DBA:ACB
DBB:ACB
DBC:ACB
DBD:ACB
DBE:ACB
DBF:ACB
DBG:ACB
DBH:ACB
DBI:ACB
DBJ:ACB
DC:ACB
DCA:ACB
DCB:ACB
DCC:ACB
DCD:ACB
DCE:ACB
DCF:ACB
DCG:ACB
DCH:ACB
DCI:ACB
DCJ:ACB
DD:ACB
DDA:ACB
DDB:ACB
DDC:ACB
DDD:ACB
DDE:ACB
DDF:ACB
DDG:ACB
DDH:ACB
DDI:ACB
DDJ:ACB
DE:ACB
DEA:ACB
DEB:ACB
DEC:ACB
DED:ACB
DEE:ACB
DEF:ACB
DEG:ACB
DEH:ACB
DEI:ACB
DEJ:ACB
DF:ACB
DFA:ACB
DFB:ACB
DFC:ACB
DFD:ACB
DFE:ACB
DFF:ACB
DFG:ACB
DFH:ACB
DFI:ACB
DFJ:ACB
DG:ACB
DGA:ACB
DGB:ACB
DGC:ACB
DGD:ACB
DGE:ACB
DGF:ACB
DGG:ACB
DGH:ACB
DGI:ACB
DGJ:ACB
DH:ACB
DHA:ACB
DHB:ACB
DHC:ACB
DHD:ACB
DHE:ACB
DHF:ACB
DHG:ACB
DHH:ACB
DHI:ACB
DHJ:ACB
DI:ACB
DIA:ACB
DIB:ACB
DIC:ACB
DID:ACB
DIE:ACB
DIF:ACB
DIG:ACB
DIH:ACB
DII:ACB
DIJ:ACB
DJ:ACB
DJA:ACB
DJB:ACB
DJC:ACB
DJD:ACB
DJE:ACB
DJF:ACB
DJG:ACB
DJH:ACB
DJI:ACB
DJJ:ACB
E:ACB
EA:ACB
EAA:ACB
EAB:ACB
EAC:ACB
EAD:ACB
EAE:ACB
EAF:ACB
EAG:ACB
EAH:ACB
EAI:ACB
EAJ:ACB
EB:ACB
EBA:ACB
EBB:ACB
EBC:ACB
EBD:ACB
EBE:ACB
EBF:ACB
EBG:ACB
EBH:ACB
EBI:ACB
EBJ:ACB
EC:ACB
ECA:ACB
ECB:ACB
ECC:ACB
ECD:ACB
ECE:ACB
ECF:ACB
ECG:ACB
ECH:ACB
ECI:ACB
ECJ:ACB
ED:ACB
EDA:ACB
EDB:ACB
EDC:ACB
EDD:ACB
EDE:ACB
EDF:ACB
EDG:ACB
EDH:ACB
EDI:ACB
EDJ:ACB
EE:ACB
EEA:ACB
EEB:ACB
EEC:ACB
EED:ACB
EEE:ACB
EEF:ACB
EEG:ACB
EEH:ACB
EEI:ACB
EEJ:ACB
EF:ACB
EFA:ACB
EFB:ACB
EFC:ACB
EFD:ACB
EFE:ACB
EFF:ACB
EFG:ACB
EFH:ACB
EFI:ACB
EFJ:ACB
EG:ACB
EGA:ACB
EGB:ACB
EGC:ACB
EGD:ACB
EGE:ACB
EGF:ACB
EGG:ACB
EGH:ACB
EGI:ACB
EGJ:ACB
EH:ACB
EHA:ACB
EHB:ACB
EHC:ACB
EHD:ACB
EHE:ACB
EHF:ACB
EHG:ACB
EHH:ACB
EHI:ACB
EHJ:ACB
EI:ACB
EIA:ACB
EIB:ACB
EIC:ACB
EID:ACB
EIE:ACB
EIF:ACB
EIG:ACB
EIH:ACB
EII:ACB
EIJ:ACB
EJ:ACB
EJA:ACB
EJB:ACB
EJC:ACB
EJD:ACB
EJE:ACB
EJF:ACB
EJG:ACB
EJH:ACB
EJI:ACB
EJJ:ACB
F:ACB
FA:ACB
FAA:ACB
FAB:ACB
FAC:ACB
FAD:ACB
FAE:ACB
FAF:ACB
FAG:ACB
FAH:ACB
FAI:ACB
FAJ:ACB
FB:ACB
FBA:ACB
FBB:ACB
FBC:ACB
FBD:ACB
FBE:ACB
FBF:ACB
FBG:ACB
FBH:ACB
FBI:ACB
FBJ:ACB
FC:ACB
FCA:ACB
FCB:ACB
FCC:ACB
FCD:ACB
FCE:ACB
FCF:ACB
FCG:ACB
FCH:ACB
FCI:ACB
FCJ:ACB
FD:ACB
FDA:ACB
FDB:ACB
FDC:ACB
FDD:ACB
FDE:ACB
FDF:ACB
FDG:ACB
FDH:ACB
FDI:ACB
FDJ:ACB
FE:ACB
FEA:ACB
FEB:ACB
FEC:ACB
FED:ACB
FEE:ACB
FEF:ACB
FEG:ACB
FEH:ACB
FEI:ACB
FEJ:ACB
FF:ACB
FFA:ACB
FFB:ACB
FFC:ACB
FFD:ACB
FFE:ACB
FFF:ACB
FFG:ACB
FFH:ACB
FFI:ACB
FFJ:ACB
FG:ACB
FGA:ACB
FGB:ACB
FGC:ACB
FGD:ACB
FGE:ACB
FGF:ACB
FGG:ACB
FGH:ACB
FGI:ACB
FGJ:ACB
FH:ACB
FHA:ACB
FHB:ACB
FHC:ACB
FHD:ACB
FHE:ACB
FHF:ACB
FHG:ACB
FHH:ACB
FHI:ACB
FHJ:ACB
FI:ACB
FIA:ACB
FIB:ACB
FIC:ACB
FID:ACB
FIE:ACB
FIF:ACB
FIG:ACB
FIH:ACB
FII:ACB
FIJ:ACB
FJ:ACB
FJA:ACB
FJB:ACB
FJC:ACB
FJD:ACB
FJE:ACB
FJF:ACB
FJG:ACB
FJH:ACB
FJI:ACB
FJJ:ACB
G:ACB
GA:ACB
GB:ACB
GC:ACB
GD:ACB
GE:ACB
GF:ACB
GG:ACB
GH:ACB
GI:ACB
GJ:ACB
H:ACB
HA:ACB
HB:ACB
HC:ACB
HD:ACB
HE:ACB
HF:ACB
HG:ACB
HH:ACB
HI:ACB
HJ:ACB
I:ACB
IA:ACB
IB:ACB
IC:ACB
ID:ACB
IE:ACB
IF:ACB
IG:ACB
IH:ACB
II:ACB
IJ:ACB
J:ACB
JA:ACB
JB:ACB
JC:ACB
JD:ACB
JE:ACB
JF:ACB
JG:ACB
JH:ACB
JI:ACB
JJ:ACB
-----
A:ACB
AA:ACB
B:ACB
BA:ACB
BAA:ACB
BAB:ACB
BAC:ACB
BAD:ACB
BAE:ACB
BAF:ACB
BAG:ACB
BAH:ACB
BAI:ACB
BAJ:ACB
BB:ACB
BBA:ACB
BBB:ACB
BBC:ACB
BBD:ACB
BBE:ACB
BBF:ACB
BBG:ACB
BBH:ACB
BBI:ACB
BBJ:ACB
BC:ACB
BCA:ACB
BCB:ACB
BCC:ACB
BCD:ACB
BCE:ACB
BCF:ACB
BCG:ACB
BCH:ACB
BCI:ACB
BCJ:ACB
BD:ACB
BDA:ACB
BDB:ACB
BDC:ACB
BDD:ACB
BDE:ACB
BDF:ACB
BDG:ACB
BDH:ACB
BDI:ACB
BDJ:ACB
BE:ACB
BEA:ACB
BEB:ACB
BEC:ACB
BED:ACB
BEE:ACB
BEF:ACB
BEG:ACB
BEH:ACB
BEI:ACB
BEJ:ACB
BF:ACB
BFA:ACB
BFB:ACB
BFC:ACB
BFD:ACB
BFE:ACB
BFF:ACB
BFG:ACB
BFH:ACB
BFI:ACB
BFJ:ACB
BG:ACB
BGA:ACB
BGB:ACB
BGC:ACB
BGD:ACB
BGE:ACB
BGF:ACB
BGG:ACB
BGH:ACB
BGI:ACB
BGJ:ACB
BH:ACB
BHA:ACB
BHB:ACB
BHC:ACB
BHD:ACB
BHE:ACB
BHF:ACB
BHG:ACB
BHH:ACB
BHI:ACB
BHJ:ACB
BI:ACB
BIA:ACB
BIB:ACB
BIC:ACB
BID:ACB
BIE:ACB
BIF:ACB
BIG:ACB
BIH:ACB
BII:ACB
BIJ:ACB
BJ:ACB
BJA:ACB
BJB:ACB
BJC:ACB
BJD:ACB
BJE:ACB
BJF:ACB
BJG:ACB
BJH:ACB
BJI:ACB
BJJ:ACB
C:ACB
CA:ACB
CAA:ACB
CAB:ACB
CAC:ACB
CAD:ACB
CAE:ACB
CAF:ACB
CAG:ACB
CAH:ACB
CAI:ACB
CAJ:ACB
CB:ACB
CBA:ACB
CBB:ACB
CBC:ACB
CBD:ACB
CBE:ACB
CBF:ACB
CBG:ACB
CBH:ACB
CBI:ACB
CBJ:ACB
CC:ACB
CCA:ACB
CCB:ACB
CCC:ACB
CCD:ACB
CCE:ACB
CCF:ACB
CCG:ACB
CCH:ACB
CCI:ACB
CCJ:ACB
CD:ACB
CDA:ACB
CDB:ACB
CDC:ACB
CDD:ACB
CDE:ACB
CDF:ACB
CDG:ACB
CDH:ACB
CDI:ACB
CDJ:ACB
CE:ACB
CEA:ACB
CEB:ACB
CEC:ACB
CED:ACB
CEE:ACB
CEF:ACB
CEG:ACB
CEH:ACB
CEI:ACB
CEJ:ACB
CF:ACB
CFA:ACB
CFB:ACB
CFC:ACB
CFD:ACB
CFE:ACB
CFF:ACB
CFG:ACB
CFH:ACB
CFI:ACB
CFJ:ACB
CG:ACB
CGA:ACB
CGB:ACB
CGC:ACB
CGD:ACB
CGE:ACB
CGF:ACB
CGG:ACB
CGH:ACB
CGI:ACB
CGJ:ACB
CH:ACB
CHA:ACB
CHB:ACB
CHC:ACB
CHD:ACB
CHE:ACB
CHF:ACB
CHG:ACB
CHH:ACB
CHI:ACB
CHJ:ACB
CI:ACB
CIA:ACB
CIB:ACB
CIC:ACB
CID:ACB
CIE:ACB
CIF:ACB
CIG:ACB
CIH:ACB
CII:ACB
CIJ:ACB
CJ:ACB
CJA:ACB
CJB:ACB
CJC:ACB
CJD:ACB
CJE:ACB
CJF:ACB
CJG:ACB
CJH:ACB
CJI:ACB
CJJ:ACB
D:ACB
DA:ACB
DAA:ACB
DAB:ACB
DAC:ACB
DAD:ACB
DAE:ACB
DAF:ACB
DAG:ACB
DAH:ACB
DAI:ACB
DAJ:ACB
DB:ACB
DBA:ACB
DBB:ACB
DBC:ACB
DBD:ACB
DBE:ACB
DBF:ACB
DBG:ACB
DBH:ACB
DBI:ACB
DBJ:ACB
DC:ACB
DCA:ACB
DCB:ACB
DCC:ACB
DCD:ACB
DCE:ACB
DCF:ACB
DCG:ACB
DCH:ACB
DCI:ACB
DCJ:ACB
DD:ACB
DDA:ACB
DDB:ACB
DDC:ACB
DDD:ACB
DDE:ACB
DDF:ACB
DDG:ACB
DDH:ACB
DDI:ACB
DDJ:ACB
DE:ACB
DEA:ACB
DEB:ACB
DEC:ACB
DED:ACB
DEE:ACB
DEF:ACB
DEG:ACB
DEH:ACB
DEI:ACB
DEJ:ACB
DF:ACB
DFA:ACB
DFB:ACB
DFC:ACB
DFD:ACB
DFE:ACB
DFF:ACB
DFG:ACB
DFH:ACB
DFI:ACB
DFJ:ACB
DG:ACB
DGA:ACB
DGB:ACB
DGC:ACB
DGD:ACB
DGE:ACB
DGF:ACB
DGG:ACB
DGH:ACB
DGI:ACB
DGJ:ACB
DH:ACB
DHA:ACB
DHB:ACB
DHC:ACB
DHD:ACB
DHE:ACB
DHF:ACB
DHG:ACB
DHH:ACB
DHI:ACB
DHJ:ACB
DI:ACB
DIA:ACB
DIB:ACB
DIC:ACB
DID:ACB
DIE:ACB
DIF:ACB
DIG:ACB
DIH:ACB
DII:ACB
DIJ:ACB
DJ:ACB
DJA:ACB
DJB:ACB
DJC:ACB
DJD:ACB
DJE:ACB
DJF:ACB
DJG:ACB
DJH:ACB
DJI:ACB
DJJ:ACB
E:ACB
EA:ACB
EAA:ACB
EAB:ACB
EAC:ACB
EAD:ACB
EAE:ACB
EAF:ACB
EAG:ACB
EAH:ACB
EAI:ACB
EAJ:ACB
EB:ACB
EBA:ACB
EBB:ACB
EBC:ACB
EBD:ACB
EBE:ACB
EBF:ACB
EBG:ACB
EBH:ACB
EBI:ACB
EBJ:ACB
EC:ACB
ECA:ACB
ECB:ACB
ECC:ACB
ECD:ACB
ECE:ACB
ECF:ACB
ECG:ACB
ECH:ACB
ECI:ACB
ECJ:ACB
ED:ACB
EDA:ACB
EDB:ACB
EDC:ACB
EDD:ACB
EDE:ACB
EDF:ACB
EDG:ACB
EDH:ACB
EDI:ACB
EDJ:ACB
EE:ACB
EEA:ACB
EEB:ACB
EEC:ACB
EED:ACB
EEE:ACB
EEF:ACB
EEG:ACB
EEH:ACB
EEI:ACB
EEJ:ACB
EF:ACB
EFA:ACB
EFB:ACB
EFC:ACB
EFD:ACB
EFE:ACB
EFF:ACB
EFG:ACB
EFH:ACB
EFI:ACB
EFJ:ACB
EG:ACB
EGA:ACB
EGB:ACB
EGC:ACB
EGD:ACB
EGE:ACB
EGF:ACB
EGG:ACB
EGH:ACB
EGI:ACB
EGJ:ACB
EH:ACB
EHA:ACB
EHB:ACB
EHC:ACB
EHD:ACB
EHE:ACB
EHF:ACB
EHG:ACB
EHH:ACB
EHI:ACB
EHJ:ACB
EI:ACB
EIA:ACB
EIB:ACB
EIC:ACB
EID:ACB
EIE:ACB
EIF:ACB
EIG:ACB
EIH:ACB
EII:ACB
EIJ:ACB
EJ:ACB
EJA:ACB
EJB:ACB
EJC:ACB
EJD:ACB
EJE:ACB
EJF:ACB
EJG:ACB
EJH:ACB
EJI:ACB
EJJ:ACB
F:ACB
FA:ACB
FAA:ACB
FAB:ACB
FAC:ACB
FAD:ACB
FAE:ACB
FAF:ACB
FAG:ACB
FAH:ACB
FAI:ACB
FAJ:ACB
FB:ACB
FBA:ACB
FBB:ACB
FBC:ACB
FBD:ACB
FBE:ACB
FBF:ACB
FBG:ACB
FBH:ACB
FBI:ACB
FBJ:ACB
FC:ACB
FCA:ACB
FCB:ACB
FCC:ACB
FCD:ACB
FCE:ACB
FCF:ACB
FCG:ACB
FCH:ACB
FCI:ACB
FCJ:ACB
FD:ACB
FDA:ACB
FDB:ACB
FDC:ACB
FDD:ACB
FDE:ACB
FDF:ACB
FDG:ACB
FDH:ACB
FDI:ACB
FDJ:ACB
FE:ACB
FEA:ACB
FEB:ACB
FEC:ACB
FED:ACB
FEE:ACB
FEF:ACB
FEG:ACB
FEH:ACB
FEI:ACB
FEJ:ACB
FF:ACB
FFA:ACB
FFB:ACB
FFC:ACB
FFD:ACB
FFE:ACB
FFF:ACB
FFG:ACB
FFH:ACB
FFI:ACB
FFJ:ACB
FG:ACB
FGA:ACB
FGB:ACB
FGC:ACB
FGD:ACB
FGE:ACB
FGF:ACB
FGG:ACB
FGH:ACB
FGI:ACB
FGJ:ACB
FH:ACB
FHA:ACB
FHB:ACB
FHC:ACB
FHD:ACB
FHE:ACB
FHF:ACB
FHG:ACB
FHH:ACB
FHI:ACB
FHJ:ACB
FI:ACB
FIA:ACB
FIB:ACB
FIC:ACB
FID:ACB
FIE:ACB
FIF:ACB
FIG:ACB
FIH:ACB
FII:ACB
FIJ:ACB
FJ:ACB
FJA:ACB
FJB:ACB
FJC:ACB
FJD:ACB
FJE:ACB
FJF:ACB
FJG:ACB
FJH:ACB
FJI:ACB
FJJ:ACB
G:ACB
GA:ACB
GB:ACB
GC:ACB
GD:ACB
GE:ACB
GF:ACB
GG:ACB
GH:ACB
GI:ACB
GJ:ACB
H:ACB
HA:ACB
HB:ACB
HC:ACB
HD:ACB
HE:ACB
HF:ACB
HG:ACB
HH:ACB
HI:ACB
HJ:ACB
I:ACB
IA:ACB
IB:ACB
IC:ACB
ID:ACB
IE:ACB
IF:ACB
IG:ACB
IH:ACB
II:ACB
IJ:ACB
J:ACB
JA:ACB
JB:ACB
JC:ACB
JD:ACB
JE:ACB
JF:ACB
JG:ACB
JH:ACB
JI:ACB
JJ:ACB
-----
A:ACB
AA:ACB
B:ACB
BA:ACB
BAA:ACB
BAB:ACB
BAC:ACB
BAD:ACB
BAE:ACB
BAF:ACB
BAG:ACB
BAH:ACB
BAI:ACB
BAJ:ACB
BB:ACB
BBA:ACB
BBB:ACB
BBC:ACB
BBD:ACB
BBE:ACB
BBF:ACB
BBG:ACB
BBH:ACB
BBI:ACB
BBJ:ACB
BC:ACB
BCA:ACB
BCB:ACB
BCC:ACB
BCD:ACB
BCE:ACB
BCF:ACB
BCG:ACB
BCH:ACB
BCI:ACB
BCJ:ACB
BD:ACB
BDA:ACB
BDB:ACB
BDC:ACB
BDD:ACB
BDE:ACB
BDF:ACB
BDG:ACB
BDH:ACB
BDI:ACB
BDJ:ACB
BE:ACB
BEA:ACB
BEB:ACB
BEC:ACB
BED:ACB
BEE:ACB
BEF:ACB
BEG:ACB
BEH:ACB
BEI:ACB
BEJ:ACB
BF:ACB
BFA:ACB
BFB:ACB
BFC:ACB
BFD:ACB
BFE:ACB
BFF:ACB
BFG:ACB
BFH:ACB
BFI:ACB
BFJ:ACB
BG:ACB
BGA:ACB
BGB:ACB
BGC:ACB
BGD:ACB
BGE:ACB
BGF:ACB
BGG:ACB
BGH:ACB
BGI:ACB
BGJ:ACB
BH:ACB
BHA:ACB
BHB:ACB
BHC:ACB
BHD:ACB
BHE:ACB
BHF:ACB
BHG:ACB
BHH:ACB
BHI:ACB
BHJ:ACB
BI:ACB
BIA:ACB
BIB:ACB
BIC:ACB
BID:ACB
BIE:ACB
BIF:ACB
BIG:ACB
BIH:ACB
BII:ACB
BIJ:ACB
BJ:ACB
BJA:ACB
BJB:ACB
BJC:ACB
BJD:ACB
BJE:ACB
BJF:ACB
BJG:ACB
BJH:ACB
BJI:ACB
BJJ:ACB
C:ACB
CA:ACB
CAA:ACB
CAB:ACB
CAC:ACB
CAD:ACB
CAE:ACB
CAF:ACB
CAG:ACB
CAH:ACB
CAI:ACB
CAJ:ACB
CB:ACB
CBA:ACB
CBB:ACB
CBC:ACB
CBD:ACB
CBE:ACB
CBF:ACB
CBG:ACB
CBH:ACB
CBI:ACB
CBJ:ACB
CC:ACB
CCA:ACB
CCB:ACB
CCC:ACB
CCD:ACB
CCE:ACB
CCF:ACB
CCG:ACB
CCH:ACB
CCI:ACB
CCJ:ACB
CD:ACB
CDA:ACB
CDB:ACB
CDC:ACB
CDD:ACB
CDE:ACB
CDF:ACB
CDG:ACB
CDH:ACB
CDI:ACB
CDJ:ACB
CE:ACB
CEA:ACB
CEB:ACB
CEC:ACB
CED:ACB
CEE:ACB
CEF:ACB
CEG:ACB
CEH:ACB
CEI:ACB
CEJ:ACB
CF:ACB
CFA:ACB
CFB:ACB
CFC:ACB
CFD:ACB
CFE:ACB
CFF:ACB
CFG:ACB
CFH:ACB
CFI:ACB
CFJ:ACB
CG:ACB
CGA:ACB
CGB:ACB
CGC:ACB
CGD:ACB
CGE:ACB
CGF:ACB
CGG:ACB
CGH:ACB
CGI:ACB
CGJ:ACB
CH:ACB
CHA:ACB
CHB:ACB
CHC:ACB
CHD:ACB
CHE:ACB
CHF:ACB
CHG:ACB
CHH:ACB
CHI:ACB
CHJ:ACB
CI:ACB
CIA:ACB
CIB:ACB
CIC:ACB
CID:ACB
CIE:ACB
CIF:ACB
CIG:ACB
CIH:ACB
CII:ACB
CIJ:ACB
CJ:ACB
CJA:ACB
CJB:ACB
CJC:ACB
CJD:ACB
CJE:ACB
CJF:ACB
CJG:ACB
CJH:ACB
CJI:ACB
CJJ:ACB
D:ACB
DA:ACB
DAA:ACB
DAB:ACB
DAC:ACB
DAD:ACB
DAE:ACB
DAF:ACB
DAG:ACB
DAH:ACB
DAI:ACB
DAJ:ACB
DB:ACB
DBA:ACB
DBB:ACB
DBC:ACB
DBD:ACB
DBE:ACB
DBF:ACB
DBG:ACB
DBH:ACB
DBI:ACB
DBJ:ACB
DC:ACB
DCA:ACB
DCB:ACB
DCC:ACB
DCD:ACB
DCE:ACB
DCF:ACB
DCG:ACB
DCH:ACB
DCI:ACB
DCJ:ACB
DD:ACB
DDA:ACB
DDB:ACB
DDC:ACB
DDD:ACB
DDE:ACB
DDF:ACB
DDG:ACB
DDH:ACB
DDI:ACB
DDJ:ACB
DE:ACB
DEA:ACB
DEB:ACB
DEC:ACB
DED:ACB
DEE:ACB
DEF:ACB
DEG:ACB
DEH:ACB
DEI:ACB
DEJ:ACB
DF:ACB
DFA:ACB
DFB:ACB
DFC:ACB
DFD:ACB
DFE:ACB
DFF:ACB
DFG:ACB
DFH:ACB
DFI:ACB
DFJ:ACB
DG:ACB
DGA:ACB
DGB:ACB
DGC:ACB
DGD:ACB
DGE:ACB
DGF:ACB
DGG:ACB
DGH:ACB
DGI:ACB
DGJ:ACB
DH:ACB
DHA:ACB
DHB:ACB
DHC:ACB
DHD:ACB
DHE:ACB
DHF:ACB
DHG:ACB
DHH:ACB
DHI:ACB
DHJ:ACB
DI:ACB
DIA:ACB
DIB:ACB
DIC:ACB
DID:ACB
DIE:ACB
DIF:ACB
DIG:ACB
DIH:ACB
DII:ACB
DIJ:ACB
DJ:ACB
DJA:ACB
DJB:ACB
DJC:ACB
DJD:ACB
DJE:ACB
DJF:ACB
DJG:ACB
DJH:ACB
DJI:ACB
DJJ:ACB
E:ACB
EA:ACB
EAA:ACB
EAB:ACB
EAC:ACB
EAD:ACB
EAE:ACB
EAF:ACB
EAG:ACB
EAH:ACB
EAI:ACB
EAJ:ACB
EB:ACB
EBA:ACB
EBB:ACB
EBC:ACB
EBD:ACB
EBE:ACB
EBF:ACB
EBG:ACB
EBH:ACB
EBI:ACB
EBJ:ACB
EC:ACB
ECA:ACB
ECB:ACB
ECC:ACB
ECD:ACB
ECE:ACB
ECF:ACB
ECG:ACB
ECH:ACB
ECI:ACB
ECJ:ACB
ED:ACB
EDA:ACB
EDB:ACB
EDC:ACB
EDD:ACB
EDE:ACB
EDF:ACB
EDG:ACB
EDH:ACB
EDI:ACB
EDJ:ACB
EE:ACB
EEA:ACB
EEB:ACB
EEC:ACB
EED:ACB
EEE:ACB
EEF:ACB
EEG:ACB
EEH:ACB
EEI:ACB
EEJ:ACB
EF:ACB
EFA:ACB
EFB:ACB
EFC:ACB
EFD:ACB
EFE:ACB
EFF:ACB
EFG:ACB
EFH:ACB
EFI:ACB
EFJ:ACB
EG:ACB
EGA:ACB
EGB:ACB
EGC:ACB
EGD:ACB
EGE:ACB
EGF:ACB
EGG:ACB
EGH:ACB
EGI:ACB
EGJ:ACB
EH:ACB
EHA:ACB
EHB:ACB
EHC:ACB
EHD:ACB
EHE:ACB
EHF:ACB
EHG:ACB
EHH:ACB
EHI:ACB
EHJ:ACB
EI:ACB
EIA:ACB
EIB:ACB
EIC:ACB
EID:ACB
EIE:ACB
EIF:ACB
EIG:ACB
EIH:ACB
EII:ACB
EIJ:ACB
EJ:ACB
EJA:ACB
EJB:ACB
EJC:ACB
EJD:ACB
EJE:ACB
EJF:ACB
EJG:ACB
EJH:ACB
EJI:ACB
EJJ:ACB
F:ACB
FA:ACB
FAA:ACB
FAB:ACB
FAC:ACB
FAD:ACB
FAE:ACB
FAF:ACB
FAG:ACB
FAH:ACB
FAI:ACB
FAJ:ACB
FB:ACB
FBA:ACB
FBB:ACB
FBC:ACB
FBD:ACB
FBE:ACB
FBF:ACB
FBG:ACB
FBH:ACB
FBI:ACB
FBJ:ACB
FC:ACB
FCA:ACB
FCB:ACB
FCC:ACB
FCD:ACB
FCE:ACB
FCF:ACB
FCG:ACB
FCH:ACB
FCI:ACB
FCJ:ACB
FD:ACB
FDA:ACB
FDB:ACB
FDC:ACB
FDD:ACB
FDE:ACB
FDF:ACB
FDG:ACB
FDH:ACB
FDI:ACB
FDJ:ACB
FE:ACB
FEA:ACB
FEB:ACB
FEC:ACB
FED:ACB
FEE:ACB
FEF:ACB
FEG:ACB
FEH:ACB
FEI:ACB
FEJ:ACB
FF:ACB
FFA:ACB
FFB:ACB
FFC:ACB
FFD:ACB
FFE:ACB
FFF:ACB
FFG:ACB
FFH:ACB
FFI:ACB
FFJ:ACB
FG:ACB
FGA:ACB
FGB:ACB
FGC:ACB
FGD:ACB
FGE:ACB
FGF:ACB
FGG:ACB
FGH:ACB
FGI:ACB
FGJ:ACB
FH:ACB
FHA:ACB
FHB:ACB
FHC:ACB
FHD:ACB
FHE:ACB
FHF:ACB
FHG:ACB
FHH:ACB
FHI:ACB
FHJ:ACB
FI:ACB
FIA:ACB
FIB:ACB
FIC:ACB
FID:ACB
FIE:ACB
FIF:ACB
FIG:ACB
FIH:ACB
FII:ACB
FIJ:ACB
FJ:ACB
FJA:ACB
FJB:ACB
FJC:ACB
FJD:ACB
FJE:ACB
FJF:ACB
FJG:ACB
FJH:ACB
FJI:ACB
FJJ:ACB
G:ACB
GA:ACB
GB:ACB
GC:ACB
GD:ACB
GE:ACB
GF:ACB
GG:ACB
GH:ACB
GI:ACB
GJ:ACB
H:ACB
HA:ACB
HB:ACB
HC:ACB
HD:ACB
HE:ACB
HF:ACB
HG:ACB
HH:ACB
HI:ACB
HJ:ACB
I:ACB
IA:ACB
IB:ACB
IC:ACB
ID:ACB
IE:ACB
IF:ACB
IG:ACB
IH:ACB
II:ACB
IJ:ACB
J:ACB
JA:ACB
JB:ACB
JC:ACB
JD:ACB
JE:ACB
JF:ACB
JG:ACB
JH:ACB
JI:ACB
JJ:ACB
-----
A:ACB
AA:ACB
B:ACB
BA:ACB
BAA:ACB
BAB:ACB
BAC:ACB
BAD:ACB
BAE:ACB
BAF:ACB
BAG:ACB
BAH:ACB
BAI:ACB
BAJ:ACB
BB:ACB
BBA:ACB
BBB:ACB
BBC:ACB
BBD:ACB
BBE:ACB
BBF:ACB
BBG:ACB
BBH:ACB
BBI:ACB
BBJ:ACB
BC:ACB
BCA:ACB
BCB:ACB
BCC:ACB
BCD:ACB
BCE:ACB
BCF:ACB
BCG:ACB
BCH:ACB
BCI:ACB
BCJ:ACB
BD:ACB
BDA:ACB
BDB:ACB
BDC:ACB
BDD:ACB
BDE:ACB
BDF:ACB
BDG:ACB
BDH:ACB
BDI:ACB
BDJ:ACB
BE:ACB
BEA:ACB
BEB:ACB
BEC:ACB
BED:ACB
BEE:ACB
BEF:ACB
BEG:ACB
BEH:ACB
BEI:ACB
BEJ:ACB
BF:ACB
BFA:ACB
BFB:ACB
BFC:ACB
BFD:ACB
BFE:ACB
BFF:ACB
BFG:ACB
BFH:ACB
BFI:ACB
BFJ:ACB
BG:ACB
BGA:ACB
BGB:ACB
BGC:ACB
BGD:ACB
BGE:ACB
BGF:ACB
BGG:ACB
BGH:ACB
BGI:ACB
BGJ:ACB
BH:ACB
BHA:ACB
BHB:ACB
BHC:ACB
BHD:ACB
BHE:ACB
BHF:ACB
BHG:ACB
BHH:ACB
BHI:ACB
BHJ:ACB
BI:ACB
BIA:ACB
BIB:ACB
BIC:ACB
BID:ACB
BIE:ACB
BIF:ACB
BIG:ACB
BIH:ACB
BII:ACB
BIJ:ACB
BJ:ACB
BJA:ACB
BJB:ACB
BJC:ACB
BJD:ACB
BJE:ACB
BJF:ACB
BJG:ACB
BJH:ACB
BJI:ACB
BJJ:ACB
C:ACB
CA:ACB
CAA:ACB
CAB:ACB
CAC:ACB
CAD:ACB
CAE:ACB
CAF:ACB
CAG:ACB
CAH:ACB
CAI:ACB
CAJ:ACB
CB:ACB
CBA:ACB
CBB:ACB
CBC:ACB
CBD:ACB
CBE:ACB
CBF:ACB
CBG:ACB
CBH:ACB
CBI:ACB
CBJ:ACB
CC:ACB
CCA:ACB
CCB:ACB
CCC:ACB
CCD:ACB
CCE:ACB
CCF:ACB
CCG:ACB
CCH:ACB
CCI:ACB
CCJ:ACB
CD:ACB
CDA:ACB
CDB:ACB
CDC:ACB
CDD:ACB
CDE:ACB
CDF:ACB
CDG:ACB
CDH:ACB
CDI:ACB
CDJ:ACB
CE:ACB
CEA:ACB
CEB:ACB
CEC:ACB
CED:ACB
CEE:ACB
CEF:ACB
CEG:ACB
CEH:ACB
CEI:ACB
CEJ:ACB
CF:ACB
CFA:ACB
CFB:ACB
CFC:ACB
CFD:ACB
CFE:ACB
CFF:ACB
CFG:ACB
CFH:ACB
CFI:ACB
CFJ:ACB
CG:ACB
CGA:ACB
CGB:ACB
CGC:ACB
CGD:ACB
CGE:ACB
CGF:ACB
CGG:ACB
CGH:ACB
CGI:ACB
CGJ:ACB
CH:ACB
CHA:ACB
CHB:ACB
CHC:ACB
CHD:ACB
CHE:ACB
CHF:ACB
CHG:ACB
CHH:ACB
CHI:ACB
CHJ:ACB
CI:ACB
CIA:ACB
CIB:ACB
CIC:ACB
CID:ACB
CIE:ACB
CIF:ACB
CIG:ACB
CIH:ACB
CII:ACB
CIJ:ACB
CJ:ACB
CJA:ACB
CJB:ACB
CJC:ACB
CJD:ACB
CJE:ACB
CJF:ACB
CJG:ACB
CJH:ACB
CJI:ACB
CJJ:ACB
D:ACB
DA:ACB
DAA:ACB
DAB:ACB
DAC:ACB
DAD:ACB
DAE:ACB
DAF:ACB
DAG:ACB
DAH:ACB
DAI:ACB
DAJ:ACB
DB:ACB
DBA:ACB
DBB:ACB
DBC:ACB
DBD:ACB
DBE:ACB
DBF:ACB
DBG:ACB
DBH:ACB
DBI:ACB
DBJ:ACB
DC:ACB
DCA:ACB
DCB:ACB
DCC:ACB
DCD:ACB
DCE:ACB
DCF:ACB
DCG:ACB
DCH:ACB
DCI:ACB
DCJ:ACB
DD:ACB
DDA:ACB
DDB:ACB
DDC:ACB
DDD:ACB
DDE:ACB
DDF:ACB
DDG:ACB
DDH:ACB
DDI:ACB
DDJ:ACB
DE:ACB
DEA:ACB
DEB:ACB
DEC:ACB
DED:ACB
DEE:ACB
DEF:ACB
DEG:ACB
DEH:ACB
DEI:ACB
DEJ:ACB
DF:ACB
DFA:ACB
DFB:ACB
DFC:ACB
DFD:ACB
DFE:ACB
DFF:ACB
DFG:ACB
DFH:ACB
DFI:ACB
DFJ:ACB
DG:ACB
DGA:ACB
DGB:ACB
DGC:ACB
DGD:ACB
DGE:ACB
DGF:ACB
DGG:ACB
DGH:ACB
DGI:ACB
DGJ:ACB
DH:ACB
DHA:ACB
DHB:ACB
DHC:ACB
DHD:ACB
DHE:ACB
DHF:ACB
DHG:ACB
DHH:ACB
DHI:ACB
DHJ:ACB
DI:ACB
DIA:ACB
DIB:ACB
DIC:ACB
DID:ACB
DIE:ACB
DIF:ACB
DIG:ACB
DIH:ACB
DII:ACB
DIJ:ACB
DJ:ACB
DJA:ACB
DJB:ACB
DJC:ACB
DJD:ACB
DJE:ACB
DJF:ACB
DJG:ACB
DJH:ACB
DJI:ACB
DJJ:ACB
E:ACB
EA:ACB
EAA:ACB
EAB:ACB
EAC:ACB
EAD:ACB
EAE:ACB
EAF:ACB
EAG:ACB
EAH:ACB
EAI:ACB
EAJ:ACB
EB:ACB
EBA:ACB
EBB:ACB
EBC:ACB
EBD:ACB
EBE:ACB
EBF:ACB
EBG:ACB
EBH:ACB
EBI:ACB
EBJ:ACB
EC:ACB
ECA:ACB
ECB:ACB
ECC:ACB
ECD:ACB
ECE:ACB
ECF:ACB
ECG:ACB
ECH:ACB
ECI:ACB
ECJ:ACB
ED:ACB
EDA:ACB
EDB:ACB
EDC:ACB
EDD:ACB
EDE:ACB
EDF:ACB
EDG:ACB
EDH:ACB
EDI:ACB
EDJ:ACB
EE:ACB
EEA:ACB
EEB:ACB
EEC:ACB
EED:ACB
EEE:ACB
EEF:ACB
EEG:ACB
EEH:ACB
EEI:ACB
EEJ:ACB
EF:ACB
EFA:ACB
EFB:ACB
EFC:ACB
EFD:ACB
EFE:ACB
EFF:ACB
EFG:ACB
EFH:ACB
EFI:ACB
EFJ:ACB
EG:ACB
EGA:ACB
EGB:ACB
EGC:ACB
EGD:ACB
EGE:ACB
EGF:ACB
EGG:ACB
EGH:ACB
EGI:ACB
EGJ:ACB
EH:ACB
EHA:ACB
EHB:ACB
EHC:ACB
EHD:ACB
EHE:ACB
EHF:ACB
EHG:ACB
EHH:ACB
EHI:ACB
EHJ:ACB
EI:ACB
EIA:ACB
EIB:ACB
EIC:ACB
EID:ACB
EIE:ACB
EIF:ACB
EIG:ACB
EIH:ACB
EII:ACB
EIJ:ACB
EJ:ACB
EJA:ACB
EJB:ACB
EJC:ACB
EJD:ACB
EJE:ACB
EJF:ACB
EJG:ACB
EJH:ACB
EJI:ACB
EJJ:ACB
F:ACB
FA:ACB
FAA:ACB
FAB:ACB
FAC:ACB
FAD:ACB
FAE:ACB
FAF:ACB
FAG:ACB
FAH:ACB
FAI:ACB
FAJ:ACB
FB:ACB
FBA:ACB
FBB:ACB
FBC:ACB
FBD:ACB
FBE:ACB
FBF:ACB
FBG:ACB
FBH:ACB
FBI:ACB
FBJ:ACB
FC:ACB
FCA:ACB
FCB:ACB
FCC:ACB
FCD:ACB
FCE:ACB
FCF:ACB
FCG:ACB
FCH:ACB
FCI:ACB
FCJ:ACB
FD:ACB
FDA:ACB
FDB:ACB
FDC:ACB
FDD:ACB
FDE:ACB
FDF:ACB
FDG:ACB
FDH:ACB
FDI:ACB
FDJ:ACB
FE:ACB
FEA:ACB
FEB:ACB
FEC:ACB
FED:ACB
FEE:ACB
FEF:ACB
FEG:ACB
FEH:ACB
FEI:ACB
FEJ:ACB
FF:ACB
FFA:ACB
FFB:ACB
FFC:ACB
FFD:ACB
FFE:ACB
FFF:ACB
FFG:ACB
FFH:ACB
FFI:ACB
FFJ:ACB
FG:ACB
FGA:ACB
FGB:ACB
FGC:ACB
FGD:ACB
FGE:ACB
FGF:ACB
FGG:ACB
FGH:ACB
FGI:ACB
FGJ:ACB
FH:ACB
FHA:ACB
FHB:ACB
FHC:ACB
FHD:ACB
FHE:ACB
FHF:ACB
FHG:ACB
FHH:ACB
FHI:ACB
FHJ:ACB
FI:ACB
FIA:ACB
FIB:ACB
FIC:ACB
FID:ACB
FIE:ACB
FIF:ACB
FIG:ACB
FIH:ACB
FII:ACB
FIJ:ACB
FJ:ACB
FJA:ACB
FJB:ACB
FJC:ACB
FJD:ACB
FJE:ACB
FJF:ACB
FJG:ACB
FJH:ACB
FJI:ACB
FJJ:ACB
G:ACB
GA:ACB
GB:ACB
GC:ACB
GD:ACB
GE:ACB
GF:ACB
GG:ACB
GH:ACB
GI:ACB
GJ:ACB
H:ACB
HA:ACB
HB:ACB
HC:ACB
HD:ACB
HE:ACB
HF:ACB
HG:ACB
HH:ACB
HI:ACB
HJ:ACB
I:ACB
IA:ACB
IB:ACB
IC:ACB
ID:ACB
IE:ACB
IF:ACB
IG:ACB
IH:ACB
II:ACB
IJ:ACB
J:ACB
JA:ACB
JB:ACB
JC:ACB
JD:ACB
JE:ACB
JF:ACB
JG:ACB
JH:ACB
JI:ACB
JJ:ACB
-----
A:ACB
AA:ACB
B:ACB
BA:ACB
BAA:ACB
BAB:ACB
BAC:ACB
BAD:ACB
BAE:ACB
BAF:ACB
BAG:ACB
BAH:ACB
BAI:ACB
BAJ:ACB
BB:ACB
BBA:ACB
BBB:ACB
BBC:ACB
BBD:ACB
BBE:ACB
BBF:ACB
BBG:ACB
BBH:ACB
BBI:ACB
BBJ:ACB
BC:ACB
BCA:ACB
BCB:ACB
BCC:ACB
BCD:ACB
BCE:ACB
BCF:ACB
BCG:ACB
BCH:ACB
BCI:ACB
BCJ:ACB
BD:ACB
BDA:ACB
BDB:ACB
BDC:ACB
BDD:ACB
BDE:ACB
BDF:ACB
BDG:ACB
BDH:ACB
BDI:ACB
BDJ:ACB
BE:ACB
BEA:ACB
BEB:ACB
BEC:ACB
BED:ACB
BEE:ACB
BEF:ACB
BEG:ACB
BEH:ACB
BEI:ACB
BEJ:ACB
BF:ACB
BFA:ACB
BFB:ACB
BFC:ACB
BFD:ACB
BFE:ACB
BFF:ACB
BFG:ACB
BFH:ACB
BFI:ACB
BFJ:ACB
BG:ACB
BGA:ACB
BGB:ACB
BGC:ACB
BGD:ACB
BGE:ACB
BGF:ACB
BGG:ACB
BGH:ACB
BGI:ACB
BGJ:ACB
BH:ACB
BHA:ACB
BHB:ACB
BHC:ACB
BHD:ACB
BHE:ACB
BHF:ACB
BHG:ACB
BHH:ACB
BHI:ACB
BHJ:ACB
BI:ACB
BIA:ACB
BIB:ACB
BIC:ACB
BID:ACB
BIE:ACB
BIF:ACB
BIG:ACB
BIH:ACB
BII:ACB
BIJ:ACB
BJ:ACB
BJA:ACB
BJB:ACB
BJC:ACB
BJD:ACB
BJE:ACB
BJF:ACB
BJG:ACB
BJH:ACB
BJI:ACB
BJJ:ACB
C:ACB
CA:ACB
CAA:ACB
CAB:ACB
CAC:ACB
CAD:ACB
CAE:ACB
CAF:ACB
CAG:ACB
CAH:ACB
CAI:ACB
CAJ:ACB
CB:ACB
CBA:ACB
CBB:ACB
CBC:ACB
CBD:ACB
CBE:ACB
CBF:ACB
CBG:ACB
CBH:ACB
CBI:ACB
CBJ:ACB
CC:ACB
CCA:ACB
CCB:ACB
CCC:ACB
CCD:ACB
CCE:ACB
CCF:ACB
CCG:ACB
CCH:ACB
CCI:ACB
CCJ:ACB
CD:ACB
CDA:ACB
CDB:ACB
CDC:ACB
CDD:ACB
CDE:ACB
CDF:ACB
CDG:ACB
CDH:ACB
CDI:ACB
CDJ:ACB
CE:ACB
CEA:ACB
CEB:ACB
CEC:ACB
CED:ACB
CEE:ACB
CEF:ACB
CEG:ACB
CEH:ACB
CEI:ACB
CEJ:ACB
CF:ACB
CFA:ACB
CFB:ACB
CFC:ACB
CFD:ACB
CFE:ACB
CFF:ACB
CFG:ACB
CFH:ACB
CFI:ACB
CFJ:ACB
CG:ACB
CGA:ACB
CGB:ACB
CGC:ACB
CGD:ACB
CGE:ACB
CGF:ACB
CGG:ACB
CGH:ACB
CGI:ACB
CGJ:ACB
CH:ACB
CHA:ACB
CHB:ACB
CHC:ACB
CHD:ACB
CHE:ACB
CHF:ACB
CHG:ACB
CHH:ACB
CHI:ACB
CHJ:ACB
CI:ACB
CIA:ACB
CIB:ACB
CIC:ACB
CID:ACB
CIE:ACB
CIF:ACB
CIG:ACB
CIH:ACB
CII:ACB
CIJ:ACB
CJ:ACB
CJA:ACB
CJB:ACB
CJC:ACB
CJD:ACB
CJE:ACB
CJF:ACB
CJG:ACB
CJH:ACB
CJI:ACB
CJJ:ACB
D:ACB
DA:ACB
DAA:ACB
DAB:ACB
DAC:ACB
DAD:ACB
DAE:ACB
DAF:ACB
DAG:ACB
DAH:ACB
DAI:ACB
DAJ:ACB
DB:ACB
DBA:ACB
DBB:ACB
DBC:ACB
DBD:ACB
DBE:ACB
DBF:ACB
DBG:ACB
DBH:ACB
DBI:ACB
DBJ:ACB
DC:ACB
DCA:ACB
DCB:ACB
DCC:ACB
DCD:ACB
DCE:ACB
DCF:ACB
DCG:ACB
DCH:ACB
DCI:ACB
DCJ:ACB
DD:ACB
DDA:ACB
DDB:ACB
DDC:ACB
DDD:ACB
DDE:ACB
DDF:ACB
DDG:ACB
DDH:ACB
DDI:ACB
DDJ:ACB
DE:ACB
DEA:ACB
DEB:ACB
DEC:ACB
DED:ACB
DEE:ACB
DEF:ACB
DEG:ACB
DEH:ACB
DEI:ACB
DEJ:ACB
DF:ACB
DFA:ACB
DFB:ACB
DFC:ACB
DFD:ACB
DFE:ACB
DFF:ACB
DFG:ACB
DFH:ACB
DFI:ACB
DFJ:ACB
DG:ACB
DGA:ACB
DGB:ACB
DGC:ACB
DGD:ACB
DGE:ACB
DGF:ACB
DGG:ACB
DGH:ACB
DGI:ACB
DGJ:ACB
DH:ACB
DHA:ACB
DHB:ACB
DHC:ACB
DHD:ACB
DHE:ACB
DHF:ACB
DHG:ACB
DHH:ACB
DHI:ACB
DHJ:ACB
DI:ACB
DIA:ACB
DIB:ACB
DIC:ACB
DID:ACB
DIE:ACB
DIF:ACB
DIG:ACB
DIH:ACB
DII:ACB
DIJ:ACB
DJ:ACB
DJA:ACB
DJB:ACB
DJC:ACB
DJD:ACB
DJE:ACB
DJF:ACB
DJG:ACB
DJH:ACB
DJI:ACB
DJJ:ACB
E:ACB
EA:ACB
EAA:ACB
EAB:ACB
EAC:ACB
EAD:ACB
EAE:ACB
EAF:ACB
EAG:ACB
EAH:ACB
EAI:ACB
EAJ:ACB
EB:ACB
EBA:ACB
EBB:ACB
EBC:ACB
EBD:ACB
EBE:ACB
EBF:ACB
EBG:ACB
EBH:ACB
EBI:ACB
EBJ:ACB
EC:ACB
ECA:ACB
ECB:ACB
ECC:ACB
ECD:ACB
ECE:ACB
ECF:ACB
ECG:ACB
ECH:ACB
ECI:ACB
ECJ:ACB
ED:ACB
EDA:ACB
EDB:ACB
EDC:ACB
EDD:ACB
EDE:ACB
EDF:ACB
EDG:ACB
EDH:ACB
EDI:ACB
EDJ:ACB
EE:ACB
EEA:ACB
EEB:ACB
EEC:ACB
EED:ACB
EEE:ACB
EEF:ACB
EEG:ACB
EEH:ACB
EEI:ACB
EEJ:ACB
EF:ACB
EFA:ACB
EFB:ACB
EFC:ACB
EFD:ACB
EFE:ACB
EFF:ACB
EFG:ACB
EFH:ACB
EFI:ACB
EFJ:ACB
EG:ACB
EGA:ACB
EGB:ACB
EGC:ACB
EGD:ACB
EGE:ACB
EGF:ACB
EGG:ACB
EGH:ACB
EGI:ACB
EGJ:ACB
EH:ACB
EHA:ACB
EHB:ACB
EHC:ACB
EHD:ACB
EHE:ACB
EHF:ACB
EHG:ACB
EHH:ACB
EHI:ACB
EHJ:ACB
EI:ACB
EIA:ACB
EIB:ACB
EIC:ACB
EID:ACB
EIE:ACB
EIF:ACB
EIG:ACB
EIH:ACB
EII:ACB
EIJ:ACB
EJ:ACB
EJA:ACB
EJB:ACB
EJC:ACB
EJD:ACB
EJE:ACB
EJF:ACB
EJG:ACB
EJH:ACB
EJI:ACB
EJJ:ACB
F:ACB
FA:ACB
FAA:ACB
FAB:ACB
FAC:ACB
FAD:ACB
FAE:ACB
FAF:ACB
FAG:ACB
FAH:ACB
FAI:ACB
FAJ:ACB
FB:ACB
FBA:ACB
FBB:ACB
FBC:ACB
FBD:ACB
FBE:ACB
FBF:ACB
FBG:ACB
FBH:ACB
FBI:ACB
FBJ:ACB
FC:ACB
FCA:ACB
FCB:ACB
FCC:ACB
FCD:ACB
FCE:ACB
FCF:ACB
FCG:ACB
FCH:ACB
FCI:ACB
FCJ:ACB
FD:ACB
FDA:ACB
FDB:ACB
FDC:ACB
FDD:ACB
FDE:ACB
FDF:ACB
FDG:ACB
FDH:ACB
FDI:ACB
FDJ:ACB
FE:ACB
FEA:ACB
FEB:ACB
FEC:ACB
FED:ACB
FEE:ACB
FEF:ACB
FEG:ACB
FEH:ACB
FEI:ACB
FEJ:ACB
FF:ACB
FFA:ACB
FFB:ACB
FFC:ACB
FFD:ACB
FFE:ACB
FFF:ACB
FFG:ACB
FFH:ACB
FFI:ACB
FFJ:ACB
FG:ACB
FGA:ACB
FGB:ACB
FGC:ACB
FGD:ACB
FGE:ACB
FGF:ACB
FGG:ACB
FGH:ACB
FGI:ACB
FGJ:ACB
FH:ACB
FHA:ACB
FHB:ACB
FHC:ACB
FHD:ACB
FHE:ACB
FHF:ACB
FHG:ACB
FHH:ACB
FHI:ACB
FHJ:ACB
FI:ACB
FIA:ACB
FIB:ACB
FIC:ACB
FID:ACB
FIE:ACB
FIF:ACB
FIG:ACB
FIH:ACB
FII:ACB
FIJ:ACB
FJ:ACB
FJA:ACB
FJB:ACB
FJC:ACB
FJD:ACB
FJE:ACB
FJF:ACB
FJG:ACB
FJH:ACB
FJI:ACB
FJJ:ACB
G:ACB
GA:ACB
GB:ACB
GC:ACB
GD:ACB
GE:ACB
GF:ACB
GG:ACB
GH:ACB
GI:ACB
GJ:ACB
H:ACB
HA:ACB
HB:ACB
HC:ACB
HD:ACB
HE:ACB
HF:ACB
HG:ACB
HH:ACB
HI:ACB
HJ:ACB
I:ACB
IA:ACB
IB:ACB
IC:ACB
ID:ACB
IE:ACB
IF:ACB
IG:ACB
IH:ACB
II:ACB
IJ:ACB
J:ACB
JA:ACB
JB:ACB
JC:ACB
JD:ACB
JE:ACB
JF:ACB
JG:ACB
JH:ACB
JI:ACB
JJ:ACB
-----
A:ACB
AA:ACB
B:ACB
BA:ACB
BAA:ACB
BAB:ACB
BAC:ACB
BAD:ACB
BAE:ACB
BAF:ACB
BAG:ACB
BAH:ACB
BAI:ACB
BAJ:ACB
BB:ACB
BBA:ACB
BBB:ACB
BBC:ACB
BBD:ACB
BBE:ACB
BBF:ACB
BBG:ACB
BBH:ACB
BBI:ACB
BBJ:ACB
BC:ACB
BCA:ACB
BCB:ACB
BCC:ACB
BCD:ACB
BCE:ACB
BCF:ACB
BCG:ACB
BCH:ACB
BCI:ACB
BCJ:ACB
BD:ACB
BDA:ACB
BDB:ACB
BDC:ACB
BDD:ACB
BDE:ACB
BDF:ACB
BDG:ACB
BDH:ACB
BDI:ACB
BDJ:ACB
BE:ACB
BEA:ACB
BEB:ACB
BEC:ACB
BED:ACB
BEE:ACB
BEF:ACB
BEG:ACB
BEH:ACB
BEI:ACB
BEJ:ACB
BF:ACB
BFA:ACB
BFB:ACB
BFC:ACB
BFD:ACB
BFE:ACB
BFF:ACB
BFG:ACB
BFH:ACB
BFI:ACB
BFJ:ACB
BG:ACB
BGA:ACB
BGB:ACB
BGC:ACB
BGD:ACB
BGE:ACB
BGF:ACB
BGG:ACB
BGH:ACB
BGI:ACB
BGJ:ACB
BH:ACB
BHA:ACB
BHB:ACB
BHC:ACB
BHD:ACB
BHE:ACB
BHF:ACB
BHG:ACB
BHH:ACB
BHI:ACB
BHJ:ACB
BI:ACB
BIA:ACB
BIB:ACB
BIC:ACB
BID:ACB
BIE:ACB
BIF:ACB
BIG:ACB
BIH:ACB
BII:ACB
BIJ:ACB
BJ:ACB
BJA:ACB
BJB:ACB
BJC:ACB
BJD:ACB
BJE:ACB
BJF:ACB
BJG:ACB
BJH:ACB
BJI:ACB
BJJ:ACB
C:ACB
CA:ACB
CAA:ACB
CAB:ACB
CAC:ACB
CAD:ACB
CAE:ACB
CAF:ACB
CAG:ACB
CAH:ACB
CAI:ACB
CAJ:ACB
CB:ACB
CBA:ACB
CBB:ACB
CBC:ACB
CBD:ACB
CBE:ACB
CBF:ACB
CBG:ACB
CBH:ACB
CBI:ACB
CBJ:ACB
CC:ACB
CCA:ACB
CCB:ACB
CCC:ACB
CCD:ACB
CCE:ACB
CCF:ACB
CCG:ACB
CCH:ACB
CCI:ACB
CCJ:ACB
CD:ACB
CDA:ACB
CDB:ACB
CDC:ACB
CDD:ACB
CDE:ACB
CDF:ACB
CDG:ACB
CDH:ACB
CDI:ACB
CDJ:ACB
CE:ACB
CEA:ACB
CEB:ACB
CEC:ACB
CED:ACB
CEE:ACB
CEF:ACB
CEG:ACB
CEH:ACB
CEI:ACB
CEJ:ACB
CF:ACB
CFA:ACB
CFB:ACB
CFC:ACB
CFD:ACB
CFE:ACB
CFF:ACB
CFG:ACB
CFH:ACB
CFI:ACB
CFJ:ACB
CG:ACB
CGA:ACB
CGB:ACB
CGC:ACB
CGD:ACB
CGE:ACB
CGF:ACB
CGG:ACB
CGH:ACB
CGI:ACB
CGJ:ACB
CH:ACB
CHA:ACB
CHB:ACB
CHC:ACB
CHD:ACB
CHE:ACB
CHF:ACB
CHG:ACB
CHH:ACB
CHI:ACB
CHJ:ACB
CI:ACB
CIA:ACB
CIB:ACB
CIC:ACB
CID:ACB
CIE:ACB
CIF:ACB
CIG:ACB
CIH:ACB
CII:ACB
CIJ:ACB
CJ:ACB
CJA:ACB
CJB:ACB
CJC:ACB
CJD:ACB
CJE:ACB
CJF:ACB
CJG:ACB
CJH:ACB
CJI:ACB
CJJ:ACB
D:ACB
DA:ACB
DAA:ACB
DAB:ACB
DAC:ACB
DAD:ACB
DAE:ACB
DAF:ACB
DAG:ACB
DAH:ACB
DAI:ACB
DAJ:ACB
DB:ACB
DBA:ACB
DBB:ACB
DBC:ACB
DBD:ACB
DBE:ACB
DBF:ACB
DBG:ACB
DBH:ACB
DBI:ACB
DBJ:ACB
DC:ACB
DCA:ACB
DCB:ACB
DCC:ACB
DCD:ACB
DCE:ACB
DCF:ACB
DCG:ACB
DCH:ACB
DCI:ACB
DCJ:ACB
DD:ACB
DDA:ACB
DDB:ACB
DDC:ACB
DDD:ACB
DDE:ACB
DDF:ACB
DDG:ACB
DDH:ACB
DDI:ACB
DDJ:ACB
DE:ACB
DEA:ACB
DEB:ACB
DEC:ACB
DED:ACB
DEE:ACB
DEF:ACB
DEG:ACB
DEH:ACB
DEI:ACB
DEJ:ACB
DF:ACB
DFA:ACB
DFB:ACB
DFC:ACB
DFD:ACB
DFE:ACB
DFF:ACB
DFG:ACB
DFH:ACB
DFI:ACB
DFJ:ACB
DG:ACB
DGA:ACB
DGB:ACB
DGC:ACB
DGD:ACB
DGE:ACB
DGF:ACB
DGG:ACB
DGH:ACB
DGI:ACB
DGJ:ACB
DH:ACB
DHA:ACB
DHB:ACB
DHC:ACB
DHD:ACB
DHE:ACB
DHF:ACB
DHG:ACB
DHH:ACB
DHI:ACB
DHJ:ACB
DI:ACB
DIA:ACB
DIB:ACB
DIC:ACB
DID:ACB
DIE:ACB
DIF:ACB
DIG:ACB
DIH:ACB
DII:ACB
DIJ:ACB
DJ:ACB
DJA:ACB
DJB:ACB
DJC:ACB
DJD:ACB
DJE:ACB
DJF:ACB
DJG:ACB
DJH:ACB
DJI:ACB
DJJ:ACB
E:ACB
EA:ACB
EAA:ACB
EAB:ACB
EAC:ACB
EAD:ACB
EAE:ACB
EAF:ACB
EAG:ACB
EAH:ACB
EAI:ACB
EAJ:ACB
EB:ACB
EBA:ACB
EBB:ACB
EBC:ACB
EBD:ACB
EBE:ACB
EBF:ACB
EBG:ACB
EBH:ACB
EBI:ACB
EBJ:ACB
EC:ACB
ECA:ACB
ECB:ACB
ECC:ACB
ECD:ACB
ECE:ACB
ECF:ACB
ECG:ACB
ECH:ACB
ECI:ACB
ECJ:ACB
ED:ACB
EDA:ACB
EDB:ACB
EDC:ACB
EDD:ACB
EDE:ACB
EDF:ACB
EDG:ACB
EDH:ACB
EDI:ACB
EDJ:ACB
EE:ACB
EEA:ACB
EEB:ACB
EEC:ACB
EED:ACB
EEE:ACB
EEF:ACB
EEG:ACB
EEH:ACB
EEI:ACB
EEJ:ACB
EF:ACB
EFA:ACB
EFB:ACB
EFC:ACB
EFD:ACB
EFE:ACB
EFF:ACB
EFG:ACB
EFH:ACB
EFI:ACB
EFJ:ACB
EG:ACB
EGA:ACB
EGB:ACB
EGC:ACB
EGD:ACB
EGE:ACB
EGF:ACB
EGG:ACB
EGH:ACB
EGI:ACB
EGJ:ACB
EH:ACB
EHA:ACB
EHB:ACB
EHC:ACB
EHD:ACB
EHE:ACB
EHF:ACB
EHG:ACB
EHH:ACB
EHI:ACB
EHJ:ACB
EI:ACB
EIA:ACB
EIB:ACB
EIC:ACB
EID:ACB
EIE:ACB
EIF:ACB
EIG:ACB
EIH:ACB
EII:ACB
EIJ:ACB
EJ:ACB
EJA:ACB
EJB:ACB
EJC:ACB
EJD:ACB
EJE:ACB
EJF:ACB
EJG:ACB
EJH:ACB
EJI:ACB
EJJ:ACB
F:ACB
FA:ACB
FAA:ACB
FAB:ACB
FAC:ACB
FAD:ACB
FAE:ACB
FAF:ACB
FAG:ACB
FAH:ACB
FAI:ACB
FAJ:ACB
FB:ACB
FBA:ACB
FBB:ACB
FBC:ACB
FBD:ACB
FBE:ACB
FBF:ACB
FBG:ACB
FBH:ACB
FBI:ACB
FBJ:ACB
FC:ACB
FCA:ACB
FCB:ACB
FCC:ACB
FCD:ACB
FCE:ACB
FCF:ACB
FCG:ACB
FCH:ACB
FCI:ACB
FCJ:ACB
FD:ACB
FDA:ACB
FDB:ACB
FDC:ACB
FDD:ACB
FDE:ACB
FDF:ACB
FDG:ACB
FDH:ACB
FDI:ACB
FDJ:ACB
FE:ACB
FEA:ACB
FEB:ACB
FEC:ACB
FED:ACB
FEE:ACB
FEF:ACB
FEG:ACB
FEH:ACB
FEI:ACB
FEJ:ACB
FF:ACB
FFA:ACB
FFB:ACB
FFC:ACB
FFD:ACB
FFE:ACB
FFF:ACB
FFG:ACB
FFH:ACB
FFI:ACB
FFJ:ACB
FG:ACB
FGA:ACB
FGB:ACB
FGC:ACB
FGD:ACB
FGE:ACB
FGF:ACB
FGG:ACB
FGH:ACB
FGI:ACB
FGJ:ACB
FH:ACB
FHA:ACB
FHB:ACB
FHC:ACB
FHD:ACB
FHE:ACB
FHF:ACB
FHG:ACB
FHH:ACB
FHI:ACB
FHJ:ACB
FI:ACB
FIA:ACB
FIB:ACB
FIC:ACB
FID:ACB
FIE:ACB
FIF:ACB
FIG:ACB
FIH:ACB
FII:ACB
FIJ:ACB
FJ:ACB
FJA:ACB
FJB:ACB
FJC:ACB
FJD:ACB
FJE:ACB
FJF:ACB
FJG:ACB
FJH:ACB
FJI:ACB
FJJ:ACB
G:ACB
GA:ACB
GB:ACB
GC:ACB
GD:ACB
GE:ACB
GF:ACB
GG:ACB
GH:ACB
GI:ACB
GJ:ACB
H:ACB
HA:ACB
HB:ACB
HC:ACB
HD:ACB
HE:ACB
HF:ACB
HG:ACB
HH:ACB
HI:ACB
HJ:ACB
I:ACB
IA:ACB
IB:ACB
IC:ACB
ID:ACB
IE:ACB
IF:ACB
IG:ACB
IH:ACB
II:ACB
IJ:ACB
J:ACB
JA:ACB
JB:ACB
JC:ACB
JD:ACB
JE:ACB
JF:ACB
JG:ACB
JH:ACB
JI:ACB
JJ:ACB
-----
A:ACB
AA:ACB
B:ACB
BA:ACB
BAA:ACB
BAB:ACB
BAC:ACB
BAD:ACB
BAE:ACB
BAF:ACB
BAG:ACB
BAH:ACB
BAI:ACB
BAJ:ACB
BB:ACB
BBA:ACB
BBB:ACB
BBC:ACB
BBD:ACB
BBE:ACB
BBF:ACB
BBG:ACB
BBH:ACB
BBI:ACB
BBJ:ACB
BC:ACB
BCA:ACB
BCB:ACB
BCC:ACB
BCD:ACB
BCE:ACB
BCF:ACB
BCG:ACB
BCH:ACB
BCI:ACB
BCJ:ACB
BD:ACB
BDA:ACB
BDB:ACB
BDC:ACB
BDD:ACB
BDE:ACB
BDF:ACB
BDG:ACB
BDH:ACB
BDI:ACB
BDJ:ACB
BE:ACB
BEA:ACB
BEB:ACB
BEC:ACB
BED:ACB
BEE:ACB
BEF:ACB
BEG:ACB
BEH:ACB
BEI:ACB
BEJ:ACB
BF:ACB
BFA:ACB
BFB:ACB
BFC:ACB
BFD:ACB
BFE:ACB
BFF:ACB
BFG:ACB
BFH:ACB
BFI:ACB
BFJ:ACB
BG:ACB
BGA:ACB
BGB:ACB
BGC:ACB
BGD:ACB
BGE:ACB
BGF:ACB
BGG:ACB
BGH:ACB
BGI:ACB
BGJ:ACB
BH:ACB
BHA:ACB
BHB:ACB
BHC:ACB
BHD:ACB
BHE:ACB
BHF:ACB
BHG:ACB
BHH:ACB
BHI:ACB
BHJ:ACB
BI:ACB
BIA:ACB
BIB:ACB
BIC:ACB
BID:ACB
BIE:ACB
BIF:ACB
BIG:ACB
BIH:ACB
BII:ACB
BIJ:ACB
BJ:ACB
BJA:ACB
BJB:ACB
BJC:ACB
BJD:ACB
BJE:ACB
BJF:ACB
BJG:ACB
BJH:ACB
BJI:ACB
BJJ:ACB
C:ACB
CA:ACB
CAA:ACB
CAB:ACB
CAC:ACB
CAD:ACB
CAE:ACB
CAF:ACB
CAG:ACB
CAH:ACB
CAI:ACB
CAJ:ACB
CB:ACB
CBA:ACB
CBB:ACB
CBC:ACB
CBD:ACB
CBE:ACB
CBF:ACB
CBG:ACB
CBH:ACB
CBI:ACB
CBJ:ACB
CC:ACB
CCA:ACB
CCB:ACB
CCC:ACB
CCD:ACB
CCE:ACB
CCF:ACB
CCG:ACB
CCH:ACB
CCI:ACB
CCJ:ACB
CD:ACB
CDA:ACB
CDB:ACB
CDC:ACB
CDD:ACB
CDE:ACB
CDF:ACB
CDG:ACB
CDH:ACB
CDI:ACB
CDJ:ACB
CE:ACB
CEA:ACB
CEB:ACB
CEC:ACB
CED:ACB
CEE:ACB
CEF:ACB
CEG:ACB
CEH:ACB
CEI:ACB
CEJ:ACB
CF:ACB
CFA:ACB
CFB:ACB
CFC:ACB
CFD:ACB
CFE:ACB
CFF:ACB
CFG:ACB
CFH:ACB
CFI:ACB
CFJ:ACB
CG:ACB
CGA:ACB
CGB:ACB
CGC:ACB
CGD:ACB
CGE:ACB
CGF:ACB
CGG:ACB
CGH:ACB
CGI:ACB
CGJ:ACB
CH:ACB
CHA:ACB
CHB:ACB
CHC:ACB
CHD:ACB
CHE:ACB
CHF:ACB
CHG:ACB
CHH:ACB
CHI:ACB
CHJ:ACB
CI:ACB
CIA:ACB
CIB:ACB
CIC:ACB
CID:ACB
CIE:ACB
CIF:ACB
CIG:ACB
CIH:ACB
CII:ACB
CIJ:ACB
CJ:ACB
CJA:ACB
CJB:ACB
CJC:ACB
CJD:ACB
CJE:ACB
CJF:ACB
CJG:ACB
CJH:ACB
CJI:ACB
CJJ:ACB
D:ACB
DA:ACB
DAA:ACB
DAB:ACB
DAC:ACB
DAD:ACB
DAE:ACB
DAF:ACB
DAG:ACB
DAH:ACB
DAI:ACB
DAJ:ACB
DB:ACB
DBA:ACB
DBB:ACB
DBC:ACB
DBD:ACB
DBE:ACB
DBF:ACB
DBG:ACB
DBH:ACB
DBI:ACB
DBJ:ACB
DC:ACB
DCA:ACB
DCB:ACB
DCC:ACB
DCD:ACB
DCE:ACB
DCF:ACB
DCG:ACB
DCH:ACB
DCI:ACB
DCJ:ACB
DD:ACB
DDA:ACB
DDB:ACB
DDC:ACB
DDD:ACB
DDE:ACB
DDF:ACB
DDG:ACB
DDH:ACB
DDI:ACB
DDJ:ACB
DE:ACB
DEA:ACB
DEB:ACB
DEC:ACB
DED:ACB
DEE:ACB
DEF:ACB
DEG:ACB
DEH:ACB
DEI:ACB
DEJ:ACB
DF:ACB
DFA:ACB
DFB:ACB
DFC:ACB
DFD:ACB
DFE:ACB
DFF:ACB
DFG:ACB
DFH:ACB
DFI:ACB
DFJ:ACB
DG:ACB
DGA:ACB
DGB:ACB
DGC:ACB
DGD:ACB
DGE:ACB
DGF:ACB
DGG:ACB
DGH:ACB
DGI:ACB
DGJ:ACB
DH:ACB
DHA:ACB
DHB:ACB
DHC:ACB
DHD:ACB
DHE:ACB
DHF:ACB
DHG:ACB
DHH:ACB
DHI:ACB
DHJ:ACB
DI:ACB
DIA:ACB
DIB:ACB
DIC:ACB
DID:ACB
DIE:ACB
DIF:ACB
DIG:ACB
DIH:ACB
DII:ACB
DIJ:ACB
DJ:ACB
DJA:ACB
DJB:ACB
DJC:ACB
DJD:ACB
DJE:ACB
DJF:ACB
DJG:ACB
DJH:ACB
DJI:ACB
DJJ:ACB
E:ACB
EA:ACB
EAA:ACB
EAB:ACB
EAC:ACB
EAD:ACB
EAE:ACB
EAF:ACB
EAG:ACB
EAH:ACB
EAI:ACB
EAJ:ACB
EB:ACB
EBA:ACB
EBB:ACB
EBC:ACB
EBD:ACB
EBE:ACB
EBF:ACB
EBG:ACB
EBH:ACB
EBI:ACB
EBJ:ACB
EC:ACB
ECA:ACB
ECB:ACB
ECC:ACB
ECD:ACB
ECE:ACB
ECF:ACB
ECG:ACB
ECH:ACB
ECI:ACB
ECJ:ACB
ED:ACB
EDA:ACB
EDB:ACB
EDC:ACB
EDD:ACB
EDE:ACB
EDF:ACB
EDG:ACB
EDH:ACB
EDI:ACB
EDJ:ACB
EE:ACB
EEA:ACB
EEB:ACB
EEC:ACB
EED:ACB
EEE:ACB
EEF:ACB
EEG:ACB
EEH:ACB
EEI:ACB
EEJ:ACB
EF:ACB
EFA:ACB
EFB:ACB
EFC:ACB
EFD:ACB
EFE:ACB
EFF:ACB
EFG:ACB
EFH:ACB
EFI:ACB
EFJ:ACB
EG:ACB
EGA:ACB
EGB:ACB
EGC:ACB
EGD:ACB
EGE:ACB
EGF:ACB
EGG:ACB
EGH:ACB
EGI:ACB
EGJ:ACB
EH:ACB
EHA:ACB
EHB:ACB
EHC:ACB
EHD:ACB
EHE:ACB
EHF:ACB
EHG:ACB
EHH:ACB
EHI:ACB
EHJ:ACB
EI:ACB
EIA:ACB
EIB:ACB
EIC:ACB
EID:ACB
EIE:ACB
EIF:ACB
EIG:ACB
EIH:ACB
EII:ACB
EIJ:ACB
EJ:ACB
EJA:ACB
EJB:ACB
EJC:ACB
EJD:ACB
EJE:ACB
EJF:ACB
EJG:ACB
EJH:ACB
EJI:ACB
EJJ:ACB
F:ACB
FA:ACB
FAA:ACB
FAB:ACB
FAC:ACB
FAD:ACB
FAE:ACB
FAF:ACB
FAG:ACB
FAH:ACB
FAI:ACB
FAJ:ACB
FB:ACB
FBA:ACB
FBB:ACB
FBC:ACB
FBD:ACB
FBE:ACB
FBF:ACB
FBG:ACB
FBH:ACB
FBI:ACB
FBJ:ACB
FC:ACB
FCA:ACB
FCB:ACB
FCC:ACB
FCD:ACB
FCE:ACB
FCF:ACB
FCG:ACB
FCH:ACB
FCI:ACB
FCJ:ACB
FD:ACB
FDA:ACB
FDB:ACB
FDC:ACB
FDD:ACB
FDE:ACB
FDF:ACB
FDG:ACB
FDH:ACB
FDI:ACB
FDJ:ACB
FE:ACB
FEA:ACB
FEB:ACB
FEC:ACB
FED:ACB
FEE:ACB
FEF:ACB
FEG:ACB
FEH:ACB
FEI:ACB
FEJ:ACB
FF:ACB
FFA:ACB
FFB:ACB
FFC:ACB
FFD:ACB
FFE:ACB
FFF:ACB
FFG:ACB
FFH:ACB
FFI:ACB
FFJ:ACB
FG:ACB
FGA:ACB
FGB:ACB
FGC:ACB
FGD:ACB
FGE:ACB
FGF:ACB
FGG:ACB
FGH:ACB
FGI:ACB
FGJ:ACB
FH:ACB
FHA:ACB
FHB:ACB
FHC:ACB
FHD:ACB
FHE:ACB
FHF:ACB
FHG:ACB
FHH:ACB
FHI:ACB
FHJ:ACB
FI:ACB
FIA:ACB
FIB:ACB
FIC:ACB
FID:ACB
FIE:ACB
FIF:ACB
FIG:ACB
FIH:ACB
FII:ACB
FIJ:ACB
FJ:ACB
FJA:ACB
FJB:ACB
FJC:ACB
FJD:ACB
FJE:ACB
FJF:ACB
FJG:ACB
FJH:ACB
FJI:ACB
FJJ:ACB
G:ACB
GA:ACB
GB:ACB
GC:ACB
GD:ACB
GE:ACB
GF:ACB
GG:ACB
GH:ACB
GI:ACB
GJ:ACB
H:ACB
HA:ACB
HB:ACB
HC:ACB
HD:ACB
HE:ACB
HF:ACB
HG:ACB
HH:ACB
HI:ACB
HJ:ACB
I:ACB
IA:ACB
IB:ACB
IC:ACB
ID:ACB
IE:ACB
IF:ACB
IG:ACB
IH:ACB
II:ACB
IJ:ACB
J:ACB
JA:ACB
JB:ACB
JC:ACB
JD:ACB
JE:ACB
JF:ACB
JG:ACB
JH:ACB
JI:ACB
JJ:ACB
-----
