A:ACB
B:ACB
C:ACB
D:ACB
E:ACB
F:ACB
G:ACB
H:ACB
I:ACB
J:ACB
K:ACB
L:ACB
M:ACB
N:ACB
O:ACB
P:ACB
Q:ACB
R:ACB
-----
A:ACB
B:ACB
C:ACB
D:ACB
E:ACB
F:ACB
G:ACB
H:ACB
I:ACB
J:ACB
K:ACB
L:ACB
M:ACB
N:ACB
O:ACB
P:ACB
Q:ACB
R:ACB
-----
A:ACB
B:ACB
C:ACB
D:ACB
E:ACB
F:ACB
G:ACB
H:ACB
I:ACB
J:ACB
K:ACB
L:ACB
M:ACB
N:ACB
O:ACB
P:ACB
Q:ACB
R:ACB
-----
A:ACB
B:ACB
C:ACB
D:ACB
E:ACB
F:ACB
G:ACB
H:ACB
I:ACB
J:ACB
K:ACB
L:ACB
M:ACB
N:ACB
O:ACB
P:ACB
Q:ACB
R:ACB
-----
A:ACB
B:ACB
C:ACB
D:ACB
E:ACB
F:ACB
G:ACB
H:ACB
I:ACB
J:ACB
K:ACB
L:ACB
M:ACB
N:ACB
O:ACB
P:ACB
Q:ACB
R:ACB
-----
A:ACB
B:ACB
C:ACB
D:ACB
E:ACB
F:ACB
G:ACB
H:ACB
I:ACB
J:ACB
K:ACB
L:ACB
M:ACB
N:ACB
O:ACB
P:ACB
Q:ACB
R:ACB
-----
A:ACB
B:ACB
C:ACB
D:ACB
E:ACB
F:ACB
G:ACB
H:ACB
I:ACB
J:ACB
K:ACB
L:ACB
M:ACB
N:ACB
O:ACB
P:ACB
Q:ACB
R:ACB
-----
A:ACB
B:ACB
C:ACB
D:ACB
E:ACB
F:ACB
G:ACB
H:ACB
I:ACB
J:ACB
K:ACB
L:ACB
M:ACB
N:ACB
O:ACB
P:ACB
Q:ACB
R:ACB
-----
