ATT:ACB
ATTa:ACB
ATTb:ACB
ATTc:ACB
CMCT:ACB
CMCTa:ACB
CMCTb:ACB
CMCTc:ACB
DRPA:ACB
DRPAa:ACB
DRPAb:ACB
DRPAc:ACB
EGLN:ACB
EGLNa:ACB
EGLNb:ACB
EGLNc:ACB
GSAT:ACB
GSATa:ACB
GSATb:ACB
GSATc:ACB
GT:ACB
GTa:ACB
GTb:ACB
GTc:ACB
OSU:ACB
OSUa:ACB
OSUb:ACB
OSUc:ACB
PTGN:ACB
PTGNa:ACB
PTGNb:ACB
PTGNc:ACB
TWC:ACB
TWCa:ACB
TWCb:ACB
TWCc:ACB
UC:ACB
UCa:ACB
UCb:ACB
UCc:ACB
UGA:ACB
UGAa:ACB
UGAb:ACB
UGAc:ACB
VONA:ACB
VONAa:ACB
VONAb:ACB
VONAc:ACB
VZ:ACB
VZa:ACB
VZb:ACB
VZc:ACB
-----
ATT:ACB
ATTa:ACB
ATTb:ACB
ATTc:ACB
CMCT:ACB
CMCTa:ACB
CMCTb:ACB
CMCTc:ACB
DRPA:ACB
DRPAa:ACB
DRPAb:ACB
DRPAc:ACB
EGLN:ACB
EGLNa:ACB
EGLNb:ACB
EGLNc:ACB
GSAT:ACB
GSATa:ACB
GSATb:ACB
GSATc:ACB
GT:ACB
GTa:ACB
GTb:ACB
GTc:ACB
OSU:ACB
OSUa:ACB
OSUb:ACB
OSUc:ACB
PTGN:ACB
PTGNa:ACB
PTGNb:ACB
PTGNc:ACB
TWC:ACB
TWCa:ACB
TWCb:ACB
TWCc:ACB
UC:ACB
UCa:ACB
UCb:ACB
UCc:ACB
UGA:ACB
UGAa:ACB
UGAb:ACB
UGAc:ACB
VONA:ACB
VONAa:ACB
VONAb:ACB
VONAc:ACB
VZ:ACB
VZa:ACB
VZb:ACB
VZc:ACB
-----
ATT:ACB
ATTa:ACB
ATTb:ACB
ATTc:ACB
CMCT:ACB
CMCTa:ACB
CMCTb:ACB
CMCTc:ACB
DRPA:ACB
DRPAa:ACB
DRPAb:ACB
DRPAc:ACB
EGLN:ACB
EGLNa:ACB
EGLNb:ACB
EGLNc:ACB
GSAT:ACB
GSATa:ACB
GSATb:ACB
GSATc:ACB
GT:ACB
GTa:ACB
GTb:ACB
GTc:ACB
OSU:ACB
OSUa:ACB
OSUb:ACB
OSUc:ACB
PTGN:ACB
PTGNa:ACB
PTGNb:ACB
PTGNc:ACB
TWC:ACB
TWCa:ACB
TWCb:ACB
TWCc:ACB
UC:ACB
UCa:ACB
UCb:ACB
UCc:ACB
UGA:ACB
UGAa:ACB
UGAb:ACB
UGAc:ACB
VONA:ACB
VONAa:ACB
VONAb:ACB
VONAc:ACB
VZ:ACB
VZa:ACB
VZb:ACB
VZc:ACB
-----
ATT:ACB
ATTa:ACB
ATTb:ACB
ATTc:ACB
CMCT:ACB
CMCTa:ACB
CMCTb:ACB
CMCTc:ACB
DRPA:ACB
DRPAa:ACB
DRPAb:ACB
DRPAc:ACB
EGLN:ACB
EGLNa:ACB
EGLNb:ACB
EGLNc:ACB
GSAT:ACB
GSATa:ACB
GSATb:ACB
GSATc:ACB
GT:ACB
GTa:ACB
GTb:ACB
GTc:ACB
OSU:ACB
OSUa:ACB
OSUb:ACB
OSUc:ACB
PTGN:ACB
PTGNa:ACB
PTGNb:ACB
PTGNc:ACB
TWC:ACB
TWCa:ACB
TWCb:ACB
TWCc:ACB
UC:ACB
UCa:ACB
UCb:ACB
UCc:ACB
UGA:ACB
UGAa:ACB
UGAb:ACB
UGAc:ACB
VONA:ACB
VONAa:ACB
VONAb:ACB
VONAc:ACB
VZ:ACB
VZa:ACB
VZb:ACB
VZc:ACB
-----
ATT:ACB
ATTa:ACB
ATTb:ACB
ATTc:ACB
CMCT:ACB
CMCTa:ACB
CMCTb:ACB
CMCTc:ACB
DRPA:ACB
DRPAa:ACB
DRPAb:ACB
DRPAc:ACB
EGLN:ACB
EGLNa:ACB
EGLNb:ACB
EGLNc:ACB
GSAT:ACB
GSATa:ACB
GSATb:ACB
GSATc:ACB
GT:ACB
GTa:ACB
GTb:ACB
GTc:ACB
OSU:ACB
OSUa:ACB
OSUb:ACB
OSUc:ACB
PTGN:ACB
PTGNa:ACB
PTGNb:ACB
PTGNc:ACB
TWC:ACB
TWCa:ACB
TWCb:ACB
TWCc:ACB
UC:ACB
UCa:ACB
UCb:ACB
UCc:ACB
UGA:ACB
UGAa:ACB
UGAb:ACB
UGAc:ACB
VONA:ACB
VONAa:ACB
VONAb:ACB
VONAc:ACB
VZ:ACB
VZa:ACB
VZb:ACB
VZc:ACB
-----
ATT:ACB
ATTa:ACB
ATTb:ACB
ATTc:ACB
CMCT:ACB
CMCTa:ACB
CMCTb:ACB
CMCTc:ACB
DRPA:ACB
DRPAa:ACB
DRPAb:ACB
DRPAc:ACB
EGLN:ACB
EGLNa:ACB
EGLNb:ACB
EGLNc:ACB
GSAT:ACB
GSATa:ACB
GSATb:ACB
GSATc:ACB
GT:ACB
GTa:ACB
GTb:ACB
GTc:ACB
OSU:ACB
OSUa:ACB
OSUb:ACB
OSUc:ACB
PTGN:ACB
PTGNa:ACB
PTGNb:ACB
PTGNc:ACB
TWC:ACB
TWCa:ACB
TWCb:ACB
TWCc:ACB
UC:ACB
UCa:ACB
UCb:ACB
UCc:ACB
UGA:ACB
UGAa:ACB
UGAb:ACB
UGAc:ACB
VONA:ACB
VONAa:ACB
VONAb:ACB
VONAc:ACB
VZ:ACB
VZa:ACB
VZb:ACB
VZc:ACB
-----
ATT:ACB
ATTa:ACB
ATTb:ACB
ATTc:ACB
CMCT:ACB
CMCTa:ACB
CMCTb:ACB
CMCTc:ACB
DRPA:ACB
DRPAa:ACB
DRPAb:ACB
DRPAc:ACB
EGLN:ACB
EGLNa:ACB
EGLNb:ACB
EGLNc:ACB
GSAT:ACB
GSATa:ACB
GSATb:ACB
GSATc:ACB
GT:ACB
GTa:ACB
GTb:ACB
GTc:ACB
OSU:ACB
OSUa:ACB
OSUb:ACB
OSUc:ACB
PTGN:ACB
PTGNa:ACB
PTGNb:ACB
PTGNc:ACB
TWC:ACB
TWCa:ACB
TWCb:ACB
TWCc:ACB
UC:ACB
UCa:ACB
UCb:ACB
UCc:ACB
UGA:ACB
UGAa:ACB
UGAb:ACB
UGAc:ACB
VONA:ACB
VONAa:ACB
VONAb:ACB
VONAc:ACB
VZ:ACB
VZa:ACB
VZb:ACB
VZc:ACB
-----
ATT:ACB
ATTa:ACB
ATTb:ACB
ATTc:ACB
CMCT:ACB
CMCTa:ACB
CMCTb:ACB
CMCTc:ACB
DRPA:ACB
DRPAa:ACB
DRPAb:ACB
DRPAc:ACB
EGLN:ACB
EGLNa:ACB
EGLNb:ACB
EGLNc:ACB
GSAT:ACB
GSATa:ACB
GSATb:ACB
GSATc:ACB
GT:ACB
GTa:ACB
GTb:ACB
GTc:ACB
OSU:ACB
OSUa:ACB
OSUb:ACB
OSUc:ACB
PTGN:ACB
PTGNa:ACB
PTGNb:ACB
PTGNc:ACB
TWC:ACB
TWCa:ACB
TWCb:ACB
TWCc:ACB
UC:ACB
UCa:ACB
UCb:ACB
UCc:ACB
UGA:ACB
UGAa:ACB
UGAb:ACB
UGAc:ACB
VONA:ACB
VONAa:ACB
VONAb:ACB
VONAc:ACB
VZ:ACB
VZa:ACB
VZb:ACB
VZc:ACB
-----
ATT:ACB
ATTa:ACB
ATTb:ACB
ATTc:ACB
CMCT:ACB
CMCTa:ACB
CMCTb:ACB
CMCTc:ACB
DRPA:ACB
DRPAa:ACB
DRPAb:ACB
DRPAc:ACB
EGLN:ACB
EGLNa:ACB
EGLNb:ACB
EGLNc:ACB
GSAT:ACB
GSATa:ACB
GSATb:ACB
GSATc:ACB
GT:ACB
GTa:ACB
GTb:ACB
GTc:ACB
OSU:ACB
OSUa:ACB
OSUb:ACB
OSUc:ACB
PTGN:ACB
PTGNa:ACB
PTGNb:ACB
PTGNc:ACB
TWC:ACB
TWCa:ACB
TWCb:ACB
TWCc:ACB
UC:ACB
UCa:ACB
UCb:ACB
UCc:ACB
UGA:ACB
UGAa:ACB
UGAb:ACB
UGAc:ACB
VONA:ACB
VONAa:ACB
VONAb:ACB
VONAc:ACB
VZ:ACB
VZa:ACB
VZb:ACB
VZc:ACB
-----
ATT:ACB
ATTa:ACB
ATTb:ACB
ATTc:ACB
CMCT:ACB
CMCTa:ACB
CMCTb:ACB
CMCTc:ACB
DRPA:ACB
DRPAa:ACB
DRPAb:ACB
DRPAc:ACB
EGLN:ACB
EGLNa:ACB
EGLNb:ACB
EGLNc:ACB
GSAT:ACB
GSATa:ACB
GSATb:ACB
GSATc:ACB
GT:ACB
GTa:ACB
GTb:ACB
GTc:ACB
OSU:ACB
OSUa:ACB
OSUb:ACB
OSUc:ACB
PTGN:ACB
PTGNa:ACB
PTGNb:ACB
PTGNc:ACB
TWC:ACB
TWCa:ACB
TWCb:ACB
TWCc:ACB
UC:ACB
UCa:ACB
UCb:ACB
UCc:ACB
UGA:ACB
UGAa:ACB
UGAb:ACB
UGAc:ACB
VONA:ACB
VONAa:ACB
VONAb:ACB
VONAc:ACB
VZ:ACB
VZa:ACB
VZb:ACB
VZc:ACB
-----
ATT:ACB
ATTa:ACB
ATTb:ACB
ATTc:ACB
CMCT:ACB
CMCTa:ACB
CMCTb:ACB
CMCTc:ACB
DRPA:ACB
DRPAa:ACB
DRPAb:ACB
DRPAc:ACB
EGLN:ACB
EGLNa:ACB
EGLNb:ACB
EGLNc:ACB
GSAT:ACB
GSATa:ACB
GSATb:ACB
GSATc:ACB
GT:ACB
GTa:ACB
GTb:ACB
GTc:ACB
OSU:ACB
OSUa:ACB
OSUb:ACB
OSUc:ACB
PTGN:ACB
PTGNa:ACB
PTGNb:ACB
PTGNc:ACB
TWC:ACB
TWCa:ACB
TWCb:ACB
TWCc:ACB
UC:ACB
UCa:ACB
UCb:ACB
UCc:ACB
UGA:ACB
UGAa:ACB
UGAb:ACB
UGAc:ACB
VONA:ACB
VONAa:ACB
VONAb:ACB
VONAc:ACB
VZ:ACB
VZa:ACB
VZb:ACB
VZc:ACB
-----
ATT:ACB
ATTa:ACB
ATTb:ACB
ATTc:ACB
CMCT:ACB
CMCTa:ACB
CMCTb:ACB
CMCTc:ACB
DRPA:ACB
DRPAa:ACB
DRPAb:ACB
DRPAc:ACB
EGLN:ACB
EGLNa:ACB
EGLNb:ACB
EGLNc:ACB
GSAT:ACB
GSATa:ACB
GSATb:ACB
GSATc:ACB
GT:ACB
GTa:ACB
GTb:ACB
GTc:ACB
OSU:ACB
OSUa:ACB
OSUb:ACB
OSUc:ACB
PTGN:ACB
PTGNa:ACB
PTGNb:ACB
PTGNc:ACB
TWC:ACB
TWCa:ACB
TWCb:ACB
TWCc:ACB
UC:ACB
UCa:ACB
UCb:ACB
UCc:ACB
UGA:ACB
UGAa:ACB
UGAb:ACB
UGAc:ACB
VONA:ACB
VONAa:ACB
VONAb:ACB
VONAc:ACB
VZ:ACB
VZa:ACB
VZb:ACB
VZc:ACB
-----
ATT:ACB
ATTa:ACB
ATTb:ACB
ATTc:ACB
CMCT:ACB
CMCTa:ACB
CMCTb:ACB
CMCTc:ACB
DRPA:ACB
DRPAa:ACB
DRPAb:ACB
DRPAc:ACB
EGLN:ACB
EGLNa:ACB
EGLNb:ACB
EGLNc:ACB
GSAT:ACB
GSATa:ACB
GSATb:ACB
GSATc:ACB
GT:ACB
GTa:ACB
GTb:ACB
GTc:ACB
OSU:ACB
OSUa:ACB
OSUb:ACB
OSUc:ACB
PTGN:ACB
PTGNa:ACB
PTGNb:ACB
PTGNc:ACB
TWC:ACB
TWCa:ACB
TWCb:ACB
TWCc:ACB
UC:ACB
UCa:ACB
UCb:ACB
UCc:ACB
UGA:ACB
UGAa:ACB
UGAb:ACB
UGAc:ACB
VONA:ACB
VONAa:ACB
VONAb:ACB
VONAc:ACB
VZ:ACB
VZa:ACB
VZb:ACB
VZc:ACB
-----
ATT:ACB
ATTa:ACB
ATTb:ACB
ATTc:ACB
CMCT:ACB
CMCTa:ACB
CMCTb:ACB
CMCTc:ACB
DRPA:ACB
DRPAa:ACB
DRPAb:ACB
DRPAc:ACB
EGLN:ACB
EGLNa:ACB
EGLNb:ACB
EGLNc:ACB
GSAT:ACB
GSATa:ACB
GSATb:ACB
GSATc:ACB
GT:ACB
GTa:ACB
GTb:ACB
GTc:ACB
OSU:ACB
OSUa:ACB
OSUb:ACB
OSUc:ACB
PTGN:ACB
PTGNa:ACB
PTGNb:ACB
PTGNc:ACB
TWC:ACB
TWCa:ACB
TWCb:ACB
TWCc:ACB
UC:ACB
UCa:ACB
UCb:ACB
UCc:ACB
UGA:ACB
UGAa:ACB
UGAb:ACB
UGAc:ACB
VONA:ACB
VONAa:ACB
VONAb:ACB
VONAc:ACB
VZ:ACB
VZa:ACB
VZb:ACB
VZc:ACB
-----
