AA:ACB
AB:ACB
AD:ACB
CC:ACB
-----
AA:ACB
AB:ACB
AD:ACB
CC:ACB
-----
AA:ACB
AB:ACB
AD:ACB
CC:ACB
-----
AA:ACB
AB:ACB
AD:ACB
CC:ACB
-----
AA:ACB
AB:ACB
AD:ACB
CC:ACB
-----
AA:ACB
AB:ACB
AD:ACB
CC:ACB
-----
AA:ACB
AB:ACB
AD:ACB
CC:ACB
-----
AA:ACB
AB:ACB
AD:ACB
CC:ACB
-----
AA:ACB
AB:ACB
AD:ACB
CC:ACB
-----
AA:ACB
AB:ACB
AD:ACB
CC:ACB
-----
AA:ACB
AB:ACB
AD:ACB
CC:ACB
-----
AA:ACB
AB:ACB
AD:ACB
CC:ACB
-----
AA:ACB
AB:ACB
AD:ACB
CC:ACB
-----
AA:ACB
AB:ACB
AD:ACB
CC:ACB
-----
AA:ACB
AB:ACB
AD:ACB
CC:ACB
-----
AA:ACB
AB:ACB
AD:ACB
CC:ACB
-----
AA:ACB
AB:ACB
AD:ACB
CC:ACB
-----
AA:ACB
AB:ACB
AD:ACB
CC:ACB
-----
AA:ACB
AB:ACB
AD:ACB
CC:ACB
-----
AA:ACB
AB:ACB
AD:ACB
CC:ACB
-----
AA:ACB
AB:ACB
AD:ACB
CC:ACB
-----
AA:ACB
AB:ACB
AD:ACB
CC:ACB
-----
AA:ACB
AB:ACB
AD:ACB
CC:ACB
-----
AA:ACB
AB:ACB
AD:ACB
CC:ACB
-----
AA:ACB
AB:ACB
AD:ACB
CC:ACB
-----
AA:ACB
AB:ACB
AD:ACB
CC:ACB
-----
AA:ACB
AB:ACB
AD:ACB
CC:ACB
-----
AA:ACB
AB:ACB
AD:ACB
CC:ACB
-----
AA:ACB
AB:ACB
AD:ACB
CC:ACB
-----
AA:ACB
AB:ACB
AD:ACB
CC:ACB
-----
AA:ACB
AB:ACB
AD:ACB
CC:ACB
-----
AA:ACB
AB:ACB
AD:ACB
CC:ACB
-----
AA:ACB
AB:ACB
AD:ACB
CC:ACB
-----
AA:ACB
AB:ACB
AD:ACB
CC:ACB
-----
AA:ACB
AB:ACB
AD:ACB
CC:ACB
-----
AA:ACB
AB:ACB
AD:ACB
CC:ACB
-----
AA:ACB
AB:ACB
AD:ACB
CC:ACB
-----
AA:ACB
AB:ACB
AD:ACB
CC:ACB
-----
AA:ACB
AB:ACB
AD:ACB
CC:ACB
-----
AA:ACB
AB:ACB
AD:ACB
CC:ACB
-----
AA:ACB
AB:ACB
AD:ACB
CC:ACB
-----
AA:ACB
AB:ACB
AD:ACB
CC:ACB
-----
AA:ACB
AB:ACB
AD:ACB
CC:ACB
-----
AA:ACB
AB:ACB
AD:ACB
CC:ACB
-----
AA:ACB
AB:ACB
AD:ACB
CC:ACB
-----
AA:ACB
AB:ACB
AD:ACB
CC:ACB
-----
AA:ACB
AB:ACB
AD:ACB
CC:ACB
-----
AA:ACB
AB:ACB
AD:ACB
CC:ACB
-----
AA:ACB
AB:ACB
AD:ACB
CC:ACB
-----
AA:ACB
AB:ACB
AD:ACB
CC:ACB
-----
AA:ACB
AB:ACB
AD:ACB
CC:ACB
-----
AA:ACB
AB:ACB
AD:ACB
CC:ACB
-----
