A:ACB
B:ACB
C:ACB
D:ACB
E:ACB
F:ACB
-----
A:ACB
B:ACB
C:ACB
D:ACB
E:ACB
F:ACB
-----
A:ACB
B:ACB
C:ACB
D:ACB
E:ACB
F:ACB
-----
A:ACB
B:ACB
C:ACB
D:ACB
E:ACB
F:ACB
-----
A:ACB
B:ACB
C:ACB
D:ACB
E:ACB
F:ACB
-----
A:ACB
B:ACB
C:ACB
D:ACB
E:ACB
F:ACB
-----
A:ACB
B:ACB
C:ACB
D:ACB
E:ACB
F:ACB
-----
A:ACB
B:ACB
C:ACB
D:ACB
E:ACB
F:ACB
-----
A:ACB
B:ACB
C:ACB
D:ACB
E:ACB
F:ACB
-----
A:ACB
B:ACB
C:ACB
D:ACB
E:ACB
F:ACB
-----
A:ACB
B:ACB
C:ACB
D:ACB
E:ACB
F:ACB
-----
A:ACB
B:ACB
C:ACB
D:ACB
E:ACB
F:ACB
-----
A:ACB
B:ACB
C:ACB
D:ACB
E:ACB
F:ACB
-----
A:ACB
B:ACB
C:ACB
D:ACB
E:ACB
F:ACB
-----
A:ACB
B:ACB
C:ACB
D:ACB
E:ACB
F:ACB
-----
A:ACB
B:ACB
C:ACB
D:ACB
E:ACB
F:ACB
-----
A:ACB
B:ACB
C:ACB
D:ACB
E:ACB
F:ACB
-----
A:ACB
B:ACB
C:ACB
D:ACB
E:ACB
F:ACB
-----
A:ACB
B:ACB
C:ACB
D:ACB
E:ACB
F:ACB
-----
A:ACB
B:ACB
C:ACB
D:ACB
E:ACB
F:ACB
-----
A:ACB
B:ACB
C:ACB
D:ACB
E:ACB
F:ACB
-----
A:ACB
B:ACB
C:ACB
D:ACB
E:ACB
F:ACB
-----
A:ACB
B:ACB
C:ACB
D:ACB
E:ACB
F:ACB
-----
A:ACB
B:ACB
C:ACB
D:ACB
E:ACB
F:ACB
-----
A:ACB
B:ACB
C:ACB
D:ACB
E:ACB
F:ACB
-----
A:ACB
B:ACB
C:ACB
D:ACB
E:ACB
F:ACB
-----
A:ACB
B:ACB
C:ACB
D:ACB
E:ACB
F:ACB
-----
A:ACB
B:ACB
C:ACB
D:ACB
E:ACB
F:ACB
-----
A:ACB
B:ACB
C:ACB
D:ACB
E:ACB
F:ACB
-----
A:ACB
B:ACB
C:ACB
D:ACB
E:ACB
F:ACB
-----
A:ACB
B:ACB
C:ACB
D:ACB
E:ACB
F:ACB
-----
A:ACB
B:ACB
C:ACB
D:ACB
E:ACB
F:ACB
-----
A:ACB
B:ACB
C:ACB
D:ACB
E:ACB
F:ACB
-----
A:ACB
B:ACB
C:ACB
D:ACB
E:ACB
F:ACB
-----
A:ACB
B:ACB
C:ACB
D:ACB
E:ACB
F:ACB
-----
A:ACB
B:ACB
C:ACB
D:ACB
E:ACB
F:ACB
-----
A:ACB
B:ACB
C:ACB
D:ACB
E:ACB
F:ACB
-----
A:ACB
B:ACB
C:ACB
D:ACB
E:ACB
F:ACB
-----
A:ACB
B:ACB
C:ACB
D:ACB
E:ACB
F:ACB
-----
A:ACB
B:ACB
C:ACB
D:ACB
E:ACB
F:ACB
-----
A:ACB
B:ACB
C:ACB
D:ACB
E:ACB
F:ACB
-----
A:ACB
B:ACB
C:ACB
D:ACB
E:ACB
F:ACB
-----
A:ACB
B:ACB
C:ACB
D:ACB
E:ACB
F:ACB
-----
A:ACB
B:ACB
C:ACB
D:ACB
E:ACB
F:ACB
-----
A:ACB
B:ACB
C:ACB
D:ACB
E:ACB
F:ACB
-----
A:ACB
B:ACB
C:ACB
D:ACB
E:ACB
F:ACB
-----
A:ACB
B:ACB
C:ACB
D:ACB
E:ACB
F:ACB
-----
A:ACB
B:ACB
C:ACB
D:ACB
E:ACB
F:ACB
-----
A:ACB
B:ACB
C:ACB
D:ACB
E:ACB
F:ACB
-----
A:ACB
B:ACB
C:ACB
D:ACB
E:ACB
F:ACB
-----
A:ACB
B:ACB
C:ACB
D:ACB
E:ACB
F:ACB
-----
