AA:AA0,DD-50
BB:AA2,CC10,DD-48,EE0,BB0
CC:CC0,JJ-1,FF10
DD:EE1,DD0
EE:AA2,BB0,EE0,DD-48,CC10,JJ10
FF:GG5,HH10,FF0
GG:GG0,HH15,FF5
HH:GG15,II-1,HH0,FF10
II:II0,GG50,HH65,FF55
JJ:II1,JJ0,CC-1,GG17,HH2,FF9
-----
AA:AA0,EE-49,DD-50
BB:AA2,FF20,BB0,CC10,DD-48,EE-47,JJ9
CC:II0,FF8,CC0,GG15,HH1,JJ-1
DD:AA3,BB1,EE1,DD0,CC11,JJ11
EE:AA2,GG27,FF19,BB0,EE0,DD-48,II11,CC9,HH12,JJ9
FF:GG5,II9,HH10,FF0
GG:GG0,II14,HH15,FF5
HH:GG15,II-1,HH0,FF10
II:II0,GG50,HH65,FF55
JJ:II-1,JJ0,CC-1,GG14,HH0,FF7
-----
AA:AA0,BB-49,EE-49,DD-50,CC-39,JJ-39
BB:AA2,GG25,FF18,BB0,CC-37,DD-48,II10,EE-47,HH11,JJ-37
CC:II-2,FF6,CC0,GG13,HH-1,JJ-1
DD:AA3,II12,FF20,BB1,EE1,DD0,GG28,CC10,HH13,JJ10
EE:AA2,GG24,FF17,BB0,EE0,DD-48,II9,CC-37,HH10,JJ-37
FF:GG5,II9,HH10,FF0
GG:GG0,II14,HH15,FF5
HH:GG15,II-1,HH0,FF10
II:II0,GG50,HH65,FF55
JJ:II-3,JJ0,CC-1,GG12,HH-2,FF5
-----
AA:AA0,GG-22,FF-30,BB-49,EE-49,DD-50,II-38,CC-40,HH-37,JJ-40
BB:AA2,GG-20,FF-28,BB0,CC-38,DD-48,II-36,EE-47,HH-35,JJ-38
CC:II-4,FF4,CC0,GG11,HH-3,JJ-1
DD:AA3,II10,FF18,BB1,EE1,DD0,GG25,CC-36,HH11,JJ-36
EE:AA2,GG-20,FF-28,BB0,EE0,DD-48,II-36,CC-38,HH-35,JJ-38
FF:GG5,II9,HH10,FF0
GG:GG0,II14,HH15,FF5
HH:GG15,II-1,HH0,FF10
II:II0,GG50,HH65,FF55
JJ:II-5,JJ0,CC-1,GG10,HH-4,FF3
-----
AA:AA0,GG-25,FF-32,BB-49,EE-49,DD-50,II-40,CC-86,HH-39,JJ-86
BB:AA2,GG-23,FF-30,BB0,CC-84,DD-48,II-38,EE-47,HH-37,JJ-84
CC:II-6,FF2,CC0,GG9,HH-5,JJ-1
DD:AA3,II-35,FF-27,BB1,EE1,DD0,GG-19,CC-37,HH-34,JJ-37
EE:AA2,GG-23,FF-30,BB0,EE0,DD-48,II-38,CC-84,HH-37,JJ-84
FF:GG5,II9,HH10,FF0
GG:GG0,II14,HH15,FF5
HH:GG15,II-1,HH0,FF10
II:II0,GG50,HH65,FF55
JJ:II-7,JJ0,CC-1,GG8,HH-6,FF1
-----
AA:AA0,GG-69,FF-77,BB-49,EE-49,DD-50,II-85,CC-87,HH-84,JJ-87
BB:AA2,GG-67,FF-75,BB0,CC-85,DD-48,II-83,EE-47,HH-82,JJ-85
CC:II-8,FF0,CC0,GG7,HH-7,JJ-1
DD:AA3,II-37,FF-29,BB1,EE1,DD0,GG-22,CC-83,HH-36,JJ-83
EE:AA2,GG-67,FF-75,BB0,EE0,DD-48,II-83,CC-85,HH-82,JJ-85
FF:GG5,II9,HH10,FF0
GG:GG0,II14,HH15,FF5
HH:GG15,II-1,HH0,FF10
II:II0,GG50,HH65,FF55
JJ:II-9,JJ0,CC-1,GG6,HH-8,FF-1
-----
AA:AA0,GG-72,FF-79,BB-49,EE-49,DD-50,II-87,CC-99,HH-86,JJ-99
BB:AA2,GG-70,FF-77,BB0,CC-99,DD-48,II-85,EE-47,HH-84,JJ-99
CC:II-10,FF-2,CC0,GG5,HH-9,JJ-1
DD:AA3,II-82,FF-74,BB1,EE1,DD0,GG-66,CC-84,HH-81,JJ-84
EE:AA2,GG-70,FF-77,BB0,EE0,DD-48,II-85,CC-99,HH-84,JJ-99
FF:GG5,II9,HH10,FF0
GG:GG0,II14,HH15,FF5
HH:GG15,II-1,HH0,FF10
II:II0,GG50,HH65,FF55
JJ:II-11,JJ0,CC-1,GG4,HH-10,FF-3
-----
AA:AA0,GG-99,FF-99,BB-49,EE-49,DD-50,II-99,CC-99,HH-99,JJ-99
BB:AA2,GG-99,FF-99,BB0,CC-99,DD-48,II-99,EE-47,HH-99,JJ-99
CC:II-12,FF-4,CC0,GG3,HH-11,JJ-1
DD:AA3,II-84,FF-76,BB1,EE1,DD0,GG-69,CC-99,HH-83,JJ-99
EE:AA2,GG-99,FF-99,BB0,EE0,DD-48,II-99,CC-99,HH-99,JJ-99
FF:GG5,II9,HH10,FF0
GG:GG0,II14,HH15,FF5
HH:GG15,II-1,HH0,FF10
II:II0,GG50,HH65,FF55
JJ:II-13,JJ0,CC-1,GG2,HH-12,FF-5
-----
AA:AA0,GG-99,FF-99,BB-49,EE-49,DD-50,II-99,CC-99,HH-99,JJ-99
BB:AA2,GG-99,FF-99,BB0,CC-99,DD-48,II-99,EE-47,HH-99,JJ-99
CC:II-14,FF-6,CC0,GG1,HH-13,JJ-1
DD:AA3,II-99,FF-99,BB1,EE1,DD0,GG-99,CC-99,HH-99,JJ-99
EE:AA2,GG-99,FF-99,BB0,EE0,DD-48,II-99,CC-99,HH-99,JJ-99
FF:GG5,II9,HH10,FF0
GG:GG0,II14,HH15,FF5
HH:GG15,II-1,HH0,FF10
II:II0,GG50,HH65,FF55
JJ:II-15,JJ0,CC-1,GG0,HH-14,FF-7
-----
AA:AA0,GG-99,FF-99,BB-49,EE-49,DD-50,II-99,CC-99,HH-99,JJ-99
BB:AA2,GG-99,FF-99,BB0,CC-99,DD-48,II-99,EE-47,HH-99,JJ-99
CC:II-16,FF-8,CC0,GG-1,HH-15,JJ-1
DD:AA3,II-99,FF-99,BB1,EE1,DD0,GG-99,CC-99,HH-99,JJ-99
EE:AA2,GG-99,FF-99,BB0,EE0,DD-48,II-99,CC-99,HH-99,JJ-99
FF:GG5,II9,HH10,FF0
GG:GG0,II14,HH15,FF5
HH:GG15,II-1,HH0,FF10
II:II0,GG50,HH65,FF55
JJ:II-17,JJ0,CC-1,GG-2,HH-16,FF-9
-----
AA:AA0,GG-99,FF-99,BB-49,EE-49,DD-50,II-99,CC-99,HH-99,JJ-99
BB:AA2,GG-99,FF-99,BB0,CC-99,DD-48,II-99,EE-47,HH-99,JJ-99
CC:II-18,FF-10,CC0,GG-3,HH-17,JJ-1
DD:AA3,II-99,FF-99,BB1,EE1,DD0,GG-99,CC-99,HH-99,JJ-99
EE:AA2,GG-99,FF-99,BB0,EE0,DD-48,II-99,CC-99,HH-99,JJ-99
FF:GG5,II9,HH10,FF0
GG:GG0,II14,HH15,FF5
HH:GG15,II-1,HH0,FF10
II:II0,GG50,HH65,FF55
JJ:II-19,JJ0,CC-1,GG-4,HH-18,FF-11
-----
AA:AA0,GG-99,FF-99,BB-49,EE-49,DD-50,II-99,CC-99,HH-99,JJ-99
BB:AA2,GG-99,FF-99,BB0,CC-99,DD-48,II-99,EE-47,HH-99,JJ-99
CC:II-20,FF-12,CC0,GG-5,HH-19,JJ-1
DD:AA3,II-99,FF-99,BB1,EE1,DD0,GG-99,CC-99,HH-99,JJ-99
EE:AA2,GG-99,FF-99,BB0,EE0,DD-48,II-99,CC-99,HH-99,JJ-99
FF:GG5,II9,HH10,FF0
GG:GG0,II14,HH15,FF5
HH:GG15,II-1,HH0,FF10
II:II0,GG50,HH65,FF55
JJ:II-21,JJ0,CC-1,GG-6,HH-20,FF-13
-----
AA:AA0,GG-99,FF-99,BB-49,EE-49,DD-50,II-99,CC-99,HH-99,JJ-99
BB:AA2,GG-99,FF-99,BB0,CC-99,DD-48,II-99,EE-47,HH-99,JJ-99
CC:II-22,FF-14,CC0,GG-7,HH-21,JJ-1
DD:AA3,II-99,FF-99,BB1,EE1,DD0,GG-99,CC-99,HH-99,JJ-99
EE:AA2,GG-99,FF-99,BB0,EE0,DD-48,II-99,CC-99,HH-99,JJ-99
FF:GG5,II9,HH10,FF0
GG:GG0,II14,HH15,FF5
HH:GG15,II-1,HH0,FF10
II:II0,GG50,HH65,FF55
JJ:II-23,JJ0,CC-1,GG-8,HH-22,FF-15
-----
AA:AA0,GG-99,FF-99,BB-49,EE-49,DD-50,II-99,CC-99,HH-99,JJ-99
BB:AA2,GG-99,FF-99,BB0,CC-99,DD-48,II-99,EE-47,HH-99,JJ-99
CC:II-24,FF-16,CC0,GG-9,HH-23,JJ-1
DD:AA3,II-99,FF-99,BB1,EE1,DD0,GG-99,CC-99,HH-99,JJ-99
EE:AA2,GG-99,FF-99,BB0,EE0,DD-48,II-99,CC-99,HH-99,JJ-99
FF:GG5,II9,HH10,FF0
GG:GG0,II14,HH15,FF5
HH:GG15,II-1,HH0,FF10
II:II0,GG50,HH65,FF55
JJ:II-25,JJ0,CC-1,GG-10,HH-24,FF-17
-----
AA:AA0,GG-99,FF-99,BB-49,EE-49,DD-50,II-99,CC-99,HH-99,JJ-99
BB:AA2,GG-99,FF-99,BB0,CC-99,DD-48,II-99,EE-47,HH-99,JJ-99
CC:II-26,FF-18,CC0,GG-11,HH-25,JJ-1
DD:AA3,II-99,FF-99,BB1,EE1,DD0,GG-99,CC-99,HH-99,JJ-99
EE:AA2,GG-99,FF-99,BB0,EE0,DD-48,II-99,CC-99,HH-99,JJ-99
FF:GG5,II9,HH10,FF0
GG:GG0,II14,HH15,FF5
HH:GG15,II-1,HH0,FF10
II:II0,GG50,HH65,FF55
JJ:II-27,JJ0,CC-1,GG-12,HH-26,FF-19
-----
AA:AA0,GG-99,FF-99,BB-49,EE-49,DD-50,II-99,CC-99,HH-99,JJ-99
BB:AA2,GG-99,FF-99,BB0,CC-99,DD-48,II-99,EE-47,HH-99,JJ-99
CC:II-28,FF-20,CC0,GG-13,HH-27,JJ-1
DD:AA3,II-99,FF-99,BB1,EE1,DD0,GG-99,CC-99,HH-99,JJ-99
EE:AA2,GG-99,FF-99,BB0,EE0,DD-48,II-99,CC-99,HH-99,JJ-99
FF:GG5,II9,HH10,FF0
GG:GG0,II14,HH15,FF5
HH:GG15,II-1,HH0,FF10
II:II0,GG50,HH65,FF55
JJ:II-29,JJ0,CC-1,GG-14,HH-28,FF-21
-----
AA:AA0,GG-99,FF-99,BB-49,EE-49,DD-50,II-99,CC-99,HH-99,JJ-99
BB:AA2,GG-99,FF-99,BB0,CC-99,DD-48,II-99,EE-47,HH-99,JJ-99
CC:II-30,FF-22,CC0,GG-15,HH-29,JJ-1
DD:AA3,II-99,FF-99,BB1,EE1,DD0,GG-99,CC-99,HH-99,JJ-99
EE:AA2,GG-99,FF-99,BB0,EE0,DD-48,II-99,CC-99,HH-99,JJ-99
FF:GG5,II9,HH10,FF0
GG:GG0,II14,HH15,FF5
HH:GG15,II-1,HH0,FF10
II:II0,GG50,HH65,FF55
JJ:II-31,JJ0,CC-1,GG-16,HH-30,FF-23
-----
AA:AA0,GG-99,FF-99,BB-49,EE-49,DD-50,II-99,CC-99,HH-99,JJ-99
BB:AA2,GG-99,FF-99,BB0,CC-99,DD-48,II-99,EE-47,HH-99,JJ-99
CC:II-32,FF-24,CC0,GG-17,HH-31,JJ-1
DD:AA3,II-99,FF-99,BB1,EE1,DD0,GG-99,CC-99,HH-99,JJ-99
EE:AA2,GG-99,FF-99,BB0,EE0,DD-48,II-99,CC-99,HH-99,JJ-99
FF:GG5,II9,HH10,FF0
GG:GG0,II14,HH15,FF5
HH:GG15,II-1,HH0,FF10
II:II0,GG50,HH65,FF55
JJ:II-33,JJ0,CC-1,GG-18,HH-32,FF-25
-----
AA:AA0,GG-99,FF-99,BB-49,EE-49,DD-50,II-99,CC-99,HH-99,JJ-99
BB:AA2,GG-99,FF-99,BB0,CC-99,DD-48,II-99,EE-47,HH-99,JJ-99
CC:II-34,FF-26,CC0,GG-19,HH-33,JJ-1
DD:AA3,II-99,FF-99,BB1,EE1,DD0,GG-99,CC-99,HH-99,JJ-99
EE:AA2,GG-99,FF-99,BB0,EE0,DD-48,II-99,CC-99,HH-99,JJ-99
FF:GG5,II9,HH10,FF0
GG:GG0,II14,HH15,FF5
HH:GG15,II-1,HH0,FF10
II:II0,GG50,HH65,FF55
JJ:II-35,JJ0,CC-1,GG-20,HH-34,FF-27
-----
AA:AA0,GG-99,FF-99,BB-49,EE-49,DD-50,II-99,CC-99,HH-99,JJ-99
BB:AA2,GG-99,FF-99,BB0,CC-99,DD-48,II-99,EE-47,HH-99,JJ-99
CC:II-36,FF-28,CC0,GG-21,HH-35,JJ-1
DD:AA3,II-99,FF-99,BB1,EE1,DD0,GG-99,CC-99,HH-99,JJ-99
EE:AA2,GG-99,FF-99,BB0,EE0,DD-48,II-99,CC-99,HH-99,JJ-99
FF:GG5,II9,HH10,FF0
GG:GG0,II14,HH15,FF5
HH:GG15,II-1,HH0,FF10
II:II0,GG50,HH65,FF55
JJ:II-37,JJ0,CC-1,GG-22,HH-36,FF-29
-----
AA:AA0,GG-99,FF-99,BB-49,EE-49,DD-50,II-99,CC-99,HH-99,JJ-99
BB:AA2,GG-99,FF-99,BB0,CC-99,DD-48,II-99,EE-47,HH-99,JJ-99
CC:II-38,FF-30,CC0,GG-23,HH-37,JJ-1
DD:AA3,II-99,FF-99,BB1,EE1,DD0,GG-99,CC-99,HH-99,JJ-99
EE:AA2,GG-99,FF-99,BB0,EE0,DD-48,II-99,CC-99,HH-99,JJ-99
FF:GG5,II9,HH10,FF0
GG:GG0,II14,HH15,FF5
HH:GG15,II-1,HH0,FF10
II:II0,GG50,HH65,FF55
JJ:II-39,JJ0,CC-1,GG-24,HH-38,FF-31
-----
AA:AA0,GG-99,FF-99,BB-49,EE-49,DD-50,II-99,CC-99,HH-99,JJ-99
BB:AA2,GG-99,FF-99,BB0,CC-99,DD-48,II-99,EE-47,HH-99,JJ-99
CC:II-40,FF-32,CC0,GG-25,HH-39,JJ-1
DD:AA3,II-99,FF-99,BB1,EE1,DD0,GG-99,CC-99,HH-99,JJ-99
EE:AA2,GG-99,FF-99,BB0,EE0,DD-48,II-99,CC-99,HH-99,JJ-99
FF:GG5,II9,HH10,FF0
GG:GG0,II14,HH15,FF5
HH:GG15,II-1,HH0,FF10
II:II0,GG50,HH65,FF55
JJ:II-41,JJ0,CC-1,GG-26,HH-40,FF-33
-----
AA:AA0,GG-99,FF-99,BB-49,EE-49,DD-50,II-99,CC-99,HH-99,JJ-99
BB:AA2,GG-99,FF-99,BB0,CC-99,DD-48,II-99,EE-47,HH-99,JJ-99
CC:II-42,FF-34,CC0,GG-27,HH-41,JJ-1
DD:AA3,II-99,FF-99,BB1,EE1,DD0,GG-99,CC-99,HH-99,JJ-99
EE:AA2,GG-99,FF-99,BB0,EE0,DD-48,II-99,CC-99,HH-99,JJ-99
FF:GG5,II9,HH10,FF0
GG:GG0,II14,HH15,FF5
HH:GG15,II-1,HH0,FF10
II:II0,GG50,HH65,FF55
JJ:II-43,JJ0,CC-1,GG-28,HH-42,FF-35
-----
AA:AA0,GG-99,FF-99,BB-49,EE-49,DD-50,II-99,CC-99,HH-99,JJ-99
BB:AA2,GG-99,FF-99,BB0,CC-99,DD-48,II-99,EE-47,HH-99,JJ-99
CC:II-44,FF-36,CC0,GG-29,HH-43,JJ-1
DD:AA3,II-99,FF-99,BB1,EE1,DD0,GG-99,CC-99,HH-99,JJ-99
EE:AA2,GG-99,FF-99,BB0,EE0,DD-48,II-99,CC-99,HH-99,JJ-99
FF:GG5,II9,HH10,FF0
GG:GG0,II14,HH15,FF5
HH:GG15,II-1,HH0,FF10
II:II0,GG50,HH65,FF55
JJ:II-45,JJ0,CC-1,GG-30,HH-44,FF-37
-----
AA:AA0,GG-99,FF-99,BB-49,EE-49,DD-50,II-99,CC-99,HH-99,JJ-99
BB:AA2,GG-99,FF-99,BB0,CC-99,DD-48,II-99,EE-47,HH-99,JJ-99
CC:II-46,FF-38,CC0,GG-31,HH-45,JJ-1
DD:AA3,II-99,FF-99,BB1,EE1,DD0,GG-99,CC-99,HH-99,JJ-99
EE:AA2,GG-99,FF-99,BB0,EE0,DD-48,II-99,CC-99,HH-99,JJ-99
FF:GG5,II9,HH10,FF0
GG:GG0,II14,HH15,FF5
HH:GG15,II-1,HH0,FF10
II:II0,GG50,HH65,FF55
JJ:II-47,JJ0,CC-1,GG-32,HH-46,FF-39
-----
AA:AA0,GG-99,FF-99,BB-49,EE-49,DD-50,II-99,CC-99,HH-99,JJ-99
BB:AA2,GG-99,FF-99,BB0,CC-99,DD-48,II-99,EE-47,HH-99,JJ-99
CC:II-48,FF-40,CC0,GG-33,HH-47,JJ-1
DD:AA3,II-99,FF-99,BB1,EE1,DD0,GG-99,CC-99,HH-99,JJ-99
EE:AA2,GG-99,FF-99,BB0,EE0,DD-48,II-99,CC-99,HH-99,JJ-99
FF:GG5,II9,HH10,FF0
GG:GG0,II14,HH15,FF5
HH:GG15,II-1,HH0,FF10
II:II0,GG50,HH65,FF55
JJ:II-49,JJ0,CC-1,GG-34,HH-48,FF-41
-----
AA:AA0,GG-99,FF-99,BB-49,EE-49,DD-50,II-99,CC-99,HH-99,JJ-99
BB:AA2,GG-99,FF-99,BB0,CC-99,DD-48,II-99,EE-47,HH-99,JJ-99
CC:II-50,FF-42,CC0,GG-35,HH-49,JJ-1
DD:AA3,II-99,FF-99,BB1,EE1,DD0,GG-99,CC-99,HH-99,JJ-99
EE:AA2,GG-99,FF-99,BB0,EE0,DD-48,II-99,CC-99,HH-99,JJ-99
FF:GG5,II9,HH10,FF0
GG:GG0,II14,HH15,FF5
HH:GG15,II-1,HH0,FF10
II:II0,GG50,HH65,FF55
JJ:II-51,JJ0,CC-1,GG-36,HH-50,FF-43
-----
AA:AA0,GG-99,FF-99,BB-49,EE-49,DD-50,II-99,CC-99,HH-99,JJ-99
BB:AA2,GG-99,FF-99,BB0,CC-99,DD-48,II-99,EE-47,HH-99,JJ-99
CC:II-52,FF-44,CC0,GG-37,HH-51,JJ-1
DD:AA3,II-99,FF-99,BB1,EE1,DD0,GG-99,CC-99,HH-99,JJ-99
EE:AA2,GG-99,FF-99,BB0,EE0,DD-48,II-99,CC-99,HH-99,JJ-99
FF:GG5,II9,HH10,FF0
GG:GG0,II14,HH15,FF5
HH:GG15,II-1,HH0,FF10
II:II0,GG50,HH65,FF55
JJ:II-53,JJ0,CC-1,GG-38,HH-52,FF-45
-----
AA:AA0,GG-99,FF-99,BB-49,EE-49,DD-50,II-99,CC-99,HH-99,JJ-99
BB:AA2,GG-99,FF-99,BB0,CC-99,DD-48,II-99,EE-47,HH-99,JJ-99
CC:II-54,FF-46,CC0,GG-39,HH-53,JJ-1
DD:AA3,II-99,FF-99,BB1,EE1,DD0,GG-99,CC-99,HH-99,JJ-99
EE:AA2,GG-99,FF-99,BB0,EE0,DD-48,II-99,CC-99,HH-99,JJ-99
FF:GG5,II9,HH10,FF0
GG:GG0,II14,HH15,FF5
HH:GG15,II-1,HH0,FF10
II:II0,GG50,HH65,FF55
JJ:II-55,JJ0,CC-1,GG-40,HH-54,FF-47
-----
AA:AA0,GG-99,FF-99,BB-49,EE-49,DD-50,II-99,CC-99,HH-99,JJ-99
BB:AA2,GG-99,FF-99,BB0,CC-99,DD-48,II-99,EE-47,HH-99,JJ-99
CC:II-56,FF-48,CC0,GG-41,HH-55,JJ-1
DD:AA3,II-99,FF-99,BB1,EE1,DD0,GG-99,CC-99,HH-99,JJ-99
EE:AA2,GG-99,FF-99,BB0,EE0,DD-48,II-99,CC-99,HH-99,JJ-99
FF:GG5,II9,HH10,FF0
GG:GG0,II14,HH15,FF5
HH:GG15,II-1,HH0,FF10
II:II0,GG50,HH65,FF55
JJ:II-57,JJ0,CC-1,GG-42,HH-56,FF-49
-----
AA:AA0,GG-99,FF-99,BB-49,EE-49,DD-50,II-99,CC-99,HH-99,JJ-99
BB:AA2,GG-99,FF-99,BB0,CC-99,DD-48,II-99,EE-47,HH-99,JJ-99
CC:II-58,FF-50,CC0,GG-43,HH-57,JJ-1
DD:AA3,II-99,FF-99,BB1,EE1,DD0,GG-99,CC-99,HH-99,JJ-99
EE:AA2,GG-99,FF-99,BB0,EE0,DD-48,II-99,CC-99,HH-99,JJ-99
FF:GG5,II9,HH10,FF0
GG:GG0,II14,HH15,FF5
HH:GG15,II-1,HH0,FF10
II:II0,GG50,HH65,FF55
JJ:II-59,JJ0,CC-1,GG-44,HH-58,FF-51
-----
AA:AA0,GG-99,FF-99,BB-49,EE-49,DD-50,II-99,CC-99,HH-99,JJ-99
BB:AA2,GG-99,FF-99,BB0,CC-99,DD-48,II-99,EE-47,HH-99,JJ-99
CC:II-60,FF-52,CC0,GG-45,HH-59,JJ-1
DD:AA3,II-99,FF-99,BB1,EE1,DD0,GG-99,CC-99,HH-99,JJ-99
EE:AA2,GG-99,FF-99,BB0,EE0,DD-48,II-99,CC-99,HH-99,JJ-99
FF:GG5,II9,HH10,FF0
GG:GG0,II14,HH15,FF5
HH:GG15,II-1,HH0,FF10
II:II0,GG50,HH65,FF55
JJ:II-61,JJ0,CC-1,GG-46,HH-60,FF-53
-----
AA:AA0,GG-99,FF-99,BB-49,EE-49,DD-50,II-99,CC-99,HH-99,JJ-99
BB:AA2,GG-99,FF-99,BB0,CC-99,DD-48,II-99,EE-47,HH-99,JJ-99
CC:II-62,FF-54,CC0,GG-47,HH-61,JJ-1
DD:AA3,II-99,FF-99,BB1,EE1,DD0,GG-99,CC-99,HH-99,JJ-99
EE:AA2,GG-99,FF-99,BB0,EE0,DD-48,II-99,CC-99,HH-99,JJ-99
FF:GG5,II9,HH10,FF0
GG:GG0,II14,HH15,FF5
HH:GG15,II-1,HH0,FF10
II:II0,GG50,HH65,FF55
JJ:II-63,JJ0,CC-1,GG-48,HH-62,FF-55
-----
AA:AA0,GG-99,FF-99,BB-49,EE-49,DD-50,II-99,CC-99,HH-99,JJ-99
BB:AA2,GG-99,FF-99,BB0,CC-99,DD-48,II-99,EE-47,HH-99,JJ-99
CC:II-64,FF-56,CC0,GG-49,HH-63,JJ-1
DD:AA3,II-99,FF-99,BB1,EE1,DD0,GG-99,CC-99,HH-99,JJ-99
EE:AA2,GG-99,FF-99,BB0,EE0,DD-48,II-99,CC-99,HH-99,JJ-99
FF:GG5,II9,HH10,FF0
GG:GG0,II14,HH15,FF5
HH:GG15,II-1,HH0,FF10
II:II0,GG50,HH65,FF55
JJ:II-65,JJ0,CC-1,GG-50,HH-64,FF-57
-----
AA:AA0,GG-99,FF-99,BB-49,EE-49,DD-50,II-99,CC-99,HH-99,JJ-99
BB:AA2,GG-99,FF-99,BB0,CC-99,DD-48,II-99,EE-47,HH-99,JJ-99
CC:II-66,FF-58,CC0,GG-51,HH-65,JJ-1
DD:AA3,II-99,FF-99,BB1,EE1,DD0,GG-99,CC-99,HH-99,JJ-99
EE:AA2,GG-99,FF-99,BB0,EE0,DD-48,II-99,CC-99,HH-99,JJ-99
FF:GG5,II9,HH10,FF0
GG:GG0,II14,HH15,FF5
HH:GG15,II-1,HH0,FF10
II:II0,GG50,HH65,FF55
JJ:II-67,JJ0,CC-1,GG-52,HH-66,FF-59
-----
AA:AA0,GG-99,FF-99,BB-49,EE-49,DD-50,II-99,CC-99,HH-99,JJ-99
BB:AA2,GG-99,FF-99,BB0,CC-99,DD-48,II-99,EE-47,HH-99,JJ-99
CC:II-68,FF-60,CC0,GG-53,HH-67,JJ-1
DD:AA3,II-99,FF-99,BB1,EE1,DD0,GG-99,CC-99,HH-99,JJ-99
EE:AA2,GG-99,FF-99,BB0,EE0,DD-48,II-99,CC-99,HH-99,JJ-99
FF:GG5,II9,HH10,FF0
GG:GG0,II14,HH15,FF5
HH:GG15,II-1,HH0,FF10
II:II0,GG50,HH65,FF55
JJ:II-69,JJ0,CC-1,GG-54,HH-68,FF-61
-----
AA:AA0,GG-99,FF-99,BB-49,EE-49,DD-50,II-99,CC-99,HH-99,JJ-99
BB:AA2,GG-99,FF-99,BB0,CC-99,DD-48,II-99,EE-47,HH-99,JJ-99
CC:II-70,FF-62,CC0,GG-55,HH-69,JJ-1
DD:AA3,II-99,FF-99,BB1,EE1,DD0,GG-99,CC-99,HH-99,JJ-99
EE:AA2,GG-99,FF-99,BB0,EE0,DD-48,II-99,CC-99,HH-99,JJ-99
FF:GG5,II9,HH10,FF0
GG:GG0,II14,HH15,FF5
HH:GG15,II-1,HH0,FF10
II:II0,GG50,HH65,FF55
JJ:II-71,JJ0,CC-1,GG-56,HH-70,FF-63
-----
AA:AA0,GG-99,FF-99,BB-49,EE-49,DD-50,II-99,CC-99,HH-99,JJ-99
BB:AA2,GG-99,FF-99,BB0,CC-99,DD-48,II-99,EE-47,HH-99,JJ-99
CC:II-72,FF-64,CC0,GG-57,HH-71,JJ-1
DD:AA3,II-99,FF-99,BB1,EE1,DD0,GG-99,CC-99,HH-99,JJ-99
EE:AA2,GG-99,FF-99,BB0,EE0,DD-48,II-99,CC-99,HH-99,JJ-99
FF:GG5,II9,HH10,FF0
GG:GG0,II14,HH15,FF5
HH:GG15,II-1,HH0,FF10
II:II0,GG50,HH65,FF55
JJ:II-73,JJ0,CC-1,GG-58,HH-72,FF-65
-----
AA:AA0,GG-99,FF-99,BB-49,EE-49,DD-50,II-99,CC-99,HH-99,JJ-99
BB:AA2,GG-99,FF-99,BB0,CC-99,DD-48,II-99,EE-47,HH-99,JJ-99
CC:II-74,FF-66,CC0,GG-59,HH-73,JJ-1
DD:AA3,II-99,FF-99,BB1,EE1,DD0,GG-99,CC-99,HH-99,JJ-99
EE:AA2,GG-99,FF-99,BB0,EE0,DD-48,II-99,CC-99,HH-99,JJ-99
FF:GG5,II9,HH10,FF0
GG:GG0,II14,HH15,FF5
HH:GG15,II-1,HH0,FF10
II:II0,GG50,HH65,FF55
JJ:II-75,JJ0,CC-1,GG-60,HH-74,FF-67
-----
AA:AA0,GG-99,FF-99,BB-49,EE-49,DD-50,II-99,CC-99,HH-99,JJ-99
BB:AA2,GG-99,FF-99,BB0,CC-99,DD-48,II-99,EE-47,HH-99,JJ-99
CC:II-76,FF-68,CC0,GG-61,HH-75,JJ-1
DD:AA3,II-99,FF-99,BB1,EE1,DD0,GG-99,CC-99,HH-99,JJ-99
EE:AA2,GG-99,FF-99,BB0,EE0,DD-48,II-99,CC-99,HH-99,JJ-99
FF:GG5,II9,HH10,FF0
GG:GG0,II14,HH15,FF5
HH:GG15,II-1,HH0,FF10
II:II0,GG50,HH65,FF55
JJ:II-77,JJ0,CC-1,GG-62,HH-76,FF-69
-----
AA:AA0,GG-99,FF-99,BB-49,EE-49,DD-50,II-99,CC-99,HH-99,JJ-99
BB:AA2,GG-99,FF-99,BB0,CC-99,DD-48,II-99,EE-47,HH-99,JJ-99
CC:II-78,FF-70,CC0,GG-63,HH-77,JJ-1
DD:AA3,II-99,FF-99,BB1,EE1,DD0,GG-99,CC-99,HH-99,JJ-99
EE:AA2,GG-99,FF-99,BB0,EE0,DD-48,II-99,CC-99,HH-99,JJ-99
FF:GG5,II9,HH10,FF0
GG:GG0,II14,HH15,FF5
HH:GG15,II-1,HH0,FF10
II:II0,GG50,HH65,FF55
JJ:II-79,JJ0,CC-1,GG-64,HH-78,FF-71
-----
AA:AA0,GG-99,FF-99,BB-49,EE-49,DD-50,II-99,CC-99,HH-99,JJ-99
BB:AA2,GG-99,FF-99,BB0,CC-99,DD-48,II-99,EE-47,HH-99,JJ-99
CC:II-80,FF-72,CC0,GG-65,HH-79,JJ-1
DD:AA3,II-99,FF-99,BB1,EE1,DD0,GG-99,CC-99,HH-99,JJ-99
EE:AA2,GG-99,FF-99,BB0,EE0,DD-48,II-99,CC-99,HH-99,JJ-99
FF:GG5,II9,HH10,FF0
GG:GG0,II14,HH15,FF5
HH:GG15,II-1,HH0,FF10
II:II0,GG50,HH65,FF55
JJ:II-81,JJ0,CC-1,GG-66,HH-80,FF-73
-----
AA:AA0,GG-99,FF-99,BB-49,EE-49,DD-50,II-99,CC-99,HH-99,JJ-99
BB:AA2,GG-99,FF-99,BB0,CC-99,DD-48,II-99,EE-47,HH-99,JJ-99
CC:II-82,FF-74,CC0,GG-67,HH-81,JJ-1
DD:AA3,II-99,FF-99,BB1,EE1,DD0,GG-99,CC-99,HH-99,JJ-99
EE:AA2,GG-99,FF-99,BB0,EE0,DD-48,II-99,CC-99,HH-99,JJ-99
FF:GG5,II9,HH10,FF0
GG:GG0,II14,HH15,FF5
HH:GG15,II-1,HH0,FF10
II:II0,GG50,HH65,FF55
JJ:II-83,JJ0,CC-1,GG-68,HH-82,FF-75
-----
AA:AA0,GG-99,FF-99,BB-49,EE-49,DD-50,II-99,CC-99,HH-99,JJ-99
BB:AA2,GG-99,FF-99,BB0,CC-99,DD-48,II-99,EE-47,HH-99,JJ-99
CC:II-84,FF-76,CC0,GG-69,HH-83,JJ-1
DD:AA3,II-99,FF-99,BB1,EE1,DD0,GG-99,CC-99,HH-99,JJ-99
EE:AA2,GG-99,FF-99,BB0,EE0,DD-48,II-99,CC-99,HH-99,JJ-99
FF:GG5,II9,HH10,FF0
GG:GG0,II14,HH15,FF5
HH:GG15,II-1,HH0,FF10
II:II0,GG50,HH65,FF55
JJ:II-85,JJ0,CC-1,GG-70,HH-84,FF-77
-----
AA:AA0,GG-99,FF-99,BB-49,EE-49,DD-50,II-99,CC-99,HH-99,JJ-99
BB:AA2,GG-99,FF-99,BB0,CC-99,DD-48,II-99,EE-47,HH-99,JJ-99
CC:II-86,FF-78,CC0,GG-71,HH-85,JJ-1
DD:AA3,II-99,FF-99,BB1,EE1,DD0,GG-99,CC-99,HH-99,JJ-99
EE:AA2,GG-99,FF-99,BB0,EE0,DD-48,II-99,CC-99,HH-99,JJ-99
FF:GG5,II9,HH10,FF0
GG:GG0,II14,HH15,FF5
HH:GG15,II-1,HH0,FF10
II:II0,GG50,HH65,FF55
JJ:II-87,JJ0,CC-1,GG-72,HH-86,FF-79
-----
AA:AA0,GG-99,FF-99,BB-49,EE-49,DD-50,II-99,CC-99,HH-99,JJ-99
BB:AA2,GG-99,FF-99,BB0,CC-99,DD-48,II-99,EE-47,HH-99,JJ-99
CC:II-88,FF-80,CC0,GG-73,HH-87,JJ-1
DD:AA3,II-99,FF-99,BB1,EE1,DD0,GG-99,CC-99,HH-99,JJ-99
EE:AA2,GG-99,FF-99,BB0,EE0,DD-48,II-99,CC-99,HH-99,JJ-99
FF:GG5,II9,HH10,FF0
GG:GG0,II14,HH15,FF5
HH:GG15,II-1,HH0,FF10
II:II0,GG50,HH65,FF55
JJ:II-89,JJ0,CC-1,GG-74,HH-88,FF-81
-----
AA:AA0,GG-99,FF-99,BB-49,EE-49,DD-50,II-99,CC-99,HH-99,JJ-99
BB:AA2,GG-99,FF-99,BB0,CC-99,DD-48,II-99,EE-47,HH-99,JJ-99
CC:II-90,FF-82,CC0,GG-75,HH-89,JJ-1
DD:AA3,II-99,FF-99,BB1,EE1,DD0,GG-99,CC-99,HH-99,JJ-99
EE:AA2,GG-99,FF-99,BB0,EE0,DD-48,II-99,CC-99,HH-99,JJ-99
FF:GG5,II9,HH10,FF0
GG:GG0,II14,HH15,FF5
HH:GG15,II-1,HH0,FF10
II:II0,GG50,HH65,FF55
JJ:II-91,JJ0,CC-1,GG-76,HH-90,FF-83
-----
AA:AA0,GG-99,FF-99,BB-49,EE-49,DD-50,II-99,CC-99,HH-99,JJ-99
BB:AA2,GG-99,FF-99,BB0,CC-99,DD-48,II-99,EE-47,HH-99,JJ-99
CC:II-92,FF-84,CC0,GG-77,HH-91,JJ-1
DD:AA3,II-99,FF-99,BB1,EE1,DD0,GG-99,CC-99,HH-99,JJ-99
EE:AA2,GG-99,FF-99,BB0,EE0,DD-48,II-99,CC-99,HH-99,JJ-99
FF:GG5,II9,HH10,FF0
GG:GG0,II14,HH15,FF5
HH:GG15,II-1,HH0,FF10
II:II0,GG50,HH65,FF55
JJ:II-93,JJ0,CC-1,GG-78,HH-92,FF-85
-----
AA:AA0,GG-99,FF-99,BB-49,EE-49,DD-50,II-99,CC-99,HH-99,JJ-99
BB:AA2,GG-99,FF-99,BB0,CC-99,DD-48,II-99,EE-47,HH-99,JJ-99
CC:II-94,FF-86,CC0,GG-79,HH-93,JJ-1
DD:AA3,II-99,FF-99,BB1,EE1,DD0,GG-99,CC-99,HH-99,JJ-99
EE:AA2,GG-99,FF-99,BB0,EE0,DD-48,II-99,CC-99,HH-99,JJ-99
FF:GG5,II9,HH10,FF0
GG:GG0,II14,HH15,FF5
HH:GG15,II-1,HH0,FF10
II:II0,GG50,HH65,FF55
JJ:II-95,JJ0,CC-1,GG-80,HH-94,FF-87
-----
AA:AA0,GG-99,FF-99,BB-49,EE-49,DD-50,II-99,CC-99,HH-99,JJ-99
BB:AA2,GG-99,FF-99,BB0,CC-99,DD-48,II-99,EE-47,HH-99,JJ-99
CC:II-96,FF-88,CC0,GG-81,HH-95,JJ-1
DD:AA3,II-99,FF-99,BB1,EE1,DD0,GG-99,CC-99,HH-99,JJ-99
EE:AA2,GG-99,FF-99,BB0,EE0,DD-48,II-99,CC-99,HH-99,JJ-99
FF:GG5,II9,HH10,FF0
GG:GG0,II14,HH15,FF5
HH:GG15,II-1,HH0,FF10
II:II0,GG50,HH65,FF55
JJ:II-97,JJ0,CC-1,GG-82,HH-96,FF-89
-----
AA:AA0,GG-99,FF-99,BB-49,EE-49,DD-50,II-99,CC-99,HH-99,JJ-99
BB:AA2,GG-99,FF-99,BB0,CC-99,DD-48,II-99,EE-47,HH-99,JJ-99
CC:II-98,FF-90,CC0,GG-83,HH-97,JJ-1
DD:AA3,II-99,FF-99,BB1,EE1,DD0,GG-99,CC-99,HH-99,JJ-99
EE:AA2,GG-99,FF-99,BB0,EE0,DD-48,II-99,CC-99,HH-99,JJ-99
FF:GG5,II9,HH10,FF0
GG:GG0,II14,HH15,FF5
HH:GG15,II-1,HH0,FF10
II:II0,GG50,HH65,FF55
JJ:II-99,JJ0,CC-1,GG-84,HH-98,FF-91
-----
AA:AA0,GG-99,FF-99,BB-49,EE-49,DD-50,II-99,CC-99,HH-99,JJ-99
BB:AA2,GG-99,FF-99,BB0,CC-99,DD-48,II-99,EE-47,HH-99,JJ-99
CC:II-99,FF-92,CC0,GG-85,HH-99,JJ-1
DD:AA3,II-99,FF-99,BB1,EE1,DD0,GG-99,CC-99,HH-99,JJ-99
EE:AA2,GG-99,FF-99,BB0,EE0,DD-48,II-99,CC-99,HH-99,JJ-99
FF:GG5,II9,HH10,FF0
GG:GG0,II14,HH15,FF5
HH:GG15,II-1,HH0,FF10
II:II0,GG50,HH65,FF55
JJ:II-99,JJ0,CC-1,GG-86,HH-99,FF-93
-----
AA:AA0,GG-99,FF-99,BB-49,EE-49,DD-50,II-99,CC-99,HH-99,JJ-99
BB:AA2,GG-99,FF-99,BB0,CC-99,DD-48,II-99,EE-47,HH-99,JJ-99
CC:II-99,FF-94,CC0,GG-87,HH-99,JJ-1
DD:AA3,II-99,FF-99,BB1,EE1,DD0,GG-99,CC-99,HH-99,JJ-99
EE:AA2,GG-99,FF-99,BB0,EE0,DD-48,II-99,CC-99,HH-99,JJ-99
FF:GG5,II9,HH10,FF0
GG:GG0,II14,HH15,FF5
HH:GG15,II-1,HH0,FF10
II:II0,GG50,HH65,FF55
JJ:II-99,JJ0,CC-1,GG-88,HH-99,FF-95
-----
AA:AA0,GG-99,FF-99,BB-49,EE-49,DD-50,II-99,CC-99,HH-99,JJ-99
BB:AA2,GG-99,FF-99,BB0,CC-99,DD-48,II-99,EE-47,HH-99,JJ-99
CC:II-99,FF-96,CC0,GG-89,HH-99,JJ-1
DD:AA3,II-99,FF-99,BB1,EE1,DD0,GG-99,CC-99,HH-99,JJ-99
EE:AA2,GG-99,FF-99,BB0,EE0,DD-48,II-99,CC-99,HH-99,JJ-99
FF:GG5,II9,HH10,FF0
GG:GG0,II14,HH15,FF5
HH:GG15,II-1,HH0,FF10
II:II0,GG50,HH65,FF55
JJ:II-99,JJ0,CC-1,GG-90,HH-99,FF-97
-----
AA:AA0,GG-99,FF-99,BB-49,EE-49,DD-50,II-99,CC-99,HH-99,JJ-99
BB:AA2,GG-99,FF-99,BB0,CC-99,DD-48,II-99,EE-47,HH-99,JJ-99
CC:II-99,FF-98,CC0,GG-91,HH-99,JJ-1
DD:AA3,II-99,FF-99,BB1,EE1,DD0,GG-99,CC-99,HH-99,JJ-99
EE:AA2,GG-99,FF-99,BB0,EE0,DD-48,II-99,CC-99,HH-99,JJ-99
FF:GG5,II9,HH10,FF0
GG:GG0,II14,HH15,FF5
HH:GG15,II-1,HH0,FF10
II:II0,GG50,HH65,FF55
JJ:II-99,JJ0,CC-1,GG-92,HH-99,FF-99
-----
AA:AA0,GG-99,FF-99,BB-49,EE-49,DD-50,II-99,CC-99,HH-99,JJ-99
BB:AA2,GG-99,FF-99,BB0,CC-99,DD-48,II-99,EE-47,HH-99,JJ-99
CC:II-99,FF-99,CC0,GG-93,HH-99,JJ-1
DD:AA3,II-99,FF-99,BB1,EE1,DD0,GG-99,CC-99,HH-99,JJ-99
EE:AA2,GG-99,FF-99,BB0,EE0,DD-48,II-99,CC-99,HH-99,JJ-99
FF:GG5,II9,HH10,FF0
GG:GG0,II14,HH15,FF5
HH:GG15,II-1,HH0,FF10
II:II0,GG50,HH65,FF55
JJ:II-99,JJ0,CC-1,GG-94,HH-99,FF-99
-----
AA:AA0,GG-99,FF-99,BB-49,EE-49,DD-50,II-99,CC-99,HH-99,JJ-99
BB:AA2,GG-99,FF-99,BB0,CC-99,DD-48,II-99,EE-47,HH-99,JJ-99
CC:II-99,FF-99,CC0,GG-95,HH-99,JJ-1
DD:AA3,II-99,FF-99,BB1,EE1,DD0,GG-99,CC-99,HH-99,JJ-99
EE:AA2,GG-99,FF-99,BB0,EE0,DD-48,II-99,CC-99,HH-99,JJ-99
FF:GG5,II9,HH10,FF0
GG:GG0,II14,HH15,FF5
HH:GG15,II-1,HH0,FF10
II:II0,GG50,HH65,FF55
JJ:II-99,JJ0,CC-1,GG-96,HH-99,FF-99
-----
AA:AA0,GG-99,FF-99,BB-49,EE-49,DD-50,II-99,CC-99,HH-99,JJ-99
BB:AA2,GG-99,FF-99,BB0,CC-99,DD-48,II-99,EE-47,HH-99,JJ-99
CC:II-99,FF-99,CC0,GG-97,HH-99,JJ-1
DD:AA3,II-99,FF-99,BB1,EE1,DD0,GG-99,CC-99,HH-99,JJ-99
EE:AA2,GG-99,FF-99,BB0,EE0,DD-48,II-99,CC-99,HH-99,JJ-99
FF:GG5,II9,HH10,FF0
GG:GG0,II14,HH15,FF5
HH:GG15,II-1,HH0,FF10
II:II0,GG50,HH65,FF55
JJ:II-99,JJ0,CC-1,GG-98,HH-99,FF-99
-----
AA:AA0,GG-99,FF-99,BB-49,EE-49,DD-50,II-99,CC-99,HH-99,JJ-99
BB:AA2,GG-99,FF-99,BB0,CC-99,DD-48,II-99,EE-47,HH-99,JJ-99
CC:II-99,FF-99,CC0,GG-99,HH-99,JJ-1
DD:AA3,II-99,FF-99,BB1,EE1,DD0,GG-99,CC-99,HH-99,JJ-99
EE:AA2,GG-99,FF-99,BB0,EE0,DD-48,II-99,CC-99,HH-99,JJ-99
FF:GG5,II9,HH10,FF0
GG:GG0,II14,HH15,FF5
HH:GG15,II-1,HH0,FF10
II:II0,GG50,HH65,FF55
JJ:II-99,JJ0,CC-1,GG-99,HH-99,FF-99
-----
AA:AA0,GG-99,FF-99,BB-49,EE-49,DD-50,II-99,CC-99,HH-99,JJ-99
BB:AA2,GG-99,FF-99,BB0,CC-99,DD-48,II-99,EE-47,HH-99,JJ-99
CC:II-99,FF-99,CC0,GG-99,HH-99,JJ-1
DD:AA3,II-99,FF-99,BB1,EE1,DD0,GG-99,CC-99,HH-99,JJ-99
EE:AA2,GG-99,FF-99,BB0,EE0,DD-48,II-99,CC-99,HH-99,JJ-99
FF:GG5,II9,HH10,FF0
GG:GG0,II14,HH15,FF5
HH:GG15,II-1,HH0,FF10
II:II0,GG50,HH65,FF55
JJ:II-99,JJ0,CC-1,GG-99,HH-99,FF-99
-----
