AA:AA0,DD-5
BB:AA2,CC10,DD-3,EE0,BB0
CC:CC0,JJ0,FF10
DD:AA12,CC20,DD0,EE1,BB10
EE:AA2,BB0,EE0,DD-3,CC10,JJ2
FF:GG5,II0,HH1,JJ2,FF0
GG:GG0,II5,HH6,FF5,JJ7
HH:GG6,II1,HH0,FF1,JJ3
II:II0,GG5,HH1,FF0,JJ2
JJ:II-1,JJ0,CC0,GG4,HH-2,FF-1
-----
AA:AA0,CC15,DD-5,EE-4,BB5
BB:AA2,FF20,BB0,CC10,DD-3,EE-2,JJ2
CC:II-1,FF-1,CC0,GG4,HH-2,JJ0
DD:AA3,FF30,BB1,CC11,DD0,EE1,JJ3
EE:AA2,GG6,FF1,BB0,EE0,DD-3,II1,CC2,HH0,JJ2
FF:II0,FF0,CC2,GG5,HH0,JJ2
GG:II5,JJ7,CC7,GG0,HH5,FF5
HH:II1,JJ3,CC3,GG6,HH0,FF1
II:GG5,JJ2,CC2,II0,HH0,FF0
JJ:II-1,JJ0,CC0,GG4,HH-2,FF-1
-----
AA:AA0,JJ-2,BB-4,CC6,DD-5,EE-4,FF25
BB:AA2,GG6,FF1,BB0,CC2,DD-3,II1,EE-2,HH0,JJ0
CC:II-1,FF-1,CC0,GG4,HH-2,JJ0
DD:AA3,II2,FF2,BB1,CC3,DD0,GG7,EE1,HH1,JJ3
EE:AA2,GG6,FF1,BB0,EE0,DD-3,II1,CC2,HH0,JJ0
FF:II0,FF0,CC2,GG5,HH0,JJ2
GG:II5,JJ7,CC7,GG0,HH5,FF5
HH:II1,JJ3,CC3,GG6,HH0,FF1
II:GG5,JJ2,CC2,II0,HH0,FF0
JJ:II-1,JJ0,CC0,GG4,HH-2,FF-1
-----
AA:AA0,GG2,JJ-2,BB-4,CC-2,DD-5,II-3,EE-4,HH-4,FF-3
BB:AA2,GG4,FF-1,BB0,CC0,DD-3,II-1,EE-2,HH-2,JJ0
CC:II-1,FF-1,CC0,GG4,HH-2,JJ0
DD:AA3,II2,FF2,BB1,CC3,DD0,GG7,EE1,HH1,JJ1
EE:AA2,GG4,FF-1,BB0,EE0,DD-3,II-1,CC0,HH-2,JJ0
FF:II0,FF0,CC2,GG5,HH0,JJ2
GG:II5,JJ7,CC7,GG0,HH5,FF5
HH:II1,JJ3,CC3,GG6,HH0,FF1
II:GG5,JJ2,CC2,II0,HH0,FF0
JJ:II-1,JJ0,CC0,GG4,HH-2,FF-1
-----
AA:AA0,GG2,JJ-4,BB-4,CC-2,DD-5,II-3,EE-4,HH-4,FF-3
BB:AA2,GG4,FF-1,BB0,CC0,DD-3,II-1,EE-2,HH-2,JJ-2
CC:II-1,FF-1,CC0,GG4,HH-2,JJ0
DD:AA3,II0,FF0,BB1,CC1,DD0,GG5,EE1,HH-1,JJ1
EE:AA2,GG4,FF-1,BB0,EE0,DD-3,II-1,CC0,HH-2,JJ-2
FF:II0,FF0,CC2,GG5,HH0,JJ2
GG:II5,JJ7,CC7,GG0,HH5,FF5
HH:II1,JJ3,CC3,GG6,HH0,FF1
II:GG5,JJ2,CC2,II0,HH0,FF0
JJ:II-1,JJ0,CC0,GG4,HH-2,FF-1
-----
AA:AA0,GG0,JJ-4,BB-4,CC-4,DD-5,II-5,EE-4,HH-6,FF-5
BB:AA2,GG2,FF-3,BB0,CC-2,DD-3,II-3,EE-2,HH-4,JJ-2
CC:II-1,FF-1,CC0,GG4,HH-2,JJ0
DD:AA3,II0,FF0,BB1,CC1,DD0,GG5,EE1,HH-1,JJ-1
EE:AA2,GG2,FF-3,BB0,EE0,DD-3,II-3,CC-2,HH-4,JJ-2
FF:II0,FF0,CC2,GG5,HH0,JJ2
GG:II5,JJ7,CC7,GG0,HH5,FF5
HH:II1,JJ3,CC3,GG6,HH0,FF1
II:GG5,JJ2,CC2,II0,HH0,FF0
JJ:II-1,JJ0,CC0,GG4,HH-2,FF-1
-----
AA:AA0,GG0,JJ-6,BB-4,CC-4,DD-5,II-5,EE-4,HH-6,FF-5
BB:AA2,GG2,FF-3,BB0,CC-2,DD-3,II-3,EE-2,HH-4,JJ-4
CC:II-1,FF-1,CC0,GG4,HH-2,JJ0
DD:AA3,II-2,FF-2,BB1,CC-1,DD0,GG3,EE1,HH-3,JJ-1
EE:AA2,GG2,FF-3,BB0,EE0,DD-3,II-3,CC-2,HH-4,JJ-4
FF:II0,FF0,CC2,GG5,HH0,JJ2
GG:II5,JJ7,CC7,GG0,HH5,FF5
HH:II1,JJ3,CC3,GG6,HH0,FF1
II:GG5,JJ2,CC2,II0,HH0,FF0
JJ:II-1,JJ0,CC0,GG4,HH-2,FF-1
-----
AA:AA0,GG-2,JJ-6,BB-4,CC-6,DD-5,II-7,EE-4,HH-8,FF-7
BB:AA2,GG0,FF-5,BB0,CC-4,DD-3,II-5,EE-2,HH-6,JJ-4
CC:II-1,FF-1,CC0,GG4,HH-2,JJ0
DD:AA3,II-2,FF-2,BB1,CC-1,DD0,GG3,EE1,HH-3,JJ-3
EE:AA2,GG0,FF-5,BB0,EE0,DD-3,II-5,CC-4,HH-6,JJ-4
FF:II0,FF0,CC2,GG5,HH0,JJ2
GG:II5,JJ7,CC7,GG0,HH5,FF5
HH:II1,JJ3,CC3,GG6,HH0,FF1
II:GG5,JJ2,CC2,II0,HH0,FF0
JJ:II-1,JJ0,CC0,GG4,HH-2,FF-1
-----
AA:AA0,GG-2,JJ-8,BB-4,CC-6,DD-5,II-7,EE-4,HH-8,FF-7
BB:AA2,GG0,FF-5,BB0,CC-4,DD-3,II-5,EE-2,HH-6,JJ-6
CC:II-1,FF-1,CC0,GG4,HH-2,JJ0
DD:AA3,II-4,FF-4,BB1,CC-3,DD0,GG1,EE1,HH-5,JJ-3
EE:AA2,GG0,FF-5,BB0,EE0,DD-3,II-5,CC-4,HH-6,JJ-6
FF:II0,FF0,CC2,GG5,HH0,JJ2
GG:II5,JJ7,CC7,GG0,HH5,FF5
HH:II1,JJ3,CC3,GG6,HH0,FF1
II:GG5,JJ2,CC2,II0,HH0,FF0
JJ:II-1,JJ0,CC0,GG4,HH-2,FF-1
-----
AA:AA0,GG-4,JJ-8,BB-4,CC-8,DD-5,II-9,EE-4,HH-10,FF-9
BB:AA2,GG-2,FF-7,BB0,CC-6,DD-3,II-7,EE-2,HH-8,JJ-6
CC:II-1,FF-1,CC0,GG4,HH-2,JJ0
DD:AA3,II-4,FF-4,BB1,CC-3,DD0,GG1,EE1,HH-5,JJ-5
EE:AA2,GG-2,FF-7,BB0,EE0,DD-3,II-7,CC-6,HH-8,JJ-6
FF:II0,FF0,CC2,GG5,HH0,JJ2
GG:II5,JJ7,CC7,GG0,HH5,FF5
HH:II1,JJ3,CC3,GG6,HH0,FF1
II:GG5,JJ2,CC2,II0,HH0,FF0
JJ:II-1,JJ0,CC0,GG4,HH-2,FF-1
-----
AA:AA0,GG-4,JJ-10,BB-4,CC-8,DD-5,II-9,EE-4,HH-10,FF-9
BB:AA2,GG-2,FF-7,BB0,CC-6,DD-3,II-7,EE-2,HH-8,JJ-8
CC:II-1,FF-1,CC0,GG4,HH-2,JJ0
DD:AA3,II-6,FF-6,BB1,CC-5,DD0,GG-1,EE1,HH-7,JJ-5
EE:AA2,GG-2,FF-7,BB0,EE0,DD-3,II-7,CC-6,HH-8,JJ-8
FF:II0,FF0,CC2,GG5,HH0,JJ2
GG:II5,JJ7,CC7,GG0,HH5,FF5
HH:II1,JJ3,CC3,GG6,HH0,FF1
II:GG5,JJ2,CC2,II0,HH0,FF0
JJ:II-1,JJ0,CC0,GG4,HH-2,FF-1
-----
AA:AA0,GG-6,JJ-10,BB-4,CC-10,DD-5,II-11,EE-4,HH-12,FF-11
BB:AA2,GG-4,FF-9,BB0,CC-8,DD-3,II-9,EE-2,HH-10,JJ-8
CC:II-1,FF-1,CC0,GG4,HH-2,JJ0
DD:AA3,II-6,FF-6,BB1,CC-5,DD0,GG-1,EE1,HH-7,JJ-7
EE:AA2,GG-4,FF-9,BB0,EE0,DD-3,II-9,CC-8,HH-10,JJ-8
FF:II0,FF0,CC2,GG5,HH0,JJ2
GG:II5,JJ7,CC7,GG0,HH5,FF5
HH:II1,JJ3,CC3,GG6,HH0,FF1
II:GG5,JJ2,CC2,II0,HH0,FF0
JJ:II-1,JJ0,CC0,GG4,HH-2,FF-1
-----
AA:AA0,GG-6,JJ-12,BB-4,CC-10,DD-5,II-11,EE-4,HH-12,FF-11
BB:AA2,GG-4,FF-9,BB0,CC-8,DD-3,II-9,EE-2,HH-10,JJ-10
CC:II-1,FF-1,CC0,GG4,HH-2,JJ0
DD:AA3,II-8,FF-8,BB1,CC-7,DD0,GG-3,EE1,HH-9,JJ-7
EE:AA2,GG-4,FF-9,BB0,EE0,DD-3,II-9,CC-8,HH-10,JJ-10
FF:II0,FF0,CC2,GG5,HH0,JJ2
GG:II5,JJ7,CC7,GG0,HH5,FF5
HH:II1,JJ3,CC3,GG6,HH0,FF1
II:GG5,JJ2,CC2,II0,HH0,FF0
JJ:II-1,JJ0,CC0,GG4,HH-2,FF-1
-----
AA:AA0,GG-8,JJ-12,BB-4,CC-12,DD-5,II-13,EE-4,HH-14,FF-13
BB:AA2,GG-6,FF-11,BB0,CC-10,DD-3,II-11,EE-2,HH-12,JJ-10
CC:II-1,FF-1,CC0,GG4,HH-2,JJ0
DD:AA3,II-8,FF-8,BB1,CC-7,DD0,GG-3,EE1,HH-9,JJ-9
EE:AA2,GG-6,FF-11,BB0,EE0,DD-3,II-11,CC-10,HH-12,JJ-10
FF:II0,FF0,CC2,GG5,HH0,JJ2
GG:II5,JJ7,CC7,GG0,HH5,FF5
HH:II1,JJ3,CC3,GG6,HH0,FF1
II:GG5,JJ2,CC2,II0,HH0,FF0
JJ:II-1,JJ0,CC0,GG4,HH-2,FF-1
-----
AA:AA0,GG-8,JJ-14,BB-4,CC-12,DD-5,II-13,EE-4,HH-14,FF-13
BB:AA2,GG-6,FF-11,BB0,CC-10,DD-3,II-11,EE-2,HH-12,JJ-12
CC:II-1,FF-1,CC0,GG4,HH-2,JJ0
DD:AA3,II-10,FF-10,BB1,CC-9,DD0,GG-5,EE1,HH-11,JJ-9
EE:AA2,GG-6,FF-11,BB0,EE0,DD-3,II-11,CC-10,HH-12,JJ-12
FF:II0,FF0,CC2,GG5,HH0,JJ2
GG:II5,JJ7,CC7,GG0,HH5,FF5
HH:II1,JJ3,CC3,GG6,HH0,FF1
II:GG5,JJ2,CC2,II0,HH0,FF0
JJ:II-1,JJ0,CC0,GG4,HH-2,FF-1
-----
AA:AA0,GG-10,JJ-14,BB-4,CC-14,DD-5,II-15,EE-4,HH-16,FF-15
BB:AA2,GG-8,FF-13,BB0,CC-12,DD-3,II-13,EE-2,HH-14,JJ-12
CC:II-1,FF-1,CC0,GG4,HH-2,JJ0
DD:AA3,II-10,FF-10,BB1,CC-9,DD0,GG-5,EE1,HH-11,JJ-11
EE:AA2,GG-8,FF-13,BB0,EE0,DD-3,II-13,CC-12,HH-14,JJ-12
FF:II0,FF0,CC2,GG5,HH0,JJ2
GG:II5,JJ7,CC7,GG0,HH5,FF5
HH:II1,JJ3,CC3,GG6,HH0,FF1
II:GG5,JJ2,CC2,II0,HH0,FF0
JJ:II-1,JJ0,CC0,GG4,HH-2,FF-1
-----
AA:AA0,GG-10,JJ-16,BB-4,CC-14,DD-5,II-15,EE-4,HH-16,FF-15
BB:AA2,GG-8,FF-13,BB0,CC-12,DD-3,II-13,EE-2,HH-14,JJ-14
CC:II-1,FF-1,CC0,GG4,HH-2,JJ0
DD:AA3,II-12,FF-12,BB1,CC-11,DD0,GG-7,EE1,HH-13,JJ-11
EE:AA2,GG-8,FF-13,BB0,EE0,DD-3,II-13,CC-12,HH-14,JJ-14
FF:II0,FF0,CC2,GG5,HH0,JJ2
GG:II5,JJ7,CC7,GG0,HH5,FF5
HH:II1,JJ3,CC3,GG6,HH0,FF1
II:GG5,JJ2,CC2,II0,HH0,FF0
JJ:II-1,JJ0,CC0,GG4,HH-2,FF-1
-----
AA:AA0,GG-12,JJ-16,BB-4,CC-16,DD-5,II-17,EE-4,HH-18,FF-17
BB:AA2,GG-10,FF-15,BB0,CC-14,DD-3,II-15,EE-2,HH-16,JJ-14
CC:II-1,FF-1,CC0,GG4,HH-2,JJ0
DD:AA3,II-12,FF-12,BB1,CC-11,DD0,GG-7,EE1,HH-13,JJ-13
EE:AA2,GG-10,FF-15,BB0,EE0,DD-3,II-15,CC-14,HH-16,JJ-14
FF:II0,FF0,CC2,GG5,HH0,JJ2
GG:II5,JJ7,CC7,GG0,HH5,FF5
HH:II1,JJ3,CC3,GG6,HH0,FF1
II:GG5,JJ2,CC2,II0,HH0,FF0
JJ:II-1,JJ0,CC0,GG4,HH-2,FF-1
-----
AA:AA0,GG-12,JJ-18,BB-4,CC-16,DD-5,II-17,EE-4,HH-18,FF-17
BB:AA2,GG-10,FF-15,BB0,CC-14,DD-3,II-15,EE-2,HH-16,JJ-16
CC:II-1,FF-1,CC0,GG4,HH-2,JJ0
DD:AA3,II-14,FF-14,BB1,CC-13,DD0,GG-9,EE1,HH-15,JJ-13
EE:AA2,GG-10,FF-15,BB0,EE0,DD-3,II-15,CC-14,HH-16,JJ-16
FF:II0,FF0,CC2,GG5,HH0,JJ2
GG:II5,JJ7,CC7,GG0,HH5,FF5
HH:II1,JJ3,CC3,GG6,HH0,FF1
II:GG5,JJ2,CC2,II0,HH0,FF0
JJ:II-1,JJ0,CC0,GG4,HH-2,FF-1
-----
AA:AA0,GG-14,JJ-18,BB-4,CC-18,DD-5,II-19,EE-4,HH-20,FF-19
BB:AA2,GG-12,FF-17,BB0,CC-16,DD-3,II-17,EE-2,HH-18,JJ-16
CC:II-1,FF-1,CC0,GG4,HH-2,JJ0
DD:AA3,II-14,FF-14,BB1,CC-13,DD0,GG-9,EE1,HH-15,JJ-15
EE:AA2,GG-12,FF-17,BB0,EE0,DD-3,II-17,CC-16,HH-18,JJ-16
FF:II0,FF0,CC2,GG5,HH0,JJ2
GG:II5,JJ7,CC7,GG0,HH5,FF5
HH:II1,JJ3,CC3,GG6,HH0,FF1
II:GG5,JJ2,CC2,II0,HH0,FF0
JJ:II-1,JJ0,CC0,GG4,HH-2,FF-1
-----
AA:AA0,GG-14,JJ-20,BB-4,CC-18,DD-5,II-19,EE-4,HH-20,FF-19
BB:AA2,GG-12,FF-17,BB0,CC-16,DD-3,II-17,EE-2,HH-18,JJ-18
CC:II-1,FF-1,CC0,GG4,HH-2,JJ0
DD:AA3,II-16,FF-16,BB1,CC-15,DD0,GG-11,EE1,HH-17,JJ-15
EE:AA2,GG-12,FF-17,BB0,EE0,DD-3,II-17,CC-16,HH-18,JJ-18
FF:II0,FF0,CC2,GG5,HH0,JJ2
GG:II5,JJ7,CC7,GG0,HH5,FF5
HH:II1,JJ3,CC3,GG6,HH0,FF1
II:GG5,JJ2,CC2,II0,HH0,FF0
JJ:II-1,JJ0,CC0,GG4,HH-2,FF-1
-----
AA:AA0,GG-16,JJ-20,BB-4,CC-20,DD-5,II-21,EE-4,HH-22,FF-21
BB:AA2,GG-14,FF-19,BB0,CC-18,DD-3,II-19,EE-2,HH-20,JJ-18
CC:II-1,FF-1,CC0,GG4,HH-2,JJ0
DD:AA3,II-16,FF-16,BB1,CC-15,DD0,GG-11,EE1,HH-17,JJ-17
EE:AA2,GG-14,FF-19,BB0,EE0,DD-3,II-19,CC-18,HH-20,JJ-18
FF:II0,FF0,CC2,GG5,HH0,JJ2
GG:II5,JJ7,CC7,GG0,HH5,FF5
HH:II1,JJ3,CC3,GG6,HH0,FF1
II:GG5,JJ2,CC2,II0,HH0,FF0
JJ:II-1,JJ0,CC0,GG4,HH-2,FF-1
-----
AA:AA0,GG-16,JJ-22,BB-4,CC-20,DD-5,II-21,EE-4,HH-22,FF-21
BB:AA2,GG-14,FF-19,BB0,CC-18,DD-3,II-19,EE-2,HH-20,JJ-20
CC:II-1,FF-1,CC0,GG4,HH-2,JJ0
DD:AA3,II-18,FF-18,BB1,CC-17,DD0,GG-13,EE1,HH-19,JJ-17
EE:AA2,GG-14,FF-19,BB0,EE0,DD-3,II-19,CC-18,HH-20,JJ-20
FF:II0,FF0,CC2,GG5,HH0,JJ2
GG:II5,JJ7,CC7,GG0,HH5,FF5
HH:II1,JJ3,CC3,GG6,HH0,FF1
II:GG5,JJ2,CC2,II0,HH0,FF0
JJ:II-1,JJ0,CC0,GG4,HH-2,FF-1
-----
AA:AA0,GG-18,JJ-22,BB-4,CC-22,DD-5,II-23,EE-4,HH-24,FF-23
BB:AA2,GG-16,FF-21,BB0,CC-20,DD-3,II-21,EE-2,HH-22,JJ-20
CC:II-1,FF-1,CC0,GG4,HH-2,JJ0
DD:AA3,II-18,FF-18,BB1,CC-17,DD0,GG-13,EE1,HH-19,JJ-19
EE:AA2,GG-16,FF-21,BB0,EE0,DD-3,II-21,CC-20,HH-22,JJ-20
FF:II0,FF0,CC2,GG5,HH0,JJ2
GG:II5,JJ7,CC7,GG0,HH5,FF5
HH:II1,JJ3,CC3,GG6,HH0,FF1
II:GG5,JJ2,CC2,II0,HH0,FF0
JJ:II-1,JJ0,CC0,GG4,HH-2,FF-1
-----
AA:AA0,GG-18,JJ-24,BB-4,CC-22,DD-5,II-23,EE-4,HH-24,FF-23
BB:AA2,GG-16,FF-21,BB0,CC-20,DD-3,II-21,EE-2,HH-22,JJ-22
CC:II-1,FF-1,CC0,GG4,HH-2,JJ0
DD:AA3,II-20,FF-20,BB1,CC-19,DD0,GG-15,EE1,HH-21,JJ-19
EE:AA2,GG-16,FF-21,BB0,EE0,DD-3,II-21,CC-20,HH-22,JJ-22
FF:II0,FF0,CC2,GG5,HH0,JJ2
GG:II5,JJ7,CC7,GG0,HH5,FF5
HH:II1,JJ3,CC3,GG6,HH0,FF1
II:GG5,JJ2,CC2,II0,HH0,FF0
JJ:II-1,JJ0,CC0,GG4,HH-2,FF-1
-----
AA:AA0,GG-20,JJ-24,BB-4,CC-24,DD-5,II-25,EE-4,HH-26,FF-25
BB:AA2,GG-18,FF-23,BB0,CC-22,DD-3,II-23,EE-2,HH-24,JJ-22
CC:II-1,FF-1,CC0,GG4,HH-2,JJ0
DD:AA3,II-20,FF-20,BB1,CC-19,DD0,GG-15,EE1,HH-21,JJ-21
EE:AA2,GG-18,FF-23,BB0,EE0,DD-3,II-23,CC-22,HH-24,JJ-22
FF:II0,FF0,CC2,GG5,HH0,JJ2
GG:II5,JJ7,CC7,GG0,HH5,FF5
HH:II1,JJ3,CC3,GG6,HH0,FF1
II:GG5,JJ2,CC2,II0,HH0,FF0
JJ:II-1,JJ0,CC0,GG4,HH-2,FF-1
-----
AA:AA0,GG-20,JJ-26,BB-4,CC-24,DD-5,II-25,EE-4,HH-26,FF-25
BB:AA2,GG-18,FF-23,BB0,CC-22,DD-3,II-23,EE-2,HH-24,JJ-24
CC:II-1,FF-1,CC0,GG4,HH-2,JJ0
DD:AA3,II-22,FF-22,BB1,CC-21,DD0,GG-17,EE1,HH-23,JJ-21
EE:AA2,GG-18,FF-23,BB0,EE0,DD-3,II-23,CC-22,HH-24,JJ-24
FF:II0,FF0,CC2,GG5,HH0,JJ2
GG:II5,JJ7,CC7,GG0,HH5,FF5
HH:II1,JJ3,CC3,GG6,HH0,FF1
II:GG5,JJ2,CC2,II0,HH0,FF0
JJ:II-1,JJ0,CC0,GG4,HH-2,FF-1
-----
AA:AA0,GG-22,JJ-26,BB-4,CC-26,DD-5,II-27,EE-4,HH-28,FF-27
BB:AA2,GG-20,FF-25,BB0,CC-24,DD-3,II-25,EE-2,HH-26,JJ-24
CC:II-1,FF-1,CC0,GG4,HH-2,JJ0
DD:AA3,II-22,FF-22,BB1,CC-21,DD0,GG-17,EE1,HH-23,JJ-23
EE:AA2,GG-20,FF-25,BB0,EE0,DD-3,II-25,CC-24,HH-26,JJ-24
FF:II0,FF0,CC2,GG5,HH0,JJ2
GG:II5,JJ7,CC7,GG0,HH5,FF5
HH:II1,JJ3,CC3,GG6,HH0,FF1
II:GG5,JJ2,CC2,II0,HH0,FF0
JJ:II-1,JJ0,CC0,GG4,HH-2,FF-1
-----
AA:AA0,GG-22,JJ-28,BB-4,CC-26,DD-5,II-27,EE-4,HH-28,FF-27
BB:AA2,GG-20,FF-25,BB0,CC-24,DD-3,II-25,EE-2,HH-26,JJ-26
CC:II-1,FF-1,CC0,GG4,HH-2,JJ0
DD:AA3,II-24,FF-24,BB1,CC-23,DD0,GG-19,EE1,HH-25,JJ-23
EE:AA2,GG-20,FF-25,BB0,EE0,DD-3,II-25,CC-24,HH-26,JJ-26
FF:II0,FF0,CC2,GG5,HH0,JJ2
GG:II5,JJ7,CC7,GG0,HH5,FF5
HH:II1,JJ3,CC3,GG6,HH0,FF1
II:GG5,JJ2,CC2,II0,HH0,FF0
JJ:II-1,JJ0,CC0,GG4,HH-2,FF-1
-----
AA:AA0,GG-24,JJ-28,BB-4,CC-28,DD-5,II-29,EE-4,HH-30,FF-29
BB:AA2,GG-22,FF-27,BB0,CC-26,DD-3,II-27,EE-2,HH-28,JJ-26
CC:II-1,FF-1,CC0,GG4,HH-2,JJ0
DD:AA3,II-24,FF-24,BB1,CC-23,DD0,GG-19,EE1,HH-25,JJ-25
EE:AA2,GG-22,FF-27,BB0,EE0,DD-3,II-27,CC-26,HH-28,JJ-26
FF:II0,FF0,CC2,GG5,HH0,JJ2
GG:II5,JJ7,CC7,GG0,HH5,FF5
HH:II1,JJ3,CC3,GG6,HH0,FF1
II:GG5,JJ2,CC2,II0,HH0,FF0
JJ:II-1,JJ0,CC0,GG4,HH-2,FF-1
-----
AA:AA0,GG-24,JJ-30,BB-4,CC-28,DD-5,II-29,EE-4,HH-30,FF-29
BB:AA2,GG-22,FF-27,BB0,CC-26,DD-3,II-27,EE-2,HH-28,JJ-28
CC:II-1,FF-1,CC0,GG4,HH-2,JJ0
DD:AA3,II-26,FF-26,BB1,CC-25,DD0,GG-21,EE1,HH-27,JJ-25
EE:AA2,GG-22,FF-27,BB0,EE0,DD-3,II-27,CC-26,HH-28,JJ-28
FF:II0,FF0,CC2,GG5,HH0,JJ2
GG:II5,JJ7,CC7,GG0,HH5,FF5
HH:II1,JJ3,CC3,GG6,HH0,FF1
II:GG5,JJ2,CC2,II0,HH0,FF0
JJ:II-1,JJ0,CC0,GG4,HH-2,FF-1
-----
AA:AA0,GG-26,JJ-30,BB-4,CC-30,DD-5,II-31,EE-4,HH-32,FF-31
BB:AA2,GG-24,FF-29,BB0,CC-28,DD-3,II-29,EE-2,HH-30,JJ-28
CC:II-1,FF-1,CC0,GG4,HH-2,JJ0
DD:AA3,II-26,FF-26,BB1,CC-25,DD0,GG-21,EE1,HH-27,JJ-27
EE:AA2,GG-24,FF-29,BB0,EE0,DD-3,II-29,CC-28,HH-30,JJ-28
FF:II0,FF0,CC2,GG5,HH0,JJ2
GG:II5,JJ7,CC7,GG0,HH5,FF5
HH:II1,JJ3,CC3,GG6,HH0,FF1
II:GG5,JJ2,CC2,II0,HH0,FF0
JJ:II-1,JJ0,CC0,GG4,HH-2,FF-1
-----
AA:AA0,GG-26,JJ-32,BB-4,CC-30,DD-5,II-31,EE-4,HH-32,FF-31
BB:AA2,GG-24,FF-29,BB0,CC-28,DD-3,II-29,EE-2,HH-30,JJ-30
CC:II-1,FF-1,CC0,GG4,HH-2,JJ0
DD:AA3,II-28,FF-28,BB1,CC-27,DD0,GG-23,EE1,HH-29,JJ-27
EE:AA2,GG-24,FF-29,BB0,EE0,DD-3,II-29,CC-28,HH-30,JJ-30
FF:II0,FF0,CC2,GG5,HH0,JJ2
GG:II5,JJ7,CC7,GG0,HH5,FF5
HH:II1,JJ3,CC3,GG6,HH0,FF1
II:GG5,JJ2,CC2,II0,HH0,FF0
JJ:II-1,JJ0,CC0,GG4,HH-2,FF-1
-----
AA:AA0,GG-28,JJ-32,BB-4,CC-32,DD-5,II-33,EE-4,HH-34,FF-33
BB:AA2,GG-26,FF-31,BB0,CC-30,DD-3,II-31,EE-2,HH-32,JJ-30
CC:II-1,FF-1,CC0,GG4,HH-2,JJ0
DD:AA3,II-28,FF-28,BB1,CC-27,DD0,GG-23,EE1,HH-29,JJ-29
EE:AA2,GG-26,FF-31,BB0,EE0,DD-3,II-31,CC-30,HH-32,JJ-30
FF:II0,FF0,CC2,GG5,HH0,JJ2
GG:II5,JJ7,CC7,GG0,HH5,FF5
HH:II1,JJ3,CC3,GG6,HH0,FF1
II:GG5,JJ2,CC2,II0,HH0,FF0
JJ:II-1,JJ0,CC0,GG4,HH-2,FF-1
-----
AA:AA0,GG-28,JJ-34,BB-4,CC-32,DD-5,II-33,EE-4,HH-34,FF-33
BB:AA2,GG-26,FF-31,BB0,CC-30,DD-3,II-31,EE-2,HH-32,JJ-32
CC:II-1,FF-1,CC0,GG4,HH-2,JJ0
DD:AA3,II-30,FF-30,BB1,CC-29,DD0,GG-25,EE1,HH-31,JJ-29
EE:AA2,GG-26,FF-31,BB0,EE0,DD-3,II-31,CC-30,HH-32,JJ-32
FF:II0,FF0,CC2,GG5,HH0,JJ2
GG:II5,JJ7,CC7,GG0,HH5,FF5
HH:II1,JJ3,CC3,GG6,HH0,FF1
II:GG5,JJ2,CC2,II0,HH0,FF0
JJ:II-1,JJ0,CC0,GG4,HH-2,FF-1
-----
AA:AA0,GG-30,JJ-34,BB-4,CC-34,DD-5,II-35,EE-4,HH-36,FF-35
BB:AA2,GG-28,FF-33,BB0,CC-32,DD-3,II-33,EE-2,HH-34,JJ-32
CC:II-1,FF-1,CC0,GG4,HH-2,JJ0
DD:AA3,II-30,FF-30,BB1,CC-29,DD0,GG-25,EE1,HH-31,JJ-31
EE:AA2,GG-28,FF-33,BB0,EE0,DD-3,II-33,CC-32,HH-34,JJ-32
FF:II0,FF0,CC2,GG5,HH0,JJ2
GG:II5,JJ7,CC7,GG0,HH5,FF5
HH:II1,JJ3,CC3,GG6,HH0,FF1
II:GG5,JJ2,CC2,II0,HH0,FF0
JJ:II-1,JJ0,CC0,GG4,HH-2,FF-1
-----
AA:AA0,GG-30,JJ-36,BB-4,CC-34,DD-5,II-35,EE-4,HH-36,FF-35
BB:AA2,GG-28,FF-33,BB0,CC-32,DD-3,II-33,EE-2,HH-34,JJ-34
CC:II-1,FF-1,CC0,GG4,HH-2,JJ0
DD:AA3,II-32,FF-32,BB1,CC-31,DD0,GG-27,EE1,HH-33,JJ-31
EE:AA2,GG-28,FF-33,BB0,EE0,DD-3,II-33,CC-32,HH-34,JJ-34
FF:II0,FF0,CC2,GG5,HH0,JJ2
GG:II5,JJ7,CC7,GG0,HH5,FF5
HH:II1,JJ3,CC3,GG6,HH0,FF1
II:GG5,JJ2,CC2,II0,HH0,FF0
JJ:II-1,JJ0,CC0,GG4,HH-2,FF-1
-----
AA:AA0,GG-32,JJ-36,BB-4,CC-36,DD-5,II-37,EE-4,HH-38,FF-37
BB:AA2,GG-30,FF-35,BB0,CC-34,DD-3,II-35,EE-2,HH-36,JJ-34
CC:II-1,FF-1,CC0,GG4,HH-2,JJ0
DD:AA3,II-32,FF-32,BB1,CC-31,DD0,GG-27,EE1,HH-33,JJ-33
EE:AA2,GG-30,FF-35,BB0,EE0,DD-3,II-35,CC-34,HH-36,JJ-34
FF:II0,FF0,CC2,GG5,HH0,JJ2
GG:II5,JJ7,CC7,GG0,HH5,FF5
HH:II1,JJ3,CC3,GG6,HH0,FF1
II:GG5,JJ2,CC2,II0,HH0,FF0
JJ:II-1,JJ0,CC0,GG4,HH-2,FF-1
-----
AA:AA0,GG-32,JJ-38,BB-4,CC-36,DD-5,II-37,EE-4,HH-38,FF-37
BB:AA2,GG-30,FF-35,BB0,CC-34,DD-3,II-35,EE-2,HH-36,JJ-36
CC:II-1,FF-1,CC0,GG4,HH-2,JJ0
DD:AA3,II-34,FF-34,BB1,CC-33,DD0,GG-29,EE1,HH-35,JJ-33
EE:AA2,GG-30,FF-35,BB0,EE0,DD-3,II-35,CC-34,HH-36,JJ-36
FF:II0,FF0,CC2,GG5,HH0,JJ2
GG:II5,JJ7,CC7,GG0,HH5,FF5
HH:II1,JJ3,CC3,GG6,HH0,FF1
II:GG5,JJ2,CC2,II0,HH0,FF0
JJ:II-1,JJ0,CC0,GG4,HH-2,FF-1
-----
AA:AA0,GG-34,JJ-38,BB-4,CC-38,DD-5,II-39,EE-4,HH-40,FF-39
BB:AA2,GG-32,FF-37,BB0,CC-36,DD-3,II-37,EE-2,HH-38,JJ-36
CC:II-1,FF-1,CC0,GG4,HH-2,JJ0
DD:AA3,II-34,FF-34,BB1,CC-33,DD0,GG-29,EE1,HH-35,JJ-35
EE:AA2,GG-32,FF-37,BB0,EE0,DD-3,II-37,CC-36,HH-38,JJ-36
FF:II0,FF0,CC2,GG5,HH0,JJ2
GG:II5,JJ7,CC7,GG0,HH5,FF5
HH:II1,JJ3,CC3,GG6,HH0,FF1
II:GG5,JJ2,CC2,II0,HH0,FF0
JJ:II-1,JJ0,CC0,GG4,HH-2,FF-1
-----
AA:AA0,GG-34,JJ-40,BB-4,CC-38,DD-5,II-39,EE-4,HH-40,FF-39
BB:AA2,GG-32,FF-37,BB0,CC-36,DD-3,II-37,EE-2,HH-38,JJ-38
CC:II-1,FF-1,CC0,GG4,HH-2,JJ0
DD:AA3,II-36,FF-36,BB1,CC-35,DD0,GG-31,EE1,HH-37,JJ-35
EE:AA2,GG-32,FF-37,BB0,EE0,DD-3,II-37,CC-36,HH-38,JJ-38
FF:II0,FF0,CC2,GG5,HH0,JJ2
GG:II5,JJ7,CC7,GG0,HH5,FF5
HH:II1,JJ3,CC3,GG6,HH0,FF1
II:GG5,JJ2,CC2,II0,HH0,FF0
JJ:II-1,JJ0,CC0,GG4,HH-2,FF-1
-----
AA:AA0,GG-36,JJ-40,BB-4,CC-40,DD-5,II-41,EE-4,HH-42,FF-41
BB:AA2,GG-34,FF-39,BB0,CC-38,DD-3,II-39,EE-2,HH-40,JJ-38
CC:II-1,FF-1,CC0,GG4,HH-2,JJ0
DD:AA3,II-36,FF-36,BB1,CC-35,DD0,GG-31,EE1,HH-37,JJ-37
EE:AA2,GG-34,FF-39,BB0,EE0,DD-3,II-39,CC-38,HH-40,JJ-38
FF:II0,FF0,CC2,GG5,HH0,JJ2
GG:II5,JJ7,CC7,GG0,HH5,FF5
HH:II1,JJ3,CC3,GG6,HH0,FF1
II:GG5,JJ2,CC2,II0,HH0,FF0
JJ:II-1,JJ0,CC0,GG4,HH-2,FF-1
-----
AA:AA0,GG-36,JJ-42,BB-4,CC-40,DD-5,II-41,EE-4,HH-42,FF-41
BB:AA2,GG-34,FF-39,BB0,CC-38,DD-3,II-39,EE-2,HH-40,JJ-40
CC:II-1,FF-1,CC0,GG4,HH-2,JJ0
DD:AA3,II-38,FF-38,BB1,CC-37,DD0,GG-33,EE1,HH-39,JJ-37
EE:AA2,GG-34,FF-39,BB0,EE0,DD-3,II-39,CC-38,HH-40,JJ-40
FF:II0,FF0,CC2,GG5,HH0,JJ2
GG:II5,JJ7,CC7,GG0,HH5,FF5
HH:II1,JJ3,CC3,GG6,HH0,FF1
II:GG5,JJ2,CC2,II0,HH0,FF0
JJ:II-1,JJ0,CC0,GG4,HH-2,FF-1
-----
AA:AA0,GG-38,JJ-42,BB-4,CC-42,DD-5,II-43,EE-4,HH-44,FF-43
BB:AA2,GG-36,FF-41,BB0,CC-40,DD-3,II-41,EE-2,HH-42,JJ-40
CC:II-1,FF-1,CC0,GG4,HH-2,JJ0
DD:AA3,II-38,FF-38,BB1,CC-37,DD0,GG-33,EE1,HH-39,JJ-39
EE:AA2,GG-36,FF-41,BB0,EE0,DD-3,II-41,CC-40,HH-42,JJ-40
FF:II0,FF0,CC2,GG5,HH0,JJ2
GG:II5,JJ7,CC7,GG0,HH5,FF5
HH:II1,JJ3,CC3,GG6,HH0,FF1
II:GG5,JJ2,CC2,II0,HH0,FF0
JJ:II-1,JJ0,CC0,GG4,HH-2,FF-1
-----
AA:AA0,GG-38,JJ-44,BB-4,CC-42,DD-5,II-43,EE-4,HH-44,FF-43
BB:AA2,GG-36,FF-41,BB0,CC-40,DD-3,II-41,EE-2,HH-42,JJ-42
CC:II-1,FF-1,CC0,GG4,HH-2,JJ0
DD:AA3,II-40,FF-40,BB1,CC-39,DD0,GG-35,EE1,HH-41,JJ-39
EE:AA2,GG-36,FF-41,BB0,EE0,DD-3,II-41,CC-40,HH-42,JJ-42
FF:II0,FF0,CC2,GG5,HH0,JJ2
GG:II5,JJ7,CC7,GG0,HH5,FF5
HH:II1,JJ3,CC3,GG6,HH0,FF1
II:GG5,JJ2,CC2,II0,HH0,FF0
JJ:II-1,JJ0,CC0,GG4,HH-2,FF-1
-----
AA:AA0,GG-40,JJ-44,BB-4,CC-44,DD-5,II-45,EE-4,HH-46,FF-45
BB:AA2,GG-38,FF-43,BB0,CC-42,DD-3,II-43,EE-2,HH-44,JJ-42
CC:II-1,FF-1,CC0,GG4,HH-2,JJ0
DD:AA3,II-40,FF-40,BB1,CC-39,DD0,GG-35,EE1,HH-41,JJ-41
EE:AA2,GG-38,FF-43,BB0,EE0,DD-3,II-43,CC-42,HH-44,JJ-42
FF:II0,FF0,CC2,GG5,HH0,JJ2
GG:II5,JJ7,CC7,GG0,HH5,FF5
HH:II1,JJ3,CC3,GG6,HH0,FF1
II:GG5,JJ2,CC2,II0,HH0,FF0
JJ:II-1,JJ0,CC0,GG4,HH-2,FF-1
-----
AA:AA0,GG-40,JJ-46,BB-4,CC-44,DD-5,II-45,EE-4,HH-46,FF-45
BB:AA2,GG-38,FF-43,BB0,CC-42,DD-3,II-43,EE-2,HH-44,JJ-44
CC:II-1,FF-1,CC0,GG4,HH-2,JJ0
DD:AA3,II-42,FF-42,BB1,CC-41,DD0,GG-37,EE1,HH-43,JJ-41
EE:AA2,GG-38,FF-43,BB0,EE0,DD-3,II-43,CC-42,HH-44,JJ-44
FF:II0,FF0,CC2,GG5,HH0,JJ2
GG:II5,JJ7,CC7,GG0,HH5,FF5
HH:II1,JJ3,CC3,GG6,HH0,FF1
II:GG5,JJ2,CC2,II0,HH0,FF0
JJ:II-1,JJ0,CC0,GG4,HH-2,FF-1
-----
AA:AA0,GG-42,JJ-46,BB-4,CC-46,DD-5,II-47,EE-4,HH-48,FF-47
BB:AA2,GG-40,FF-45,BB0,CC-44,DD-3,II-45,EE-2,HH-46,JJ-44
CC:II-1,FF-1,CC0,GG4,HH-2,JJ0
DD:AA3,II-42,FF-42,BB1,CC-41,DD0,GG-37,EE1,HH-43,JJ-43
EE:AA2,GG-40,FF-45,BB0,EE0,DD-3,II-45,CC-44,HH-46,JJ-44
FF:II0,FF0,CC2,GG5,HH0,JJ2
GG:II5,JJ7,CC7,GG0,HH5,FF5
HH:II1,JJ3,CC3,GG6,HH0,FF1
II:GG5,JJ2,CC2,II0,HH0,FF0
JJ:II-1,JJ0,CC0,GG4,HH-2,FF-1
-----
AA:AA0,GG-42,JJ-48,BB-4,CC-46,DD-5,II-47,EE-4,HH-48,FF-47
BB:AA2,GG-40,FF-45,BB0,CC-44,DD-3,II-45,EE-2,HH-46,JJ-46
CC:II-1,FF-1,CC0,GG4,HH-2,JJ0
DD:AA3,II-44,FF-44,BB1,CC-43,DD0,GG-39,EE1,HH-45,JJ-43
EE:AA2,GG-40,FF-45,BB0,EE0,DD-3,II-45,CC-44,HH-46,JJ-46
FF:II0,FF0,CC2,GG5,HH0,JJ2
GG:II5,JJ7,CC7,GG0,HH5,FF5
HH:II1,JJ3,CC3,GG6,HH0,FF1
II:GG5,JJ2,CC2,II0,HH0,FF0
JJ:II-1,JJ0,CC0,GG4,HH-2,FF-1
-----
AA:AA0,GG-44,JJ-48,BB-4,CC-48,DD-5,II-49,EE-4,HH-50,FF-49
BB:AA2,GG-42,FF-47,BB0,CC-46,DD-3,II-47,EE-2,HH-48,JJ-46
CC:II-1,FF-1,CC0,GG4,HH-2,JJ0
DD:AA3,II-44,FF-44,BB1,CC-43,DD0,GG-39,EE1,HH-45,JJ-45
EE:AA2,GG-42,FF-47,BB0,EE0,DD-3,II-47,CC-46,HH-48,JJ-46
FF:II0,FF0,CC2,GG5,HH0,JJ2
GG:II5,JJ7,CC7,GG0,HH5,FF5
HH:II1,JJ3,CC3,GG6,HH0,FF1
II:GG5,JJ2,CC2,II0,HH0,FF0
JJ:II-1,JJ0,CC0,GG4,HH-2,FF-1
-----
AA:AA0,GG-44,JJ-50,BB-4,CC-48,DD-5,II-49,EE-4,HH-50,FF-49
BB:AA2,GG-42,FF-47,BB0,CC-46,DD-3,II-47,EE-2,HH-48,JJ-48
CC:II-1,FF-1,CC0,GG4,HH-2,JJ0
DD:AA3,II-46,FF-46,BB1,CC-45,DD0,GG-41,EE1,HH-47,JJ-45
EE:AA2,GG-42,FF-47,BB0,EE0,DD-3,II-47,CC-46,HH-48,JJ-48
FF:II0,FF0,CC2,GG5,HH0,JJ2
GG:II5,JJ7,CC7,GG0,HH5,FF5
HH:II1,JJ3,CC3,GG6,HH0,FF1
II:GG5,JJ2,CC2,II0,HH0,FF0
JJ:II-1,JJ0,CC0,GG4,HH-2,FF-1
-----
AA:AA0,GG-46,JJ-50,BB-4,CC-50,DD-5,II-51,EE-4,HH-52,FF-51
BB:AA2,GG-44,FF-49,BB0,CC-48,DD-3,II-49,EE-2,HH-50,JJ-48
CC:II-1,FF-1,CC0,GG4,HH-2,JJ0
DD:AA3,II-46,FF-46,BB1,CC-45,DD0,GG-41,EE1,HH-47,JJ-47
EE:AA2,GG-44,FF-49,BB0,EE0,DD-3,II-49,CC-48,HH-50,JJ-48
FF:II0,FF0,CC2,GG5,HH0,JJ2
GG:II5,JJ7,CC7,GG0,HH5,FF5
HH:II1,JJ3,CC3,GG6,HH0,FF1
II:GG5,JJ2,CC2,II0,HH0,FF0
JJ:II-1,JJ0,CC0,GG4,HH-2,FF-1
-----
AA:AA0,GG-46,JJ-52,BB-4,CC-50,DD-5,II-51,EE-4,HH-52,FF-51
BB:AA2,GG-44,FF-49,BB0,CC-48,DD-3,II-49,EE-2,HH-50,JJ-50
CC:II-1,FF-1,CC0,GG4,HH-2,JJ0
DD:AA3,II-48,FF-48,BB1,CC-47,DD0,GG-43,EE1,HH-49,JJ-47
EE:AA2,GG-44,FF-49,BB0,EE0,DD-3,II-49,CC-48,HH-50,JJ-50
FF:II0,FF0,CC2,GG5,HH0,JJ2
GG:II5,JJ7,CC7,GG0,HH5,FF5
HH:II1,JJ3,CC3,GG6,HH0,FF1
II:GG5,JJ2,CC2,II0,HH0,FF0
JJ:II-1,JJ0,CC0,GG4,HH-2,FF-1
-----
AA:AA0,GG-48,JJ-52,BB-4,CC-52,DD-5,II-53,EE-4,HH-54,FF-53
BB:AA2,GG-46,FF-51,BB0,CC-50,DD-3,II-51,EE-2,HH-52,JJ-50
CC:II-1,FF-1,CC0,GG4,HH-2,JJ0
DD:AA3,II-48,FF-48,BB1,CC-47,DD0,GG-43,EE1,HH-49,JJ-49
EE:AA2,GG-46,FF-51,BB0,EE0,DD-3,II-51,CC-50,HH-52,JJ-50
FF:II0,FF0,CC2,GG5,HH0,JJ2
GG:II5,JJ7,CC7,GG0,HH5,FF5
HH:II1,JJ3,CC3,GG6,HH0,FF1
II:GG5,JJ2,CC2,II0,HH0,FF0
JJ:II-1,JJ0,CC0,GG4,HH-2,FF-1
-----
AA:AA0,GG-48,JJ-54,BB-4,CC-52,DD-5,II-53,EE-4,HH-54,FF-53
BB:AA2,GG-46,FF-51,BB0,CC-50,DD-3,II-51,EE-2,HH-52,JJ-52
CC:II-1,FF-1,CC0,GG4,HH-2,JJ0
DD:AA3,II-50,FF-50,BB1,CC-49,DD0,GG-45,EE1,HH-51,JJ-49
EE:AA2,GG-46,FF-51,BB0,EE0,DD-3,II-51,CC-50,HH-52,JJ-52
FF:II0,FF0,CC2,GG5,HH0,JJ2
GG:II5,JJ7,CC7,GG0,HH5,FF5
HH:II1,JJ3,CC3,GG6,HH0,FF1
II:GG5,JJ2,CC2,II0,HH0,FF0
JJ:II-1,JJ0,CC0,GG4,HH-2,FF-1
-----
AA:AA0,GG-50,JJ-54,BB-4,CC-54,DD-5,II-55,EE-4,HH-56,FF-55
BB:AA2,GG-48,FF-53,BB0,CC-52,DD-3,II-53,EE-2,HH-54,JJ-52
CC:II-1,FF-1,CC0,GG4,HH-2,JJ0
DD:AA3,II-50,FF-50,BB1,CC-49,DD0,GG-45,EE1,HH-51,JJ-51
EE:AA2,GG-48,FF-53,BB0,EE0,DD-3,II-53,CC-52,HH-54,JJ-52
FF:II0,FF0,CC2,GG5,HH0,JJ2
GG:II5,JJ7,CC7,GG0,HH5,FF5
HH:II1,JJ3,CC3,GG6,HH0,FF1
II:GG5,JJ2,CC2,II0,HH0,FF0
JJ:II-1,JJ0,CC0,GG4,HH-2,FF-1
-----
AA:AA0,GG-50,JJ-56,BB-4,CC-54,DD-5,II-55,EE-4,HH-56,FF-55
BB:AA2,GG-48,FF-53,BB0,CC-52,DD-3,II-53,EE-2,HH-54,JJ-54
CC:II-1,FF-1,CC0,GG4,HH-2,JJ0
DD:AA3,II-52,FF-52,BB1,CC-51,DD0,GG-47,EE1,HH-53,JJ-51
EE:AA2,GG-48,FF-53,BB0,EE0,DD-3,II-53,CC-52,HH-54,JJ-54
FF:II0,FF0,CC2,GG5,HH0,JJ2
GG:II5,JJ7,CC7,GG0,HH5,FF5
HH:II1,JJ3,CC3,GG6,HH0,FF1
II:GG5,JJ2,CC2,II0,HH0,FF0
JJ:II-1,JJ0,CC0,GG4,HH-2,FF-1
-----
AA:AA0,GG-52,JJ-56,BB-4,CC-56,DD-5,II-57,EE-4,HH-58,FF-57
BB:AA2,GG-50,FF-55,BB0,CC-54,DD-3,II-55,EE-2,HH-56,JJ-54
CC:II-1,FF-1,CC0,GG4,HH-2,JJ0
DD:AA3,II-52,FF-52,BB1,CC-51,DD0,GG-47,EE1,HH-53,JJ-53
EE:AA2,GG-50,FF-55,BB0,EE0,DD-3,II-55,CC-54,HH-56,JJ-54
FF:II0,FF0,CC2,GG5,HH0,JJ2
GG:II5,JJ7,CC7,GG0,HH5,FF5
HH:II1,JJ3,CC3,GG6,HH0,FF1
II:GG5,JJ2,CC2,II0,HH0,FF0
JJ:II-1,JJ0,CC0,GG4,HH-2,FF-1
-----
AA:AA0,GG-52,JJ-58,BB-4,CC-56,DD-5,II-57,EE-4,HH-58,FF-57
BB:AA2,GG-50,FF-55,BB0,CC-54,DD-3,II-55,EE-2,HH-56,JJ-56
CC:II-1,FF-1,CC0,GG4,HH-2,JJ0
DD:AA3,II-54,FF-54,BB1,CC-53,DD0,GG-49,EE1,HH-55,JJ-53
EE:AA2,GG-50,FF-55,BB0,EE0,DD-3,II-55,CC-54,HH-56,JJ-56
FF:II0,FF0,CC2,GG5,HH0,JJ2
GG:II5,JJ7,CC7,GG0,HH5,FF5
HH:II1,JJ3,CC3,GG6,HH0,FF1
II:GG5,JJ2,CC2,II0,HH0,FF0
JJ:II-1,JJ0,CC0,GG4,HH-2,FF-1
-----
AA:AA0,GG-54,JJ-58,BB-4,CC-58,DD-5,II-59,EE-4,HH-60,FF-59
BB:AA2,GG-52,FF-57,BB0,CC-56,DD-3,II-57,EE-2,HH-58,JJ-56
CC:II-1,FF-1,CC0,GG4,HH-2,JJ0
DD:AA3,II-54,FF-54,BB1,CC-53,DD0,GG-49,EE1,HH-55,JJ-55
EE:AA2,GG-52,FF-57,BB0,EE0,DD-3,II-57,CC-56,HH-58,JJ-56
FF:II0,FF0,CC2,GG5,HH0,JJ2
GG:II5,JJ7,CC7,GG0,HH5,FF5
HH:II1,JJ3,CC3,GG6,HH0,FF1
II:GG5,JJ2,CC2,II0,HH0,FF0
JJ:II-1,JJ0,CC0,GG4,HH-2,FF-1
-----
AA:AA0,GG-54,JJ-60,BB-4,CC-58,DD-5,II-59,EE-4,HH-60,FF-59
BB:AA2,GG-52,FF-57,BB0,CC-56,DD-3,II-57,EE-2,HH-58,JJ-58
CC:II-1,FF-1,CC0,GG4,HH-2,JJ0
DD:AA3,II-56,FF-56,BB1,CC-55,DD0,GG-51,EE1,HH-57,JJ-55
EE:AA2,GG-52,FF-57,BB0,EE0,DD-3,II-57,CC-56,HH-58,JJ-58
FF:II0,FF0,CC2,GG5,HH0,JJ2
GG:II5,JJ7,CC7,GG0,HH5,FF5
HH:II1,JJ3,CC3,GG6,HH0,FF1
II:GG5,JJ2,CC2,II0,HH0,FF0
JJ:II-1,JJ0,CC0,GG4,HH-2,FF-1
-----
AA:AA0,GG-56,JJ-60,BB-4,CC-60,DD-5,II-61,EE-4,HH-62,FF-61
BB:AA2,GG-54,FF-59,BB0,CC-58,DD-3,II-59,EE-2,HH-60,JJ-58
CC:II-1,FF-1,CC0,GG4,HH-2,JJ0
DD:AA3,II-56,FF-56,BB1,CC-55,DD0,GG-51,EE1,HH-57,JJ-57
EE:AA2,GG-54,FF-59,BB0,EE0,DD-3,II-59,CC-58,HH-60,JJ-58
FF:II0,FF0,CC2,GG5,HH0,JJ2
GG:II5,JJ7,CC7,GG0,HH5,FF5
HH:II1,JJ3,CC3,GG6,HH0,FF1
II:GG5,JJ2,CC2,II0,HH0,FF0
JJ:II-1,JJ0,CC0,GG4,HH-2,FF-1
-----
AA:AA0,GG-56,JJ-62,BB-4,CC-60,DD-5,II-61,EE-4,HH-62,FF-61
BB:AA2,GG-54,FF-59,BB0,CC-58,DD-3,II-59,EE-2,HH-60,JJ-60
CC:II-1,FF-1,CC0,GG4,HH-2,JJ0
DD:AA3,II-58,FF-58,BB1,CC-57,DD0,GG-53,EE1,HH-59,JJ-57
EE:AA2,GG-54,FF-59,BB0,EE0,DD-3,II-59,CC-58,HH-60,JJ-60
FF:II0,FF0,CC2,GG5,HH0,JJ2
GG:II5,JJ7,CC7,GG0,HH5,FF5
HH:II1,JJ3,CC3,GG6,HH0,FF1
II:GG5,JJ2,CC2,II0,HH0,FF0
JJ:II-1,JJ0,CC0,GG4,HH-2,FF-1
-----
AA:AA0,GG-58,JJ-62,BB-4,CC-62,DD-5,II-63,EE-4,HH-64,FF-63
BB:AA2,GG-56,FF-61,BB0,CC-60,DD-3,II-61,EE-2,HH-62,JJ-60
CC:II-1,FF-1,CC0,GG4,HH-2,JJ0
DD:AA3,II-58,FF-58,BB1,CC-57,DD0,GG-53,EE1,HH-59,JJ-59
EE:AA2,GG-56,FF-61,BB0,EE0,DD-3,II-61,CC-60,HH-62,JJ-60
FF:II0,FF0,CC2,GG5,HH0,JJ2
GG:II5,JJ7,CC7,GG0,HH5,FF5
HH:II1,JJ3,CC3,GG6,HH0,FF1
II:GG5,JJ2,CC2,II0,HH0,FF0
JJ:II-1,JJ0,CC0,GG4,HH-2,FF-1
-----
AA:AA0,GG-58,JJ-64,BB-4,CC-62,DD-5,II-63,EE-4,HH-64,FF-63
BB:AA2,GG-56,FF-61,BB0,CC-60,DD-3,II-61,EE-2,HH-62,JJ-62
CC:II-1,FF-1,CC0,GG4,HH-2,JJ0
DD:AA3,II-60,FF-60,BB1,CC-59,DD0,GG-55,EE1,HH-61,JJ-59
EE:AA2,GG-56,FF-61,BB0,EE0,DD-3,II-61,CC-60,HH-62,JJ-62
FF:II0,FF0,CC2,GG5,HH0,JJ2
GG:II5,JJ7,CC7,GG0,HH5,FF5
HH:II1,JJ3,CC3,GG6,HH0,FF1
II:GG5,JJ2,CC2,II0,HH0,FF0
JJ:II-1,JJ0,CC0,GG4,HH-2,FF-1
-----
AA:AA0,GG-60,JJ-64,BB-4,CC-64,DD-5,II-65,EE-4,HH-66,FF-65
BB:AA2,GG-58,FF-63,BB0,CC-62,DD-3,II-63,EE-2,HH-64,JJ-62
CC:II-1,FF-1,CC0,GG4,HH-2,JJ0
DD:AA3,II-60,FF-60,BB1,CC-59,DD0,GG-55,EE1,HH-61,JJ-61
EE:AA2,GG-58,FF-63,BB0,EE0,DD-3,II-63,CC-62,HH-64,JJ-62
FF:II0,FF0,CC2,GG5,HH0,JJ2
GG:II5,JJ7,CC7,GG0,HH5,FF5
HH:II1,JJ3,CC3,GG6,HH0,FF1
II:GG5,JJ2,CC2,II0,HH0,FF0
JJ:II-1,JJ0,CC0,GG4,HH-2,FF-1
-----
AA:AA0,GG-60,JJ-66,BB-4,CC-64,DD-5,II-65,EE-4,HH-66,FF-65
BB:AA2,GG-58,FF-63,BB0,CC-62,DD-3,II-63,EE-2,HH-64,JJ-64
CC:II-1,FF-1,CC0,GG4,HH-2,JJ0
DD:AA3,II-62,FF-62,BB1,CC-61,DD0,GG-57,EE1,HH-63,JJ-61
EE:AA2,GG-58,FF-63,BB0,EE0,DD-3,II-63,CC-62,HH-64,JJ-64
FF:II0,FF0,CC2,GG5,HH0,JJ2
GG:II5,JJ7,CC7,GG0,HH5,FF5
HH:II1,JJ3,CC3,GG6,HH0,FF1
II:GG5,JJ2,CC2,II0,HH0,FF0
JJ:II-1,JJ0,CC0,GG4,HH-2,FF-1
-----
AA:AA0,GG-62,JJ-66,BB-4,CC-66,DD-5,II-67,EE-4,HH-68,FF-67
BB:AA2,GG-60,FF-65,BB0,CC-64,DD-3,II-65,EE-2,HH-66,JJ-64
CC:II-1,FF-1,CC0,GG4,HH-2,JJ0
DD:AA3,II-62,FF-62,BB1,CC-61,DD0,GG-57,EE1,HH-63,JJ-63
EE:AA2,GG-60,FF-65,BB0,EE0,DD-3,II-65,CC-64,HH-66,JJ-64
FF:II0,FF0,CC2,GG5,HH0,JJ2
GG:II5,JJ7,CC7,GG0,HH5,FF5
HH:II1,JJ3,CC3,GG6,HH0,FF1
II:GG5,JJ2,CC2,II0,HH0,FF0
JJ:II-1,JJ0,CC0,GG4,HH-2,FF-1
-----
AA:AA0,GG-62,JJ-68,BB-4,CC-66,DD-5,II-67,EE-4,HH-68,FF-67
BB:AA2,GG-60,FF-65,BB0,CC-64,DD-3,II-65,EE-2,HH-66,JJ-66
CC:II-1,FF-1,CC0,GG4,HH-2,JJ0
DD:AA3,II-64,FF-64,BB1,CC-63,DD0,GG-59,EE1,HH-65,JJ-63
EE:AA2,GG-60,FF-65,BB0,EE0,DD-3,II-65,CC-64,HH-66,JJ-66
FF:II0,FF0,CC2,GG5,HH0,JJ2
GG:II5,JJ7,CC7,GG0,HH5,FF5
HH:II1,JJ3,CC3,GG6,HH0,FF1
II:GG5,JJ2,CC2,II0,HH0,FF0
JJ:II-1,JJ0,CC0,GG4,HH-2,FF-1
-----
AA:AA0,GG-64,JJ-68,BB-4,CC-68,DD-5,II-69,EE-4,HH-70,FF-69
BB:AA2,GG-62,FF-67,BB0,CC-66,DD-3,II-67,EE-2,HH-68,JJ-66
CC:II-1,FF-1,CC0,GG4,HH-2,JJ0
DD:AA3,II-64,FF-64,BB1,CC-63,DD0,GG-59,EE1,HH-65,JJ-65
EE:AA2,GG-62,FF-67,BB0,EE0,DD-3,II-67,CC-66,HH-68,JJ-66
FF:II0,FF0,CC2,GG5,HH0,JJ2
GG:II5,JJ7,CC7,GG0,HH5,FF5
HH:II1,JJ3,CC3,GG6,HH0,FF1
II:GG5,JJ2,CC2,II0,HH0,FF0
JJ:II-1,JJ0,CC0,GG4,HH-2,FF-1
-----
AA:AA0,GG-64,JJ-70,BB-4,CC-68,DD-5,II-69,EE-4,HH-70,FF-69
BB:AA2,GG-62,FF-67,BB0,CC-66,DD-3,II-67,EE-2,HH-68,JJ-68
CC:II-1,FF-1,CC0,GG4,HH-2,JJ0
DD:AA3,II-66,FF-66,BB1,CC-65,DD0,GG-61,EE1,HH-67,JJ-65
EE:AA2,GG-62,FF-67,BB0,EE0,DD-3,II-67,CC-66,HH-68,JJ-68
FF:II0,FF0,CC2,GG5,HH0,JJ2
GG:II5,JJ7,CC7,GG0,HH5,FF5
HH:II1,JJ3,CC3,GG6,HH0,FF1
II:GG5,JJ2,CC2,II0,HH0,FF0
JJ:II-1,JJ0,CC0,GG4,HH-2,FF-1
-----
AA:AA0,GG-66,JJ-70,BB-4,CC-70,DD-5,II-71,EE-4,HH-72,FF-71
BB:AA2,GG-64,FF-69,BB0,CC-68,DD-3,II-69,EE-2,HH-70,JJ-68
CC:II-1,FF-1,CC0,GG4,HH-2,JJ0
DD:AA3,II-66,FF-66,BB1,CC-65,DD0,GG-61,EE1,HH-67,JJ-67
EE:AA2,GG-64,FF-69,BB0,EE0,DD-3,II-69,CC-68,HH-70,JJ-68
FF:II0,FF0,CC2,GG5,HH0,JJ2
GG:II5,JJ7,CC7,GG0,HH5,FF5
HH:II1,JJ3,CC3,GG6,HH0,FF1
II:GG5,JJ2,CC2,II0,HH0,FF0
JJ:II-1,JJ0,CC0,GG4,HH-2,FF-1
-----
AA:AA0,GG-66,JJ-72,BB-4,CC-70,DD-5,II-71,EE-4,HH-72,FF-71
BB:AA2,GG-64,FF-69,BB0,CC-68,DD-3,II-69,EE-2,HH-70,JJ-70
CC:II-1,FF-1,CC0,GG4,HH-2,JJ0
DD:AA3,II-68,FF-68,BB1,CC-67,DD0,GG-63,EE1,HH-69,JJ-67
EE:AA2,GG-64,FF-69,BB0,EE0,DD-3,II-69,CC-68,HH-70,JJ-70
FF:II0,FF0,CC2,GG5,HH0,JJ2
GG:II5,JJ7,CC7,GG0,HH5,FF5
HH:II1,JJ3,CC3,GG6,HH0,FF1
II:GG5,JJ2,CC2,II0,HH0,FF0
JJ:II-1,JJ0,CC0,GG4,HH-2,FF-1
-----
AA:AA0,GG-68,JJ-72,BB-4,CC-72,DD-5,II-73,EE-4,HH-74,FF-73
BB:AA2,GG-66,FF-71,BB0,CC-70,DD-3,II-71,EE-2,HH-72,JJ-70
CC:II-1,FF-1,CC0,GG4,HH-2,JJ0
DD:AA3,II-68,FF-68,BB1,CC-67,DD0,GG-63,EE1,HH-69,JJ-69
EE:AA2,GG-66,FF-71,BB0,EE0,DD-3,II-71,CC-70,HH-72,JJ-70
FF:II0,FF0,CC2,GG5,HH0,JJ2
GG:II5,JJ7,CC7,GG0,HH5,FF5
HH:II1,JJ3,CC3,GG6,HH0,FF1
II:GG5,JJ2,CC2,II0,HH0,FF0
JJ:II-1,JJ0,CC0,GG4,HH-2,FF-1
-----
AA:AA0,GG-68,JJ-74,BB-4,CC-72,DD-5,II-73,EE-4,HH-74,FF-73
BB:AA2,GG-66,FF-71,BB0,CC-70,DD-3,II-71,EE-2,HH-72,JJ-72
CC:II-1,FF-1,CC0,GG4,HH-2,JJ0
DD:AA3,II-70,FF-70,BB1,CC-69,DD0,GG-65,EE1,HH-71,JJ-69
EE:AA2,GG-66,FF-71,BB0,EE0,DD-3,II-71,CC-70,HH-72,JJ-72
FF:II0,FF0,CC2,GG5,HH0,JJ2
GG:II5,JJ7,CC7,GG0,HH5,FF5
HH:II1,JJ3,CC3,GG6,HH0,FF1
II:GG5,JJ2,CC2,II0,HH0,FF0
JJ:II-1,JJ0,CC0,GG4,HH-2,FF-1
-----
AA:AA0,GG-70,JJ-74,BB-4,CC-74,DD-5,II-75,EE-4,HH-76,FF-75
BB:AA2,GG-68,FF-73,BB0,CC-72,DD-3,II-73,EE-2,HH-74,JJ-72
CC:II-1,FF-1,CC0,GG4,HH-2,JJ0
DD:AA3,II-70,FF-70,BB1,CC-69,DD0,GG-65,EE1,HH-71,JJ-71
EE:AA2,GG-68,FF-73,BB0,EE0,DD-3,II-73,CC-72,HH-74,JJ-72
FF:II0,FF0,CC2,GG5,HH0,JJ2
GG:II5,JJ7,CC7,GG0,HH5,FF5
HH:II1,JJ3,CC3,GG6,HH0,FF1
II:GG5,JJ2,CC2,II0,HH0,FF0
JJ:II-1,JJ0,CC0,GG4,HH-2,FF-1
-----
AA:AA0,GG-70,JJ-76,BB-4,CC-74,DD-5,II-75,EE-4,HH-76,FF-75
BB:AA2,GG-68,FF-73,BB0,CC-72,DD-3,II-73,EE-2,HH-74,JJ-74
CC:II-1,FF-1,CC0,GG4,HH-2,JJ0
DD:AA3,II-72,FF-72,BB1,CC-71,DD0,GG-67,EE1,HH-73,JJ-71
EE:AA2,GG-68,FF-73,BB0,EE0,DD-3,II-73,CC-72,HH-74,JJ-74
FF:II0,FF0,CC2,GG5,HH0,JJ2
GG:II5,JJ7,CC7,GG0,HH5,FF5
HH:II1,JJ3,CC3,GG6,HH0,FF1
II:GG5,JJ2,CC2,II0,HH0,FF0
JJ:II-1,JJ0,CC0,GG4,HH-2,FF-1
-----
AA:AA0,GG-72,JJ-76,BB-4,CC-76,DD-5,II-77,EE-4,HH-78,FF-77
BB:AA2,GG-70,FF-75,BB0,CC-74,DD-3,II-75,EE-2,HH-76,JJ-74
CC:II-1,FF-1,CC0,GG4,HH-2,JJ0
DD:AA3,II-72,FF-72,BB1,CC-71,DD0,GG-67,EE1,HH-73,JJ-73
EE:AA2,GG-70,FF-75,BB0,EE0,DD-3,II-75,CC-74,HH-76,JJ-74
FF:II0,FF0,CC2,GG5,HH0,JJ2
GG:II5,JJ7,CC7,GG0,HH5,FF5
HH:II1,JJ3,CC3,GG6,HH0,FF1
II:GG5,JJ2,CC2,II0,HH0,FF0
JJ:II-1,JJ0,CC0,GG4,HH-2,FF-1
-----
AA:AA0,GG-72,JJ-78,BB-4,CC-76,DD-5,II-77,EE-4,HH-78,FF-77
BB:AA2,GG-70,FF-75,BB0,CC-74,DD-3,II-75,EE-2,HH-76,JJ-76
CC:II-1,FF-1,CC0,GG4,HH-2,JJ0
DD:AA3,II-74,FF-74,BB1,CC-73,DD0,GG-69,EE1,HH-75,JJ-73
EE:AA2,GG-70,FF-75,BB0,EE0,DD-3,II-75,CC-74,HH-76,JJ-76
FF:II0,FF0,CC2,GG5,HH0,JJ2
GG:II5,JJ7,CC7,GG0,HH5,FF5
HH:II1,JJ3,CC3,GG6,HH0,FF1
II:GG5,JJ2,CC2,II0,HH0,FF0
JJ:II-1,JJ0,CC0,GG4,HH-2,FF-1
-----
AA:AA0,GG-74,JJ-78,BB-4,CC-78,DD-5,II-79,EE-4,HH-80,FF-79
BB:AA2,GG-72,FF-77,BB0,CC-76,DD-3,II-77,EE-2,HH-78,JJ-76
CC:II-1,FF-1,CC0,GG4,HH-2,JJ0
DD:AA3,II-74,FF-74,BB1,CC-73,DD0,GG-69,EE1,HH-75,JJ-75
EE:AA2,GG-72,FF-77,BB0,EE0,DD-3,II-77,CC-76,HH-78,JJ-76
FF:II0,FF0,CC2,GG5,HH0,JJ2
GG:II5,JJ7,CC7,GG0,HH5,FF5
HH:II1,JJ3,CC3,GG6,HH0,FF1
II:GG5,JJ2,CC2,II0,HH0,FF0
JJ:II-1,JJ0,CC0,GG4,HH-2,FF-1
-----
AA:AA0,GG-74,JJ-80,BB-4,CC-78,DD-5,II-79,EE-4,HH-80,FF-79
BB:AA2,GG-72,FF-77,BB0,CC-76,DD-3,II-77,EE-2,HH-78,JJ-78
CC:II-1,FF-1,CC0,GG4,HH-2,JJ0
DD:AA3,II-76,FF-76,BB1,CC-75,DD0,GG-71,EE1,HH-77,JJ-75
EE:AA2,GG-72,FF-77,BB0,EE0,DD-3,II-77,CC-76,HH-78,JJ-78
FF:II0,FF0,CC2,GG5,HH0,JJ2
GG:II5,JJ7,CC7,GG0,HH5,FF5
HH:II1,JJ3,CC3,GG6,HH0,FF1
II:GG5,JJ2,CC2,II0,HH0,FF0
JJ:II-1,JJ0,CC0,GG4,HH-2,FF-1
-----
AA:AA0,GG-76,JJ-80,BB-4,CC-80,DD-5,II-81,EE-4,HH-82,FF-81
BB:AA2,GG-74,FF-79,BB0,CC-78,DD-3,II-79,EE-2,HH-80,JJ-78
CC:II-1,FF-1,CC0,GG4,HH-2,JJ0
DD:AA3,II-76,FF-76,BB1,CC-75,DD0,GG-71,EE1,HH-77,JJ-77
EE:AA2,GG-74,FF-79,BB0,EE0,DD-3,II-79,CC-78,HH-80,JJ-78
FF:II0,FF0,CC2,GG5,HH0,JJ2
GG:II5,JJ7,CC7,GG0,HH5,FF5
HH:II1,JJ3,CC3,GG6,HH0,FF1
II:GG5,JJ2,CC2,II0,HH0,FF0
JJ:II-1,JJ0,CC0,GG4,HH-2,FF-1
-----
AA:AA0,GG-76,JJ-82,BB-4,CC-80,DD-5,II-81,EE-4,HH-82,FF-81
BB:AA2,GG-74,FF-79,BB0,CC-78,DD-3,II-79,EE-2,HH-80,JJ-80
CC:II-1,FF-1,CC0,GG4,HH-2,JJ0
DD:AA3,II-78,FF-78,BB1,CC-77,DD0,GG-73,EE1,HH-79,JJ-77
EE:AA2,GG-74,FF-79,BB0,EE0,DD-3,II-79,CC-78,HH-80,JJ-80
FF:II0,FF0,CC2,GG5,HH0,JJ2
GG:II5,JJ7,CC7,GG0,HH5,FF5
HH:II1,JJ3,CC3,GG6,HH0,FF1
II:GG5,JJ2,CC2,II0,HH0,FF0
JJ:II-1,JJ0,CC0,GG4,HH-2,FF-1
-----
AA:AA0,GG-78,JJ-82,BB-4,CC-82,DD-5,II-83,EE-4,HH-84,FF-83
BB:AA2,GG-76,FF-81,BB0,CC-80,DD-3,II-81,EE-2,HH-82,JJ-80
CC:II-1,FF-1,CC0,GG4,HH-2,JJ0
DD:AA3,II-78,FF-78,BB1,CC-77,DD0,GG-73,EE1,HH-79,JJ-79
EE:AA2,GG-76,FF-81,BB0,EE0,DD-3,II-81,CC-80,HH-82,JJ-80
FF:II0,FF0,CC2,GG5,HH0,JJ2
GG:II5,JJ7,CC7,GG0,HH5,FF5
HH:II1,JJ3,CC3,GG6,HH0,FF1
II:GG5,JJ2,CC2,II0,HH0,FF0
JJ:II-1,JJ0,CC0,GG4,HH-2,FF-1
-----
AA:AA0,GG-78,JJ-84,BB-4,CC-82,DD-5,II-83,EE-4,HH-84,FF-83
BB:AA2,GG-76,FF-81,BB0,CC-80,DD-3,II-81,EE-2,HH-82,JJ-82
CC:II-1,FF-1,CC0,GG4,HH-2,JJ0
DD:AA3,II-80,FF-80,BB1,CC-79,DD0,GG-75,EE1,HH-81,JJ-79
EE:AA2,GG-76,FF-81,BB0,EE0,DD-3,II-81,CC-80,HH-82,JJ-82
FF:II0,FF0,CC2,GG5,HH0,JJ2
GG:II5,JJ7,CC7,GG0,HH5,FF5
HH:II1,JJ3,CC3,GG6,HH0,FF1
II:GG5,JJ2,CC2,II0,HH0,FF0
JJ:II-1,JJ0,CC0,GG4,HH-2,FF-1
-----
AA:AA0,GG-80,JJ-84,BB-4,CC-84,DD-5,II-85,EE-4,HH-86,FF-85
BB:AA2,GG-78,FF-83,BB0,CC-82,DD-3,II-83,EE-2,HH-84,JJ-82
CC:II-1,FF-1,CC0,GG4,HH-2,JJ0
DD:AA3,II-80,FF-80,BB1,CC-79,DD0,GG-75,EE1,HH-81,JJ-81
EE:AA2,GG-78,FF-83,BB0,EE0,DD-3,II-83,CC-82,HH-84,JJ-82
FF:II0,FF0,CC2,GG5,HH0,JJ2
GG:II5,JJ7,CC7,GG0,HH5,FF5
HH:II1,JJ3,CC3,GG6,HH0,FF1
II:GG5,JJ2,CC2,II0,HH0,FF0
JJ:II-1,JJ0,CC0,GG4,HH-2,FF-1
-----
AA:AA0,GG-80,JJ-86,BB-4,CC-84,DD-5,II-85,EE-4,HH-86,FF-85
BB:AA2,GG-78,FF-83,BB0,CC-82,DD-3,II-83,EE-2,HH-84,JJ-84
CC:II-1,FF-1,CC0,GG4,HH-2,JJ0
DD:AA3,II-82,FF-82,BB1,CC-81,DD0,GG-77,EE1,HH-83,JJ-81
EE:AA2,GG-78,FF-83,BB0,EE0,DD-3,II-83,CC-82,HH-84,JJ-84
FF:II0,FF0,CC2,GG5,HH0,JJ2
GG:II5,JJ7,CC7,GG0,HH5,FF5
HH:II1,JJ3,CC3,GG6,HH0,FF1
II:GG5,JJ2,CC2,II0,HH0,FF0
JJ:II-1,JJ0,CC0,GG4,HH-2,FF-1
-----
AA:AA0,GG-82,JJ-86,BB-4,CC-86,DD-5,II-87,EE-4,HH-88,FF-87
BB:AA2,GG-80,FF-85,BB0,CC-84,DD-3,II-85,EE-2,HH-86,JJ-84
CC:II-1,FF-1,CC0,GG4,HH-2,JJ0
DD:AA3,II-82,FF-82,BB1,CC-81,DD0,GG-77,EE1,HH-83,JJ-83
EE:AA2,GG-80,FF-85,BB0,EE0,DD-3,II-85,CC-84,HH-86,JJ-84
FF:II0,FF0,CC2,GG5,HH0,JJ2
GG:II5,JJ7,CC7,GG0,HH5,FF5
HH:II1,JJ3,CC3,GG6,HH0,FF1
II:GG5,JJ2,CC2,II0,HH0,FF0
JJ:II-1,JJ0,CC0,GG4,HH-2,FF-1
-----
AA:AA0,GG-82,JJ-88,BB-4,CC-86,DD-5,II-87,EE-4,HH-88,FF-87
BB:AA2,GG-80,FF-85,BB0,CC-84,DD-3,II-85,EE-2,HH-86,JJ-86
CC:II-1,FF-1,CC0,GG4,HH-2,JJ0
DD:AA3,II-84,FF-84,BB1,CC-83,DD0,GG-79,EE1,HH-85,JJ-83
EE:AA2,GG-80,FF-85,BB0,EE0,DD-3,II-85,CC-84,HH-86,JJ-86
FF:II0,FF0,CC2,GG5,HH0,JJ2
GG:II5,JJ7,CC7,GG0,HH5,FF5
HH:II1,JJ3,CC3,GG6,HH0,FF1
II:GG5,JJ2,CC2,II0,HH0,FF0
JJ:II-1,JJ0,CC0,GG4,HH-2,FF-1
-----
AA:AA0,GG-84,JJ-88,BB-4,CC-88,DD-5,II-89,EE-4,HH-90,FF-89
BB:AA2,GG-82,FF-87,BB0,CC-86,DD-3,II-87,EE-2,HH-88,JJ-86
CC:II-1,FF-1,CC0,GG4,HH-2,JJ0
DD:AA3,II-84,FF-84,BB1,CC-83,DD0,GG-79,EE1,HH-85,JJ-85
EE:AA2,GG-82,FF-87,BB0,EE0,DD-3,II-87,CC-86,HH-88,JJ-86
FF:II0,FF0,CC2,GG5,HH0,JJ2
GG:II5,JJ7,CC7,GG0,HH5,FF5
HH:II1,JJ3,CC3,GG6,HH0,FF1
II:GG5,JJ2,CC2,II0,HH0,FF0
JJ:II-1,JJ0,CC0,GG4,HH-2,FF-1
-----
AA:AA0,GG-84,JJ-90,BB-4,CC-88,DD-5,II-89,EE-4,HH-90,FF-89
BB:AA2,GG-82,FF-87,BB0,CC-86,DD-3,II-87,EE-2,HH-88,JJ-88
CC:II-1,FF-1,CC0,GG4,HH-2,JJ0
DD:AA3,II-86,FF-86,BB1,CC-85,DD0,GG-81,EE1,HH-87,JJ-85
EE:AA2,GG-82,FF-87,BB0,EE0,DD-3,II-87,CC-86,HH-88,JJ-88
FF:II0,FF0,CC2,GG5,HH0,JJ2
GG:II5,JJ7,CC7,GG0,HH5,FF5
HH:II1,JJ3,CC3,GG6,HH0,FF1
II:GG5,JJ2,CC2,II0,HH0,FF0
JJ:II-1,JJ0,CC0,GG4,HH-2,FF-1
-----
AA:AA0,GG-86,JJ-90,BB-4,CC-90,DD-5,II-91,EE-4,HH-92,FF-91
BB:AA2,GG-84,FF-89,BB0,CC-88,DD-3,II-89,EE-2,HH-90,JJ-88
CC:II-1,FF-1,CC0,GG4,HH-2,JJ0
DD:AA3,II-86,FF-86,BB1,CC-85,DD0,GG-81,EE1,HH-87,JJ-87
EE:AA2,GG-84,FF-89,BB0,EE0,DD-3,II-89,CC-88,HH-90,JJ-88
FF:II0,FF0,CC2,GG5,HH0,JJ2
GG:II5,JJ7,CC7,GG0,HH5,FF5
HH:II1,JJ3,CC3,GG6,HH0,FF1
II:GG5,JJ2,CC2,II0,HH0,FF0
JJ:II-1,JJ0,CC0,GG4,HH-2,FF-1
-----
AA:AA0,GG-86,JJ-92,BB-4,CC-90,DD-5,II-91,EE-4,HH-92,FF-91
BB:AA2,GG-84,FF-89,BB0,CC-88,DD-3,II-89,EE-2,HH-90,JJ-90
CC:II-1,FF-1,CC0,GG4,HH-2,JJ0
DD:AA3,II-88,FF-88,BB1,CC-87,DD0,GG-83,EE1,HH-89,JJ-87
EE:AA2,GG-84,FF-89,BB0,EE0,DD-3,II-89,CC-88,HH-90,JJ-90
FF:II0,FF0,CC2,GG5,HH0,JJ2
GG:II5,JJ7,CC7,GG0,HH5,FF5
HH:II1,JJ3,CC3,GG6,HH0,FF1
II:GG5,JJ2,CC2,II0,HH0,FF0
JJ:II-1,JJ0,CC0,GG4,HH-2,FF-1
-----
AA:AA0,GG-88,JJ-92,BB-4,CC-92,DD-5,II-93,EE-4,HH-94,FF-93
BB:AA2,GG-86,FF-91,BB0,CC-90,DD-3,II-91,EE-2,HH-92,JJ-90
CC:II-1,FF-1,CC0,GG4,HH-2,JJ0
DD:AA3,II-88,FF-88,BB1,CC-87,DD0,GG-83,EE1,HH-89,JJ-89
EE:AA2,GG-86,FF-91,BB0,EE0,DD-3,II-91,CC-90,HH-92,JJ-90
FF:II0,FF0,CC2,GG5,HH0,JJ2
GG:II5,JJ7,CC7,GG0,HH5,FF5
HH:II1,JJ3,CC3,GG6,HH0,FF1
II:GG5,JJ2,CC2,II0,HH0,FF0
JJ:II-1,JJ0,CC0,GG4,HH-2,FF-1
-----
AA:AA0,GG-88,JJ-94,BB-4,CC-92,DD-5,II-93,EE-4,HH-94,FF-93
BB:AA2,GG-86,FF-91,BB0,CC-90,DD-3,II-91,EE-2,HH-92,JJ-92
CC:II-1,FF-1,CC0,GG4,HH-2,JJ0
DD:AA3,II-90,FF-90,BB1,CC-89,DD0,GG-85,EE1,HH-91,JJ-89
EE:AA2,GG-86,FF-91,BB0,EE0,DD-3,II-91,CC-90,HH-92,JJ-92
FF:II0,FF0,CC2,GG5,HH0,JJ2
GG:II5,JJ7,CC7,GG0,HH5,FF5
HH:II1,JJ3,CC3,GG6,HH0,FF1
II:GG5,JJ2,CC2,II0,HH0,FF0
JJ:II-1,JJ0,CC0,GG4,HH-2,FF-1
-----
AA:AA0,GG-90,JJ-94,BB-4,CC-94,DD-5,II-95,EE-4,HH-96,FF-95
BB:AA2,GG-88,FF-93,BB0,CC-92,DD-3,II-93,EE-2,HH-94,JJ-92
CC:II-1,FF-1,CC0,GG4,HH-2,JJ0
DD:AA3,II-90,FF-90,BB1,CC-89,DD0,GG-85,EE1,HH-91,JJ-91
EE:AA2,GG-88,FF-93,BB0,EE0,DD-3,II-93,CC-92,HH-94,JJ-92
FF:II0,FF0,CC2,GG5,HH0,JJ2
GG:II5,JJ7,CC7,GG0,HH5,FF5
HH:II1,JJ3,CC3,GG6,HH0,FF1
II:GG5,JJ2,CC2,II0,HH0,FF0
JJ:II-1,JJ0,CC0,GG4,HH-2,FF-1
-----
AA:AA0,GG-90,JJ-96,BB-4,CC-94,DD-5,II-95,EE-4,HH-96,FF-95
BB:AA2,GG-88,FF-93,BB0,CC-92,DD-3,II-93,EE-2,HH-94,JJ-94
CC:II-1,FF-1,CC0,GG4,HH-2,JJ0
DD:AA3,II-92,FF-92,BB1,CC-91,DD0,GG-87,EE1,HH-93,JJ-91
EE:AA2,GG-88,FF-93,BB0,EE0,DD-3,II-93,CC-92,HH-94,JJ-94
FF:II0,FF0,CC2,GG5,HH0,JJ2
GG:II5,JJ7,CC7,GG0,HH5,FF5
HH:II1,JJ3,CC3,GG6,HH0,FF1
II:GG5,JJ2,CC2,II0,HH0,FF0
JJ:II-1,JJ0,CC0,GG4,HH-2,FF-1
-----
AA:AA0,GG-92,JJ-96,BB-4,CC-96,DD-5,II-97,EE-4,HH-98,FF-97
BB:AA2,GG-90,FF-95,BB0,CC-94,DD-3,II-95,EE-2,HH-96,JJ-94
CC:II-1,FF-1,CC0,GG4,HH-2,JJ0
DD:AA3,II-92,FF-92,BB1,CC-91,DD0,GG-87,EE1,HH-93,JJ-93
EE:AA2,GG-90,FF-95,BB0,EE0,DD-3,II-95,CC-94,HH-96,JJ-94
FF:II0,FF0,CC2,GG5,HH0,JJ2
GG:II5,JJ7,CC7,GG0,HH5,FF5
HH:II1,JJ3,CC3,GG6,HH0,FF1
II:GG5,JJ2,CC2,II0,HH0,FF0
JJ:II-1,JJ0,CC0,GG4,HH-2,FF-1
-----
AA:AA0,GG-92,JJ-98,BB-4,CC-96,DD-5,II-97,EE-4,HH-98,FF-97
BB:AA2,GG-90,FF-95,BB0,CC-94,DD-3,II-95,EE-2,HH-96,JJ-96
CC:II-1,FF-1,CC0,GG4,HH-2,JJ0
DD:AA3,II-94,FF-94,BB1,CC-93,DD0,GG-89,EE1,HH-95,JJ-93
EE:AA2,GG-90,FF-95,BB0,EE0,DD-3,II-95,CC-94,HH-96,JJ-96
FF:II0,FF0,CC2,GG5,HH0,JJ2
GG:II5,JJ7,CC7,GG0,HH5,FF5
HH:II1,JJ3,CC3,GG6,HH0,FF1
II:GG5,JJ2,CC2,II0,HH0,FF0
JJ:II-1,JJ0,CC0,GG4,HH-2,FF-1
-----
AA:AA0,GG-94,JJ-98,BB-4,CC-98,DD-5,II-99,EE-4,HH-99,FF-99
BB:AA2,GG-92,FF-99,BB0,CC-96,DD-3,II-99,EE-2,HH-99,JJ-96
CC:II-1,FF-1,CC0,GG4,HH-2,JJ0
DD:AA3,II-99,FF-99,BB1,CC-93,DD0,GG-89,EE1,HH-99,JJ-95
EE:AA2,GG-92,FF-99,BB0,EE0,DD-3,II-99,CC-96,HH-99,JJ-96
FF:II0,FF0,CC2,GG5,HH0,JJ2
GG:II5,JJ7,CC7,GG0,HH5,FF5
HH:II1,JJ3,CC3,GG6,HH0,FF1
II:GG5,JJ2,CC2,II0,HH0,FF0
JJ:II-1,JJ0,CC0,GG4,HH-2,FF-1
-----
AA:AA0,GG-94,JJ-99,BB-4,CC-98,DD-5,II-99,EE-4,HH-99,FF-99
BB:AA2,GG-92,FF-99,BB0,CC-96,DD-3,II-99,EE-2,HH-99,JJ-99
CC:II-1,FF-1,CC0,GG4,HH-2,JJ0
DD:AA3,II-99,FF-99,BB1,CC-95,DD0,GG-91,EE1,HH-99,JJ-99
EE:AA2,GG-92,FF-99,BB0,EE0,DD-3,II-99,CC-96,HH-99,JJ-99
FF:II0,FF0,CC2,GG5,HH0,JJ2
GG:II5,JJ7,CC7,GG0,HH5,FF5
HH:II1,JJ3,CC3,GG6,HH0,FF1
II:GG5,JJ2,CC2,II0,HH0,FF0
JJ:II-1,JJ0,CC0,GG4,HH-2,FF-1
-----
AA:AA0,GG-96,JJ-99,BB-4,CC-99,DD-5,II-99,EE-4,HH-99,FF-99
BB:AA2,GG-94,FF-99,BB0,CC-99,DD-3,II-99,EE-2,HH-99,JJ-99
CC:II-1,FF-1,CC0,GG4,HH-2,JJ0
DD:AA3,II-99,FF-99,BB1,CC-99,DD0,GG-91,EE1,HH-99,JJ-99
EE:AA2,GG-94,FF-99,BB0,EE0,DD-3,II-99,CC-99,HH-99,JJ-99
FF:II0,FF0,CC2,GG5,HH0,JJ2
GG:II5,JJ7,CC7,GG0,HH5,FF5
HH:II1,JJ3,CC3,GG6,HH0,FF1
II:GG5,JJ2,CC2,II0,HH0,FF0
JJ:II-1,JJ0,CC0,GG4,HH-2,FF-1
-----
AA:AA0,GG-96,JJ-99,BB-4,CC-99,DD-5,II-99,EE-4,HH-99,FF-99
BB:AA2,GG-94,FF-99,BB0,CC-99,DD-3,II-99,EE-2,HH-99,JJ-99
CC:II-1,FF-1,CC0,GG4,HH-2,JJ0
DD:AA3,II-99,FF-99,BB1,CC-99,DD0,GG-93,EE1,HH-99,JJ-99
EE:AA2,GG-94,FF-99,BB0,EE0,DD-3,II-99,CC-99,HH-99,JJ-99
FF:II0,FF0,CC2,GG5,HH0,JJ2
GG:II5,JJ7,CC7,GG0,HH5,FF5
HH:II1,JJ3,CC3,GG6,HH0,FF1
II:GG5,JJ2,CC2,II0,HH0,FF0
JJ:II-1,JJ0,CC0,GG4,HH-2,FF-1
-----
AA:AA0,GG-98,JJ-99,BB-4,CC-99,DD-5,II-99,EE-4,HH-99,FF-99
BB:AA2,GG-96,FF-99,BB0,CC-99,DD-3,II-99,EE-2,HH-99,JJ-99
CC:II-1,FF-1,CC0,GG4,HH-2,JJ0
DD:AA3,II-99,FF-99,BB1,CC-99,DD0,GG-93,EE1,HH-99,JJ-99
EE:AA2,GG-96,FF-99,BB0,EE0,DD-3,II-99,CC-99,HH-99,JJ-99
FF:II0,FF0,CC2,GG5,HH0,JJ2
GG:II5,JJ7,CC7,GG0,HH5,FF5
HH:II1,JJ3,CC3,GG6,HH0,FF1
II:GG5,JJ2,CC2,II0,HH0,FF0
JJ:II-1,JJ0,CC0,GG4,HH-2,FF-1
-----
AA:AA0,GG-98,JJ-99,BB-4,CC-99,DD-5,II-99,EE-4,HH-99,FF-99
BB:AA2,GG-96,FF-99,BB0,CC-99,DD-3,II-99,EE-2,HH-99,JJ-99
CC:II-1,FF-1,CC0,GG4,HH-2,JJ0
DD:AA3,II-99,FF-99,BB1,CC-99,DD0,GG-95,EE1,HH-99,JJ-99
EE:AA2,GG-96,FF-99,BB0,EE0,DD-3,II-99,CC-99,HH-99,JJ-99
FF:II0,FF0,CC2,GG5,HH0,JJ2
GG:II5,JJ7,CC7,GG0,HH5,FF5
HH:II1,JJ3,CC3,GG6,HH0,FF1
II:GG5,JJ2,CC2,II0,HH0,FF0
JJ:II-1,JJ0,CC0,GG4,HH-2,FF-1
-----
AA:AA0,GG-99,JJ-99,BB-4,CC-99,DD-5,II-99,EE-4,HH-99,FF-99
BB:AA2,GG-99,FF-99,BB0,CC-99,DD-3,II-99,EE-2,HH-99,JJ-99
CC:II-1,FF-1,CC0,GG4,HH-2,JJ0
DD:AA3,II-99,FF-99,BB1,CC-99,DD0,GG-99,EE1,HH-99,JJ-99
EE:AA2,GG-99,FF-99,BB0,EE0,DD-3,II-99,CC-99,HH-99,JJ-99
FF:II0,FF0,CC2,GG5,HH0,JJ2
GG:II5,JJ7,CC7,GG0,HH5,FF5
HH:II1,JJ3,CC3,GG6,HH0,FF1
II:GG5,JJ2,CC2,II0,HH0,FF0
JJ:II-1,JJ0,CC0,GG4,HH-2,FF-1
-----
AA:AA0,GG-99,JJ-99,BB-4,CC-99,DD-5,II-99,EE-4,HH-99,FF-99
BB:AA2,GG-99,FF-99,BB0,CC-99,DD-3,II-99,EE-2,HH-99,JJ-99
CC:II-1,FF-1,CC0,GG4,HH-2,JJ0
DD:AA3,II-99,FF-99,BB1,CC-99,DD0,GG-99,EE1,HH-99,JJ-99
EE:AA2,GG-99,FF-99,BB0,EE0,DD-3,II-99,CC-99,HH-99,JJ-99
FF:II0,FF0,CC2,GG5,HH0,JJ2
GG:II5,JJ7,CC7,GG0,HH5,FF5
HH:II1,JJ3,CC3,GG6,HH0,FF1
II:GG5,JJ2,CC2,II0,HH0,FF0
JJ:II-1,JJ0,CC0,GG4,HH-2,FF-1
-----
