A:A0,C-2,B-1,E-3,D-2
B:A-1,C-3,B0,E-4,D-3,F-2
C:A-2,C0,B-1,E-5,D-4,F-3
D:A-1,C-3,B-2,E-4,D0,F-2
E:A-2,C-4,B-3,E0,D-4,F-3
F:A-3,C-5,B-4,E-6,D-5,F0
-----
A:A0,C-5,B-4,E-6,D-4,F-4
B:A-3,C-6,B0,E-7,D-5,F-5
C:A-4,C0,B-5,E-8,D-6,F-6
D:A-3,C-6,B-5,E-7,D0,F-5
E:A-4,C-7,B-6,E0,D-6,F-6
F:A-5,C-8,B-7,E-9,D-7,F0
-----
A:A0,C-8,B-7,E-9,D-6,F-7
B:A-5,C-9,B0,E-10,D-7,F-8
C:A-6,C0,B-8,E-11,D-8,F-9
D:A-5,C-9,B-8,E-10,D0,F-8
E:A-6,C-10,B-9,E0,D-8,F-9
F:A-7,C-11,B-10,E-12,D-9,F0
-----
A:A0,C-11,B-10,E-12,D-8,F-10
B:A-7,C-12,B0,E-13,D-9,F-11
C:A-8,C0,B-11,E-14,D-10,F-12
D:A-7,C-12,B-11,E-13,D0,F-11
E:A-8,C-13,B-12,E0,D-10,F-12
F:A-9,C-14,B-13,E-15,D-11,F0
-----
A:A0,C-14,B-13,E-15,D-10,F-13
B:A-9,C-15,B0,E-16,D-11,F-14
C:A-10,C0,B-14,E-17,D-12,F-15
D:A-9,C-15,B-14,E-16,D0,F-14
E:A-10,C-16,B-15,E0,D-12,F-15
F:A-11,C-17,B-16,E-18,D-13,F0
-----
A:A0,C-17,B-16,E-18,D-12,F-16
B:A-11,C-18,B0,E-19,D-13,F-17
C:A-12,C0,B-17,E-20,D-14,F-18
D:A-11,C-18,B-17,E-19,D0,F-17
E:A-12,C-19,B-18,E0,D-14,F-18
F:A-13,C-20,B-19,E-21,D-15,F0
-----
A:A0,C-20,B-19,E-21,D-14,F-19
B:A-13,C-21,B0,E-22,D-15,F-20
C:A-14,C0,B-20,E-23,D-16,F-21
D:A-13,C-21,B-20,E-22,D0,F-20
E:A-14,C-22,B-21,E0,D-16,F-21
F:A-15,C-23,B-22,E-24,D-17,F0
-----
A:A0,C-23,B-22,E-24,D-16,F-22
B:A-15,C-24,B0,E-25,D-17,F-23
C:A-16,C0,B-23,E-26,D-18,F-24
D:A-15,C-24,B-23,E-25,D0,F-23
E:A-16,C-25,B-24,E0,D-18,F-24
F:A-17,C-26,B-25,E-27,D-19,F0
-----
A:A0,C-26,B-25,E-27,D-18,F-25
B:A-17,C-27,B0,E-28,D-19,F-26
C:A-18,C0,B-26,E-29,D-20,F-27
D:A-17,C-27,B-26,E-28,D0,F-26
E:A-18,C-28,B-27,E0,D-20,F-27
F:A-19,C-29,B-28,E-30,D-21,F0
-----
A:A0,C-29,B-28,E-30,D-20,F-28
B:A-19,C-30,B0,E-31,D-21,F-29
C:A-20,C0,B-29,E-32,D-22,F-30
D:A-19,C-30,B-29,E-31,D0,F-29
E:A-20,C-31,B-30,E0,D-22,F-30
F:A-21,C-32,B-31,E-33,D-23,F0
-----
A:A0,C-32,B-31,E-33,D-22,F-31
B:A-21,C-33,B0,E-34,D-23,F-32
C:A-22,C0,B-32,E-35,D-24,F-33
D:A-21,C-33,B-32,E-34,D0,F-32
E:A-22,C-34,B-33,E0,D-24,F-33
F:A-23,C-35,B-34,E-36,D-25,F0
-----
A:A0,C-35,B-34,E-36,D-24,F-34
B:A-23,C-36,B0,E-37,D-25,F-35
C:A-24,C0,B-35,E-38,D-26,F-36
D:A-23,C-36,B-35,E-37,D0,F-35
E:A-24,C-37,B-36,E0,D-26,F-36
F:A-25,C-38,B-37,E-39,D-27,F0
-----
A:A0,C-38,B-37,E-39,D-26,F-37
B:A-25,C-39,B0,E-40,D-27,F-38
C:A-26,C0,B-38,E-41,D-28,F-39
D:A-25,C-39,B-38,E-40,D0,F-38
E:A-26,C-40,B-39,E0,D-28,F-39
F:A-27,C-41,B-40,E-42,D-29,F0
-----
A:A0,C-41,B-40,E-42,D-28,F-40
B:A-27,C-42,B0,E-43,D-29,F-41
C:A-28,C0,B-41,E-44,D-30,F-42
D:A-27,C-42,B-41,E-43,D0,F-41
E:A-28,C-43,B-42,E0,D-30,F-42
F:A-29,C-44,B-43,E-45,D-31,F0
-----
A:A0,C-44,B-43,E-45,D-30,F-43
B:A-29,C-45,B0,E-46,D-31,F-44
C:A-30,C0,B-44,E-47,D-32,F-45
D:A-29,C-45,B-44,E-46,D0,F-44
E:A-30,C-46,B-45,E0,D-32,F-45
F:A-31,C-47,B-46,E-48,D-33,F0
-----
A:A0,C-47,B-46,E-48,D-32,F-46
B:A-31,C-48,B0,E-49,D-33,F-47
C:A-32,C0,B-47,E-50,D-34,F-48
D:A-31,C-48,B-47,E-49,D0,F-47
E:A-32,C-49,B-48,E0,D-34,F-48
F:A-33,C-50,B-49,E-51,D-35,F0
-----
A:A0,C-50,B-49,E-51,D-34,F-49
B:A-33,C-51,B0,E-52,D-35,F-50
C:A-34,C0,B-50,E-53,D-36,F-51
D:A-33,C-51,B-50,E-52,D0,F-50
E:A-34,C-52,B-51,E0,D-36,F-51
F:A-35,C-53,B-52,E-54,D-37,F0
-----
A:A0,C-53,B-52,E-54,D-36,F-52
B:A-35,C-54,B0,E-55,D-37,F-53
C:A-36,C0,B-53,E-56,D-38,F-54
D:A-35,C-54,B-53,E-55,D0,F-53
E:A-36,C-55,B-54,E0,D-38,F-54
F:A-37,C-56,B-55,E-57,D-39,F0
-----
A:A0,C-56,B-55,E-57,D-38,F-55
B:A-37,C-57,B0,E-58,D-39,F-56
C:A-38,C0,B-56,E-59,D-40,F-57
D:A-37,C-57,B-56,E-58,D0,F-56
E:A-38,C-58,B-57,E0,D-40,F-57
F:A-39,C-59,B-58,E-60,D-41,F0
-----
A:A0,C-59,B-58,E-60,D-40,F-58
B:A-39,C-60,B0,E-61,D-41,F-59
C:A-40,C0,B-59,E-62,D-42,F-60
D:A-39,C-60,B-59,E-61,D0,F-59
E:A-40,C-61,B-60,E0,D-42,F-60
F:A-41,C-62,B-61,E-63,D-43,F0
-----
A:A0,C-62,B-61,E-63,D-42,F-61
B:A-41,C-63,B0,E-64,D-43,F-62
C:A-42,C0,B-62,E-65,D-44,F-63
D:A-41,C-63,B-62,E-64,D0,F-62
E:A-42,C-64,B-63,E0,D-44,F-63
F:A-43,C-65,B-64,E-66,D-45,F0
-----
A:A0,C-65,B-64,E-66,D-44,F-64
B:A-43,C-66,B0,E-67,D-45,F-65
C:A-44,C0,B-65,E-68,D-46,F-66
D:A-43,C-66,B-65,E-67,D0,F-65
E:A-44,C-67,B-66,E0,D-46,F-66
F:A-45,C-68,B-67,E-69,D-47,F0
-----
A:A0,C-68,B-67,E-69,D-46,F-67
B:A-45,C-69,B0,E-70,D-47,F-68
C:A-46,C0,B-68,E-71,D-48,F-69
D:A-45,C-69,B-68,E-70,D0,F-68
E:A-46,C-70,B-69,E0,D-48,F-69
F:A-47,C-71,B-70,E-72,D-49,F0
-----
A:A0,C-71,B-70,E-72,D-48,F-70
B:A-47,C-72,B0,E-73,D-49,F-71
C:A-48,C0,B-71,E-74,D-50,F-72
D:A-47,C-72,B-71,E-73,D0,F-71
E:A-48,C-73,B-72,E0,D-50,F-72
F:A-49,C-74,B-73,E-75,D-51,F0
-----
A:A0,C-74,B-73,E-75,D-50,F-73
B:A-49,C-75,B0,E-76,D-51,F-74
C:A-50,C0,B-74,E-77,D-52,F-75
D:A-49,C-75,B-74,E-76,D0,F-74
E:A-50,C-76,B-75,E0,D-52,F-75
F:A-51,C-77,B-76,E-78,D-53,F0
-----
A:A0,C-77,B-76,E-78,D-52,F-76
B:A-51,C-78,B0,E-79,D-53,F-77
C:A-52,C0,B-77,E-80,D-54,F-78
D:A-51,C-78,B-77,E-79,D0,F-77
E:A-52,C-79,B-78,E0,D-54,F-78
F:A-53,C-80,B-79,E-81,D-55,F0
-----
A:A0,C-80,B-79,E-81,D-54,F-79
B:A-53,C-81,B0,E-82,D-55,F-80
C:A-54,C0,B-80,E-83,D-56,F-81
D:A-53,C-81,B-80,E-82,D0,F-80
E:A-54,C-82,B-81,E0,D-56,F-81
F:A-55,C-83,B-82,E-84,D-57,F0
-----
A:A0,C-83,B-82,E-84,D-56,F-82
B:A-55,C-84,B0,E-85,D-57,F-83
C:A-56,C0,B-83,E-86,D-58,F-84
D:A-55,C-84,B-83,E-85,D0,F-83
E:A-56,C-85,B-84,E0,D-58,F-84
F:A-57,C-86,B-85,E-87,D-59,F0
-----
A:A0,C-86,B-85,E-87,D-58,F-85
B:A-57,C-87,B0,E-88,D-59,F-86
C:A-58,C0,B-86,E-89,D-60,F-87
D:A-57,C-87,B-86,E-88,D0,F-86
E:A-58,C-88,B-87,E0,D-60,F-87
F:A-59,C-89,B-88,E-90,D-61,F0
-----
A:A0,C-89,B-88,E-90,D-60,F-88
B:A-59,C-90,B0,E-91,D-61,F-89
C:A-60,C0,B-89,E-92,D-62,F-90
D:A-59,C-90,B-89,E-91,D0,F-89
E:A-60,C-91,B-90,E0,D-62,F-90
F:A-61,C-92,B-91,E-93,D-63,F0
-----
A:A0,C-92,B-91,E-93,D-62,F-91
B:A-61,C-93,B0,E-94,D-63,F-92
C:A-62,C0,B-92,E-95,D-64,F-93
D:A-61,C-93,B-92,E-94,D0,F-92
E:A-62,C-94,B-93,E0,D-64,F-93
F:A-63,C-95,B-94,E-96,D-65,F0
-----
A:A0,C-95,B-94,E-96,D-64,F-94
B:A-63,C-96,B0,E-97,D-65,F-95
C:A-64,C0,B-95,E-98,D-66,F-96
D:A-63,C-96,B-95,E-97,D0,F-95
E:A-64,C-97,B-96,E0,D-66,F-96
F:A-65,C-98,B-97,E-99,D-67,F0
-----
A:A0,C-98,B-97,E-99,D-66,F-97
B:A-65,C-99,B0,E-99,D-67,F-98
C:A-66,C0,B-98,E-99,D-68,F-99
D:A-65,C-99,B-98,E-99,D0,F-98
E:A-66,C-99,B-99,E0,D-68,F-99
F:A-67,C-99,B-99,E-99,D-69,F0
-----
A:A0,C-99,B-99,E-99,D-68,F-99
B:A-67,C-99,B0,E-99,D-69,F-99
C:A-68,C0,B-99,E-99,D-70,F-99
D:A-67,C-99,B-99,E-99,D0,F-99
E:A-68,C-99,B-99,E0,D-70,F-99
F:A-69,C-99,B-99,E-99,D-71,F0
-----
A:A0,C-99,B-99,E-99,D-70,F-99
B:A-69,C-99,B0,E-99,D-71,F-99
C:A-70,C0,B-99,E-99,D-72,F-99
D:A-69,C-99,B-99,E-99,D0,F-99
E:A-70,C-99,B-99,E0,D-72,F-99
F:A-71,C-99,B-99,E-99,D-73,F0
-----
A:A0,C-99,B-99,E-99,D-72,F-99
B:A-71,C-99,B0,E-99,D-73,F-99
C:A-72,C0,B-99,E-99,D-74,F-99
D:A-71,C-99,B-99,E-99,D0,F-99
E:A-72,C-99,B-99,E0,D-74,F-99
F:A-73,C-99,B-99,E-99,D-75,F0
-----
A:A0,C-99,B-99,E-99,D-74,F-99
B:A-73,C-99,B0,E-99,D-75,F-99
C:A-74,C0,B-99,E-99,D-76,F-99
D:A-73,C-99,B-99,E-99,D0,F-99
E:A-74,C-99,B-99,E0,D-76,F-99
F:A-75,C-99,B-99,E-99,D-77,F0
-----
A:A0,C-99,B-99,E-99,D-76,F-99
B:A-75,C-99,B0,E-99,D-77,F-99
C:A-76,C0,B-99,E-99,D-78,F-99
D:A-75,C-99,B-99,E-99,D0,F-99
E:A-76,C-99,B-99,E0,D-78,F-99
F:A-77,C-99,B-99,E-99,D-79,F0
-----
A:A0,C-99,B-99,E-99,D-78,F-99
B:A-77,C-99,B0,E-99,D-79,F-99
C:A-78,C0,B-99,E-99,D-80,F-99
D:A-77,C-99,B-99,E-99,D0,F-99
E:A-78,C-99,B-99,E0,D-80,F-99
F:A-79,C-99,B-99,E-99,D-81,F0
-----
A:A0,C-99,B-99,E-99,D-80,F-99
B:A-79,C-99,B0,E-99,D-81,F-99
C:A-80,C0,B-99,E-99,D-82,F-99
D:A-79,C-99,B-99,E-99,D0,F-99
E:A-80,C-99,B-99,E0,D-82,F-99
F:A-81,C-99,B-99,E-99,D-83,F0
-----
A:A0,C-99,B-99,E-99,D-82,F-99
B:A-81,C-99,B0,E-99,D-83,F-99
C:A-82,C0,B-99,E-99,D-84,F-99
D:A-81,C-99,B-99,E-99,D0,F-99
E:A-82,C-99,B-99,E0,D-84,F-99
F:A-83,C-99,B-99,E-99,D-85,F0
-----
A:A0,C-99,B-99,E-99,D-84,F-99
B:A-83,C-99,B0,E-99,D-85,F-99
C:A-84,C0,B-99,E-99,D-86,F-99
D:A-83,C-99,B-99,E-99,D0,F-99
E:A-84,C-99,B-99,E0,D-86,F-99
F:A-85,C-99,B-99,E-99,D-87,F0
-----
A:A0,C-99,B-99,E-99,D-86,F-99
B:A-85,C-99,B0,E-99,D-87,F-99
C:A-86,C0,B-99,E-99,D-88,F-99
D:A-85,C-99,B-99,E-99,D0,F-99
E:A-86,C-99,B-99,E0,D-88,F-99
F:A-87,C-99,B-99,E-99,D-89,F0
-----
A:A0,C-99,B-99,E-99,D-88,F-99
B:A-87,C-99,B0,E-99,D-89,F-99
C:A-88,C0,B-99,E-99,D-90,F-99
D:A-87,C-99,B-99,E-99,D0,F-99
E:A-88,C-99,B-99,E0,D-90,F-99
F:A-89,C-99,B-99,E-99,D-91,F0
-----
A:A0,C-99,B-99,E-99,D-90,F-99
B:A-89,C-99,B0,E-99,D-91,F-99
C:A-90,C0,B-99,E-99,D-92,F-99
D:A-89,C-99,B-99,E-99,D0,F-99
E:A-90,C-99,B-99,E0,D-92,F-99
F:A-91,C-99,B-99,E-99,D-93,F0
-----
A:A0,C-99,B-99,E-99,D-92,F-99
B:A-91,C-99,B0,E-99,D-93,F-99
C:A-92,C0,B-99,E-99,D-94,F-99
D:A-91,C-99,B-99,E-99,D0,F-99
E:A-92,C-99,B-99,E0,D-94,F-99
F:A-93,C-99,B-99,E-99,D-95,F0
-----
A:A0,C-99,B-99,E-99,D-94,F-99
B:A-93,C-99,B0,E-99,D-95,F-99
C:A-94,C0,B-99,E-99,D-96,F-99
D:A-93,C-99,B-99,E-99,D0,F-99
E:A-94,C-99,B-99,E0,D-96,F-99
F:A-95,C-99,B-99,E-99,D-97,F0
-----
A:A0,C-99,B-99,E-99,D-96,F-99
B:A-95,C-99,B0,E-99,D-97,F-99
C:A-96,C0,B-99,E-99,D-98,F-99
D:A-95,C-99,B-99,E-99,D0,F-99
E:A-96,C-99,B-99,E0,D-98,F-99
F:A-97,C-99,B-99,E-99,D-99,F0
-----
A:A0,C-99,B-99,E-99,D-98,F-99
B:A-97,C-99,B0,E-99,D-99,F-99
C:A-98,C0,B-99,E-99,D-99,F-99
D:A-97,C-99,B-99,E-99,D0,F-99
E:A-98,C-99,B-99,E0,D-99,F-99
F:A-99,C-99,B-99,E-99,D-99,F0
-----
A:A0,C-99,B-99,E-99,D-99,F-99
B:A-99,C-99,B0,E-99,D-99,F-99
C:A-99,C0,B-99,E-99,D-99,F-99
D:A-99,C-99,B-99,E-99,D0,F-99
E:A-99,C-99,B-99,E0,D-99,F-99
F:A-99,C-99,B-99,E-99,D-99,F0
-----
A:A0,C-99,B-99,E-99,D-99,F-99
B:A-99,C-99,B0,E-99,D-99,F-99
C:A-99,C0,B-99,E-99,D-99,F-99
D:A-99,C-99,B-99,E-99,D0,F-99
E:A-99,C-99,B-99,E0,D-99,F-99
F:A-99,C-99,B-99,E-99,D-99,F0
-----
